<?xml version="1.0" encoding="UTF-8"?>
<coverage generated="1726845719227" clover="3.2.0">
  <project timestamp="1726845719227" name="All files">
    <metrics statements="4244" coveredstatements="3681" conditionals="1145" coveredconditionals="764" methods="1003" coveredmethods="811" elements="6392" coveredelements="5256" complexity="0" loc="4244" ncloc="4244" packages="44" files="106" classes="106"/>
    <package name="__demos__.json-crdt-server.__tests__">
      <metrics statements="28" coveredstatements="28" conditionals="5" coveredconditionals="5" methods="12" coveredmethods="12"/>
      <file name="setup.ts" path="/home/runner/work/reactive-rpc/reactive-rpc/src/__demos__/json-crdt-server/__tests__/setup.ts">
        <metrics statements="28" coveredstatements="28" conditionals="5" coveredconditionals="5" methods="12" coveredmethods="12"/>
        <line num="1" count="4" type="stmt"/>
        <line num="2" count="4" type="stmt"/>
        <line num="3" count="4" type="stmt"/>
        <line num="4" count="4" type="stmt"/>
        <line num="5" count="4" type="stmt"/>
        <line num="6" count="4" type="stmt"/>
        <line num="7" count="4" type="stmt"/>
        <line num="10" count="69" type="cond" truecount="1" falsecount="0"/>
        <line num="11" count="69" type="stmt"/>
        <line num="12" count="69" type="stmt"/>
        <line num="13" count="69" type="stmt"/>
        <line num="20" count="69" type="stmt"/>
        <line num="21" count="69" type="stmt"/>
        <line num="22" count="69" type="stmt"/>
        <line num="23" count="69" type="cond" truecount="4" falsecount="0"/>
        <line num="25" count="69" type="stmt"/>
        <line num="28" count="19" type="stmt"/>
        <line num="29" count="19" type="stmt"/>
        <line num="30" count="19" type="stmt"/>
        <line num="33" count="19" type="stmt"/>
        <line num="34" count="19" type="stmt"/>
        <line num="38" count="19" type="stmt"/>
        <line num="39" count="19" type="stmt"/>
        <line num="42" count="19" type="stmt"/>
        <line num="43" count="19" type="stmt"/>
        <line num="44" count="19" type="stmt"/>
        <line num="45" count="19" type="stmt"/>
        <line num="46" count="19" type="stmt"/>
      </file>
    </package>
    <package name="__demos__.json-crdt-server.routes">
      <metrics statements="28" coveredstatements="28" conditionals="3" coveredconditionals="2" methods="5" coveredmethods="5"/>
      <file name="index.ts" path="/home/runner/work/reactive-rpc/reactive-rpc/src/__demos__/json-crdt-server/routes/index.ts">
        <metrics statements="19" coveredstatements="19" conditionals="3" coveredconditionals="2" methods="3" coveredmethods="3"/>
        <line num="1" count="15" type="stmt"/>
        <line num="2" count="15" type="stmt"/>
        <line num="3" count="15" type="stmt"/>
        <line num="4" count="15" type="stmt"/>
        <line num="5" count="15" type="stmt"/>
        <line num="6" count="15" type="stmt"/>
        <line num="7" count="15" type="stmt"/>
        <line num="10" count="15" type="stmt"/>
        <line num="11" count="176" type="stmt"/>
        <line num="12" count="176" type="stmt"/>
        <line num="18" count="176" type="stmt"/>
        <line num="21" count="15" type="cond" truecount="1" falsecount="0"/>
        <line num="22" count="176" type="stmt"/>
        <line num="23" count="176" type="stmt"/>
        <line num="26" count="25" type="cond" truecount="0" falsecount="1"/>
        <line num="27" count="25" type="cond" truecount="1" falsecount="0"/>
        <line num="29" count="1" type="stmt"/>
        <line num="30" count="1" type="stmt"/>
        <line num="33" count="176" type="stmt"/>
      </file>
      <file name="routes.ts" path="/home/runner/work/reactive-rpc/reactive-rpc/src/__demos__/json-crdt-server/routes/routes.ts">
        <metrics statements="6" coveredstatements="6" conditionals="0" coveredconditionals="0" methods="2" coveredmethods="2"/>
        <line num="1" count="15" type="stmt"/>
        <line num="2" count="15" type="stmt"/>
        <line num="3" count="15" type="stmt"/>
        <line num="4" count="15" type="stmt"/>
        <line num="10" count="176" type="stmt"/>
        <line num="11" count="176" type="stmt"/>
      </file>
      <file name="system.ts" path="/home/runner/work/reactive-rpc/reactive-rpc/src/__demos__/json-crdt-server/routes/system.ts">
        <metrics statements="3" coveredstatements="3" conditionals="0" coveredconditionals="0" methods="0" coveredmethods="0"/>
        <line num="1" count="15" type="stmt"/>
        <line num="3" count="15" type="stmt"/>
        <line num="4" count="15" type="stmt"/>
      </file>
    </package>
    <package name="__demos__.json-crdt-server.routes.block">
      <metrics statements="62" coveredstatements="62" conditionals="0" coveredconditionals="0" methods="2" coveredmethods="2"/>
      <file name="index.ts" path="/home/runner/work/reactive-rpc/reactive-rpc/src/__demos__/json-crdt-server/routes/block/index.ts">
        <metrics statements="28" coveredstatements="28" conditionals="0" coveredconditionals="0" methods="2" coveredmethods="2"/>
        <line num="1" count="15" type="stmt"/>
        <line num="2" count="15" type="stmt"/>
        <line num="3" count="15" type="stmt"/>
        <line num="4" count="15" type="stmt"/>
        <line num="5" count="15" type="stmt"/>
        <line num="6" count="15" type="stmt"/>
        <line num="7" count="15" type="stmt"/>
        <line num="8" count="15" type="stmt"/>
        <line num="25" count="15" type="stmt"/>
        <line num="27" count="15" type="stmt"/>
        <line num="28" count="15" type="stmt"/>
        <line num="29" count="176" type="stmt"/>
        <line num="30" count="176" type="stmt"/>
        <line num="32" count="176" type="stmt"/>
        <line num="33" count="176" type="stmt"/>
        <line num="34" count="176" type="stmt"/>
        <line num="36" count="176" type="stmt"/>
        <line num="38" count="176" type="stmt"/>
        <line num="39" count="176" type="stmt"/>
        <line num="40" count="176" type="stmt"/>
        <line num="42" count="176" type="stmt"/>
        <line num="43" count="176" type="stmt"/>
        <line num="44" count="176" type="stmt"/>
        <line num="45" count="176" type="stmt"/>
        <line num="46" count="176" type="stmt"/>
        <line num="47" count="176" type="stmt"/>
        <line num="49" count="176" type="stmt"/>
        <line num="52" count="176" type="stmt"/>
      </file>
      <file name="schema.ts" path="/home/runner/work/reactive-rpc/reactive-rpc/src/__demos__/json-crdt-server/routes/block/schema.ts">
        <metrics statements="34" coveredstatements="34" conditionals="0" coveredconditionals="0" methods="0" coveredmethods="0"/>
        <line num="1" count="15" type="stmt"/>
        <line num="4" count="15" type="stmt"/>
        <line num="9" count="15" type="stmt"/>
        <line num="11" count="15" type="stmt"/>
        <line num="16" count="15" type="stmt"/>
        <line num="18" count="15" type="stmt"/>
        <line num="23" count="15" type="stmt"/>
        <line num="28" count="15" type="stmt"/>
        <line num="34" count="15" type="stmt"/>
        <line num="37" count="15" type="stmt"/>
        <line num="47" count="15" type="stmt"/>
        <line num="49" count="15" type="stmt"/>
        <line num="50" count="15" type="stmt"/>
        <line num="55" count="15" type="stmt"/>
        <line num="63" count="15" type="stmt"/>
        <line num="66" count="15" type="stmt"/>
        <line num="78" count="15" type="stmt"/>
        <line num="80" count="15" type="stmt"/>
        <line num="81" count="15" type="stmt"/>
        <line num="85" count="15" type="stmt"/>
        <line num="104" count="15" type="stmt"/>
        <line num="107" count="15" type="stmt"/>
        <line num="116" count="15" type="stmt"/>
        <line num="118" count="15" type="stmt"/>
        <line num="119" count="15" type="stmt"/>
        <line num="124" count="15" type="stmt"/>
        <line num="129" count="15" type="stmt"/>
        <line num="132" count="15" type="stmt"/>
        <line num="136" count="15" type="stmt"/>
        <line num="140" count="15" type="stmt"/>
        <line num="144" count="15" type="stmt"/>
        <line num="148" count="15" type="stmt"/>
        <line num="162" count="15" type="stmt"/>
        <line num="166" count="15" type="stmt"/>
      </file>
    </package>
    <package name="__demos__.json-crdt-server.routes.block.methods">
      <metrics statements="99" coveredstatements="99" conditionals="7" coveredconditionals="6" methods="33" coveredmethods="33"/>
      <file name="del.ts" path="/home/runner/work/reactive-rpc/reactive-rpc/src/__demos__/json-crdt-server/routes/block/methods/del.ts">
        <metrics statements="9" coveredstatements="9" conditionals="0" coveredconditionals="0" methods="4" coveredmethods="4"/>
        <line num="4" count="15" type="stmt"/>
        <line num="5" count="15" type="stmt"/>
        <line num="6" count="176" type="stmt"/>
        <line num="7" count="176" type="stmt"/>
        <line num="14" count="176" type="stmt"/>
        <line num="22" count="176" type="stmt"/>
        <line num="28" count="176" type="stmt"/>
        <line num="29" count="18" type="stmt"/>
        <line num="30" count="18" type="stmt"/>
      </file>
      <file name="get.ts" path="/home/runner/work/reactive-rpc/reactive-rpc/src/__demos__/json-crdt-server/routes/block/methods/get.ts">
        <metrics statements="11" coveredstatements="11" conditionals="0" coveredconditionals="0" methods="4" coveredmethods="4"/>
        <line num="2" count="15" type="stmt"/>
        <line num="5" count="15" type="stmt"/>
        <line num="6" count="15" type="stmt"/>
        <line num="7" count="176" type="stmt"/>
        <line num="8" count="176" type="stmt"/>
        <line num="16" count="176" type="stmt"/>
        <line num="20" count="176" type="stmt"/>
        <line num="25" count="176" type="stmt"/>
        <line num="26" count="119" type="stmt"/>
        <line num="27" count="98" type="stmt"/>
        <line num="28" count="98" type="stmt"/>
      </file>
      <file name="listen.ts" path="/home/runner/work/reactive-rpc/reactive-rpc/src/__demos__/json-crdt-server/routes/block/methods/listen.ts">
        <metrics statements="13" coveredstatements="13" conditionals="0" coveredconditionals="0" methods="5" coveredmethods="5"/>
        <line num="1" count="15" type="stmt"/>
        <line num="2" count="15" type="stmt"/>
        <line num="5" count="15" type="stmt"/>
        <line num="6" count="15" type="stmt"/>
        <line num="7" count="176" type="stmt"/>
        <line num="8" count="176" type="stmt"/>
        <line num="15" count="176" type="stmt"/>
        <line num="17" count="176" type="stmt"/>
        <line num="22" count="176" type="stmt"/>
        <line num="23" count="72" type="stmt"/>
        <line num="25" count="72" type="stmt"/>
        <line num="28" count="94" type="stmt"/>
        <line num="33" count="72" type="stmt"/>
      </file>
      <file name="new.ts" path="/home/runner/work/reactive-rpc/reactive-rpc/src/__demos__/json-crdt-server/routes/block/methods/new.ts">
        <metrics statements="11" coveredstatements="11" conditionals="0" coveredconditionals="0" methods="4" coveredmethods="4"/>
        <line num="1" count="15" type="stmt"/>
        <line num="4" count="15" type="stmt"/>
        <line num="5" count="15" type="stmt"/>
        <line num="6" count="176" type="stmt"/>
        <line num="7" count="176" type="stmt"/>
        <line num="20" count="176" type="stmt"/>
        <line num="28" count="176" type="stmt"/>
        <line num="35" count="176" type="stmt"/>
        <line num="36" count="90" type="stmt"/>
        <line num="37" count="89" type="stmt"/>
        <line num="38" count="89" type="stmt"/>
      </file>
      <file name="pull.ts" path="/home/runner/work/reactive-rpc/reactive-rpc/src/__demos__/json-crdt-server/routes/block/methods/pull.ts">
        <metrics statements="9" coveredstatements="9" conditionals="0" coveredconditionals="0" methods="4" coveredmethods="4"/>
        <line num="1" count="15" type="stmt"/>
        <line num="4" count="15" type="stmt"/>
        <line num="5" count="15" type="stmt"/>
        <line num="6" count="176" type="stmt"/>
        <line num="8" count="176" type="stmt"/>
        <line num="30" count="176" type="stmt"/>
        <line num="42" count="176" type="stmt"/>
        <line num="48" count="533" type="stmt"/>
        <line num="49" count="533" type="stmt"/>
      </file>
      <file name="scan.ts" path="/home/runner/work/reactive-rpc/reactive-rpc/src/__demos__/json-crdt-server/routes/block/methods/scan.ts">
        <metrics statements="9" coveredstatements="9" conditionals="1" coveredconditionals="0" methods="4" coveredmethods="4"/>
        <line num="1" count="15" type="stmt"/>
        <line num="4" count="15" type="stmt"/>
        <line num="5" count="15" type="stmt"/>
        <line num="6" count="176" type="stmt"/>
        <line num="7" count="176" type="stmt"/>
        <line num="38" count="176" type="stmt"/>
        <line num="49" count="176" type="stmt"/>
        <line num="55" count="176" type="cond" truecount="0" falsecount="1"/>
        <line num="56" count="9" type="stmt"/>
      </file>
      <file name="upd.ts" path="/home/runner/work/reactive-rpc/reactive-rpc/src/__demos__/json-crdt-server/routes/block/methods/upd.ts">
        <metrics statements="26" coveredstatements="26" conditionals="6" coveredconditionals="6" methods="4" coveredmethods="4"/>
        <line num="2" count="15" type="stmt"/>
        <line num="12" count="15" type="stmt"/>
        <line num="13" count="15" type="stmt"/>
        <line num="14" count="176" type="stmt"/>
        <line num="15" count="176" type="stmt"/>
        <line num="35" count="176" type="stmt"/>
        <line num="56" count="176" type="stmt"/>
        <line num="62" count="1024" type="stmt"/>
        <line num="63" count="1024" type="stmt"/>
        <line num="64" count="1024" type="stmt"/>
        <line num="65" count="1021" type="stmt"/>
        <line num="73" count="1021" type="cond" truecount="1" falsecount="0"/>
        <line num="74" count="64" type="stmt"/>
        <line num="75" count="64" type="cond" truecount="2" falsecount="0"/>
        <line num="76" count="52" type="stmt"/>
        <line num="78" count="12" type="stmt"/>
        <line num="80" count="12" type="cond" truecount="2" falsecount="0"/>
        <line num="81" count="3" type="stmt"/>
        <line num="82" count="3" type="stmt"/>
        <line num="83" count="3" type="stmt"/>
        <line num="85" count="9" type="stmt"/>
        <line num="86" count="9" type="stmt"/>
        <line num="87" count="9" type="stmt"/>
        <line num="89" count="12" type="stmt"/>
        <line num="92" count="1021" type="cond" truecount="1" falsecount="0"/>
        <line num="93" count="1021" type="stmt"/>
      </file>
      <file name="view.ts" path="/home/runner/work/reactive-rpc/reactive-rpc/src/__demos__/json-crdt-server/routes/block/methods/view.ts">
        <metrics statements="11" coveredstatements="11" conditionals="0" coveredconditionals="0" methods="4" coveredmethods="4"/>
        <line num="2" count="15" type="stmt"/>
        <line num="5" count="15" type="stmt"/>
        <line num="6" count="15" type="stmt"/>
        <line num="7" count="176" type="stmt"/>
        <line num="8" count="176" type="stmt"/>
        <line num="15" count="176" type="stmt"/>
        <line num="17" count="176" type="stmt"/>
        <line num="23" count="176" type="stmt"/>
        <line num="24" count="3" type="stmt"/>
        <line num="25" count="3" type="stmt"/>
        <line num="28" count="3" type="stmt"/>
      </file>
    </package>
    <package name="__demos__.json-crdt-server.routes.presence">
      <metrics statements="11" coveredstatements="11" conditionals="0" coveredconditionals="0" methods="2" coveredmethods="2"/>
      <file name="index.ts" path="/home/runner/work/reactive-rpc/reactive-rpc/src/__demos__/json-crdt-server/routes/presence/index.ts">
        <metrics statements="9" coveredstatements="9" conditionals="0" coveredconditionals="0" methods="2" coveredmethods="2"/>
        <line num="1" count="15" type="stmt"/>
        <line num="2" count="15" type="stmt"/>
        <line num="3" count="15" type="stmt"/>
        <line num="4" count="15" type="stmt"/>
        <line num="7" count="15" type="stmt"/>
        <line num="8" count="15" type="stmt"/>
        <line num="9" count="176" type="stmt"/>
        <line num="10" count="176" type="stmt"/>
        <line num="13" count="176" type="stmt"/>
      </file>
      <file name="schema.ts" path="/home/runner/work/reactive-rpc/reactive-rpc/src/__demos__/json-crdt-server/routes/presence/schema.ts">
        <metrics statements="2" coveredstatements="2" conditionals="0" coveredconditionals="0" methods="0" coveredmethods="0"/>
        <line num="2" count="15" type="stmt"/>
        <line num="4" count="15" type="stmt"/>
      </file>
    </package>
    <package name="__demos__.json-crdt-server.routes.presence.methods">
      <metrics statements="30" coveredstatements="30" conditionals="0" coveredconditionals="0" methods="13" coveredmethods="13"/>
      <file name="listen.ts" path="/home/runner/work/reactive-rpc/reactive-rpc/src/__demos__/json-crdt-server/routes/presence/methods/listen.ts">
        <metrics statements="11" coveredstatements="11" conditionals="0" coveredconditionals="0" methods="5" coveredmethods="5"/>
        <line num="1" count="15" type="stmt"/>
        <line num="5" count="15" type="stmt"/>
        <line num="6" count="15" type="stmt"/>
        <line num="7" count="176" type="stmt"/>
        <line num="8" count="176" type="stmt"/>
        <line num="15" count="176" type="stmt"/>
        <line num="23" count="176" type="stmt"/>
        <line num="32" count="176" type="stmt"/>
        <line num="33" count="6" type="stmt"/>
        <line num="34" count="6" type="stmt"/>
        <line num="35" count="7" type="stmt"/>
      </file>
      <file name="remove.ts" path="/home/runner/work/reactive-rpc/reactive-rpc/src/__demos__/json-crdt-server/routes/presence/methods/remove.ts">
        <metrics statements="9" coveredstatements="9" conditionals="0" coveredconditionals="0" methods="4" coveredmethods="4"/>
        <line num="3" count="15" type="stmt"/>
        <line num="4" count="15" type="stmt"/>
        <line num="5" count="176" type="stmt"/>
        <line num="6" count="176" type="stmt"/>
        <line num="17" count="176" type="stmt"/>
        <line num="19" count="176" type="stmt"/>
        <line num="25" count="176" type="stmt"/>
        <line num="26" count="2" type="stmt"/>
        <line num="27" count="2" type="stmt"/>
      </file>
      <file name="update.ts" path="/home/runner/work/reactive-rpc/reactive-rpc/src/__demos__/json-crdt-server/routes/presence/methods/update.ts">
        <metrics statements="10" coveredstatements="10" conditionals="0" coveredconditionals="0" methods="4" coveredmethods="4"/>
        <line num="6" count="15" type="stmt"/>
        <line num="8" count="15" type="stmt"/>
        <line num="9" count="15" type="stmt"/>
        <line num="10" count="176" type="stmt"/>
        <line num="11" count="176" type="stmt"/>
        <line num="46" count="176" type="stmt"/>
        <line num="58" count="176" type="stmt"/>
        <line num="67" count="176" type="stmt"/>
        <line num="68" count="4" type="stmt"/>
        <line num="69" count="4" type="stmt"/>
      </file>
    </package>
    <package name="__demos__.json-crdt-server.routes.pubsub">
      <metrics statements="25" coveredstatements="25" conditionals="0" coveredconditionals="0" methods="11" coveredmethods="11"/>
      <file name="index.ts" path="/home/runner/work/reactive-rpc/reactive-rpc/src/__demos__/json-crdt-server/routes/pubsub/index.ts">
        <metrics statements="4" coveredstatements="4" conditionals="0" coveredconditionals="0" methods="2" coveredmethods="2"/>
        <line num="1" count="15" type="stmt"/>
        <line num="2" count="15" type="stmt"/>
        <line num="6" count="176" type="stmt"/>
        <line num="7" count="176" type="stmt"/>
      </file>
      <file name="listen.ts" path="/home/runner/work/reactive-rpc/reactive-rpc/src/__demos__/json-crdt-server/routes/pubsub/listen.ts">
        <metrics statements="12" coveredstatements="12" conditionals="0" coveredconditionals="0" methods="5" coveredmethods="5"/>
        <line num="1" count="15" type="stmt"/>
        <line num="4" count="15" type="stmt"/>
        <line num="5" count="15" type="stmt"/>
        <line num="6" count="176" type="stmt"/>
        <line num="7" count="176" type="stmt"/>
        <line num="14" count="176" type="stmt"/>
        <line num="21" count="176" type="stmt"/>
        <line num="23" count="176" type="stmt"/>
        <line num="24" count="6" type="stmt"/>
        <line num="25" count="6" type="stmt"/>
        <line num="26" count="10" type="stmt"/>
        <line num="28" count="6" type="stmt"/>
      </file>
      <file name="publish.ts" path="/home/runner/work/reactive-rpc/reactive-rpc/src/__demos__/json-crdt-server/routes/pubsub/publish.ts">
        <metrics statements="9" coveredstatements="9" conditionals="0" coveredconditionals="0" methods="4" coveredmethods="4"/>
        <line num="3" count="15" type="stmt"/>
        <line num="4" count="15" type="stmt"/>
        <line num="5" count="176" type="stmt"/>
        <line num="6" count="176" type="stmt"/>
        <line num="17" count="176" type="stmt"/>
        <line num="22" count="176" type="stmt"/>
        <line num="31" count="176" type="stmt"/>
        <line num="32" count="8" type="stmt"/>
        <line num="33" count="8" type="stmt"/>
      </file>
    </package>
    <package name="__demos__.json-crdt-server.routes.util">
      <metrics statements="33" coveredstatements="32" conditionals="0" coveredconditionals="0" methods="18" coveredmethods="16"/>
      <file name="index.ts" path="/home/runner/work/reactive-rpc/reactive-rpc/src/__demos__/json-crdt-server/routes/util/index.ts">
        <metrics statements="33" coveredstatements="32" conditionals="0" coveredconditionals="0" methods="18" coveredmethods="16"/>
        <line num="3" count="15" type="stmt"/>
        <line num="4" count="15" type="stmt"/>
        <line num="5" count="176" type="stmt"/>
        <line num="6" count="176" type="stmt"/>
        <line num="7" count="176" type="stmt"/>
        <line num="8" count="176" type="stmt"/>
        <line num="9" count="176" type="stmt"/>
        <line num="10" count="1" type="stmt"/>
        <line num="14" count="15" type="stmt"/>
        <line num="15" count="15" type="stmt"/>
        <line num="16" count="176" type="stmt"/>
        <line num="17" count="176" type="stmt"/>
        <line num="18" count="176" type="stmt"/>
        <line num="19" count="176" type="stmt"/>
        <line num="20" count="176" type="stmt"/>
        <line num="23" count="15" type="stmt"/>
        <line num="24" count="15" type="stmt"/>
        <line num="25" count="176" type="stmt"/>
        <line num="26" count="176" type="stmt"/>
        <line num="27" count="176" type="stmt"/>
        <line num="38" count="176" type="stmt"/>
        <line num="39" count="176" type="stmt"/>
        <line num="40" count="1" type="stmt"/>
        <line num="51" count="15" type="stmt"/>
        <line num="52" count="15" type="stmt"/>
        <line num="53" count="176" type="stmt"/>
        <line num="54" count="176" type="stmt"/>
        <line num="55" count="176" type="stmt"/>
        <line num="56" count="176" type="stmt"/>
        <line num="57" count="176" type="stmt"/>
        <line num="58" count="0" type="stmt"/>
        <line num="65" count="176" type="stmt"/>
        <line num="66" count="176" type="stmt"/>
      </file>
    </package>
    <package name="__demos__.json-crdt-server.services">
      <metrics statements="86" coveredstatements="69" conditionals="27" coveredconditionals="16" methods="24" coveredmethods="17"/>
      <file name="PresenceService.ts" path="/home/runner/work/reactive-rpc/reactive-rpc/src/__demos__/json-crdt-server/services/PresenceService.ts">
        <metrics statements="58" coveredstatements="48" conditionals="20" coveredconditionals="12" methods="14" coveredmethods="10"/>
        <line num="1" count="16" type="stmt"/>
        <line num="6" count="16" type="stmt"/>
        <line num="7" count="184" type="stmt"/>
        <line num="8" count="184" type="stmt"/>
        <line num="11" count="4" type="stmt"/>
        <line num="12" count="4" type="stmt"/>
        <line num="13" count="4" type="cond" truecount="2" falsecount="1"/>
        <line num="14" count="4" type="cond" truecount="3" falsecount="1"/>
        <line num="20" count="4" type="stmt"/>
        <line num="21" count="4" type="stmt"/>
        <line num="22" count="4" type="stmt"/>
        <line num="23" count="4" type="stmt"/>
        <line num="24" count="4" type="stmt"/>
        <line num="25" count="4" type="stmt"/>
        <line num="26" count="4" type="stmt"/>
        <line num="27" count="4" type="cond" truecount="1" falsecount="0"/>
        <line num="28" count="4" type="stmt"/>
        <line num="32" count="2" type="stmt"/>
        <line num="33" count="2" type="stmt"/>
        <line num="34" count="2" type="cond" truecount="1" falsecount="0"/>
        <line num="35" count="2" type="stmt"/>
        <line num="36" count="2" type="stmt"/>
        <line num="37" count="2" type="cond" truecount="1" falsecount="0"/>
        <line num="38" count="2" type="stmt"/>
        <line num="39" count="2" type="stmt"/>
        <line num="50" count="6" type="stmt"/>
        <line num="51" count="6" type="stmt"/>
        <line num="52" count="6" type="cond" truecount="1" falsecount="0"/>
        <line num="53" count="6" type="stmt"/>
        <line num="54" count="6" type="stmt"/>
        <line num="55" count="6" type="stmt"/>
        <line num="56" count="6" type="stmt"/>
        <line num="57" count="2" type="stmt"/>
        <line num="58" count="2" type="cond" truecount="0" falsecount="1"/>
        <line num="60" count="6" type="cond" truecount="1" falsecount="0"/>
        <line num="61" count="6" type="stmt"/>
        <line num="62" count="0" type="stmt"/>
        <line num="63" count="0" type="cond" truecount="0" falsecount="1"/>
        <line num="64" count="0" type="stmt"/>
        <line num="65" count="0" type="stmt"/>
        <line num="67" count="0" type="stmt"/>
        <line num="68" count="0" type="cond" truecount="0" falsecount="1"/>
        <line num="69" count="0" type="cond" truecount="0" falsecount="1"/>
        <line num="70" count="0" type="stmt"/>
        <line num="77" count="12" type="stmt"/>
        <line num="78" count="12" type="cond" truecount="1" falsecount="0"/>
        <line num="79" count="5" type="stmt"/>
        <line num="80" count="5" type="stmt"/>
        <line num="81" count="5" type="stmt"/>
        <line num="85" count="10" type="stmt"/>
        <line num="86" count="10" type="cond" truecount="1" falsecount="0"/>
        <line num="87" count="6" type="stmt"/>
        <line num="88" count="6" type="stmt"/>
        <line num="89" count="6" type="cond" truecount="0" falsecount="1"/>
        <line num="91" count="6" type="cond" truecount="0" falsecount="1"/>
        <line num="95" count="1" type="stmt"/>
        <line num="97" count="0" type="stmt"/>
        <line num="98" count="0" type="stmt"/>
      </file>
      <file name="PubSubService.ts" path="/home/runner/work/reactive-rpc/reactive-rpc/src/__demos__/json-crdt-server/services/PubSubService.ts">
        <metrics statements="20" coveredstatements="13" conditionals="5" coveredconditionals="2" methods="9" coveredmethods="6"/>
        <line num="1" count="16" type="stmt"/>
        <line num="3" count="16" type="stmt"/>
        <line num="4" count="184" type="stmt"/>
        <line num="7" count="78" type="stmt"/>
        <line num="8" count="78" type="cond" truecount="1" falsecount="0"/>
        <line num="9" count="78" type="stmt"/>
        <line num="10" count="78" type="stmt"/>
        <line num="11" count="78" type="stmt"/>
        <line num="12" count="0" type="stmt"/>
        <line num="13" count="0" type="cond" truecount="0" falsecount="1"/>
        <line num="14" count="0" type="stmt"/>
        <line num="15" count="0" type="cond" truecount="0" falsecount="1"/>
        <line num="16" count="0" type="cond" truecount="0" falsecount="1"/>
        <line num="17" count="0" type="stmt"/>
        <line num="24" count="1653" type="stmt"/>
        <line num="25" count="1653" type="stmt"/>
        <line num="26" count="1653" type="cond" truecount="1" falsecount="0"/>
        <line num="27" count="104" type="stmt"/>
        <line num="31" count="1" type="stmt"/>
        <line num="33" count="0" type="stmt"/>
      </file>
      <file name="Services.ts" path="/home/runner/work/reactive-rpc/reactive-rpc/src/__demos__/json-crdt-server/services/Services.ts">
        <metrics statements="8" coveredstatements="8" conditionals="2" coveredconditionals="2" methods="1" coveredmethods="1"/>
        <line num="1" count="16" type="stmt"/>
        <line num="2" count="16" type="stmt"/>
        <line num="3" count="16" type="stmt"/>
        <line num="4" count="16" type="stmt"/>
        <line num="12" count="16" type="stmt"/>
        <line num="18" count="184" type="stmt"/>
        <line num="19" count="184" type="stmt"/>
        <line num="20" count="184" type="stmt"/>
      </file>
    </package>
    <package name="__demos__.json-crdt-server.services.blocks">
      <metrics statements="143" coveredstatements="133" conditionals="62" coveredconditionals="39" methods="31" coveredmethods="27"/>
      <file name="BlocksServices.ts" path="/home/runner/work/reactive-rpc/reactive-rpc/src/__demos__/json-crdt-server/services/blocks/BlocksServices.ts">
        <metrics statements="129" coveredstatements="119" conditionals="58" coveredconditionals="35" methods="27" coveredmethods="23"/>
        <line num="1" count="16" type="stmt"/>
        <line num="2" count="16" type="stmt"/>
        <line num="3" count="16" type="stmt"/>
        <line num="5" count="16" type="stmt"/>
        <line num="6" count="16" type="stmt"/>
        <line num="7" count="16" type="stmt"/>
        <line num="13" count="16" type="stmt"/>
        <line num="14" count="1492" type="cond" truecount="3" falsecount="1"/>
        <line num="15" count="1492" type="stmt"/>
        <line num="16" count="1492" type="cond" truecount="0" falsecount="1"/>
        <line num="17" count="1492" type="cond" truecount="0" falsecount="1"/>
        <line num="18" count="1492" type="cond" truecount="0" falsecount="1"/>
        <line num="19" count="1537" type="cond" truecount="0" falsecount="1"/>
        <line num="45" count="16" type="stmt"/>
        <line num="49" count="184" type="stmt"/>
        <line num="50" count="184" type="cond" truecount="0" falsecount="1"/>
        <line num="51" count="184" type="cond" truecount="1" falsecount="0"/>
        <line num="53" count="0" type="cond" truecount="0" falsecount="2"/>
        <line num="56" count="184" type="cond" truecount="4" falsecount="0"/>
        <line num="60" count="138" type="stmt"/>
        <line num="61" count="138" type="cond" truecount="1" falsecount="0"/>
        <line num="62" count="43" type="stmt"/>
        <line num="63" count="43" type="stmt"/>
        <line num="69" count="43" type="stmt"/>
        <line num="70" count="43" type="stmt"/>
        <line num="71" count="43" type="stmt"/>
        <line num="73" count="95" type="stmt"/>
        <line num="74" count="95" type="stmt"/>
        <line num="75" count="95" type="stmt"/>
        <line num="81" count="102" type="stmt"/>
        <line num="82" count="95" type="stmt"/>
        <line num="88" count="95" type="stmt"/>
        <line num="89" count="95" type="stmt"/>
        <line num="90" count="95" type="cond" truecount="1" falsecount="0"/>
        <line num="91" count="95" type="stmt"/>
        <line num="92" count="95" type="stmt"/>
        <line num="96" count="138" type="stmt"/>
        <line num="97" count="138" type="stmt"/>
        <line num="99" count="0" type="stmt"/>
        <line num="104" count="1489" type="stmt"/>
        <line num="105" count="1489" type="stmt"/>
        <line num="107" count="0" type="stmt"/>
        <line num="112" count="163" type="stmt"/>
        <line num="113" count="163" type="stmt"/>
        <line num="114" count="163" type="cond" truecount="1" falsecount="0"/>
        <line num="115" count="126" type="stmt"/>
        <line num="119" count="3" type="stmt"/>
        <line num="120" count="3" type="stmt"/>
        <line num="121" count="3" type="cond" truecount="0" falsecount="1"/>
        <line num="122" count="3" type="stmt"/>
        <line num="123" count="3" type="stmt"/>
        <line num="127" count="18" type="stmt"/>
        <line num="128" count="18" type="stmt"/>
        <line num="129" count="18" type="stmt"/>
        <line num="131" count="0" type="stmt"/>
        <line num="133" count="18" type="stmt"/>
        <line num="137" count="33" type="stmt"/>
        <line num="142" count="33" type="stmt"/>
        <line num="143" count="33" type="cond" truecount="0" falsecount="1"/>
        <line num="144" count="33" type="cond" truecount="0" falsecount="1"/>
        <line num="145" count="33" type="stmt"/>
        <line num="146" count="33" type="stmt"/>
        <line num="147" count="33" type="cond" truecount="2" falsecount="1"/>
        <line num="148" count="33" type="cond" truecount="1" falsecount="1"/>
        <line num="149" count="33" type="cond" truecount="2" falsecount="0"/>
        <line num="150" count="33" type="stmt"/>
        <line num="152" count="0" type="cond" truecount="0" falsecount="2"/>
        <line num="153" count="0" type="stmt"/>
        <line num="155" count="33" type="cond" truecount="0" falsecount="1"/>
        <line num="156" count="0" type="stmt"/>
        <line num="157" count="0" type="stmt"/>
        <line num="159" count="33" type="stmt"/>
        <line num="160" count="33" type="cond" truecount="1" falsecount="0"/>
        <line num="161" count="16" type="stmt"/>
        <line num="162" count="16" type="stmt"/>
        <line num="167" count="17" type="stmt"/>
        <line num="171" count="533" type="stmt"/>
        <line num="175" count="533" type="stmt"/>
        <line num="176" count="533" type="cond" truecount="3" falsecount="1"/>
        <line num="177" count="0" type="stmt"/>
        <line num="178" count="533" type="stmt"/>
        <line num="179" count="533" type="cond" truecount="1" falsecount="0"/>
        <line num="180" count="3" type="cond" truecount="1" falsecount="0"/>
        <line num="181" count="3" type="stmt"/>
        <line num="182" count="3" type="cond" truecount="1" falsecount="1"/>
        <line num="184" count="0" type="stmt"/>
        <line num="186" count="530" type="cond" truecount="0" falsecount="1"/>
        <line num="187" count="530" type="cond" truecount="1" falsecount="0"/>
        <line num="188" count="463" type="stmt"/>
        <line num="189" count="463" type="cond" truecount="3" falsecount="0"/>
        <line num="190" count="306" type="stmt"/>
        <line num="191" count="306" type="stmt"/>
        <line num="195" count="1424" type="cond" truecount="1" falsecount="0"/>
        <line num="196" count="64" type="stmt"/>
        <line num="197" count="64" type="cond" truecount="1" falsecount="0"/>
        <line num="198" count="27" type="stmt"/>
        <line num="199" count="27" type="cond" truecount="0" falsecount="1"/>
        <line num="200" count="27" type="stmt"/>
        <line num="203" count="1397" type="stmt"/>
        <line num="204" count="1397" type="stmt"/>
        <line num="205" count="1397" type="stmt"/>
        <line num="206" count="1397" type="cond" truecount="1" falsecount="0"/>
        <line num="207" count="1394" type="stmt"/>
        <line num="208" count="1394" type="stmt"/>
        <line num="209" count="1394" type="stmt"/>
        <line num="210" count="1394" type="stmt"/>
        <line num="211" count="1394" type="stmt"/>
        <line num="212" count="1432" type="stmt"/>
        <line num="213" count="1432" type="stmt"/>
        <line num="215" count="1394" type="stmt"/>
        <line num="220" count="1394" type="stmt"/>
        <line num="221" count="1394" type="stmt"/>
        <line num="222" count="1394" type="cond" truecount="4" falsecount="0"/>
        <line num="223" count="180" type="stmt"/>
        <line num="225" count="1394" type="stmt"/>
        <line num="226" count="1394" type="stmt"/>
        <line num="227" count="1394" type="stmt"/>
        <line num="234" count="180" type="stmt"/>
        <line num="235" count="180" type="cond" truecount="0" falsecount="1"/>
        <line num="236" count="180" type="stmt"/>
        <line num="237" count="180" type="stmt"/>
        <line num="238" count="364" type="stmt"/>
        <line num="239" count="182" type="stmt"/>
        <line num="240" count="180" type="stmt"/>
        <line num="245" count="72" type="stmt"/>
        <line num="249" count="1" type="stmt"/>
        <line num="253" count="1532" type="stmt"/>
        <line num="254" count="1532" type="cond" truecount="1" falsecount="0"/>
        <line num="255" count="4" type="stmt"/>
      </file>
      <file name="util.ts" path="/home/runner/work/reactive-rpc/reactive-rpc/src/__demos__/json-crdt-server/services/blocks/util.ts">
        <metrics statements="14" coveredstatements="14" conditionals="4" coveredconditionals="4" methods="4" coveredmethods="4"/>
        <line num="5" count="17" type="stmt"/>
        <line num="6" count="17" type="stmt"/>
        <line num="8" count="17" type="stmt"/>
        <line num="9" count="17" type="stmt"/>
        <line num="11" count="1520" type="cond" truecount="1" falsecount="0"/>
        <line num="14" count="1523" type="stmt"/>
        <line num="15" count="1523" type="cond" truecount="1" falsecount="0"/>
        <line num="16" count="173" type="stmt"/>
        <line num="17" count="173" type="stmt"/>
        <line num="18" count="173" type="cond" truecount="1" falsecount="0"/>
        <line num="19" count="1" type="stmt"/>
        <line num="20" count="1" type="stmt"/>
        <line num="21" count="1" type="stmt"/>
        <line num="22" count="1" type="stmt"/>
      </file>
    </package>
    <package name="__demos__.json-crdt-server.services.blocks.store">
      <metrics statements="122" coveredstatements="108" conditionals="34" coveredconditionals="20" methods="21" coveredmethods="17"/>
      <file name="MemoryStore.ts" path="/home/runner/work/reactive-rpc/reactive-rpc/src/__demos__/json-crdt-server/services/blocks/store/MemoryStore.ts">
        <metrics statements="122" coveredstatements="108" conditionals="34" coveredconditionals="20" methods="21" coveredmethods="17"/>
        <line num="1" count="16" type="stmt"/>
        <line num="2" count="16" type="stmt"/>
        <line num="5" count="16" type="stmt"/>
        <line num="7" count="16" type="stmt"/>
        <line num="9" count="92" type="stmt"/>
        <line num="10" count="92" type="stmt"/>
        <line num="11" count="92" type="stmt"/>
        <line num="15" count="16" type="stmt"/>
        <line num="16" count="142" type="stmt"/>
        <line num="19" count="752" type="stmt"/>
        <line num="20" count="752" type="stmt"/>
        <line num="21" count="752" type="cond" truecount="1" falsecount="0"/>
        <line num="22" count="726" type="stmt"/>
        <line num="29" count="61" type="stmt"/>
        <line num="30" count="61" type="stmt"/>
        <line num="31" count="61" type="cond" truecount="0" falsecount="1"/>
        <line num="32" count="61" type="stmt"/>
        <line num="33" count="61" type="stmt"/>
        <line num="34" count="61" type="stmt"/>
        <line num="35" count="61" type="stmt"/>
        <line num="36" count="61" type="stmt"/>
        <line num="37" count="7847" type="stmt"/>
        <line num="38" count="7847" type="stmt"/>
        <line num="39" count="7847" type="cond" truecount="1" falsecount="0"/>
        <line num="40" count="7846" type="cond" truecount="1" falsecount="0"/>
        <line num="41" count="7840" type="stmt"/>
        <line num="43" count="61" type="stmt"/>
        <line num="47" count="62" type="stmt"/>
        <line num="48" count="62" type="stmt"/>
        <line num="52" count="227" type="stmt"/>
        <line num="53" count="227" type="cond" truecount="4" falsecount="0"/>
        <line num="61" count="93" type="stmt"/>
        <line num="62" count="93" type="stmt"/>
        <line num="63" count="93" type="cond" truecount="1" falsecount="0"/>
        <line num="64" count="92" type="stmt"/>
        <line num="65" count="92" type="stmt"/>
        <line num="66" count="92" type="stmt"/>
        <line num="67" count="92" type="stmt"/>
        <line num="68" count="92" type="cond" truecount="1" falsecount="0"/>
        <line num="69" count="62" type="stmt"/>
        <line num="70" count="62" type="cond" truecount="0" falsecount="1"/>
        <line num="71" count="62" type="stmt"/>
        <line num="77" count="62" type="stmt"/>
        <line num="78" count="62" type="stmt"/>
        <line num="80" count="30" type="stmt"/>
        <line num="87" count="644" type="stmt"/>
        <line num="88" count="644" type="stmt"/>
        <line num="89" count="644" type="stmt"/>
        <line num="90" count="644" type="cond" truecount="2" falsecount="1"/>
        <line num="91" count="644" type="stmt"/>
        <line num="92" count="644" type="cond" truecount="0" falsecount="1"/>
        <line num="93" count="644" type="stmt"/>
        <line num="94" count="644" type="stmt"/>
        <line num="95" count="644" type="cond" truecount="0" falsecount="1"/>
        <line num="96" count="644" type="stmt"/>
        <line num="97" count="644" type="stmt"/>
        <line num="98" count="644" type="stmt"/>
        <line num="99" count="644" type="stmt"/>
        <line num="100" count="644" type="stmt"/>
        <line num="101" count="644" type="stmt"/>
        <line num="102" count="644" type="stmt"/>
        <line num="108" count="644" type="stmt"/>
        <line num="109" count="644" type="stmt"/>
        <line num="113" count="90" type="stmt"/>
        <line num="114" count="90" type="cond" truecount="0" falsecount="1"/>
        <line num="115" count="90" type="stmt"/>
        <line num="116" count="90" type="stmt"/>
        <line num="117" count="90" type="stmt"/>
        <line num="118" count="90" type="stmt"/>
        <line num="120" count="90" type="stmt"/>
        <line num="121" count="181" type="stmt"/>
        <line num="122" count="181" type="stmt"/>
        <line num="123" count="181" type="cond" truecount="0" falsecount="1"/>
        <line num="124" count="181" type="cond" truecount="1" falsecount="0"/>
        <line num="125" count="91" type="stmt"/>
        <line num="128" count="90" type="stmt"/>
        <line num="129" count="90" type="stmt"/>
        <line num="130" count="90" type="stmt"/>
        <line num="131" count="90" type="stmt"/>
        <line num="135" count="121" type="stmt"/>
        <line num="136" count="121" type="stmt"/>
        <line num="137" count="121" type="cond" truecount="0" falsecount="1"/>
        <line num="138" count="121" type="stmt"/>
        <line num="139" count="121" type="stmt"/>
        <line num="140" count="121" type="stmt"/>
        <line num="141" count="121" type="stmt"/>
        <line num="142" count="15387" type="stmt"/>
        <line num="143" count="15387" type="stmt"/>
        <line num="144" count="15387" type="cond" truecount="1" falsecount="0"/>
        <line num="145" count="15379" type="cond" truecount="3" falsecount="0"/>
        <line num="147" count="121" type="stmt"/>
        <line num="151" count="15" type="stmt"/>
        <line num="152" count="15" type="stmt"/>
        <line num="156" count="15" type="stmt"/>
        <line num="160" count="1" type="stmt"/>
        <line num="162" count="0" type="stmt"/>
        <line num="167" count="0" type="stmt"/>
        <line num="168" count="0" type="cond" truecount="0" falsecount="1"/>
        <line num="171" count="0" type="cond" truecount="0" falsecount="1"/>
        <line num="172" count="0" type="stmt"/>
        <line num="173" count="0" type="stmt"/>
        <line num="174" count="0" type="stmt"/>
        <line num="175" count="0" type="cond" truecount="0" falsecount="1"/>
        <line num="176" count="0" type="stmt"/>
        <line num="177" count="0" type="stmt"/>
        <line num="178" count="0" type="cond" truecount="0" falsecount="1"/>
        <line num="183" count="2" type="stmt"/>
        <line num="184" count="2" type="stmt"/>
        <line num="185" count="20" type="stmt"/>
        <line num="186" count="9" type="stmt"/>
        <line num="187" count="9" type="cond" truecount="1" falsecount="0"/>
        <line num="188" count="3" type="stmt"/>
        <line num="189" count="3" type="stmt"/>
        <line num="191" count="6" type="cond" truecount="1" falsecount="0"/>
        <line num="192" count="6" type="cond" truecount="2" falsecount="1"/>
        <line num="193" count="0" type="stmt"/>
        <line num="194" count="0" type="stmt"/>
        <line num="195" count="0" type="stmt"/>
        <line num="198" count="2" type="cond" truecount="0" falsecount="1"/>
        <line num="199" count="2" type="stmt"/>
        <line num="200" count="3" type="stmt"/>
        <line num="201" count="3" type="stmt"/>
      </file>
    </package>
    <package name="__demos__.json-crdt-server.services.blocks.store.level">
      <metrics statements="163" coveredstatements="147" conditionals="43" coveredconditionals="27" methods="34" coveredmethods="30"/>
      <file name="LevelStore.ts" path="/home/runner/work/reactive-rpc/reactive-rpc/src/__demos__/json-crdt-server/services/blocks/store/level/LevelStore.ts">
        <metrics statements="163" coveredstatements="147" conditionals="43" coveredconditionals="27" methods="34" coveredmethods="30"/>
        <line num="1" count="5" type="stmt"/>
        <line num="2" count="5" type="stmt"/>
        <line num="3" count="5" type="stmt"/>
        <line num="4" count="5" type="stmt"/>
        <line num="5" count="5" type="stmt"/>
        <line num="13" count="5" type="stmt"/>
        <line num="15" count="42" type="stmt"/>
        <line num="16" count="42" type="cond" truecount="1" falsecount="0"/>
        <line num="17" count="42" type="cond" truecount="1" falsecount="0"/>
        <line num="21" count="4534" type="stmt"/>
        <line num="25" count="2367" type="stmt"/>
        <line num="29" count="247" type="stmt"/>
        <line num="33" count="1913" type="stmt"/>
        <line num="37" count="1607" type="stmt"/>
        <line num="38" count="1607" type="stmt"/>
        <line num="42" count="804" type="stmt"/>
        <line num="46" count="802" type="stmt"/>
        <line num="51" count="1561" type="stmt"/>
        <line num="52" count="1561" type="stmt"/>
        <line num="53" count="1561" type="stmt"/>
        <line num="54" count="1547" type="cond" truecount="0" falsecount="1"/>
        <line num="55" count="1547" type="stmt"/>
        <line num="56" count="1547" type="stmt"/>
        <line num="58" count="14" type="cond" truecount="4" falsecount="0"/>
        <line num="59" count="0" type="stmt"/>
        <line num="67" count="112" type="stmt"/>
        <line num="68" count="112" type="stmt"/>
        <line num="69" count="112" type="stmt"/>
        <line num="70" count="112" type="stmt"/>
        <line num="71" count="112" type="stmt"/>
        <line num="72" count="112" type="stmt"/>
        <line num="73" count="112" type="stmt"/>
        <line num="74" count="112" type="cond" truecount="1" falsecount="0"/>
        <line num="75" count="104" type="stmt"/>
        <line num="76" count="104" type="stmt"/>
        <line num="77" count="30956" type="stmt"/>
        <line num="78" count="15426" type="stmt"/>
        <line num="79" count="15426" type="stmt"/>
        <line num="82" count="112" type="stmt"/>
        <line num="84" count="0" type="cond" truecount="0" falsecount="4"/>
        <line num="85" count="0" type="stmt"/>
        <line num="90" count="11" type="stmt"/>
        <line num="91" count="11" type="stmt"/>
        <line num="92" count="11" type="cond" truecount="2" falsecount="0"/>
        <line num="96" count="306" type="stmt"/>
        <line num="97" count="306" type="stmt"/>
        <line num="98" count="306" type="stmt"/>
        <line num="99" count="306" type="cond" truecount="3" falsecount="0"/>
        <line num="100" count="305" type="stmt"/>
        <line num="101" count="305" type="cond" truecount="1" falsecount="0"/>
        <line num="102" count="304" type="stmt"/>
        <line num="103" count="304" type="cond" truecount="0" falsecount="1"/>
        <line num="104" count="304" type="stmt"/>
        <line num="113" count="45" type="cond" truecount="1" falsecount="0"/>
        <line num="114" count="33" type="stmt"/>
        <line num="115" count="33" type="cond" truecount="2" falsecount="1"/>
        <line num="117" count="45" type="stmt"/>
        <line num="118" count="45" type="stmt"/>
        <line num="119" count="45" type="stmt"/>
        <line num="120" count="45" type="stmt"/>
        <line num="121" count="45" type="stmt"/>
        <line num="122" count="45" type="stmt"/>
        <line num="123" count="45" type="cond" truecount="2" falsecount="1"/>
        <line num="124" count="45" type="stmt"/>
        <line num="125" count="45" type="stmt"/>
        <line num="130" count="45" type="stmt"/>
        <line num="131" count="45" type="cond" truecount="1" falsecount="0"/>
        <line num="132" count="33" type="stmt"/>
        <line num="133" count="33" type="stmt"/>
        <line num="139" count="33" type="stmt"/>
        <line num="140" count="33" type="stmt"/>
        <line num="141" count="33" type="stmt"/>
        <line num="142" count="33" type="stmt"/>
        <line num="144" count="45" type="stmt"/>
        <line num="145" count="45" type="stmt"/>
        <line num="153" count="750" type="stmt"/>
        <line num="154" count="750" type="stmt"/>
        <line num="155" count="750" type="cond" truecount="2" falsecount="1"/>
        <line num="156" count="750" type="stmt"/>
        <line num="157" count="750" type="stmt"/>
        <line num="158" count="750" type="cond" truecount="0" falsecount="1"/>
        <line num="159" count="750" type="stmt"/>
        <line num="160" count="750" type="stmt"/>
        <line num="161" count="750" type="cond" truecount="0" falsecount="1"/>
        <line num="162" count="750" type="stmt"/>
        <line num="163" count="750" type="stmt"/>
        <line num="164" count="750" type="stmt"/>
        <line num="165" count="750" type="stmt"/>
        <line num="166" count="750" type="stmt"/>
        <line num="167" count="750" type="stmt"/>
        <line num="168" count="750" type="stmt"/>
        <line num="174" count="750" type="stmt"/>
        <line num="179" count="750" type="stmt"/>
        <line num="180" count="750" type="stmt"/>
        <line num="185" count="90" type="stmt"/>
        <line num="186" count="90" type="stmt"/>
        <line num="187" count="90" type="stmt"/>
        <line num="188" count="90" type="stmt"/>
        <line num="189" count="90" type="stmt"/>
        <line num="190" count="90" type="cond" truecount="0" falsecount="1"/>
        <line num="191" count="90" type="stmt"/>
        <line num="192" count="90" type="stmt"/>
        <line num="193" count="90" type="stmt"/>
        <line num="195" count="272" type="stmt"/>
        <line num="196" count="91" type="stmt"/>
        <line num="197" count="91" type="stmt"/>
        <line num="200" count="90" type="stmt"/>
        <line num="201" count="90" type="stmt"/>
        <line num="202" count="90" type="stmt"/>
        <line num="203" count="90" type="stmt"/>
        <line num="204" count="90" type="stmt"/>
        <line num="209" count="218" type="stmt"/>
        <line num="210" count="218" type="stmt"/>
        <line num="211" count="218" type="stmt"/>
        <line num="212" count="218" type="stmt"/>
        <line num="213" count="21366" type="stmt"/>
        <line num="214" count="10574" type="stmt"/>
        <line num="215" count="10574" type="stmt"/>
        <line num="217" count="218" type="stmt"/>
        <line num="221" count="9" type="stmt"/>
        <line num="222" count="9" type="cond" truecount="1" falsecount="0"/>
        <line num="223" count="7" type="stmt"/>
        <line num="224" count="7" type="stmt"/>
        <line num="225" count="7" type="stmt"/>
        <line num="226" count="7" type="stmt"/>
        <line num="227" count="7" type="stmt"/>
        <line num="234" count="7" type="stmt"/>
        <line num="236" count="7" type="stmt"/>
        <line num="241" count="0" type="stmt"/>
        <line num="247" count="0" type="cond" truecount="0" falsecount="1"/>
        <line num="248" count="0" type="stmt"/>
        <line num="249" count="0" type="stmt"/>
        <line num="250" count="0" type="stmt"/>
        <line num="251" count="0" type="stmt"/>
        <line num="252" count="0" type="stmt"/>
        <line num="253" count="0" type="stmt"/>
        <line num="254" count="0" type="cond" truecount="0" falsecount="1"/>
        <line num="255" count="0" type="stmt"/>
        <line num="256" count="0" type="stmt"/>
        <line num="257" count="0" type="stmt"/>
        <line num="258" count="0" type="cond" truecount="0" falsecount="1"/>
        <line num="263" count="7" type="stmt"/>
        <line num="264" count="2" type="stmt"/>
        <line num="265" count="2" type="stmt"/>
        <line num="266" count="2" type="stmt"/>
        <line num="267" count="2" type="stmt"/>
        <line num="268" count="2" type="stmt"/>
        <line num="269" count="2" type="stmt"/>
        <line num="270" count="20" type="stmt"/>
        <line num="271" count="9" type="stmt"/>
        <line num="272" count="9" type="cond" truecount="1" falsecount="0"/>
        <line num="273" count="3" type="stmt"/>
        <line num="274" count="3" type="stmt"/>
        <line num="276" count="6" type="cond" truecount="1" falsecount="0"/>
        <line num="277" count="6" type="cond" truecount="3" falsecount="0"/>
        <line num="278" count="4" type="stmt"/>
        <line num="279" count="4" type="stmt"/>
        <line num="280" count="4" type="stmt"/>
        <line num="283" count="2" type="cond" truecount="0" falsecount="1"/>
        <line num="284" count="2" type="stmt"/>
        <line num="285" count="3" type="stmt"/>
        <line num="286" count="3" type="stmt"/>
        <line num="287" count="3" type="stmt"/>
      </file>
    </package>
    <package name="__tests__.e2e">
      <metrics statements="65" coveredstatements="13" conditionals="8" coveredconditionals="0" methods="14" coveredmethods="0"/>
      <file name="clients.ts" path="/home/runner/work/reactive-rpc/reactive-rpc/src/__tests__/e2e/clients.ts">
        <metrics statements="44" coveredstatements="7" conditionals="6" coveredconditionals="0" methods="13" coveredmethods="0"/>
        <line num="1" count="2" type="stmt"/>
        <line num="3" count="2" type="stmt"/>
        <line num="4" count="2" type="stmt"/>
        <line num="5" count="2" type="stmt"/>
        <line num="7" count="2" type="stmt"/>
        <line num="8" count="0" type="cond" truecount="0" falsecount="2"/>
        <line num="9" count="0" type="stmt"/>
        <line num="10" count="0" type="stmt"/>
        <line num="14" count="0" type="stmt"/>
        <line num="15" count="0" type="stmt"/>
        <line num="19" count="0" type="stmt"/>
        <line num="20" count="0" type="stmt"/>
        <line num="21" count="0" type="stmt"/>
        <line num="22" count="0" type="stmt"/>
        <line num="23" count="0" type="stmt"/>
        <line num="26" count="2" type="stmt"/>
        <line num="27" count="0" type="cond" truecount="0" falsecount="2"/>
        <line num="28" count="0" type="stmt"/>
        <line num="29" count="0" type="stmt"/>
        <line num="35" count="0" type="stmt"/>
        <line num="36" count="0" type="stmt"/>
        <line num="37" count="0" type="stmt"/>
        <line num="38" count="0" type="stmt"/>
        <line num="41" count="2" type="stmt"/>
        <line num="42" count="0" type="stmt"/>
        <line num="43" count="0" type="stmt"/>
        <line num="44" count="0" type="stmt"/>
        <line num="45" count="0" type="stmt"/>
        <line num="46" count="0" type="cond" truecount="0" falsecount="2"/>
        <line num="47" count="0" type="stmt"/>
        <line num="48" count="0" type="stmt"/>
        <line num="49" count="0" type="stmt"/>
        <line num="50" count="0" type="stmt"/>
        <line num="51" count="0" type="stmt"/>
        <line num="52" count="0" type="stmt"/>
        <line num="59" count="0" type="stmt"/>
        <line num="60" count="0" type="stmt"/>
        <line num="61" count="0" type="stmt"/>
        <line num="62" count="0" type="stmt"/>
        <line num="65" count="0" type="stmt"/>
        <line num="69" count="0" type="stmt"/>
        <line num="70" count="0" type="stmt"/>
        <line num="71" count="0" type="stmt"/>
        <line num="72" count="0" type="stmt"/>
      </file>
      <file name="codecs.ts" path="/home/runner/work/reactive-rpc/reactive-rpc/src/__tests__/e2e/codecs.ts">
        <metrics statements="21" coveredstatements="6" conditionals="2" coveredconditionals="0" methods="1" coveredmethods="0"/>
        <line num="1" count="2" type="stmt"/>
        <line num="2" count="2" type="stmt"/>
        <line num="3" count="2" type="stmt"/>
        <line num="4" count="2" type="stmt"/>
        <line num="5" count="2" type="stmt"/>
        <line num="11" count="2" type="cond" truecount="0" falsecount="1"/>
        <line num="12" count="0" type="stmt"/>
        <line num="13" count="0" type="stmt"/>
        <line num="14" count="0" type="stmt"/>
        <line num="15" count="0" type="stmt"/>
        <line num="35" count="0" type="cond" truecount="0" falsecount="1"/>
        <line num="36" count="0" type="stmt"/>
        <line num="37" count="0" type="stmt"/>
        <line num="38" count="0" type="stmt"/>
        <line num="39" count="0" type="stmt"/>
        <line num="40" count="0" type="stmt"/>
        <line num="41" count="0" type="stmt"/>
        <line num="42" count="0" type="stmt"/>
        <line num="43" count="0" type="stmt"/>
        <line num="44" count="0" type="stmt"/>
        <line num="46" count="0" type="stmt"/>
      </file>
    </package>
    <package name="__tests__.json-crdt-server">
      <metrics statements="534" coveredstatements="530" conditionals="28" coveredconditionals="24" methods="124" coveredmethods="120"/>
      <file name="block.ts" path="/home/runner/work/reactive-rpc/reactive-rpc/src/__tests__/json-crdt-server/block.ts">
        <metrics statements="371" coveredstatements="369" conditionals="23" coveredconditionals="19" methods="62" coveredmethods="62"/>
        <line num="1" count="2" type="stmt"/>
        <line num="3" count="2" type="stmt"/>
        <line num="4" count="2" type="stmt"/>
        <line num="9" count="2" type="stmt"/>
        <line num="10" count="2" type="stmt"/>
        <line num="11" count="57" type="stmt"/>
        <line num="13" count="2" type="cond" truecount="1" falsecount="0"/>
        <line num="14" count="3" type="stmt"/>
        <line num="16" count="3" type="stmt"/>
        <line num="17" count="3" type="stmt"/>
        <line num="18" count="3" type="stmt"/>
        <line num="19" count="3" type="stmt"/>
        <line num="20" count="3" type="stmt"/>
        <line num="21" count="3" type="stmt"/>
        <line num="22" count="3" type="stmt"/>
        <line num="29" count="3" type="stmt"/>
        <line num="30" count="3" type="stmt"/>
        <line num="40" count="3" type="stmt"/>
        <line num="41" count="3" type="stmt"/>
        <line num="42" count="3" type="stmt"/>
        <line num="43" count="3" type="stmt"/>
        <line num="46" count="3" type="stmt"/>
        <line num="47" count="3" type="stmt"/>
        <line num="48" count="3" type="stmt"/>
        <line num="49" count="3" type="stmt"/>
        <line num="50" count="3" type="stmt"/>
        <line num="54" count="3" type="stmt"/>
        <line num="55" count="3" type="stmt"/>
        <line num="58" count="3" type="stmt"/>
        <line num="59" count="3" type="stmt"/>
        <line num="72" count="3" type="stmt"/>
        <line num="78" count="3" type="stmt"/>
        <line num="79" count="3" type="stmt"/>
        <line num="89" count="3" type="stmt"/>
        <line num="90" count="3" type="stmt"/>
        <line num="94" count="3" type="stmt"/>
        <line num="98" count="3" type="stmt"/>
        <line num="99" count="3" type="stmt"/>
        <line num="100" count="3" type="stmt"/>
        <line num="101" count="3" type="stmt"/>
        <line num="102" count="3" type="stmt"/>
        <line num="105" count="3" type="stmt"/>
        <line num="106" count="3" type="stmt"/>
        <line num="107" count="3" type="stmt"/>
        <line num="108" count="3" type="stmt"/>
        <line num="109" count="3" type="stmt"/>
        <line num="110" count="3" type="stmt"/>
        <line num="111" count="3" type="stmt"/>
        <line num="112" count="3" type="stmt"/>
        <line num="113" count="0" type="stmt"/>
        <line num="115" count="3" type="stmt"/>
        <line num="117" count="3" type="stmt"/>
        <line num="121" count="3" type="stmt"/>
        <line num="122" count="3" type="stmt"/>
        <line num="123" count="3" type="stmt"/>
        <line num="124" count="3" type="stmt"/>
        <line num="125" count="3" type="stmt"/>
        <line num="126" count="3" type="stmt"/>
        <line num="129" count="3" type="stmt"/>
        <line num="130" count="3" type="stmt"/>
        <line num="141" count="3" type="stmt"/>
        <line num="147" count="3" type="stmt"/>
        <line num="150" count="3" type="stmt"/>
        <line num="151" count="3" type="stmt"/>
        <line num="152" count="3" type="stmt"/>
        <line num="153" count="3" type="stmt"/>
        <line num="154" count="3" type="stmt"/>
        <line num="157" count="3" type="stmt"/>
        <line num="158" count="3" type="stmt"/>
        <line num="159" count="3" type="stmt"/>
        <line num="170" count="0" type="stmt"/>
        <line num="172" count="3" type="stmt"/>
        <line num="176" count="3" type="stmt"/>
        <line num="179" count="3" type="stmt"/>
        <line num="180" count="3" type="stmt"/>
        <line num="181" count="3" type="stmt"/>
        <line num="182" count="3" type="stmt"/>
        <line num="183" count="3" type="stmt"/>
        <line num="186" count="3" type="stmt"/>
        <line num="187" count="3" type="stmt"/>
        <line num="197" count="3" type="stmt"/>
        <line num="198" count="3" type="stmt"/>
        <line num="199" count="3" type="stmt"/>
        <line num="200" count="3" type="stmt"/>
        <line num="201" count="3" type="stmt"/>
        <line num="214" count="3" type="stmt"/>
        <line num="215" count="3" type="stmt"/>
        <line num="218" count="3" type="stmt"/>
        <line num="219" count="3" type="stmt"/>
        <line num="220" count="3" type="stmt"/>
        <line num="221" count="3" type="stmt"/>
        <line num="222" count="3" type="stmt"/>
        <line num="223" count="3" type="stmt"/>
        <line num="224" count="3" type="stmt"/>
        <line num="237" count="3" type="stmt"/>
        <line num="238" count="3" type="stmt"/>
        <line num="241" count="3" type="stmt"/>
        <line num="244" count="3" type="stmt"/>
        <line num="245" count="3" type="stmt"/>
        <line num="246" count="3" type="stmt"/>
        <line num="249" count="3" type="stmt"/>
        <line num="250" count="3" type="stmt"/>
        <line num="253" count="3" type="stmt"/>
        <line num="254" count="3" type="stmt"/>
        <line num="266" count="3" type="stmt"/>
        <line num="267" count="3" type="stmt"/>
        <line num="268" count="3" type="stmt"/>
        <line num="269" count="3" type="stmt"/>
        <line num="270" count="3" type="stmt"/>
        <line num="280" count="3" type="stmt"/>
        <line num="282" count="3" type="stmt"/>
        <line num="283" count="3" type="stmt"/>
        <line num="284" count="3" type="stmt"/>
        <line num="287" count="3" type="stmt"/>
        <line num="288" count="3" type="stmt"/>
        <line num="289" count="3" type="stmt"/>
        <line num="290" count="3" type="stmt"/>
        <line num="291" count="3" type="stmt"/>
        <line num="305" count="3" type="stmt"/>
        <line num="306" count="3" type="stmt"/>
        <line num="307" count="3" type="stmt"/>
        <line num="308" count="3" type="stmt"/>
        <line num="311" count="3" type="stmt"/>
        <line num="312" count="3" type="stmt"/>
        <line num="313" count="3" type="stmt"/>
        <line num="314" count="3" type="stmt"/>
        <line num="315" count="3" type="stmt"/>
        <line num="318" count="3" type="stmt"/>
        <line num="319" count="3" type="stmt"/>
        <line num="320" count="3" type="stmt"/>
        <line num="321" count="3" type="stmt"/>
        <line num="322" count="3" type="stmt"/>
        <line num="323" count="3" type="stmt"/>
        <line num="324" count="3" type="stmt"/>
        <line num="325" count="3" type="stmt"/>
        <line num="326" count="3" type="stmt"/>
        <line num="327" count="3" type="stmt"/>
        <line num="328" count="3" type="stmt"/>
        <line num="329" count="3" type="stmt"/>
        <line num="330" count="3" type="stmt"/>
        <line num="331" count="3" type="stmt"/>
        <line num="332" count="3" type="stmt"/>
        <line num="333" count="3" type="stmt"/>
        <line num="334" count="3" type="stmt"/>
        <line num="339" count="3" type="cond" truecount="3" falsecount="1"/>
        <line num="340" count="3" type="stmt"/>
        <line num="354" count="3" type="stmt"/>
        <line num="355" count="6" type="stmt"/>
        <line num="356" count="3" type="stmt"/>
        <line num="357" count="3" type="stmt"/>
        <line num="358" count="3" type="stmt"/>
        <line num="359" count="3" type="stmt"/>
        <line num="360" count="6" type="stmt"/>
        <line num="361" count="3" type="stmt"/>
        <line num="362" count="3" type="stmt"/>
        <line num="365" count="3" type="stmt"/>
        <line num="366" count="3" type="stmt"/>
        <line num="367" count="3" type="stmt"/>
        <line num="368" count="3" type="stmt"/>
        <line num="369" count="3" type="stmt"/>
        <line num="372" count="3" type="stmt"/>
        <line num="373" count="3" type="stmt"/>
        <line num="374" count="3" type="stmt"/>
        <line num="375" count="3" type="stmt"/>
        <line num="376" count="3" type="stmt"/>
        <line num="377" count="3" type="stmt"/>
        <line num="378" count="3" type="stmt"/>
        <line num="387" count="3" type="stmt"/>
        <line num="390" count="3" type="stmt"/>
        <line num="391" count="3" type="stmt"/>
        <line num="392" count="3" type="stmt"/>
        <line num="393" count="3" type="stmt"/>
        <line num="394" count="3" type="stmt"/>
        <line num="397" count="3" type="stmt"/>
        <line num="398" count="3" type="stmt"/>
        <line num="399" count="3" type="stmt"/>
        <line num="400" count="3" type="stmt"/>
        <line num="401" count="3" type="stmt"/>
        <line num="402" count="3" type="stmt"/>
        <line num="403" count="3" type="stmt"/>
        <line num="404" count="333" type="stmt"/>
        <line num="405" count="333" type="stmt"/>
        <line num="406" count="333" type="stmt"/>
        <line num="408" count="3" type="stmt"/>
        <line num="409" count="3" type="stmt"/>
        <line num="410" count="3" type="stmt"/>
        <line num="411" count="3" type="stmt"/>
        <line num="412" count="3" type="stmt"/>
        <line num="417" count="3" type="cond" truecount="6" falsecount="2"/>
        <line num="418" count="3" type="cond" truecount="3" falsecount="1"/>
        <line num="419" count="3" type="stmt"/>
        <line num="425" count="3" type="stmt"/>
        <line num="426" count="3" type="stmt"/>
        <line num="427" count="3" type="stmt"/>
        <line num="428" count="336" type="stmt"/>
        <line num="429" count="336" type="stmt"/>
        <line num="430" count="336" type="stmt"/>
        <line num="432" count="3" type="stmt"/>
        <line num="433" count="3" type="stmt"/>
        <line num="434" count="3" type="stmt"/>
        <line num="435" count="3" type="stmt"/>
        <line num="439" count="3" type="cond" truecount="1" falsecount="0"/>
        <line num="440" count="3" type="stmt"/>
        <line num="441" count="3" type="stmt"/>
        <line num="442" count="3" type="stmt"/>
        <line num="443" count="3" type="stmt"/>
        <line num="444" count="3" type="stmt"/>
        <line num="445" count="3" type="stmt"/>
        <line num="446" count="3" type="stmt"/>
        <line num="447" count="6" type="stmt"/>
        <line num="448" count="3" type="stmt"/>
        <line num="449" count="3" type="stmt"/>
        <line num="452" count="3" type="stmt"/>
        <line num="453" count="3" type="stmt"/>
        <line num="454" count="3" type="stmt"/>
        <line num="455" count="3" type="stmt"/>
        <line num="461" count="4" type="stmt"/>
        <line num="462" count="3" type="stmt"/>
        <line num="463" count="3" type="stmt"/>
        <line num="464" count="3" type="cond" truecount="1" falsecount="0"/>
        <line num="465" count="3" type="stmt"/>
        <line num="470" count="3" type="stmt"/>
        <line num="473" count="3" type="stmt"/>
        <line num="474" count="3" type="stmt"/>
        <line num="475" count="3" type="stmt"/>
        <line num="476" count="3" type="stmt"/>
        <line num="482" count="4" type="stmt"/>
        <line num="483" count="3" type="stmt"/>
        <line num="484" count="3" type="stmt"/>
        <line num="485" count="3" type="cond" truecount="1" falsecount="0"/>
        <line num="486" count="3" type="stmt"/>
        <line num="487" count="3" type="stmt"/>
        <line num="492" count="3" type="stmt"/>
        <line num="495" count="3" type="stmt"/>
        <line num="496" count="3" type="stmt"/>
        <line num="497" count="3" type="stmt"/>
        <line num="498" count="3" type="stmt"/>
        <line num="499" count="6" type="stmt"/>
        <line num="500" count="3" type="stmt"/>
        <line num="501" count="3" type="stmt"/>
        <line num="504" count="3" type="stmt"/>
        <line num="505" count="3" type="stmt"/>
        <line num="506" count="3" type="stmt"/>
        <line num="507" count="3" type="stmt"/>
        <line num="517" count="10" type="stmt"/>
        <line num="518" count="3" type="stmt"/>
        <line num="519" count="3" type="stmt"/>
        <line num="520" count="3" type="stmt"/>
        <line num="521" count="3" type="cond" truecount="1" falsecount="0"/>
        <line num="522" count="3" type="stmt"/>
        <line num="523" count="3" type="stmt"/>
        <line num="532" count="3" type="stmt"/>
        <line num="535" count="3" type="stmt"/>
        <line num="536" count="3" type="stmt"/>
        <line num="537" count="3" type="stmt"/>
        <line num="538" count="3" type="stmt"/>
        <line num="539" count="3" type="stmt"/>
        <line num="540" count="3" type="stmt"/>
        <line num="542" count="3" type="stmt"/>
        <line num="543" count="3" type="stmt"/>
        <line num="544" count="3" type="stmt"/>
        <line num="545" count="3" type="stmt"/>
        <line num="548" count="3" type="stmt"/>
        <line num="549" count="3" type="stmt"/>
        <line num="550" count="3" type="stmt"/>
        <line num="551" count="3" type="stmt"/>
        <line num="552" count="3" type="stmt"/>
        <line num="553" count="6" type="stmt"/>
        <line num="555" count="3" type="stmt"/>
        <line num="556" count="3" type="stmt"/>
        <line num="557" count="3" type="stmt"/>
        <line num="558" count="3" type="stmt"/>
        <line num="559" count="3" type="stmt"/>
        <line num="564" count="3" type="stmt"/>
        <line num="565" count="3" type="stmt"/>
        <line num="566" count="3" type="stmt"/>
        <line num="567" count="3" type="stmt"/>
        <line num="568" count="3" type="stmt"/>
        <line num="569" count="3" type="stmt"/>
        <line num="572" count="3" type="stmt"/>
        <line num="573" count="3" type="stmt"/>
        <line num="583" count="3" type="stmt"/>
        <line num="584" count="3" type="stmt"/>
        <line num="585" count="3" type="stmt"/>
        <line num="586" count="3" type="stmt"/>
        <line num="589" count="3" type="stmt"/>
        <line num="590" count="3" type="stmt"/>
        <line num="603" count="3" type="stmt"/>
        <line num="604" count="3" type="stmt"/>
        <line num="627" count="3" type="stmt"/>
        <line num="630" count="3" type="stmt"/>
        <line num="633" count="3" type="stmt"/>
        <line num="634" count="3" type="stmt"/>
        <line num="635" count="3" type="stmt"/>
        <line num="636" count="3" type="stmt"/>
        <line num="637" count="3" type="stmt"/>
        <line num="638" count="3" type="stmt"/>
        <line num="639" count="3" type="stmt"/>
        <line num="642" count="3" type="stmt"/>
        <line num="643" count="3" type="stmt"/>
        <line num="644" count="3" type="stmt"/>
        <line num="654" count="450" type="stmt"/>
        <line num="655" count="450" type="stmt"/>
        <line num="656" count="450" type="stmt"/>
        <line num="657" count="450" type="stmt"/>
        <line num="658" count="450" type="stmt"/>
        <line num="669" count="450" type="stmt"/>
        <line num="670" count="3" type="stmt"/>
        <line num="671" count="3" type="stmt"/>
        <line num="672" count="3" type="stmt"/>
        <line num="673" count="456" type="stmt"/>
        <line num="674" count="456" type="stmt"/>
        <line num="675" count="456" type="cond" truecount="2" falsecount="0"/>
        <line num="676" count="34428" type="stmt"/>
        <line num="677" count="456" type="stmt"/>
        <line num="678" count="38253" type="stmt"/>
        <line num="679" count="38253" type="stmt"/>
        <line num="680" count="38253" type="stmt"/>
        <line num="683" count="456" type="stmt"/>
        <line num="685" count="456" type="stmt"/>
        <line num="686" count="3" type="stmt"/>
        <line num="689" count="3" type="stmt"/>
        <line num="690" count="3" type="stmt"/>
        <line num="691" count="3" type="stmt"/>
        <line num="692" count="3" type="stmt"/>
        <line num="693" count="3" type="stmt"/>
        <line num="694" count="3" type="stmt"/>
        <line num="699" count="3" type="stmt"/>
        <line num="708" count="3" type="stmt"/>
        <line num="709" count="3" type="stmt"/>
        <line num="710" count="3" type="stmt"/>
        <line num="711" count="3" type="stmt"/>
        <line num="712" count="3" type="stmt"/>
        <line num="713" count="3" type="stmt"/>
        <line num="724" count="3" type="stmt"/>
        <line num="725" count="3" type="stmt"/>
        <line num="726" count="3" type="stmt"/>
        <line num="727" count="3" type="stmt"/>
        <line num="728" count="3" type="stmt"/>
        <line num="732" count="3" type="stmt"/>
        <line num="733" count="3" type="stmt"/>
        <line num="734" count="3" type="stmt"/>
        <line num="735" count="3" type="stmt"/>
        <line num="736" count="3" type="stmt"/>
        <line num="737" count="3" type="stmt"/>
        <line num="740" count="3" type="stmt"/>
        <line num="741" count="3" type="stmt"/>
        <line num="751" count="3" type="stmt"/>
        <line num="752" count="3" type="stmt"/>
        <line num="753" count="3" type="stmt"/>
        <line num="756" count="3" type="stmt"/>
        <line num="757" count="3" type="stmt"/>
        <line num="770" count="3" type="stmt"/>
        <line num="771" count="3" type="stmt"/>
        <line num="782" count="3" type="stmt"/>
        <line num="786" count="3" type="stmt"/>
        <line num="787" count="3" type="stmt"/>
        <line num="788" count="3" type="stmt"/>
        <line num="789" count="3" type="stmt"/>
        <line num="790" count="3" type="stmt"/>
        <line num="791" count="3" type="stmt"/>
        <line num="794" count="3" type="stmt"/>
        <line num="795" count="3" type="stmt"/>
        <line num="805" count="3" type="stmt"/>
        <line num="806" count="3" type="stmt"/>
        <line num="807" count="3" type="stmt"/>
        <line num="810" count="3" type="stmt"/>
        <line num="811" count="3" type="stmt"/>
        <line num="824" count="3" type="stmt"/>
        <line num="825" count="3" type="stmt"/>
        <line num="831" count="3" type="stmt"/>
      </file>
      <file name="presence.ts" path="/home/runner/work/reactive-rpc/reactive-rpc/src/__tests__/json-crdt-server/presence.ts">
        <metrics statements="58" coveredstatements="57" conditionals="2" coveredconditionals="2" methods="23" coveredmethods="22"/>
        <line num="1" count="2" type="stmt"/>
        <line num="5" count="4" type="stmt"/>
        <line num="7" count="2" type="cond" truecount="1" falsecount="0"/>
        <line num="8" count="1" type="stmt"/>
        <line num="10" count="1" type="stmt"/>
        <line num="11" count="1" type="cond" truecount="1" falsecount="0"/>
        <line num="12" count="1" type="stmt"/>
        <line num="13" count="1" type="stmt"/>
        <line num="14" count="1" type="stmt"/>
        <line num="15" count="1" type="stmt"/>
        <line num="16" count="1" type="stmt"/>
        <line num="17" count="1" type="stmt"/>
        <line num="19" count="1" type="stmt"/>
        <line num="26" count="1" type="stmt"/>
        <line num="27" count="1" type="stmt"/>
        <line num="40" count="1" type="stmt"/>
        <line num="43" count="1" type="stmt"/>
        <line num="44" count="1" type="stmt"/>
        <line num="45" count="1" type="stmt"/>
        <line num="46" count="1" type="stmt"/>
        <line num="47" count="1" type="stmt"/>
        <line num="48" count="1" type="stmt"/>
        <line num="50" count="1" type="stmt"/>
        <line num="57" count="2" type="stmt"/>
        <line num="58" count="1" type="stmt"/>
        <line num="59" count="1" type="stmt"/>
        <line num="60" count="1" type="stmt"/>
        <line num="62" count="5" type="stmt"/>
        <line num="63" count="1" type="stmt"/>
        <line num="76" count="1" type="stmt"/>
        <line num="77" count="1" type="stmt"/>
        <line num="80" count="1" type="stmt"/>
        <line num="81" count="1" type="stmt"/>
        <line num="82" count="1" type="stmt"/>
        <line num="83" count="1" type="stmt"/>
        <line num="84" count="1" type="stmt"/>
        <line num="85" count="2" type="stmt"/>
        <line num="87" count="1" type="stmt"/>
        <line num="94" count="1" type="stmt"/>
        <line num="95" count="1" type="stmt"/>
        <line num="96" count="1" type="stmt"/>
        <line num="97" count="1" type="stmt"/>
        <line num="98" count="1" type="stmt"/>
        <line num="99" count="0" type="stmt"/>
        <line num="101" count="1" type="stmt"/>
        <line num="102" count="1" type="stmt"/>
        <line num="103" count="1" type="stmt"/>
[...]
        <line num="43" count="11" type="cond" truecount="2" falsecount="0"/>
        <line num="44" count="11" type="stmt"/>
        <line num="47" count="13" type="cond" truecount="0" falsecount="1"/>
        <line num="48" count="13" type="cond" truecount="2" falsecount="0"/>
        <line num="49" count="13" type="stmt"/>
        <line num="52" count="0" type="stmt"/>
        <line num="56" count="51" type="stmt"/>
        <line num="58" count="0" type="cond" truecount="0" falsecount="1"/>
        <line num="59" count="0" type="stmt"/>
        <line num="76" count="8" type="stmt"/>
        <line num="77" count="8" type="stmt"/>
        <line num="78" count="8" type="stmt"/>
        <line num="79" count="8" type="cond" truecount="2" falsecount="0"/>
        <line num="81" count="6" type="stmt"/>
        <line num="82" count="6" type="stmt"/>
        <line num="84" count="8" type="stmt"/>
        <line num="88" count="21" type="stmt"/>
        <line num="89" count="21" type="stmt"/>
        <line num="90" count="21" type="stmt"/>
        <line num="91" count="21" type="cond" truecount="2" falsecount="0"/>
        <line num="92" count="7" type="stmt"/>
        <line num="102" count="4" type="stmt"/>
        <line num="103" count="4" type="cond" truecount="0" falsecount="1"/>
        <line num="104" count="4" type="stmt"/>
        <line num="105" count="4" type="stmt"/>
        <line num="106" count="4" type="cond" truecount="1" falsecount="0"/>
        <line num="107" count="4" type="cond" truecount="0" falsecount="1"/>
        <line num="108" count="4" type="stmt"/>
        <line num="109" count="4" type="stmt"/>
        <line num="110" count="4" type="cond" truecount="2" falsecount="0"/>
        <line num="111" count="4" type="cond" truecount="2" falsecount="0"/>
        <line num="112" count="4" type="stmt"/>
        <line num="113" count="4" type="stmt"/>
        <line num="114" count="4" type="cond" truecount="5" falsecount="0"/>
        <line num="116" count="4" type="stmt"/>
        <line num="117" count="4" type="stmt"/>
      </file>
      <file name="WsFrameEncoder.ts" path="/home/runner/work/reactive-rpc/reactive-rpc/src/server/ws/codec/WsFrameEncoder.ts">
        <metrics statements="72" coveredstatements="63" conditionals="27" coveredconditionals="23" methods="12" coveredmethods="11"/>
        <line num="1" count="2" type="stmt"/>
        <line num="3" count="2" type="stmt"/>
        <line num="6" count="2" type="stmt"/>
        <line num="7" count="2" type="stmt"/>
        <line num="9" count="2" type="stmt"/>
        <line num="10" count="25" type="cond" truecount="1" falsecount="0"/>
        <line num="13" count="9" type="stmt"/>
        <line num="14" count="9" type="stmt"/>
        <line num="18" count="15" type="stmt"/>
        <line num="19" count="15" type="stmt"/>
        <line num="23" count="3" type="stmt"/>
        <line num="24" count="3" type="stmt"/>
        <line num="28" count="33" type="stmt"/>
        <line num="29" count="33" type="stmt"/>
        <line num="33" count="0" type="stmt"/>
        <line num="34" count="0" type="stmt"/>
        <line num="38" count="9" type="stmt"/>
        <line num="39" count="9" type="cond" truecount="4" falsecount="0"/>
        <line num="40" count="7" type="stmt"/>
        <line num="41" count="7" type="stmt"/>
        <line num="43" count="2" type="stmt"/>
        <line num="48" count="15" type="stmt"/>
        <line num="49" count="15" type="cond" truecount="4" falsecount="0"/>
        <line num="50" count="14" type="stmt"/>
        <line num="51" count="14" type="stmt"/>
        <line num="53" count="1" type="stmt"/>
        <line num="58" count="3" type="cond" truecount="4" falsecount="0"/>
        <line num="59" count="2" type="stmt"/>
        <line num="60" count="2" type="stmt"/>
        <line num="61" count="2" type="stmt"/>
        <line num="62" count="2" type="stmt"/>
        <line num="67" count="2" type="stmt"/>
        <line num="68" count="2" type="stmt"/>
        <line num="69" count="2" type="stmt"/>
        <line num="70" count="2" type="cond" truecount="1" falsecount="0"/>
        <line num="71" count="2" type="stmt"/>
        <line num="72" count="2" type="cond" truecount="0" falsecount="1"/>
        <line num="73" count="0" type="cond" truecount="0" falsecount="1"/>
        <line num="74" count="0" type="stmt"/>
        <line num="78" count="1" type="stmt"/>
        <line num="83" count="64" type="stmt"/>
        <line num="84" count="64" type="cond" truecount="2" falsecount="0"/>
        <line num="85" count="64" type="stmt"/>
        <line num="86" count="64" type="cond" truecount="2" falsecount="0"/>
        <line num="87" count="53" type="stmt"/>
        <line num="88" count="53" type="stmt"/>
        <line num="89" count="11" type="cond" truecount="2" falsecount="0"/>
        <line num="90" count="7" type="stmt"/>
        <line num="91" count="7" type="stmt"/>
        <line num="93" count="4" type="stmt"/>
        <line num="94" count="4" type="stmt"/>
        <line num="95" count="4" type="stmt"/>
        <line num="96" count="4" type="stmt"/>
        <line num="98" count="64" type="cond" truecount="1" falsecount="0"/>
        <line num="102" count="1" type="stmt"/>
        <line num="103" count="1" type="cond" truecount="0" falsecount="1"/>
        <line num="104" count="0" type="stmt"/>
        <line num="105" count="0" type="stmt"/>
        <line num="107" count="1" type="cond" truecount="1" falsecount="0"/>
        <line num="108" count="1" type="stmt"/>
        <line num="109" count="1" type="stmt"/>
        <line num="111" count="0" type="stmt"/>
        <line num="112" count="0" type="stmt"/>
        <line num="113" count="0" type="stmt"/>
        <line num="117" count="5" type="stmt"/>
        <line num="118" count="5" type="stmt"/>
        <line num="119" count="5" type="stmt"/>
        <line num="120" count="5" type="stmt"/>
        <line num="121" count="5" type="stmt"/>
        <line num="122" count="5" type="stmt"/>
        <line num="123" count="17" type="stmt"/>
        <line num="124" count="5" type="stmt"/>
      </file>
      <file name="errors.ts" path="/home/runner/work/reactive-rpc/reactive-rpc/src/server/ws/codec/errors.ts">
        <metrics statements="4" coveredstatements="2" conditionals="0" coveredconditionals="0" methods="2" coveredmethods="0"/>
        <line num="1" count="3" type="stmt"/>
        <line num="3" count="0" type="stmt"/>
        <line num="7" count="3" type="stmt"/>
        <line num="9" count="0" type="stmt"/>
      </file>
      <file name="frames.ts" path="/home/runner/work/reactive-rpc/reactive-rpc/src/server/ws/codec/frames.ts">
        <metrics statements="15" coveredstatements="15" conditionals="0" coveredconditionals="0" methods="4" coveredmethods="4"/>
        <line num="1" count="3" type="stmt"/>
        <line num="3" count="80" type="stmt"/>
        <line num="4" count="80" type="stmt"/>
        <line num="5" count="80" type="stmt"/>
        <line num="6" count="80" type="stmt"/>
        <line num="10" count="3" type="stmt"/>
        <line num="16" count="11" type="stmt"/>
        <line num="18" count="11" type="stmt"/>
        <line num="22" count="3" type="stmt"/>
        <line num="28" count="13" type="stmt"/>
        <line num="30" count="13" type="stmt"/>
        <line num="34" count="3" type="stmt"/>
        <line num="40" count="5" type="stmt"/>
        <line num="41" count="5" type="stmt"/>
        <line num="43" count="5" type="stmt"/>
      </file>
      <file name="index.ts" path="/home/runner/work/reactive-rpc/reactive-rpc/src/server/ws/codec/index.ts">
        <metrics statements="4" coveredstatements="4" conditionals="0" coveredconditionals="0" methods="0" coveredmethods="0"/>
        <line num="1" count="1" type="stmt"/>
        <line num="2" count="1" type="stmt"/>
        <line num="3" count="1" type="stmt"/>
        <line num="4" count="1" type="stmt"/>
      </file>
    </package>
    <package name="server.ws.server">
      <metrics statements="136" coveredstatements="96" conditionals="28" coveredconditionals="18" methods="18" coveredmethods="8"/>
      <file name="WsServerConnection.ts" path="/home/runner/work/reactive-rpc/reactive-rpc/src/server/ws/server/WsServerConnection.ts">
        <metrics statements="136" coveredstatements="96" conditionals="28" coveredconditionals="18" methods="18" coveredmethods="8"/>
        <line num="1" count="1" type="stmt"/>
        <line num="3" count="1" type="stmt"/>
        <line num="4" count="1" type="stmt"/>
        <line num="5" count="1" type="stmt"/>
        <line num="10" count="1" type="stmt"/>
        <line num="11" count="13" type="stmt"/>
        <line num="12" count="13" type="stmt"/>
        <line num="13" count="13" type="stmt"/>
        <line num="15" count="13" type="stmt"/>
        <line num="16" count="4" type="stmt"/>
        <line num="19" count="13" type="stmt"/>
        <line num="20" count="13" type="stmt"/>
        <line num="21" count="13" type="stmt"/>
        <line num="22" count="6" type="stmt"/>
        <line num="23" count="6" type="stmt"/>
        <line num="24" count="6" type="cond" truecount="1" falsecount="0"/>
        <line num="25" count="1" type="stmt"/>
        <line num="26" count="1" type="stmt"/>
        <line num="28" count="5" type="stmt"/>
        <line num="29" count="5" type="cond" truecount="1" falsecount="0"/>
        <line num="30" count="1" type="stmt"/>
        <line num="31" count="1" type="stmt"/>
        <line num="32" count="1" type="stmt"/>
        <line num="33" count="1" type="stmt"/>
        <line num="36" count="13" type="stmt"/>
        <line num="37" count="13" type="stmt"/>
        <line num="38" count="13" type="stmt"/>
        <line num="39" count="13" type="stmt"/>
        <line num="40" count="13" type="stmt"/>
        <line num="43" count="13" type="stmt"/>
        <line num="44" count="13" type="stmt"/>
        <line num="46" count="13" type="stmt"/>
        <line num="47" count="13" type="stmt"/>
        <line num="48" count="13" type="stmt"/>
        <line num="49" count="13" type="stmt"/>
        <line num="50" count="45" type="stmt"/>
        <line num="51" count="45" type="stmt"/>
        <line num="52" count="45" type="stmt"/>
        <line num="53" count="79" type="cond" truecount="1" falsecount="0"/>
        <line num="54" count="30" type="stmt"/>
        <line num="55" count="30" type="cond" truecount="1" falsecount="0"/>
        <line num="56" count="1" type="stmt"/>
        <line num="57" count="1" type="stmt"/>
        <line num="59" count="29" type="cond" truecount="2" falsecount="0"/>
        <line num="60" count="16" type="stmt"/>
        <line num="61" count="16" type="stmt"/>
        <line num="62" count="16" type="cond" truecount="2" falsecount="0"/>
        <line num="63" count="9" type="stmt"/>
        <line num="64" count="9" type="stmt"/>
        <line num="65" count="9" type="stmt"/>
        <line num="66" count="9" type="cond" truecount="1" falsecount="0"/>
        <line num="67" count="9" type="stmt"/>
        <line num="69" count="7" type="stmt"/>
        <line num="70" count="7" type="stmt"/>
        <line num="71" count="7" type="stmt"/>
        <line num="73" count="13" type="stmt"/>
        <line num="75" count="65" type="stmt"/>
        <line num="76" count="65" type="cond" truecount="1" falsecount="0"/>
        <line num="77" count="34" type="cond" truecount="1" falsecount="0"/>
        <line num="78" count="7" type="stmt"/>
        <line num="79" count="7" type="stmt"/>
        <line num="81" count="27" type="cond" truecount="1" falsecount="0"/>
        <line num="82" count="9" type="stmt"/>
        <line num="83" count="9" type="stmt"/>
        <line num="85" count="18" type="cond" truecount="1" falsecount="0"/>
        <line num="86" count="1" type="stmt"/>
        <line num="87" count="1" type="stmt"/>
        <line num="88" count="1" type="stmt"/>
        <line num="90" count="17" type="cond" truecount="1" falsecount="0"/>
        <line num="91" count="17" type="cond" truecount="1" falsecount="0"/>
        <line num="92" count="6" type="cond" truecount="0" falsecount="1"/>
        <line num="93" count="0" type="stmt"/>
        <line num="94" count="0" type="stmt"/>
        <line num="96" count="6" type="stmt"/>
        <line num="98" count="17" type="cond" truecount="1" falsecount="0"/>
        <line num="99" count="6" type="stmt"/>
        <line num="100" count="6" type="stmt"/>
        <line num="101" count="6" type="stmt"/>
        <line num="103" count="11" type="stmt"/>
        <line num="104" count="11" type="stmt"/>
        <line num="108" count="0" type="stmt"/>
        <line num="111" count="13" type="stmt"/>
        <line num="112" count="0" type="cond" truecount="0" falsecount="1"/>
        <line num="113" count="0" type="cond" truecount="0" falsecount="2"/>
        <line num="115" count="13" type="stmt"/>
        <line num="116" count="13" type="stmt"/>
        <line num="117" count="13" type="stmt"/>
        <line num="120" count="0" type="stmt"/>
        <line num="121" count="0" type="stmt"/>
        <line num="126" count="0" type="stmt"/>
        <line num="127" count="0" type="stmt"/>
        <line num="128" count="0" type="stmt"/>
        <line num="129" count="0" type="stmt"/>
        <line num="130" count="0" type="stmt"/>
        <line num="134" count="3" type="stmt"/>
        <line num="135" count="3" type="cond" truecount="0" falsecount="1"/>
        <line num="136" count="0" type="stmt"/>
        <line num="137" count="0" type="stmt"/>
        <line num="139" count="3" type="stmt"/>
        <line num="140" count="3" type="stmt"/>
        <line num="141" count="3" type="cond" truecount="1" falsecount="0"/>
        <line num="142" count="3" type="stmt"/>
        <line num="148" count="0" type="stmt"/>
        <line num="149" count="0" type="stmt"/>
        <line num="151" count="0" type="stmt"/>
        <line num="164" count="13" type="stmt"/>
        <line num="165" count="13" type="stmt"/>
        <line num="168" count="4" type="cond" truecount="0" falsecount="1"/>
        <line num="169" count="4" type="stmt"/>
        <line num="170" count="4" type="cond" truecount="1" falsecount="0"/>
        <line num="171" count="2" type="stmt"/>
        <line num="172" count="0" type="stmt"/>
        <line num="173" count="0" type="stmt"/>
        <line num="174" count="0" type="stmt"/>
        <line num="175" count="0" type="cond" truecount="0" falsecount="1"/>
        <line num="176" count="0" type="stmt"/>
        <line num="177" count="0" type="cond" truecount="0" falsecount="1"/>
        <line num="179" count="0" type="stmt"/>
        <line num="180" count="0" type="stmt"/>
        <line num="181" count="0" type="stmt"/>
        <line num="188" count="0" type="stmt"/>
        <line num="189" count="0" type="stmt"/>
        <line num="193" count="4" type="stmt"/>
        <line num="194" count="4" type="stmt"/>
        <line num="198" count="0" type="stmt"/>
        <line num="199" count="0" type="stmt"/>
        <line num="200" count="0" type="stmt"/>
        <line num="201" count="0" type="stmt"/>
        <line num="205" count="0" type="stmt"/>
        <line num="206" count="0" type="stmt"/>
        <line num="207" count="0" type="stmt"/>
        <line num="208" count="0" type="stmt"/>
        <line num="209" count="0" type="stmt"/>
        <line num="210" count="0" type="stmt"/>
        <line num="211" count="0" type="stmt"/>
        <line num="212" count="0" type="stmt"/>
      </file>
    </package>
    <package name="util">
      <metrics statements="26" coveredstatements="26" conditionals="6" coveredconditionals="6" methods="9" coveredmethods="7"/>
      <file name="Defer.ts" path="/home/runner/work/reactive-rpc/reactive-rpc/src/util/Defer.ts">
        <metrics statements="4" coveredstatements="4" conditionals="0" coveredconditionals="0" methods="2" coveredmethods="2"/>
        <line num="13" count="4" type="stmt"/>
        <line num="16" count="26" type="stmt"/>
        <line num="17" count="26" type="stmt"/>
        <line num="18" count="26" type="stmt"/>
      </file>
      <file name="Mutex.ts" path="/home/runner/work/reactive-rpc/reactive-rpc/src/util/Mutex.ts">
        <metrics statements="22" coveredstatements="22" conditionals="6" coveredconditionals="6" methods="7" coveredmethods="5"/>
        <line num="1" count="6" type="stmt"/>
        <line num="5" count="1213" type="stmt"/>
        <line num="6" count="1213" type="stmt"/>
        <line num="10" count="6" type="stmt"/>
        <line num="11" count="47" type="stmt"/>
        <line num="13" count="1213" type="stmt"/>
        <line num="14" count="1213" type="stmt"/>
        <line num="15" count="1213" type="stmt"/>
        <line num="16" count="1213" type="cond" truecount="2" falsecount="0"/>
        <line num="18" count="1120" type="stmt"/>
        <line num="19" count="1120" type="stmt"/>
        <line num="21" count="1213" type="stmt"/>
        <line num="25" count="1213" type="stmt"/>
        <line num="26" count="1213" type="stmt"/>
        <line num="27" count="1208" type="stmt"/>
        <line num="29" count="5" type="stmt"/>
        <line num="31" count="1213" type="stmt"/>
        <line num="32" count="1213" type="stmt"/>
        <line num="33" count="1213" type="cond" truecount="1" falsecount="0"/>
        <line num="34" count="1213" type="cond" truecount="2" falsecount="0"/>
        <line num="36" count="93" type="stmt"/>
        <line num="37" count="93" type="cond" truecount="1" falsecount="0"/>
      </file>
    </package>
    <package name="util.rx">
      <metrics statements="30" coveredstatements="30" conditionals="5" coveredconditionals="5" methods="8" coveredmethods="8"/>
      <file name="BufferSubject.ts" path="/home/runner/work/reactive-rpc/reactive-rpc/src/util/rx/BufferSubject.ts">
        <metrics statements="22" coveredstatements="22" conditionals="4" coveredconditionals="4" methods="4" coveredmethods="4"/>
        <line num="1" count="26" type="stmt"/>
        <line num="2" count="26" type="stmt"/>
        <line num="4" count="26" type="stmt"/>
        <line num="5" count="197" type="stmt"/>
        <line num="6" count="197" type="stmt"/>
        <line num="8" count="197" type="stmt"/>
        <line num="9" count="197" type="stmt"/>
        <line num="14" count="484" type="stmt"/>
        <line num="16" count="484" type="stmt"/>
        <line num="17" count="484" type="stmt"/>
        <line num="18" count="484" type="cond" truecount="2" falsecount="0"/>
        <line num="19" count="151" type="stmt"/>
        <line num="22" count="484" type="stmt"/>
        <line num="23" count="484" type="stmt"/>
        <line num="27" count="217" type="cond" truecount="1" falsecount="0"/>
        <line num="28" count="207" type="cond" truecount="1" falsecount="0"/>
        <line num="29" count="4" type="stmt"/>
        <line num="30" count="4" type="stmt"/>
        <line num="32" count="203" type="stmt"/>
        <line num="34" count="213" type="stmt"/>
        <line num="38" count="143" type="stmt"/>
        <line num="39" count="143" type="stmt"/>
      </file>
      <file name="shareByKey.ts" path="/home/runner/work/reactive-rpc/reactive-rpc/src/util/rx/shareByKey.ts">
        <metrics statements="8" coveredstatements="8" conditionals="1" coveredconditionals="1" methods="4" coveredmethods="4"/>
        <line num="1" count="11" type="stmt"/>
        <line num="3" count="11" type="stmt"/>
        <line num="4" count="107" type="stmt"/>
        <line num="5" count="107" type="stmt"/>
        <line num="6" count="72" type="stmt"/>
        <line num="7" count="72" type="cond" truecount="1" falsecount="0"/>
        <line num="8" count="60" type="stmt"/>
        <line num="10" count="59" type="stmt"/>
      </file>
    </package>
  </project>
</coverage>
