{"/home/runner/work/reactive-rpc/reactive-rpc/src/__demos__/json-crdt-server/__tests__/setup.ts": {"path":"/home/runner/work/reactive-rpc/reactive-rpc/src/__demos__/json-crdt-server/__tests__/setup.ts","statementMap":{"0":{"start":{"line":1,"column":0},"end":{"line":1,"column":41}},"1":{"start":{"line":2,"column":0},"end":{"line":2,"column":70}},"2":{"start":{"line":3,"column":0},"end":{"line":3,"column":39}},"3":{"start":{"line":4,"column":0},"end":{"line":4,"column":69}},"4":{"start":{"line":5,"column":0},"end":{"line":5,"column":46}},"5":{"start":{"line":6,"column":0},"end":{"line":6,"column":43}},"6":{"start":{"line":7,"column":0},"end":{"line":7,"column":65}},"7":{"start":{"line":10,"column":21},"end":{"line":26,"column":2}},"8":{"start":{"line":10,"column":93},"end":{"line":26,"column":2}},"9":{"start":{"line":11,"column":19},"end":{"line":11,"column":40}},"10":{"start":{"line":12,"column":19},"end":{"line":12,"column":41}},"11":{"start":{"line":13,"column":19},"end":{"line":19,"column":4}},"12":{"start":{"line":20,"column":15},"end":{"line":20,"column":39}},"13":{"start":{"line":21,"column":16},"end":{"line":21,"column":41}},"14":{"start":{"line":22,"column":15},"end":{"line":24,"column":4}},"15":{"start":{"line":22,"column":41},"end":{"line":24,"column":4}},"16":{"start":{"line":23,"column":4},"end":{"line":23,"column":20}},"17":{"start":{"line":25,"column":2},"end":{"line":25,"column":29}},"18":{"start":{"line":10,"column":13},"end":{"line":10,"column":21}},"19":{"start":{"line":28,"column":27},"end":{"line":31,"column":2}},"20":{"start":{"line":28,"column":38},"end":{"line":31,"column":2}},"21":{"start":{"line":29,"column":16},"end":{"line":29,"column":33}},"22":{"start":{"line":30,"column":2},"end":{"line":30,"column":22}},"23":{"start":{"line":28,"column":13},"end":{"line":28,"column":27}},"24":{"start":{"line":33,"column":32},"end":{"line":40,"column":2}},"25":{"start":{"line":33,"column":43},"end":{"line":40,"column":2}},"26":{"start":{"line":34,"column":13},"end":{"line":37,"column":4}},"27":{"start":{"line":38,"column":16},"end":{"line":38,"column":39}},"28":{"start":{"line":39,"column":2},"end":{"line":39,"column":22}},"29":{"start":{"line":33,"column":13},"end":{"line":33,"column":32}},"30":{"start":{"line":42,"column":33},"end":{"line":47,"column":2}},"31":{"start":{"line":42,"column":44},"end":{"line":47,"column":2}},"32":{"start":{"line":43,"column":13},"end":{"line":43,"column":82}},"33":{"start":{"line":44,"column":2},"end":{"line":44,"column":18}},"34":{"start":{"line":45,"column":16},"end":{"line":45,"column":39}},"35":{"start":{"line":46,"column":2},"end":{"line":46,"column":46}},"36":{"start":{"line":46,"column":33},"end":{"line":46,"column":45}},"37":{"start":{"line":46,"column":34},"end":{"line":46,"column":45}},"38":{"start":{"line":42,"column":13},"end":{"line":42,"column":33}}},"fnMap":{"0":{"name":"(anonymous_0)","decl":{"start":{"line":10,"column":21},"end":{"line":10,"column":28}},"loc":{"start":{"line":10,"column":93},"end":{"line":26,"column":2}}},"1":{"name":"(anonymous_1)","decl":{"start":{"line":10,"column":93},"end":{"line":10,"column":null}},"loc":{"start":{"line":10,"column":89},"end":{"line":26,"column":1}}},"2":{"name":"(anonymous_2)","decl":{"start":{"line":22,"column":15},"end":{"line":22,"column":39}},"loc":{"start":{"line":22,"column":41},"end":{"line":24,"column":4}}},"3":{"name":"(anonymous_3)","decl":{"start":{"line":22,"column":41},"end":{"line":22,"column":null}},"loc":{"start":{"line":22,"column":41},"end":{"line":24,"column":3}}},"4":{"name":"(anonymous_4)","decl":{"start":{"line":28,"column":27},"end":{"line":28,"column":36}},"loc":{"start":{"line":28,"column":38},"end":{"line":31,"column":2}}},"5":{"name":"(anonymous_5)","decl":{"start":{"line":28,"column":38},"end":{"line":28,"column":null}},"loc":{"start":{"line":28,"column":38},"end":{"line":31,"column":1}}},"6":{"name":"(anonymous_6)","decl":{"start":{"line":33,"column":32},"end":{"line":33,"column":41}},"loc":{"start":{"line":33,"column":43},"end":{"line":40,"column":2}}},"7":{"name":"(anonymous_7)","decl":{"start":{"line":33,"column":43},"end":{"line":33,"column":null}},"loc":{"start":{"line":33,"column":43},"end":{"line":40,"column":1}}},"8":{"name":"(anonymous_8)","decl":{"start":{"line":42,"column":33},"end":{"line":42,"column":42}},"loc":{"start":{"line":42,"column":44},"end":{"line":47,"column":2}}},"9":{"name":"(anonymous_9)","decl":{"start":{"line":42,"column":44},"end":{"line":42,"column":null}},"loc":{"start":{"line":42,"column":44},"end":{"line":47,"column":1}}},"10":{"name":"(anonymous_10)","decl":{"start":{"line":46,"column":22},"end":{"line":46,"column":31}},"loc":{"start":{"line":46,"column":33},"end":{"line":46,"column":45}}},"11":{"name":"(anonymous_11)","decl":{"start":{"line":46,"column":33},"end":{"line":46,"column":34}},"loc":{"start":{"line":46,"column":33},"end":{"line":46,"column":45}}}},"branchMap":{"0":{"loc":{"start":{"line":10,"column":28},"end":{"line":10,"column":60}},"type":"default-arg","locations":[{"start":{"line":10,"column":43},"end":{"line":10,"column":60}}]},"1":{"loc":{"start":{"line":23,"column":10},"end":{"line":23,"column":19}},"type":"cond-expr","locations":[{"start":{"line":23,"column":15},"end":{"line":23,"column":19}},{"start":{"line":23,"column":10},"end":{"line":23,"column":19}}]},"2":{"loc":{"start":{"line":23,"column":10},"end":{"line":23,"column":19}},"type":"binary-expr","locations":[{"start":{"line":23,"column":10},"end":{"line":23,"column":19}},{"start":{"line":23,"column":10},"end":{"line":23,"column":19}}]}},"s":{"0":4,"1":4,"2":4,"3":4,"4":4,"5":4,"6":4,"7":4,"8":69,"9":69,"10":69,"11":69,"12":69,"13":69,"14":69,"15":69,"16":69,"17":69,"18":4,"19":4,"20":19,"21":19,"22":19,"23":4,"24":4,"25":19,"26":19,"27":19,"28":19,"29":4,"30":4,"31":19,"32":19,"33":19,"34":19,"35":19,"36":19,"37":19,"38":4},"f":{"0":69,"1":69,"2":69,"3":69,"4":19,"5":19,"6":19,"7":19,"8":19,"9":19,"10":19,"11":19},"b":{"0":[12],"1":[50,19],"2":[69,69]}}
,"/home/runner/work/reactive-rpc/reactive-rpc/src/__demos__/json-crdt-server/routes/index.ts": {"path":"/home/runner/work/reactive-rpc/reactive-rpc/src/__demos__/json-crdt-server/routes/index.ts","statementMap":{"0":{"start":{"line":1,"column":0},"end":{"line":1,"column":32}},"1":{"start":{"line":2,"column":0},"end":{"line":2,"column":52}},"2":{"start":{"line":3,"column":0},"end":{"line":3,"column":56}},"3":{"start":{"line":4,"column":0},"end":{"line":4,"column":79}},"4":{"start":{"line":5,"column":0},"end":{"line":5,"column":32}},"5":{"start":{"line":6,"column":0},"end":{"line":6,"column":69}},"6":{"start":{"line":7,"column":0},"end":{"line":7,"column":46}},"7":{"start":{"line":8,"column":0},"end":{"line":8,"column":65}},"8":{"start":{"line":9,"column":0},"end":{"line":9,"column":69}},"9":{"start":{"line":10,"column":0},"end":{"line":10,"column":43}},"10":{"start":{"line":14,"column":28},"end":{"line":23,"column":1}},"11":{"start":{"line":15,"column":17},"end":{"line":15,"column":43}},"12":{"start":{"line":16,"column":26},"end":{"line":21,"column":4}},"13":{"start":{"line":22,"column":2},"end":{"line":22,"column":30}},"14":{"start":{"line":14,"column":13},"end":{"line":14,"column":28}},"15":{"start":{"line":25,"column":28},"end":{"line":38,"column":1}},"16":{"start":{"line":26,"column":17},"end":{"line":26,"column":39}},"17":{"start":{"line":27,"column":17},"end":{"line":36,"column":4}},"18":{"start":{"line":30,"column":6},"end":{"line":30,"column":50}},"19":{"start":{"line":30,"column":37},"end":{"line":30,"column":50}},"20":{"start":{"line":31,"column":6},"end":{"line":31,"column":66}},"21":{"start":{"line":31,"column":37},"end":{"line":31,"column":66}},"22":{"start":{"line":33,"column":6},"end":{"line":33,"column":27}},"23":{"start":{"line":34,"column":6},"end":{"line":34,"column":39}},"24":{"start":{"line":37,"column":2},"end":{"line":37,"column":36}},"25":{"start":{"line":25,"column":13},"end":{"line":25,"column":28}},"26":{"start":{"line":40,"column":30},"end":{"line":50,"column":2}},"27":{"start":{"line":40,"column":41},"end":{"line":50,"column":2}},"28":{"start":{"line":41,"column":21},"end":{"line":41,"column":38}},"29":{"start":{"line":42,"column":2},"end":{"line":47,"column":3}},"30":{"start":{"line":43,"column":17},"end":{"line":43,"column":59}},"31":{"start":{"line":44,"column":15},"end":{"line":44,"column":82}},"32":{"start":{"line":45,"column":4},"end":{"line":45,"column":20}},"33":{"start":{"line":46,"column":4},"end":{"line":46,"column":36}},"34":{"start":{"line":48,"column":19},"end":{"line":48,"column":40}},"35":{"start":{"line":49,"column":2},"end":{"line":49,"column":18}},"36":{"start":{"line":40,"column":13},"end":{"line":40,"column":30}}},"fnMap":{"0":{"name":"(anonymous_0)","decl":{"start":{"line":14,"column":28},"end":{"line":14,"column":29}},"loc":{"start":{"line":14,"column":51},"end":{"line":23,"column":1}}},"1":{"name":"(anonymous_1)","decl":{"start":{"line":25,"column":28},"end":{"line":25,"column":29}},"loc":{"start":{"line":25,"column":68},"end":{"line":38,"column":1}}},"2":{"name":"(anonymous_2)","decl":{"start":{"line":29,"column":23},"end":{"line":29,"column":24}},"loc":{"start":{"line":29,"column":42},"end":{"line":35,"column":5}}},"3":{"name":"(anonymous_3)","decl":{"start":{"line":40,"column":30},"end":{"line":40,"column":39}},"loc":{"start":{"line":40,"column":41},"end":{"line":50,"column":2}}},"4":{"name":"(anonymous_4)","decl":{"start":{"line":40,"column":41},"end":{"line":40,"column":null}},"loc":{"start":{"line":40,"column":41},"end":{"line":50,"column":1}}}},"branchMap":{"0":{"loc":{"start":{"line":25,"column":29},"end":{"line":25,"column":64}},"type":"default-arg","locations":[{"start":{"line":25,"column":50},"end":{"line":25,"column":64}}]},"1":{"loc":{"start":{"line":30,"column":6},"end":{"line":30,"column":50}},"type":"if","locations":[{"start":{"line":30,"column":6},"end":{"line":30,"column":50}}]},"2":{"loc":{"start":{"line":31,"column":6},"end":{"line":31,"column":66}},"type":"if","locations":[{"start":{"line":31,"column":6},"end":{"line":31,"column":66}}]},"3":{"loc":{"start":{"line":42,"column":2},"end":{"line":47,"column":3}},"type":"if","locations":[{"start":{"line":42,"column":2},"end":{"line":47,"column":3}}]},"4":{"loc":{"start":{"line":43,"column":17},"end":{"line":43,"column":59}},"type":"binary-expr","locations":[{"start":{"line":43,"column":17},"end":{"line":43,"column":49}},{"start":{"line":43,"column":53},"end":{"line":43,"column":59}}]}},"s":{"0":16,"1":16,"2":16,"3":16,"4":16,"5":16,"6":16,"7":16,"8":16,"9":16,"10":16,"11":180,"12":180,"13":180,"14":16,"15":16,"16":180,"17":180,"18":30,"19":0,"20":30,"21":29,"22":1,"23":1,"24":180,"25":16,"26":16,"27":0,"28":0,"29":0,"30":0,"31":0,"32":0,"33":0,"34":0,"35":0,"36":16},"f":{"0":180,"1":180,"2":30,"3":0,"4":0},"b":{"0":[111],"1":[0],"2":[29],"3":[0],"4":[0,0]}}
,"/home/runner/work/reactive-rpc/reactive-rpc/src/__demos__/json-crdt-server/routes/routes.ts": {"path":"/home/runner/work/reactive-rpc/reactive-rpc/src/__demos__/json-crdt-server/routes/routes.ts","statementMap":{"0":{"start":{"line":1,"column":0},"end":{"line":1,"column":28}},"1":{"start":{"line":2,"column":0},"end":{"line":2,"column":32}},"2":{"start":{"line":3,"column":0},"end":{"line":3,"column":36}},"3":{"start":{"line":4,"column":0},"end":{"line":4,"column":30}},"4":{"start":{"line":10,"column":22},"end":{"line":16,"column":11}},"5":{"start":{"line":10,"column":40},"end":{"line":16,"column":11}},"6":{"start":{"line":11,"column":4},"end":{"line":16,"column":10}},"7":{"start":{"line":10,"column":13},"end":{"line":10,"column":22}}},"fnMap":{"0":{"name":"(anonymous_0)","decl":{"start":{"line":10,"column":22},"end":{"line":10,"column":23}},"loc":{"start":{"line":10,"column":40},"end":{"line":16,"column":11}}},"1":{"name":"(anonymous_1)","decl":{"start":{"line":10,"column":40},"end":{"line":10,"column":68}},"loc":{"start":{"line":11,"column":4},"end":{"line":16,"column":10}}}},"branchMap":{},"s":{"0":16,"1":16,"2":16,"3":16,"4":16,"5":180,"6":180,"7":16},"f":{"0":180,"1":180},"b":{}}
,"/home/runner/work/reactive-rpc/reactive-rpc/src/__demos__/json-crdt-server/routes/system.ts": {"path":"/home/runner/work/reactive-rpc/reactive-rpc/src/__demos__/json-crdt-server/routes/system.ts","statementMap":{"0":{"start":{"line":1,"column":0},"end":{"line":1,"column":50}},"1":{"start":{"line":3,"column":13},"end":{"line":3,"column":39}},"2":{"start":{"line":4,"column":13},"end":{"line":4,"column":26}}},"fnMap":{},"branchMap":{},"s":{"0":16,"1":16,"2":16},"f":{},"b":{}}
,"/home/runner/work/reactive-rpc/reactive-rpc/src/__demos__/json-crdt-server/routes/block/index.ts": {"path":"/home/runner/work/reactive-rpc/reactive-rpc/src/__demos__/json-crdt-server/routes/block/index.ts","statementMap":{"0":{"start":{"line":1,"column":0},"end":{"line":1,"column":35}},"1":{"start":{"line":2,"column":0},"end":{"line":2,"column":34}},"2":{"start":{"line":3,"column":0},"end":{"line":3,"column":36}},"3":{"start":{"line":4,"column":0},"end":{"line":4,"column":34}},"4":{"start":{"line":5,"column":0},"end":{"line":5,"column":34}},"5":{"start":{"line":6,"column":0},"end":{"line":6,"column":36}},"6":{"start":{"line":7,"column":0},"end":{"line":7,"column":40}},"7":{"start":{"line":8,"column":0},"end":{"line":8,"column":null}},"8":{"start":{"line":25,"column":0},"end":{"line":25,"column":36}},"9":{"start":{"line":28,"column":2},"end":{"line":62,"column":3}},"10":{"start":{"line":29,"column":2},"end":{"line":62,"column":3}},"11":{"start":{"line":30,"column":21},"end":{"line":30,"column":22}},"12":{"start":{"line":32,"column":4},"end":{"line":32,"column":37}},"13":{"start":{"line":33,"column":4},"end":{"line":33,"column":39}},"14":{"start":{"line":34,"column":4},"end":{"line":34,"column":49}},"15":{"start":{"line":36,"column":4},"end":{"line":36,"column":33}},"16":{"start":{"line":38,"column":4},"end":{"line":38,"column":61}},"17":{"start":{"line":39,"column":4},"end":{"line":39,"column":49}},"18":{"start":{"line":40,"column":4},"end":{"line":40,"column":71}},"19":{"start":{"line":42,"column":4},"end":{"line":42,"column":43}},"20":{"start":{"line":43,"column":4},"end":{"line":43,"column":57}},"21":{"start":{"line":44,"column":4},"end":{"line":44,"column":69}},"22":{"start":{"line":45,"column":4},"end":{"line":45,"column":43}},"23":{"start":{"line":46,"column":4},"end":{"line":46,"column":57}},"24":{"start":{"line":47,"column":4},"end":{"line":47,"column":69}},"25":{"start":{"line":49,"column":4},"end":{"line":49,"column":43}},"26":{"start":{"line":52,"column":4},"end":{"line":61,"column":19}},"27":{"start":{"line":27,"column":13},"end":{"line":27,"column":null}}},"fnMap":{"0":{"name":"(anonymous_0)","decl":{"start":{"line":28,"column":2},"end":{"line":28,"column":3}},"loc":{"start":{"line":29,"column":2},"end":{"line":62,"column":3}}},"1":{"name":"(anonymous_1)","decl":{"start":{"line":29,"column":2},"end":{"line":29,"column":25}},"loc":{"start":{"line":29,"column":41},"end":{"line":62,"column":3}}}},"branchMap":{},"s":{"0":16,"1":16,"2":16,"3":16,"4":16,"5":16,"6":16,"7":16,"8":16,"9":16,"10":180,"11":180,"12":180,"13":180,"14":180,"15":180,"16":180,"17":180,"18":180,"19":180,"20":180,"21":180,"22":180,"23":180,"24":180,"25":180,"26":180,"27":16},"f":{"0":180,"1":180},"b":{}}
,"/home/runner/work/reactive-rpc/reactive-rpc/src/__demos__/json-crdt-server/routes/block/schema.ts": {"path":"/home/runner/work/reactive-rpc/reactive-rpc/src/__demos__/json-crdt-server/routes/block/schema.ts","statementMap":{"0":{"start":{"line":1,"column":0},"end":{"line":1,"column":28}},"1":{"start":{"line":4,"column":13},"end":{"line":8,"column":3}},"2":{"start":{"line":9,"column":13},"end":{"line":9,"column":59}},"3":{"start":{"line":11,"column":13},"end":{"line":15,"column":3}},"4":{"start":{"line":16,"column":13},"end":{"line":16,"column":62}},"5":{"start":{"line":18,"column":13},"end":{"line":22,"column":3}},"6":{"start":{"line":23,"column":13},"end":{"line":23,"column":77}},"7":{"start":{"line":28,"column":13},"end":{"line":33,"column":2}},"8":{"start":{"line":34,"column":13},"end":{"line":34,"column":89}},"9":{"start":{"line":37,"column":13},"end":{"line":46,"column":2}},"10":{"start":{"line":47,"column":13},"end":{"line":47,"column":107}},"11":{"start":{"line":49,"column":13},"end":{"line":49,"column":76}},"12":{"start":{"line":50,"column":13},"end":{"line":50,"column":68}},"13":{"start":{"line":55,"column":13},"end":{"line":62,"column":2}},"14":{"start":{"line":63,"column":13},"end":{"line":63,"column":89}},"15":{"start":{"line":66,"column":13},"end":{"line":77,"column":2}},"16":{"start":{"line":78,"column":13},"end":{"line":78,"column":107}},"17":{"start":{"line":80,"column":13},"end":{"line":80,"column":76}},"18":{"start":{"line":81,"column":13},"end":{"line":81,"column":68}},"19":{"start":{"line":85,"column":13},"end":{"line":103,"column":5}},"20":{"start":{"line":104,"column":13},"end":{"line":104,"column":95}},"21":{"start":{"line":107,"column":13},"end":{"line":115,"column":3}},"22":{"start":{"line":116,"column":13},"end":{"line":116,"column":77}},"23":{"start":{"line":118,"column":13},"end":{"line":118,"column":67}},"24":{"start":{"line":119,"column":13},"end":{"line":119,"column":110}},"25":{"start":{"line":124,"column":13},"end":{"line":128,"column":2}},"26":{"start":{"line":129,"column":13},"end":{"line":129,"column":62}},"27":{"start":{"line":132,"column":13},"end":{"line":135,"column":3}},"28":{"start":{"line":136,"column":13},"end":{"line":136,"column":53}},"29":{"start":{"line":140,"column":13},"end":{"line":142,"column":38}},"30":{"start":{"line":144,"column":13},"end":{"line":146,"column":36}},"31":{"start":{"line":148,"column":13},"end":{"line":160,"column":36}},"32":{"start":{"line":162,"column":13},"end":{"line":165,"column":3}},"33":{"start":{"line":166,"column":13},"end":{"line":166,"column":68}}},"fnMap":{},"branchMap":{},"s":{"0":16,"1":16,"2":16,"3":16,"4":16,"5":16,"6":16,"7":16,"8":16,"9":16,"10":16,"11":16,"12":16,"13":16,"14":16,"15":16,"16":16,"17":16,"18":16,"19":16,"20":16,"21":16,"22":16,"23":16,"24":16,"25":16,"26":16,"27":16,"28":16,"29":16,"30":16,"31":16,"32":16,"33":16},"f":{},"b":{}}
,"/home/runner/work/reactive-rpc/reactive-rpc/src/__demos__/json-crdt-server/routes/block/methods/del.ts": {"path":"/home/runner/work/reactive-rpc/reactive-rpc/src/__demos__/json-crdt-server/routes/block/methods/del.ts","statementMap":{"0":{"start":{"line":5,"column":2},"end":{"line":34,"column":3}},"1":{"start":{"line":6,"column":2},"end":{"line":34,"column":3}},"2":{"start":{"line":7,"column":20},"end":{"line":11,"column":null}},"3":{"start":{"line":14,"column":21},"end":{"line":19,"column":null}},"4":{"start":{"line":22,"column":17},"end":{"line":26,"column":6}},"5":{"start":{"line":28,"column":4},"end":{"line":33,"column":7}},"6":{"start":{"line":28,"column":52},"end":{"line":33,"column":6}},"7":{"start":{"line":29,"column":22},"end":{"line":29,"column":54}},"8":{"start":{"line":30,"column":6},"end":{"line":32,"column":8}},"9":{"start":{"line":4,"column":13},"end":{"line":4,"column":null}}},"fnMap":{"0":{"name":"(anonymous_0)","decl":{"start":{"line":5,"column":2},"end":{"line":5,"column":3}},"loc":{"start":{"line":6,"column":2},"end":{"line":34,"column":3}}},"1":{"name":"(anonymous_1)","decl":{"start":{"line":6,"column":2},"end":{"line":6,"column":25}},"loc":{"start":{"line":6,"column":41},"end":{"line":34,"column":3}}},"2":{"name":"(anonymous_2)","decl":{"start":{"line":28,"column":37},"end":{"line":28,"column":44}},"loc":{"start":{"line":28,"column":52},"end":{"line":33,"column":6}}},"3":{"name":"(anonymous_3)","decl":{"start":{"line":28,"column":52},"end":{"line":28,"column":null}},"loc":{"start":{"line":28,"column":48},"end":{"line":33,"column":5}}}},"branchMap":{},"s":{"0":16,"1":180,"2":180,"3":180,"4":180,"5":180,"6":18,"7":18,"8":18,"9":16},"f":{"0":180,"1":180,"2":18,"3":18},"b":{}}
,"/home/runner/work/reactive-rpc/reactive-rpc/src/__demos__/json-crdt-server/routes/block/methods/get.ts": {"path":"/home/runner/work/reactive-rpc/reactive-rpc/src/__demos__/json-crdt-server/routes/block/methods/get.ts","statementMap":{"0":{"start":{"line":2,"column":0},"end":{"line":2,"column":47}},"1":{"start":{"line":6,"column":2},"end":{"line":30,"column":3}},"2":{"start":{"line":7,"column":2},"end":{"line":30,"column":3}},"3":{"start":{"line":8,"column":20},"end":{"line":12,"column":null}},"4":{"start":{"line":16,"column":21},"end":{"line":17,"column":null}},"5":{"start":{"line":20,"column":17},"end":{"line":23,"column":6}},"6":{"start":{"line":25,"column":4},"end":{"line":29,"column":7}},"7":{"start":{"line":25,"column":52},"end":{"line":29,"column":6}},"8":{"start":{"line":26,"column":22},"end":{"line":26,"column":51}},"9":{"start":{"line":27,"column":53},"end":{"line":27,"column":60}},"10":{"start":{"line":28,"column":6},"end":{"line":28,"column":22}},"11":{"start":{"line":5,"column":13},"end":{"line":5,"column":null}}},"fnMap":{"0":{"name":"(anonymous_0)","decl":{"start":{"line":6,"column":2},"end":{"line":6,"column":3}},"loc":{"start":{"line":7,"column":2},"end":{"line":30,"column":3}}},"1":{"name":"(anonymous_1)","decl":{"start":{"line":7,"column":2},"end":{"line":7,"column":25}},"loc":{"start":{"line":7,"column":41},"end":{"line":30,"column":3}}},"2":{"name":"(anonymous_2)","decl":{"start":{"line":25,"column":37},"end":{"line":25,"column":44}},"loc":{"start":{"line":25,"column":52},"end":{"line":29,"column":6}}},"3":{"name":"(anonymous_3)","decl":{"start":{"line":25,"column":52},"end":{"line":25,"column":null}},"loc":{"start":{"line":25,"column":48},"end":{"line":29,"column":5}}}},"branchMap":{},"s":{"0":16,"1":16,"2":180,"3":180,"4":180,"5":180,"6":180,"7":477,"8":477,"9":451,"10":451,"11":16},"f":{"0":180,"1":180,"2":477,"3":477},"b":{}}
,"/home/runner/work/reactive-rpc/reactive-rpc/src/__demos__/json-crdt-server/routes/block/methods/listen.ts": {"path":"/home/runner/work/reactive-rpc/reactive-rpc/src/__demos__/json-crdt-server/routes/block/methods/listen.ts","statementMap":{"0":{"start":{"line":1,"column":0},"end":{"line":1,"column":36}},"1":{"start":{"line":2,"column":0},"end":{"line":2,"column":52}},"2":{"start":{"line":6,"column":2},"end":{"line":35,"column":3}},"3":{"start":{"line":7,"column":2},"end":{"line":35,"column":3}},"4":{"start":{"line":8,"column":20},"end":{"line":12,"column":null}},"5":{"start":{"line":15,"column":21},"end":{"line":15,"column":61}},"6":{"start":{"line":17,"column":17},"end":{"line":20,"column":6}},"7":{"start":{"line":22,"column":4},"end":{"line":34,"column":7}},"8":{"start":{"line":23,"column":23},"end":{"line":31,"column":null}},"9":{"start":{"line":25,"column":10},"end":{"line":25,"column":44}},"10":{"start":{"line":28,"column":10},"end":{"line":30,"column":12}},"11":{"start":{"line":33,"column":6},"end":{"line":33,"column":22}},"12":{"start":{"line":5,"column":13},"end":{"line":5,"column":null}}},"fnMap":{"0":{"name":"(anonymous_0)","decl":{"start":{"line":6,"column":2},"end":{"line":6,"column":3}},"loc":{"start":{"line":7,"column":2},"end":{"line":35,"column":3}}},"1":{"name":"(anonymous_1)","decl":{"start":{"line":7,"column":2},"end":{"line":7,"column":25}},"loc":{"start":{"line":7,"column":41},"end":{"line":35,"column":3}}},"2":{"name":"(anonymous_2)","decl":{"start":{"line":22,"column":40},"end":{"line":22,"column":41}},"loc":{"start":{"line":22,"column":49},"end":{"line":34,"column":5}}},"3":{"name":"(anonymous_3)","decl":{"start":{"line":24,"column":18},"end":{"line":24,"column":19}},"loc":{"start":{"line":24,"column":27},"end":{"line":26,"column":9}}},"4":{"name":"(anonymous_4)","decl":{"start":{"line":27,"column":12},"end":{"line":27,"column":13}},"loc":{"start":{"line":27,"column":22},"end":{"line":31,"column":9}}}},"branchMap":{},"s":{"0":16,"1":16,"2":16,"3":180,"4":180,"5":180,"6":180,"7":180,"8":77,"9":77,"10":113,"11":77,"12":16},"f":{"0":180,"1":180,"2":77,"3":77,"4":113},"b":{}}
,"/home/runner/work/reactive-rpc/reactive-rpc/src/__demos__/json-crdt-server/routes/block/methods/new.ts": {"path":"/home/runner/work/reactive-rpc/reactive-rpc/src/__demos__/json-crdt-server/routes/block/methods/new.ts","statementMap":{"0":{"start":{"line":1,"column":0},"end":{"line":1,"column":83}},"1":{"start":{"line":5,"column":2},"end":{"line":46,"column":3}},"2":{"start":{"line":6,"column":2},"end":{"line":46,"column":3}},"3":{"start":{"line":7,"column":20},"end":{"line":16,"column":null}},"4":{"start":{"line":20,"column":21},"end":{"line":26,"column":6}},"5":{"start":{"line":28,"column":17},"end":{"line":33,"column":6}},"6":{"start":{"line":35,"column":4},"end":{"line":45,"column":7}},"7":{"start":{"line":35,"column":59},"end":{"line":45,"column":6}},"8":{"start":{"line":36,"column":22},"end":{"line":36,"column":61}},"9":{"start":{"line":37,"column":23},"end":{"line":37,"column":37}},"10":{"start":{"line":38,"column":6},"end":{"line":44,"column":8}},"11":{"start":{"line":4,"column":13},"end":{"line":4,"column":null}}},"fnMap":{"0":{"name":"(anonymous_0)","decl":{"start":{"line":5,"column":2},"end":{"line":5,"column":3}},"loc":{"start":{"line":6,"column":2},"end":{"line":46,"column":3}}},"1":{"name":"(anonymous_1)","decl":{"start":{"line":6,"column":2},"end":{"line":6,"column":25}},"loc":{"start":{"line":6,"column":41},"end":{"line":46,"column":3}}},"2":{"name":"(anonymous_2)","decl":{"start":{"line":35,"column":37},"end":{"line":35,"column":44}},"loc":{"start":{"line":35,"column":59},"end":{"line":45,"column":6}}},"3":{"name":"(anonymous_3)","decl":{"start":{"line":35,"column":59},"end":{"line":35,"column":null}},"loc":{"start":{"line":35,"column":55},"end":{"line":45,"column":5}}}},"branchMap":{},"s":{"0":16,"1":16,"2":180,"3":180,"4":180,"5":180,"6":180,"7":90,"8":90,"9":89,"10":89,"11":16},"f":{"0":180,"1":180,"2":90,"3":90},"b":{}}
,"/home/runner/work/reactive-rpc/reactive-rpc/src/__demos__/json-crdt-server/routes/block/methods/pull.ts": {"path":"/home/runner/work/reactive-rpc/reactive-rpc/src/__demos__/json-crdt-server/routes/block/methods/pull.ts","statementMap":{"0":{"start":{"line":1,"column":0},"end":{"line":1,"column":83}},"1":{"start":{"line":5,"column":2},"end":{"line":51,"column":3}},"2":{"start":{"line":6,"column":2},"end":{"line":51,"column":3}},"3":{"start":{"line":8,"column":20},"end":{"line":26,"column":null}},"4":{"start":{"line":30,"column":21},"end":{"line":39,"column":null}},"5":{"start":{"line":42,"column":17},"end":{"line":46,"column":6}},"6":{"start":{"line":48,"column":4},"end":{"line":50,"column":7}},"7":{"start":{"line":48,"column":66},"end":{"line":50,"column":6}},"8":{"start":{"line":49,"column":6},"end":{"line":49,"column":59}},"9":{"start":{"line":4,"column":13},"end":{"line":4,"column":null}}},"fnMap":{"0":{"name":"(anonymous_0)","decl":{"start":{"line":5,"column":2},"end":{"line":5,"column":3}},"loc":{"start":{"line":6,"column":2},"end":{"line":51,"column":3}}},"1":{"name":"(anonymous_1)","decl":{"start":{"line":6,"column":2},"end":{"line":6,"column":25}},"loc":{"start":{"line":6,"column":41},"end":{"line":51,"column":3}}},"2":{"name":"(anonymous_2)","decl":{"start":{"line":48,"column":38},"end":{"line":48,"column":45}},"loc":{"start":{"line":48,"column":66},"end":{"line":50,"column":6}}},"3":{"name":"(anonymous_3)","decl":{"start":{"line":48,"column":66},"end":{"line":48,"column":null}},"loc":{"start":{"line":48,"column":62},"end":{"line":50,"column":5}}}},"branchMap":{},"s":{"0":16,"1":16,"2":180,"3":180,"4":180,"5":180,"6":180,"7":517,"8":517,"9":16},"f":{"0":180,"1":180,"2":517,"3":517},"b":{}}
,"/home/runner/work/reactive-rpc/reactive-rpc/src/__demos__/json-crdt-server/routes/block/methods/scan.ts": {"path":"/home/runner/work/reactive-rpc/reactive-rpc/src/__demos__/json-crdt-server/routes/block/methods/scan.ts","statementMap":{"0":{"start":{"line":1,"column":0},"end":{"line":1,"column":83}},"1":{"start":{"line":5,"column":2},"end":{"line":58,"column":3}},"2":{"start":{"line":6,"column":2},"end":{"line":58,"column":3}},"3":{"start":{"line":7,"column":20},"end":{"line":35,"column":null}},"4":{"start":{"line":38,"column":21},"end":{"line":46,"column":null}},"5":{"start":{"line":49,"column":17},"end":{"line":53,"column":6}},"6":{"start":{"line":55,"column":4},"end":{"line":57,"column":7}},"7":{"start":{"line":55,"column":80},"end":{"line":57,"column":6}},"8":{"start":{"line":56,"column":6},"end":{"line":56,"column":68}},"9":{"start":{"line":4,"column":13},"end":{"line":4,"column":null}}},"fnMap":{"0":{"name":"(anonymous_0)","decl":{"start":{"line":5,"column":2},"end":{"line":5,"column":3}},"loc":{"start":{"line":6,"column":2},"end":{"line":58,"column":3}}},"1":{"name":"(anonymous_1)","decl":{"start":{"line":6,"column":2},"end":{"line":6,"column":25}},"loc":{"start":{"line":6,"column":41},"end":{"line":58,"column":3}}},"2":{"name":"(anonymous_2)","decl":{"start":{"line":55,"column":38},"end":{"line":55,"column":45}},"loc":{"start":{"line":55,"column":80},"end":{"line":57,"column":6}}},"3":{"name":"(anonymous_3)","decl":{"start":{"line":55,"column":80},"end":{"line":55,"column":null}},"loc":{"start":{"line":55,"column":76},"end":{"line":57,"column":5}}}},"branchMap":{"0":{"loc":{"start":{"line":55,"column":55},"end":{"line":55,"column":65}},"type":"default-arg","locations":[{"start":{"line":55,"column":63},"end":{"line":55,"column":65}}]}},"s":{"0":16,"1":16,"2":180,"3":180,"4":180,"5":180,"6":180,"7":9,"8":9,"9":16},"f":{"0":180,"1":180,"2":9,"3":9},"b":{"0":[0]}}
,"/home/runner/work/reactive-rpc/reactive-rpc/src/__demos__/json-crdt-server/routes/block/methods/upd.ts": {"path":"/home/runner/work/reactive-rpc/reactive-rpc/src/__demos__/json-crdt-server/routes/block/methods/upd.ts","statementMap":{"0":{"start":{"line":2,"column":0},"end":{"line":2,"column":null}},"1":{"start":{"line":13,"column":2},"end":{"line":95,"column":3}},"2":{"start":{"line":14,"column":2},"end":{"line":95,"column":3}},"3":{"start":{"line":15,"column":20},"end":{"line":32,"column":null}},"4":{"start":{"line":35,"column":21},"end":{"line":53,"column":null}},"5":{"start":{"line":56,"column":17},"end":{"line":60,"column":6}},"6":{"start":{"line":62,"column":4},"end":{"line":94,"column":7}},"7":{"start":{"line":62,"column":72},"end":{"line":94,"column":6}},"8":{"start":{"line":63,"column":21},"end":{"line":63,"column":36}},"9":{"start":{"line":64,"column":18},"end":{"line":64,"column":56}},"10":{"start":{"line":65,"column":53},"end":{"line":70,"column":8}},"11":{"start":{"line":73,"column":6},"end":{"line":91,"column":7}},"12":{"start":{"line":74,"column":21},"end":{"line":74,"column":40}},"13":{"start":{"line":75,"column":8},"end":{"line":90,"column":9}},"14":{"start":{"line":76,"column":10},"end":{"line":76,"column":31}},"15":{"start":{"line":78,"column":32},"end":{"line":78,"column":42}},"16":{"start":{"line":80,"column":10},"end":{"line":88,"column":11}},"17":{"start":{"line":81,"column":12},"end":{"line":81,"column":38}},"18":{"start":{"line":82,"column":12},"end":{"line":82,"column":36}},"19":{"start":{"line":83,"column":12},"end":{"line":83,"column":34}},"20":{"start":{"line":85,"column":12},"end":{"line":85,"column":26}},"21":{"start":{"line":86,"column":12},"end":{"line":86,"column":36}},"22":{"start":{"line":87,"column":12},"end":{"line":87,"column":34}},"23":{"start":{"line":89,"column":10},"end":{"line":89,"column":76}},"24":{"start":{"line":92,"column":6},"end":{"line":92,"column":37}},"25":{"start":{"line":92,"column":16},"end":{"line":92,"column":37}},"26":{"start":{"line":93,"column":6},"end":{"line":93,"column":22}},"27":{"start":{"line":12,"column":13},"end":{"line":12,"column":null}}},"fnMap":{"0":{"name":"(anonymous_0)","decl":{"start":{"line":13,"column":2},"end":{"line":13,"column":3}},"loc":{"start":{"line":14,"column":2},"end":{"line":95,"column":3}}},"1":{"name":"(anonymous_1)","decl":{"start":{"line":14,"column":2},"end":{"line":14,"column":25}},"loc":{"start":{"line":14,"column":41},"end":{"line":95,"column":3}}},"2":{"name":"(anonymous_2)","decl":{"start":{"line":62,"column":37},"end":{"line":62,"column":44}},"loc":{"start":{"line":62,"column":72},"end":{"line":94,"column":6}}},"3":{"name":"(anonymous_3)","decl":{"start":{"line":62,"column":72},"end":{"line":62,"column":null}},"loc":{"start":{"line":62,"column":68},"end":{"line":94,"column":5}}}},"branchMap":{"0":{"loc":{"start":{"line":73,"column":6},"end":{"line":91,"column":7}},"type":"if","locations":[{"start":{"line":73,"column":6},"end":{"line":91,"column":7}}]},"1":{"loc":{"start":{"line":75,"column":8},"end":{"line":90,"column":9}},"type":"if","locations":[{"start":{"line":75,"column":8},"end":{"line":90,"column":9}},{"start":{"line":77,"column":15},"end":{"line":90,"column":9}}]},"2":{"loc":{"start":{"line":80,"column":10},"end":{"line":88,"column":11}},"type":"if","locations":[{"start":{"line":80,"column":10},"end":{"line":88,"column":11}},{"start":{"line":84,"column":17},"end":{"line":88,"column":11}}]},"3":{"loc":{"start":{"line":92,"column":6},"end":{"line":92,"column":37}},"type":"if","locations":[{"start":{"line":92,"column":6},"end":{"line":92,"column":37}}]}},"s":{"0":16,"1":16,"2":180,"3":180,"4":180,"5":180,"6":180,"7":1038,"8":1038,"9":1038,"10":1035,"11":1035,"12":78,"13":78,"14":66,"15":12,"16":12,"17":3,"18":3,"19":3,"20":9,"21":9,"22":9,"23":12,"24":1035,"25":78,"26":1035,"27":16},"f":{"0":180,"1":180,"2":1038,"3":1038},"b":{"0":[78],"1":[66,12],"2":[3,9],"3":[78]}}
,"/home/runner/work/reactive-rpc/reactive-rpc/src/__demos__/json-crdt-server/routes/block/methods/view.ts": {"path":"/home/runner/work/reactive-rpc/reactive-rpc/src/__demos__/json-crdt-server/routes/block/methods/view.ts","statementMap":{"0":{"start":{"line":2,"column":0},"end":{"line":2,"column":37}},"1":{"start":{"line":6,"column":2},"end":{"line":30,"column":3}},"2":{"start":{"line":7,"column":2},"end":{"line":30,"column":3}},"3":{"start":{"line":8,"column":20},"end":{"line":12,"column":null}},"4":{"start":{"line":15,"column":21},"end":{"line":15,"column":52}},"5":{"start":{"line":17,"column":17},"end":{"line":21,"column":6}},"6":{"start":{"line":23,"column":4},"end":{"line":29,"column":7}},"7":{"start":{"line":23,"column":53},"end":{"line":29,"column":6}},"8":{"start":{"line":24,"column":19},"end":{"line":24,"column":49}},"9":{"start":{"line":25,"column":53},"end":{"line":27,"column":8}},"10":{"start":{"line":28,"column":6},"end":{"line":28,"column":22}},"11":{"start":{"line":5,"column":13},"end":{"line":5,"column":null}}},"fnMap":{"0":{"name":"(anonymous_0)","decl":{"start":{"line":6,"column":2},"end":{"line":6,"column":3}},"loc":{"start":{"line":7,"column":2},"end":{"line":30,"column":3}}},"1":{"name":"(anonymous_1)","decl":{"start":{"line":7,"column":2},"end":{"line":7,"column":25}},"loc":{"start":{"line":7,"column":41},"end":{"line":30,"column":3}}},"2":{"name":"(anonymous_2)","decl":{"start":{"line":23,"column":38},"end":{"line":23,"column":45}},"loc":{"start":{"line":23,"column":53},"end":{"line":29,"column":6}}},"3":{"name":"(anonymous_3)","decl":{"start":{"line":23,"column":53},"end":{"line":23,"column":null}},"loc":{"start":{"line":23,"column":49},"end":{"line":29,"column":5}}}},"branchMap":{},"s":{"0":16,"1":16,"2":180,"3":180,"4":180,"5":180,"6":180,"7":3,"8":3,"9":3,"10":3,"11":16},"f":{"0":180,"1":180,"2":3,"3":3},"b":{}}
,"/home/runner/work/reactive-rpc/reactive-rpc/src/__demos__/json-crdt-server/routes/presence/index.ts": {"path":"/home/runner/work/reactive-rpc/reactive-rpc/src/__demos__/json-crdt-server/routes/presence/index.ts","statementMap":{"0":{"start":{"line":1,"column":0},"end":{"line":1,"column":40}},"1":{"start":{"line":2,"column":0},"end":{"line":2,"column":40}},"2":{"start":{"line":3,"column":0},"end":{"line":3,"column":40}},"3":{"start":{"line":4,"column":0},"end":{"line":4,"column":39}},"4":{"start":{"line":8,"column":2},"end":{"line":18,"column":3}},"5":{"start":{"line":9,"column":2},"end":{"line":18,"column":3}},"6":{"start":{"line":10,"column":4},"end":{"line":10,"column":51}},"7":{"start":{"line":13,"column":4},"end":{"line":17,"column":16}},"8":{"start":{"line":7,"column":13},"end":{"line":7,"column":null}}},"fnMap":{"0":{"name":"(anonymous_0)","decl":{"start":{"line":8,"column":2},"end":{"line":8,"column":3}},"loc":{"start":{"line":9,"column":2},"end":{"line":18,"column":3}}},"1":{"name":"(anonymous_1)","decl":{"start":{"line":9,"column":2},"end":{"line":9,"column":25}},"loc":{"start":{"line":9,"column":41},"end":{"line":18,"column":3}}}},"branchMap":{},"s":{"0":16,"1":16,"2":16,"3":16,"4":16,"5":180,"6":180,"7":180,"8":16},"f":{"0":180,"1":180},"b":{}}
,"/home/runner/work/reactive-rpc/reactive-rpc/src/__demos__/json-crdt-server/routes/presence/schema.ts": {"path":"/home/runner/work/reactive-rpc/reactive-rpc/src/__demos__/json-crdt-server/routes/presence/schema.ts","statementMap":{"0":{"start":{"line":2,"column":0},"end":{"line":2,"column":28}},"1":{"start":{"line":4,"column":13},"end":{"line":14,"column":2}}},"fnMap":{},"branchMap":{},"s":{"0":16,"1":16},"f":{},"b":{}}
,"/home/runner/work/reactive-rpc/reactive-rpc/src/__demos__/json-crdt-server/routes/presence/methods/listen.ts": {"path":"/home/runner/work/reactive-rpc/reactive-rpc/src/__demos__/json-crdt-server/routes/presence/methods/listen.ts","statementMap":{"0":{"start":{"line":1,"column":0},"end":{"line":1,"column":36}},"1":{"start":{"line":6,"column":2},"end":{"line":41,"column":3}},"2":{"start":{"line":7,"column":2},"end":{"line":41,"column":3}},"3":{"start":{"line":8,"column":20},"end":{"line":12,"column":null}},"4":{"start":{"line":15,"column":21},"end":{"line":20,"column":null}},"5":{"start":{"line":23,"column":17},"end":{"line":30,"column":6}},"6":{"start":{"line":32,"column":4},"end":{"line":40,"column":7}},"7":{"start":{"line":33,"column":6},"end":{"line":39,"column":8}},"8":{"start":{"line":34,"column":27},"end":{"line":34,"column":62}},"9":{"start":{"line":35,"column":44},"end":{"line":38,"column":10}},"10":{"start":{"line":5,"column":13},"end":{"line":5,"column":null}}},"fnMap":{"0":{"name":"(anonymous_0)","decl":{"start":{"line":6,"column":2},"end":{"line":6,"column":3}},"loc":{"start":{"line":7,"column":2},"end":{"line":41,"column":3}}},"1":{"name":"(anonymous_1)","decl":{"start":{"line":7,"column":2},"end":{"line":7,"column":25}},"loc":{"start":{"line":7,"column":41},"end":{"line":41,"column":3}}},"2":{"name":"(anonymous_2)","decl":{"start":{"line":32,"column":43},"end":{"line":32,"column":44}},"loc":{"start":{"line":32,"column":52},"end":{"line":40,"column":5}}},"3":{"name":"(anonymous_3)","decl":{"start":{"line":34,"column":18},"end":{"line":34,"column":19}},"loc":{"start":{"line":34,"column":27},"end":{"line":34,"column":62}}},"4":{"name":"(anonymous_4)","decl":{"start":{"line":35,"column":12},"end":{"line":35,"column":13}},"loc":{"start":{"line":35,"column":44},"end":{"line":38,"column":10}}}},"branchMap":{},"s":{"0":16,"1":16,"2":180,"3":180,"4":180,"5":180,"6":180,"7":6,"8":6,"9":7,"10":16},"f":{"0":180,"1":180,"2":6,"3":6,"4":7},"b":{}}
,"/home/runner/work/reactive-rpc/reactive-rpc/src/__demos__/json-crdt-server/routes/presence/methods/remove.ts": {"path":"/home/runner/work/reactive-rpc/reactive-rpc/src/__demos__/json-crdt-server/routes/presence/methods/remove.ts","statementMap":{"0":{"start":{"line":4,"column":2},"end":{"line":29,"column":3}},"1":{"start":{"line":5,"column":2},"end":{"line":29,"column":3}},"2":{"start":{"line":6,"column":20},"end":{"line":14,"column":null}},"3":{"start":{"line":17,"column":21},"end":{"line":17,"column":26}},"4":{"start":{"line":19,"column":17},"end":{"line":23,"column":6}},"5":{"start":{"line":25,"column":4},"end":{"line":28,"column":7}},"6":{"start":{"line":25,"column":64},"end":{"line":28,"column":6}},"7":{"start":{"line":26,"column":6},"end":{"line":26,"column":47}},"8":{"start":{"line":27,"column":6},"end":{"line":27,"column":16}},"9":{"start":{"line":3,"column":13},"end":{"line":3,"column":null}}},"fnMap":{"0":{"name":"(anonymous_0)","decl":{"start":{"line":4,"column":2},"end":{"line":4,"column":3}},"loc":{"start":{"line":5,"column":2},"end":{"line":29,"column":3}}},"1":{"name":"(anonymous_1)","decl":{"start":{"line":5,"column":2},"end":{"line":5,"column":25}},"loc":{"start":{"line":5,"column":41},"end":{"line":29,"column":3}}},"2":{"name":"(anonymous_2)","decl":{"start":{"line":25,"column":43},"end":{"line":25,"column":50}},"loc":{"start":{"line":25,"column":64},"end":{"line":28,"column":6}}},"3":{"name":"(anonymous_3)","decl":{"start":{"line":25,"column":64},"end":{"line":25,"column":null}},"loc":{"start":{"line":25,"column":60},"end":{"line":28,"column":5}}}},"branchMap":{},"s":{"0":16,"1":180,"2":180,"3":180,"4":180,"5":180,"6":2,"7":2,"8":2,"9":16},"f":{"0":180,"1":180,"2":2,"3":2},"b":{}}
,"/home/runner/work/reactive-rpc/reactive-rpc/src/__demos__/json-crdt-server/routes/presence/methods/update.ts": {"path":"/home/runner/work/reactive-rpc/reactive-rpc/src/__demos__/json-crdt-server/routes/presence/methods/update.ts","statementMap":{"0":{"start":{"line":6,"column":12},"end":{"line":6,"column":14}},"1":{"start":{"line":9,"column":2},"end":{"line":74,"column":3}},"2":{"start":{"line":10,"column":2},"end":{"line":74,"column":3}},"3":{"start":{"line":11,"column":20},"end":{"line":44,"column":8}},"4":{"start":{"line":46,"column":21},"end":{"line":56,"column":8}},"5":{"start":{"line":58,"column":17},"end":{"line":65,"column":6}},"6":{"start":{"line":67,"column":4},"end":{"line":73,"column":7}},"7":{"start":{"line":67,"column":70},"end":{"line":73,"column":6}},"8":{"start":{"line":68,"column":21},"end":{"line":68,"column":79}},"9":{"start":{"line":69,"column":6},"end":{"line":72,"column":8}},"10":{"start":{"line":8,"column":13},"end":{"line":8,"column":null}}},"fnMap":{"0":{"name":"(anonymous_0)","decl":{"start":{"line":9,"column":2},"end":{"line":9,"column":3}},"loc":{"start":{"line":10,"column":2},"end":{"line":74,"column":3}}},"1":{"name":"(anonymous_1)","decl":{"start":{"line":10,"column":2},"end":{"line":10,"column":25}},"loc":{"start":{"line":10,"column":41},"end":{"line":74,"column":3}}},"2":{"name":"(anonymous_2)","decl":{"start":{"line":67,"column":43},"end":{"line":67,"column":50}},"loc":{"start":{"line":67,"column":70},"end":{"line":73,"column":6}}},"3":{"name":"(anonymous_3)","decl":{"start":{"line":67,"column":70},"end":{"line":67,"column":null}},"loc":{"start":{"line":67,"column":66},"end":{"line":73,"column":5}}}},"branchMap":{},"s":{"0":16,"1":16,"2":180,"3":180,"4":180,"5":180,"6":180,"7":4,"8":4,"9":4,"10":16},"f":{"0":180,"1":180,"2":4,"3":4},"b":{}}
,"/home/runner/work/reactive-rpc/reactive-rpc/src/__demos__/json-crdt-server/routes/pubsub/index.ts": {"path":"/home/runner/work/reactive-rpc/reactive-rpc/src/__demos__/json-crdt-server/routes/pubsub/index.ts","statementMap":{"0":{"start":{"line":1,"column":0},"end":{"line":1,"column":34}},"1":{"start":{"line":2,"column":0},"end":{"line":2,"column":32}},"2":{"start":{"line":6,"column":22},"end":{"line":9,"column":9}},"3":{"start":{"line":6,"column":40},"end":{"line":9,"column":9}},"4":{"start":{"line":7,"column":4},"end":{"line":9,"column":8}},"5":{"start":{"line":6,"column":13},"end":{"line":6,"column":22}}},"fnMap":{"0":{"name":"(anonymous_0)","decl":{"start":{"line":6,"column":22},"end":{"line":6,"column":23}},"loc":{"start":{"line":6,"column":40},"end":{"line":9,"column":9}}},"1":{"name":"(anonymous_1)","decl":{"start":{"line":6,"column":40},"end":{"line":6,"column":63}},"loc":{"start":{"line":7,"column":4},"end":{"line":9,"column":8}}}},"branchMap":{},"s":{"0":16,"1":16,"2":16,"3":180,"4":180,"5":16},"f":{"0":180,"1":180},"b":{}}
,"/home/runner/work/reactive-rpc/reactive-rpc/src/__demos__/json-crdt-server/routes/pubsub/listen.ts": {"path":"/home/runner/work/reactive-rpc/reactive-rpc/src/__demos__/json-crdt-server/routes/pubsub/listen.ts","statementMap":{"0":{"start":{"line":1,"column":0},"end":{"line":1,"column":36}},"1":{"start":{"line":5,"column":2},"end":{"line":30,"column":3}},"2":{"start":{"line":6,"column":2},"end":{"line":30,"column":3}},"3":{"start":{"line":7,"column":20},"end":{"line":11,"column":null}},"4":{"start":{"line":14,"column":21},"end":{"line":18,"column":null}},"5":{"start":{"line":21,"column":17},"end":{"line":21,"column":47}},"6":{"start":{"line":23,"column":4},"end":{"line":29,"column":7}},"7":{"start":{"line":24,"column":23},"end":{"line":26,"column":null}},"8":{"start":{"line":25,"column":27},"end":{"line":25,"column":63}},"9":{"start":{"line":26,"column":31},"end":{"line":26,"column":40}},"10":{"start":{"line":28,"column":6},"end":{"line":28,"column":22}},"11":{"start":{"line":4,"column":13},"end":{"line":4,"column":null}}},"fnMap":{"0":{"name":"(anonymous_0)","decl":{"start":{"line":5,"column":2},"end":{"line":5,"column":3}},"loc":{"start":{"line":6,"column":2},"end":{"line":30,"column":3}}},"1":{"name":"(anonymous_1)","decl":{"start":{"line":6,"column":2},"end":{"line":6,"column":25}},"loc":{"start":{"line":6,"column":41},"end":{"line":30,"column":3}}},"2":{"name":"(anonymous_2)","decl":{"start":{"line":23,"column":41},"end":{"line":23,"column":42}},"loc":{"start":{"line":23,"column":49},"end":{"line":29,"column":5}}},"3":{"name":"(anonymous_3)","decl":{"start":{"line":25,"column":18},"end":{"line":25,"column":19}},"loc":{"start":{"line":25,"column":27},"end":{"line":25,"column":63}}},"4":{"name":"(anonymous_4)","decl":{"start":{"line":26,"column":12},"end":{"line":26,"column":13}},"loc":{"start":{"line":26,"column":31},"end":{"line":26,"column":40}}}},"branchMap":{},"s":{"0":16,"1":16,"2":180,"3":180,"4":180,"5":180,"6":180,"7":6,"8":6,"9":10,"10":6,"11":16},"f":{"0":180,"1":180,"2":6,"3":6,"4":10},"b":{}}
,"/home/runner/work/reactive-rpc/reactive-rpc/src/__demos__/json-crdt-server/routes/pubsub/publish.ts": {"path":"/home/runner/work/reactive-rpc/reactive-rpc/src/__demos__/json-crdt-server/routes/pubsub/publish.ts","statementMap":{"0":{"start":{"line":4,"column":2},"end":{"line":35,"column":3}},"1":{"start":{"line":5,"column":2},"end":{"line":35,"column":3}},"2":{"start":{"line":6,"column":20},"end":{"line":14,"column":null}},"3":{"start":{"line":17,"column":21},"end":{"line":20,"column":6}},"4":{"start":{"line":22,"column":17},"end":{"line":29,"column":6}},"5":{"start":{"line":31,"column":4},"end":{"line":34,"column":7}},"6":{"start":{"line":31,"column":71},"end":{"line":34,"column":6}},"7":{"start":{"line":32,"column":6},"end":{"line":32,"column":48}},"8":{"start":{"line":33,"column":6},"end":{"line":33,"column":16}},"9":{"start":{"line":3,"column":13},"end":{"line":3,"column":null}}},"fnMap":{"0":{"name":"(anonymous_0)","decl":{"start":{"line":4,"column":2},"end":{"line":4,"column":3}},"loc":{"start":{"line":5,"column":2},"end":{"line":35,"column":3}}},"1":{"name":"(anonymous_1)","decl":{"start":{"line":5,"column":2},"end":{"line":5,"column":25}},"loc":{"start":{"line":5,"column":41},"end":{"line":35,"column":3}}},"2":{"name":"(anonymous_2)","decl":{"start":{"line":31,"column":42},"end":{"line":31,"column":49}},"loc":{"start":{"line":31,"column":71},"end":{"line":34,"column":6}}},"3":{"name":"(anonymous_3)","decl":{"start":{"line":31,"column":71},"end":{"line":31,"column":null}},"loc":{"start":{"line":31,"column":67},"end":{"line":34,"column":5}}}},"branchMap":{},"s":{"0":16,"1":180,"2":180,"3":180,"4":180,"5":180,"6":8,"7":8,"8":8,"9":16},"f":{"0":180,"1":180,"2":8,"3":8},"b":{}}
,"/home/runner/work/reactive-rpc/reactive-rpc/src/__demos__/json-crdt-server/routes/util/index.ts": {"path":"/home/runner/work/reactive-rpc/reactive-rpc/src/__demos__/json-crdt-server/routes/util/index.ts","statementMap":{"0":{"start":{"line":4,"column":2},"end":{"line":12,"column":3}},"1":{"start":{"line":5,"column":2},"end":{"line":12,"column":3}},"2":{"start":{"line":6,"column":20},"end":{"line":6,"column":27}},"3":{"start":{"line":7,"column":21},"end":{"line":7,"column":43}},"4":{"start":{"line":8,"column":17},"end":{"line":8,"column":46}},"5":{"start":{"line":9,"column":4},"end":{"line":11,"column":7}},"6":{"start":{"line":9,"column":48},"end":{"line":11,"column":6}},"7":{"start":{"line":10,"column":6},"end":{"line":10,"column":20}},"8":{"start":{"line":3,"column":13},"end":{"line":3,"column":null}},"9":{"start":{"line":15,"column":2},"end":{"line":21,"column":3}},"10":{"start":{"line":16,"column":2},"end":{"line":21,"column":3}},"11":{"start":{"line":17,"column":20},"end":{"line":17,"column":25}},"12":{"start":{"line":18,"column":21},"end":{"line":18,"column":26}},"13":{"start":{"line":19,"column":17},"end":{"line":19,"column":46}},"14":{"start":{"line":20,"column":4},"end":{"line":20,"column":57}},"15":{"start":{"line":20,"column":51},"end":{"line":20,"column":56}},"16":{"start":{"line":20,"column":52},"end":{"line":20,"column":56}},"17":{"start":{"line":14,"column":13},"end":{"line":14,"column":null}},"18":{"start":{"line":24,"column":2},"end":{"line":49,"column":3}},"19":{"start":{"line":25,"column":2},"end":{"line":49,"column":3}},"20":{"start":{"line":26,"column":20},"end":{"line":26,"column":25}},"21":{"start":{"line":27,"column":21},"end":{"line":36,"column":null}},"22":{"start":{"line":38,"column":17},"end":{"line":38,"column":46}},"23":{"start":{"line":39,"column":4},"end":{"line":48,"column":7}},"24":{"start":{"line":39,"column":48},"end":{"line":48,"column":6}},"25":{"start":{"line":40,"column":6},"end":{"line":47,"column":8}},"26":{"start":{"line":23,"column":13},"end":{"line":23,"column":null}},"27":{"start":{"line":52,"column":2},"end":{"line":62,"column":3}},"28":{"start":{"line":53,"column":2},"end":{"line":62,"column":3}},"29":{"start":{"line":54,"column":20},"end":{"line":54,"column":25}},"30":{"start":{"line":55,"column":21},"end":{"line":55,"column":58}},"31":{"start":{"line":56,"column":17},"end":{"line":56,"column":46}},"32":{"start":{"line":57,"column":4},"end":{"line":61,"column":7}},"33":{"start":{"line":57,"column":50},"end":{"line":61,"column":6}},"34":{"start":{"line":58,"column":6},"end":{"line":60,"column":8}},"35":{"start":{"line":51,"column":13},"end":{"line":51,"column":null}},"36":{"start":{"line":65,"column":20},"end":{"line":70,"column":11}},"37":{"start":{"line":65,"column":38},"end":{"line":70,"column":11}},"38":{"start":{"line":66,"column":4},"end":{"line":70,"column":10}},"39":{"start":{"line":65,"column":13},"end":{"line":65,"column":20}}},"fnMap":{"0":{"name":"(anonymous_0)","decl":{"start":{"line":4,"column":2},"end":{"line":4,"column":3}},"loc":{"start":{"line":5,"column":2},"end":{"line":12,"column":3}}},"1":{"name":"(anonymous_1)","decl":{"start":{"line":5,"column":2},"end":{"line":5,"column":25}},"loc":{"start":{"line":5,"column":41},"end":{"line":12,"column":3}}},"2":{"name":"(anonymous_2)","decl":{"start":{"line":9,"column":37},"end":{"line":9,"column":46}},"loc":{"start":{"line":9,"column":48},"end":{"line":11,"column":6}}},"3":{"name":"(anonymous_3)","decl":{"start":{"line":9,"column":48},"end":{"line":9,"column":null}},"loc":{"start":{"line":9,"column":48},"end":{"line":11,"column":5}}},"4":{"name":"(anonymous_4)","decl":{"start":{"line":15,"column":2},"end":{"line":15,"column":3}},"loc":{"start":{"line":16,"column":2},"end":{"line":21,"column":3}}},"5":{"name":"(anonymous_5)","decl":{"start":{"line":16,"column":2},"end":{"line":16,"column":25}},"loc":{"start":{"line":16,"column":41},"end":{"line":21,"column":3}}},"6":{"name":"(anonymous_6)","decl":{"start":{"line":20,"column":37},"end":{"line":20,"column":44}},"loc":{"start":{"line":20,"column":51},"end":{"line":20,"column":56}}},"7":{"name":"(anonymous_7)","decl":{"start":{"line":20,"column":51},"end":{"line":20,"column":52}},"loc":{"start":{"line":20,"column":51},"end":{"line":20,"column":56}}},"8":{"name":"(anonymous_8)","decl":{"start":{"line":24,"column":2},"end":{"line":24,"column":3}},"loc":{"start":{"line":25,"column":2},"end":{"line":49,"column":3}}},"9":{"name":"(anonymous_9)","decl":{"start":{"line":25,"column":2},"end":{"line":25,"column":25}},"loc":{"start":{"line":25,"column":41},"end":{"line":49,"column":3}}},"10":{"name":"(anonymous_10)","decl":{"start":{"line":39,"column":37},"end":{"line":39,"column":46}},"loc":{"start":{"line":39,"column":48},"end":{"line":48,"column":6}}},"11":{"name":"(anonymous_11)","decl":{"start":{"line":39,"column":48},"end":{"line":39,"column":null}},"loc":{"start":{"line":39,"column":48},"end":{"line":48,"column":5}}},"12":{"name":"(anonymous_12)","decl":{"start":{"line":52,"column":2},"end":{"line":52,"column":3}},"loc":{"start":{"line":53,"column":2},"end":{"line":62,"column":3}}},"13":{"name":"(anonymous_13)","decl":{"start":{"line":53,"column":2},"end":{"line":53,"column":25}},"loc":{"start":{"line":53,"column":41},"end":{"line":62,"column":3}}},"14":{"name":"(anonymous_14)","decl":{"start":{"line":57,"column":39},"end":{"line":57,"column":48}},"loc":{"start":{"line":57,"column":50},"end":{"line":61,"column":6}}},"15":{"name":"(anonymous_15)","decl":{"start":{"line":57,"column":50},"end":{"line":57,"column":null}},"loc":{"start":{"line":57,"column":50},"end":{"line":61,"column":5}}},"16":{"name":"(anonymous_16)","decl":{"start":{"line":65,"column":20},"end":{"line":65,"column":21}},"loc":{"start":{"line":65,"column":38},"end":{"line":70,"column":11}}},"17":{"name":"(anonymous_17)","decl":{"start":{"line":65,"column":38},"end":{"line":65,"column":61}},"loc":{"start":{"line":66,"column":4},"end":{"line":70,"column":10}}}},"branchMap":{},"s":{"0":16,"1":180,"2":180,"3":180,"4":180,"5":180,"6":1,"7":1,"8":16,"9":16,"10":180,"11":180,"12":180,"13":180,"14":180,"15":2,"16":2,"17":16,"18":16,"19":180,"20":180,"21":180,"22":180,"23":180,"24":1,"25":1,"26":16,"27":16,"28":180,"29":180,"30":180,"31":180,"32":180,"33":0,"34":0,"35":16,"36":16,"37":180,"38":180,"39":16},"f":{"0":180,"1":180,"2":1,"3":1,"4":180,"5":180,"6":2,"7":2,"8":180,"9":180,"10":1,"11":1,"12":180,"13":180,"14":0,"15":0,"16":180,"17":180},"b":{}}
,"/home/runner/work/reactive-rpc/reactive-rpc/src/__demos__/json-crdt-server/services/PresenceService.ts": {"path":"/home/runner/work/reactive-rpc/reactive-rpc/src/__demos__/json-crdt-server/services/PresenceService.ts","statementMap":{"0":{"start":{"line":1,"column":0},"end":{"line":1,"column":42}},"1":{"start":{"line":7,"column":19},"end":{"line":7,"column":59}},"2":{"start":{"line":8,"column":19},"end":{"line":8,"column":79}},"3":{"start":{"line":11,"column":16},"end":{"line":11,"column":26}},"4":{"start":{"line":12,"column":17},"end":{"line":12,"column":37}},"5":{"start":{"line":13,"column":4},"end":{"line":13,"column":88}},"6":{"start":{"line":13,"column":43},"end":{"line":13,"column":88}},"7":{"start":{"line":14,"column":34},"end":{"line":19,"column":6}},"8":{"start":{"line":20,"column":4},"end":{"line":20,"column":25}},"9":{"start":{"line":21,"column":4},"end":{"line":21,"column":33}},"10":{"start":{"line":22,"column":4},"end":{"line":22,"column":36}},"11":{"start":{"line":23,"column":4},"end":{"line":23,"column":29}},"12":{"start":{"line":24,"column":4},"end":{"line":24,"column":29}},"13":{"start":{"line":25,"column":4},"end":{"line":25,"column":58}},"14":{"start":{"line":25,"column":35},"end":{"line":25,"column":56}},"15":{"start":{"line":26,"column":22},"end":{"line":26,"column":48}},"16":{"start":{"line":27,"column":4},"end":{"line":27,"column":76}},"17":{"start":{"line":27,"column":19},"end":{"line":27,"column":76}},"18":{"start":{"line":27,"column":53},"end":{"line":27,"column":76}},"19":{"start":{"line":28,"column":4},"end":{"line":28,"column":17}},"20":{"start":{"line":32,"column":17},"end":{"line":32,"column":37}},"21":{"start":{"line":33,"column":4},"end":{"line":33,"column":25}},"22":{"start":{"line":34,"column":4},"end":{"line":34,"column":46}},"23":{"start":{"line":34,"column":20},"end":{"line":34,"column":46}},"24":{"start":{"line":35,"column":4},"end":{"line":35,"column":58}},"25":{"start":{"line":35,"column":35},"end":{"line":35,"column":56}},"26":{"start":{"line":36,"column":22},"end":{"line":36,"column":48}},"27":{"start":{"line":37,"column":4},"end":{"line":46,"column":11}},"28":{"start":{"line":38,"column":6},"end":{"line":46,"column":11}},"29":{"start":{"line":39,"column":8},"end":{"line":46,"column":11}},"30":{"start":{"line":50,"column":4},"end":{"line":73,"column":7}},"31":{"start":{"line":51,"column":6},"end":{"line":51,"column":31}},"32":{"start":{"line":52,"column":6},"end":{"line":52,"column":70}},"33":{"start":{"line":52,"column":39},"end":{"line":52,"column":70}},"34":{"start":{"line":53,"column":6},"end":{"line":53,"column":49}},"35":{"start":{"line":54,"column":19},"end":{"line":54,"column":39}},"36":{"start":{"line":55,"column":40},"end":{"line":55,"column":42}},"37":{"start":{"line":56,"column":6},"end":{"line":59,"column":7}},"38":{"start":{"line":57,"column":8},"end":{"line":57,"column":28}},"39":{"start":{"line":58,"column":8},"end":{"line":58,"column":42}},"40":{"start":{"line":58,"column":36},"end":{"line":58,"column":42}},"41":{"start":{"line":60,"column":6},"end":{"line":60,"column":49}},"42":{"start":{"line":60,"column":26},"end":{"line":60,"column":49}},"43":{"start":{"line":61,"column":6},"end":{"line":72,"column":8}},"44":{"start":{"line":62,"column":56},"end":{"line":62,"column":83}},"45":{"start":{"line":63,"column":8},"end":{"line":66,"column":9}},"46":{"start":{"line":64,"column":10},"end":{"line":64,"column":35}},"47":{"start":{"line":65,"column":10},"end":{"line":65,"column":17}},"48":{"start":{"line":67,"column":22},"end":{"line":67,"column":64}},"49":{"start":{"line":67,"column":49},"end":{"line":67,"column":63}},"50":{"start":{"line":68,"column":8},"end":{"line":68,"column":51}},"51":{"start":{"line":68,"column":24},"end":{"line":68,"column":51}},"52":{"start":{"line":69,"column":8},"end":{"line":71,"column":9}},"53":{"start":{"line":70,"column":10},"end":{"line":70,"column":40}},"54":{"start":{"line":77,"column":17},"end":{"line":77,"column":39}},"55":{"start":{"line":78,"column":4},"end":{"line":78,"column":26}},"56":{"start":{"line":78,"column":14},"end":{"line":78,"column":26}},"57":{"start":{"line":79,"column":20},"end":{"line":79,"column":53}},"58":{"start":{"line":80,"column":4},"end":{"line":80,"column":36}},"59":{"start":{"line":81,"column":4},"end":{"line":81,"column":19}},"60":{"start":{"line":85,"column":17},"end":{"line":85,"column":39}},"61":{"start":{"line":86,"column":4},"end":{"line":86,"column":22}},"62":{"start":{"line":86,"column":15},"end":{"line":86,"column":22}},"63":{"start":{"line":87,"column":16},"end":{"line":87,"column":26}},"64":{"start":{"line":88,"column":4},"end":{"line":90,"column":5}},"65":{"start":{"line":89,"column":6},"end":{"line":89,"column":56}},"66":{"start":{"line":89,"column":37},"end":{"line":89,"column":56}},"67":{"start":{"line":91,"column":4},"end":{"line":91,"column":46}},"68":{"start":{"line":91,"column":20},"end":{"line":91,"column":46}},"69":{"start":{"line":95,"column":4},"end":{"line":99,"column":6}},"70":{"start":{"line":97,"column":59},"end":{"line":97,"column":71}},"71":{"start":{"line":98,"column":65},"end":{"line":98,"column":79}},"72":{"start":{"line":6,"column":0},"end":{"line":6,"column":13}}},"fnMap":{"0":{"name":"(anonymous_0)","decl":{"start":{"line":6,"column":0},"end":{"line":6,"column":13}},"loc":{"start":{"line":6,"column":0},"end":{"line":101,"column":1}}},"1":{"name":"(anonymous_1)","decl":{"start":{"line":10,"column":15},"end":{"line":10,"column":21}},"loc":{"start":{"line":10,"column":81},"end":{"line":29,"column":null}}},"2":{"name":"(anonymous_3)","decl":{"start":{"line":25,"column":22},"end":{"line":25,"column":23}},"loc":{"start":{"line":25,"column":35},"end":{"line":25,"column":56}}},"3":{"name":"(anonymous_4)","decl":{"start":{"line":31,"column":15},"end":{"line":31,"column":21}},"loc":{"start":{"line":31,"column":53},"end":{"line":47,"column":null}}},"4":{"name":"(anonymous_6)","decl":{"start":{"line":35,"column":22},"end":{"line":35,"column":23}},"loc":{"start":{"line":35,"column":35},"end":{"line":35,"column":56}}},"5":{"name":"(anonymous_7)","decl":{"start":{"line":49,"column":9},"end":{"line":49,"column":16}},"loc":{"start":{"line":49,"column":31},"end":{"line":74,"column":3}}},"6":{"name":"(anonymous_8)","decl":{"start":{"line":50,"column":44},"end":{"line":50,"column":45}},"loc":{"start":{"line":50,"column":57},"end":{"line":73,"column":5}}},"7":{"name":"(anonymous_9)","decl":{"start":{"line":61,"column":13},"end":{"line":61,"column":16}},"loc":{"start":{"line":61,"column":18},"end":{"line":72,"column":7}}},"8":{"name":"(anonymous_10)","decl":{"start":{"line":67,"column":42},"end":{"line":67,"column":43}},"loc":{"start":{"line":67,"column":49},"end":{"line":67,"column":63}}},"9":{"name":"(anonymous_11)","decl":{"start":{"line":76,"column":10},"end":{"line":76,"column":17}},"loc":{"start":{"line":76,"column":32},"end":{"line":82,"column":3}}},"10":{"name":"(anonymous_12)","decl":{"start":{"line":84,"column":10},"end":{"line":84,"column":21}},"loc":{"start":{"line":84,"column":36},"end":{"line":92,"column":3}}},"11":{"name":"(anonymous_13)","decl":{"start":{"line":94,"column":9},"end":{"line":94,"column":14}},"loc":{"start":{"line":94,"column":14},"end":{"line":100,"column":3}}},"12":{"name":"(anonymous_14)","decl":{"start":{"line":97,"column":47},"end":{"line":97,"column":48}},"loc":{"start":{"line":97,"column":59},"end":{"line":97,"column":71}}},"13":{"name":"(anonymous_15)","decl":{"start":{"line":98,"column":53},"end":{"line":98,"column":54}},"loc":{"start":{"line":98,"column":65},"end":{"line":98,"column":79}}}},"branchMap":{"0":{"loc":{"start":{"line":13,"column":4},"end":{"line":13,"column":88}},"type":"if","locations":[{"start":{"line":13,"column":4},"end":{"line":13,"column":88}}]},"1":{"loc":{"start":{"line":13,"column":8},"end":{"line":13,"column":41}},"type":"binary-expr","locations":[{"start":{"line":13,"column":8},"end":{"line":13,"column":13}},{"start":{"line":13,"column":17},"end":{"line":13,"column":41}}]},"2":{"loc":{"start":{"line":14,"column":34},"end":{"line":19,"column":6}},"type":"cond-expr","locations":[{"start":{"line":14,"column":51},"end":{"line":14,"column":55}},{"start":{"line":14,"column":55},"end":{"line":19,"column":6}}]},"3":{"loc":{"start":{"line":14,"column":34},"end":{"line":14,"column":55}},"type":"binary-expr","locations":[{"start":{"line":14,"column":34},"end":{"line":14,"column":55}},{"start":{"line":14,"column":51},"end":{"line":14,"column":55}}]},"4":{"loc":{"start":{"line":27,"column":4},"end":{"line":27,"column":76}},"type":"if","locations":[{"start":{"line":27,"column":4},"end":{"line":27,"column":76}}]},"5":{"loc":{"start":{"line":34,"column":4},"end":{"line":34,"column":46}},"type":"if","locations":[{"start":{"line":34,"column":4},"end":{"line":34,"column":46}}]},"6":{"loc":{"start":{"line":37,"column":4},"end":{"line":46,"column":11}},"type":"if","locations":[{"start":{"line":37,"column":4},"end":{"line":46,"column":11}}]},"7":{"loc":{"start":{"line":52,"column":6},"end":{"line":52,"column":70}},"type":"if","locations":[{"start":{"line":52,"column":6},"end":{"line":52,"column":70}}]},"8":{"loc":{"start":{"line":58,"column":8},"end":{"line":58,"column":42}},"type":"if","locations":[{"start":{"line":58,"column":8},"end":{"line":58,"column":42}}]},"9":{"loc":{"start":{"line":60,"column":6},"end":{"line":60,"column":49}},"type":"if","locations":[{"start":{"line":60,"column":6},"end":{"line":60,"column":49}}]},"10":{"loc":{"start":{"line":63,"column":8},"end":{"line":66,"column":9}},"type":"if","locations":[{"start":{"line":63,"column":8},"end":{"line":66,"column":9}}]},"11":{"loc":{"start":{"line":68,"column":8},"end":{"line":68,"column":51}},"type":"if","locations":[{"start":{"line":68,"column":8},"end":{"line":68,"column":51}}]},"12":{"loc":{"start":{"line":69,"column":8},"end":{"line":71,"column":9}},"type":"if","locations":[{"start":{"line":69,"column":8},"end":{"line":71,"column":9}}]},"13":{"loc":{"start":{"line":78,"column":4},"end":{"line":78,"column":26}},"type":"if","locations":[{"start":{"line":78,"column":4},"end":{"line":78,"column":26}}]},"14":{"loc":{"start":{"line":86,"column":4},"end":{"line":86,"column":22}},"type":"if","locations":[{"start":{"line":86,"column":4},"end":{"line":86,"column":22}}]},"15":{"loc":{"start":{"line":89,"column":6},"end":{"line":89,"column":56}},"type":"if","locations":[{"start":{"line":89,"column":6},"end":{"line":89,"column":56}}]},"16":{"loc":{"start":{"line":91,"column":4},"end":{"line":91,"column":46}},"type":"if","locations":[{"start":{"line":91,"column":4},"end":{"line":91,"column":46}}]}},"s":{"0":17,"1":188,"2":188,"3":4,"4":4,"5":4,"6":0,"7":4,"8":4,"9":4,"10":4,"11":4,"12":4,"13":4,"14":4,"15":4,"16":4,"17":3,"18":3,"19":4,"20":2,"21":2,"22":2,"23":2,"24":2,"25":2,"26":2,"27":2,"28":2,"29":2,"30":6,"31":6,"32":6,"33":4,"34":6,"35":6,"36":6,"37":6,"38":2,"39":2,"40":0,"41":6,"42":2,"43":6,"44":0,"45":0,"46":0,"47":0,"48":0,"49":0,"50":0,"51":0,"52":0,"53":0,"54":12,"55":12,"56":7,"57":5,"58":5,"59":5,"60":10,"61":10,"62":4,"63":6,"64":6,"65":6,"66":0,"67":6,"68":0,"69":1,"70":0,"71":0,"72":17},"f":{"0":188,"1":4,"2":4,"3":2,"4":2,"5":6,"6":6,"7":0,"8":0,"9":12,"10":10,"11":1,"12":0,"13":0},"b":{"0":[0],"1":[4,4],"2":[0,4],"3":[4,4],"4":[3],"5":[2],"6":[2],"7":[4],"8":[0],"9":[2],"10":[0],"11":[0],"12":[0],"13":[7],"14":[4],"15":[0],"16":[0]}}
,"/home/runner/work/reactive-rpc/reactive-rpc/src/__demos__/json-crdt-server/services/PubSubService.ts": {"path":"/home/runner/work/reactive-rpc/reactive-rpc/src/__demos__/json-crdt-server/services/PubSubService.ts","statementMap":{"0":{"start":{"line":1,"column":0},"end":{"line":1,"column":42}},"1":{"start":{"line":4,"column":19},"end":{"line":4,"column":70}},"2":{"start":{"line":7,"column":4},"end":{"line":20,"column":7}},"3":{"start":{"line":8,"column":6},"end":{"line":8,"column":72}},"4":{"start":{"line":8,"column":40},"end":{"line":8,"column":72}},"5":{"start":{"line":9,"column":45},"end":{"line":9,"column":73}},"6":{"start":{"line":10,"column":6},"end":{"line":10,"column":31}},"7":{"start":{"line":11,"column":6},"end":{"line":19,"column":8}},"8":{"start":{"line":12,"column":47},"end":{"line":12,"column":75}},"9":{"start":{"line":13,"column":8},"end":{"line":13,"column":31}},"10":{"start":{"line":13,"column":24},"end":{"line":13,"column":31}},"11":{"start":{"line":14,"column":22},"end":{"line":14,"column":64}},"12":{"start":{"line":14,"column":49},"end":{"line":14,"column":63}},"13":{"start":{"line":15,"column":8},"end":{"line":15,"column":51}},"14":{"start":{"line":15,"column":24},"end":{"line":15,"column":51}},"15":{"start":{"line":16,"column":8},"end":{"line":18,"column":9}},"16":{"start":{"line":17,"column":10},"end":{"line":17,"column":41}},"17":{"start":{"line":24,"column":4},"end":{"line":24,"column":58}},"18":{"start":{"line":24,"column":35},"end":{"line":24,"column":56}},"19":{"start":{"line":25,"column":22},"end":{"line":25,"column":49}},"20":{"start":{"line":26,"column":4},"end":{"line":26,"column":27}},"21":{"start":{"line":26,"column":20},"end":{"line":26,"column":27}},"22":{"start":{"line":27,"column":4},"end":{"line":27,"column":61}},"23":{"start":{"line":27,"column":38},"end":{"line":27,"column":61}},"24":{"start":{"line":31,"column":4},"end":{"line":34,"column":6}},"25":{"start":{"line":33,"column":65},"end":{"line":33,"column":79}},"26":{"start":{"line":3,"column":0},"end":{"line":3,"column":13}}},"fnMap":{"0":{"name":"(anonymous_0)","decl":{"start":{"line":3,"column":0},"end":{"line":3,"column":13}},"loc":{"start":{"line":3,"column":0},"end":{"line":36,"column":1}}},"1":{"name":"(anonymous_1)","decl":{"start":{"line":6,"column":9},"end":{"line":6,"column":16}},"loc":{"start":{"line":6,"column":32},"end":{"line":21,"column":3}}},"2":{"name":"(anonymous_2)","decl":{"start":{"line":7,"column":35},"end":{"line":7,"column":36}},"loc":{"start":{"line":7,"column":48},"end":{"line":20,"column":5}}},"3":{"name":"(anonymous_3)","decl":{"start":{"line":11,"column":13},"end":{"line":11,"column":16}},"loc":{"start":{"line":11,"column":18},"end":{"line":19,"column":7}}},"4":{"name":"(anonymous_4)","decl":{"start":{"line":14,"column":42},"end":{"line":14,"column":43}},"loc":{"start":{"line":14,"column":49},"end":{"line":14,"column":63}}},"5":{"name":"(anonymous_5)","decl":{"start":{"line":23,"column":15},"end":{"line":23,"column":22}},"loc":{"start":{"line":23,"column":56},"end":{"line":28,"column":null}}},"6":{"name":"(anonymous_7)","decl":{"start":{"line":24,"column":22},"end":{"line":24,"column":23}},"loc":{"start":{"line":24,"column":35},"end":{"line":24,"column":56}}},"7":{"name":"(anonymous_8)","decl":{"start":{"line":30,"column":9},"end":{"line":30,"column":14}},"loc":{"start":{"line":30,"column":14},"end":{"line":35,"column":3}}},"8":{"name":"(anonymous_9)","decl":{"start":{"line":33,"column":53},"end":{"line":33,"column":54}},"loc":{"start":{"line":33,"column":65},"end":{"line":33,"column":79}}}},"branchMap":{"0":{"loc":{"start":{"line":8,"column":6},"end":{"line":8,"column":72}},"type":"if","locations":[{"start":{"line":8,"column":6},"end":{"line":8,"column":72}}]},"1":{"loc":{"start":{"line":13,"column":8},"end":{"line":13,"column":31}},"type":"if","locations":[{"start":{"line":13,"column":8},"end":{"line":13,"column":31}}]},"2":{"loc":{"start":{"line":15,"column":8},"end":{"line":15,"column":51}},"type":"if","locations":[{"start":{"line":15,"column":8},"end":{"line":15,"column":51}}]},"3":{"loc":{"start":{"line":16,"column":8},"end":{"line":18,"column":9}},"type":"if","locations":[{"start":{"line":16,"column":8},"end":{"line":18,"column":9}}]},"4":{"loc":{"start":{"line":26,"column":4},"end":{"line":26,"column":27}},"type":"if","locations":[{"start":{"line":26,"column":4},"end":{"line":26,"column":27}}]}},"s":{"0":17,"1":188,"2":83,"3":83,"4":81,"5":83,"6":83,"7":83,"8":0,"9":0,"10":0,"11":0,"12":0,"13":0,"14":0,"15":0,"16":0,"17":1674,"18":1674,"19":1674,"20":1674,"21":1554,"22":120,"23":123,"24":1,"25":0,"26":17},"f":{"0":188,"1":83,"2":83,"3":0,"4":0,"5":1674,"6":1674,"7":1,"8":0},"b":{"0":[81],"1":[0],"2":[0],"3":[0],"4":[1554]}}
,"/home/runner/work/reactive-rpc/reactive-rpc/src/__demos__/json-crdt-server/services/Services.ts": {"path":"/home/runner/work/reactive-rpc/reactive-rpc/src/__demos__/json-crdt-server/services/Services.ts","statementMap":{"0":{"start":{"line":1,"column":0},"end":{"line":1,"column":50}},"1":{"start":{"line":2,"column":0},"end":{"line":2,"column":46}},"2":{"start":{"line":3,"column":0},"end":{"line":3,"column":75}},"3":{"start":{"line":4,"column":0},"end":{"line":4,"column":55}},"4":{"start":{"line":18,"column":4},"end":{"line":18,"column":38}},"5":{"start":{"line":19,"column":4},"end":{"line":19,"column":42}},"6":{"start":{"line":20,"column":4},"end":{"line":20,"column":58}},"7":{"start":{"line":24,"column":4},"end":{"line":24,"column":29}},"8":{"start":{"line":12,"column":0},"end":{"line":12,"column":13}}},"fnMap":{"0":{"name":"(anonymous_0)","decl":{"start":{"line":17,"column":2},"end":{"line":17,"column":14}},"loc":{"start":{"line":17,"column":68},"end":{"line":21,"column":3}}},"1":{"name":"(anonymous_1)","decl":{"start":{"line":23,"column":8},"end":{"line":23,"column":12}},"loc":{"start":{"line":23,"column":12},"end":{"line":25,"column":null}}}},"branchMap":{"0":{"loc":{"start":{"line":17,"column":14},"end":{"line":17,"column":68}},"type":"default-arg","locations":[{"start":{"line":17,"column":66},"end":{"line":17,"column":68}}]},"1":{"loc":{"start":{"line":17,"column":15},"end":{"line":17,"column":40}},"type":"default-arg","locations":[{"start":{"line":17,"column":23},"end":{"line":17,"column":40}}]}},"s":{"0":17,"1":17,"2":17,"3":17,"4":188,"5":188,"6":188,"7":0,"8":17},"f":{"0":188,"1":0},"b":{"0":[113],"1":[115]}}
,"/home/runner/work/reactive-rpc/reactive-rpc/src/__demos__/json-crdt-server/services/blocks/BlocksServices.ts": {"path":"/home/runner/work/reactive-rpc/reactive-rpc/src/__demos__/json-crdt-server/services/blocks/BlocksServices.ts","statementMap":{"0":{"start":{"line":1,"column":0},"end":{"line":1,"column":48}},"1":{"start":{"line":2,"column":0},"end":{"line":2,"column":70}},"2":{"start":{"line":3,"column":0},"end":{"line":3,"column":52}},"3":{"start":{"line":5,"column":0},"end":{"line":5,"column":35}},"4":{"start":{"line":6,"column":0},"end":{"line":6,"column":51}},"5":{"start":{"line":7,"column":0},"end":{"line":7,"column":25}},"6":{"start":{"line":13,"column":22},"end":{"line":20,"column":1}},"7":{"start":{"line":14,"column":2},"end":{"line":14,"column":110}},"8":{"start":{"line":14,"column":67},"end":{"line":14,"column":110}},"9":{"start":{"line":15,"column":20},"end":{"line":15,"column":25}},"10":{"start":{"line":16,"column":2},"end":{"line":16,"column":76}},"11":{"start":{"line":16,"column":31},"end":{"line":16,"column":76}},"12":{"start":{"line":17,"column":2},"end":{"line":17,"column":74}},"13":{"start":{"line":17,"column":28},"end":{"line":17,"column":74}},"14":{"start":{"line":18,"column":2},"end":{"line":18,"column":71}},"15":{"start":{"line":18,"column":26},"end":{"line":18,"column":71}},"16":{"start":{"line":19,"column":2},"end":{"line":19,"column":111}},"17":{"start":{"line":19,"column":31},"end":{"line":19,"column":111}},"18":{"start":{"line":19,"column":61},"end":{"line":19,"column":111}},"19":{"start":{"line":53,"column":52},"end":{"line":53,"column":82}},"20":{"start":{"line":49,"column":23},"end":{"line":49,"column":41}},"21":{"start":{"line":50,"column":23},"end":{"line":50,"column":38}},"22":{"start":{"line":51,"column":23},"end":{"line":51,"column":50}},"23":{"start":{"line":56,"column":4},"end":{"line":56,"column":102}},"24":{"start":{"line":60,"column":16},"end":{"line":60,"column":26}},"25":{"start":{"line":61,"column":4},"end":{"line":72,"column":5}},"26":{"start":{"line":62,"column":20},"end":{"line":62,"column":56}},"27":{"start":{"line":63,"column":38},"end":{"line":68,"column":8}},"28":{"start":{"line":69,"column":6},"end":{"line":69,"column":25}},"29":{"start":{"line":70,"column":6},"end":{"line":70,"column":26}},"30":{"start":{"line":70,"column":15},"end":{"line":70,"column":24}},"31":{"start":{"line":71,"column":6},"end":{"line":71,"column":57}},"32":{"start":{"line":73,"column":4},"end":{"line":73,"column":25}},"33":{"start":{"line":74,"column":18},"end":{"line":74,"column":54}},"34":{"start":{"line":75,"column":33},"end":{"line":80,"column":6}},"35":{"start":{"line":81,"column":4},"end":{"line":81,"column":86}},"36":{"start":{"line":81,"column":39},"end":{"line":81,"column":86}},"37":{"start":{"line":82,"column":31},"end":{"line":87,"column":6}},"38":{"start":{"line":88,"column":16},"end":{"line":88,"column":58}},"39":{"start":{"line":89,"column":4},"end":{"line":89,"column":23}},"40":{"start":{"line":90,"column":4},"end":{"line":90,"column":49}},"41":{"start":{"line":90,"column":19},"end":{"line":90,"column":49}},"42":{"start":{"line":91,"column":4},"end":{"line":91,"column":24}},"43":{"start":{"line":91,"column":13},"end":{"line":91,"column":22}},"44":{"start":{"line":92,"column":4},"end":{"line":92,"column":15}},"45":{"start":{"line":96,"column":35},"end":{"line":96,"column":42}},"46":{"start":{"line":97,"column":4},"end":{"line":100,"column":7}},"47":{"start":{"line":99,"column":6},"end":{"line":99,"column":57}},"48":{"start":{"line":104,"column":35},"end":{"line":104,"column":51}},"49":{"start":{"line":105,"column":4},"end":{"line":108,"column":7}},"50":{"start":{"line":107,"column":6},"end":{"line":107,"column":61}},"51":{"start":{"line":112,"column":20},"end":{"line":112,"column":24}},"52":{"start":{"line":113,"column":19},"end":{"line":113,"column":38}},"53":{"start":{"line":114,"column":4},"end":{"line":114,"column":66}},"54":{"start":{"line":114,"column":17},"end":{"line":114,"column":66}},"55":{"start":{"line":115,"column":4},"end":{"line":115,"column":18}},"56":{"start":{"line":119,"column":20},"end":{"line":119,"column":24}},"57":{"start":{"line":120,"column":19},"end":{"line":120,"column":38}},"58":{"start":{"line":121,"column":4},"end":{"line":121,"column":66}},"59":{"start":{"line":121,"column":17},"end":{"line":121,"column":66}},"60":{"start":{"line":122,"column":18},"end":{"line":122,"column":56}},"61":{"start":{"line":123,"column":4},"end":{"line":123,"column":24}},"62":{"start":{"line":127,"column":20},"end":{"line":127,"column":47}},"63":{"start":{"line":128,"column":35},"end":{"line":128,"column":42}},"64":{"start":{"line":129,"column":4},"end":{"line":132,"column":7}},"65":{"start":{"line":131,"column":6},"end":{"line":131,"column":62}},"66":{"start":{"line":133,"column":4},"end":{"line":133,"column":19}},"67":{"start":{"line":137,"column":4},"end":{"line":168,"column":null}},"68":{"start":{"line":142,"column":20},"end":{"line":142,"column":24}},"69":{"start":{"line":143,"column":4},"end":{"line":143,"column":65}},"70":{"start":{"line":143,"column":36},"end":{"line":143,"column":65}},"71":{"start":{"line":144,"column":4},"end":{"line":144,"column":85}},"72":{"start":{"line":144,"column":36},"end":{"line":144,"column":85}},"73":{"start":{"line":145,"column":22},"end":{"line":145,"column":23}},"74":{"start":{"line":146,"column":20},"end":{"line":146,"column":21}},"75":{"start":{"line":147,"column":4},"end":{"line":147,"column":90}},"76":{"start":{"line":147,"column":47},"end":{"line":147,"column":90}},"77":{"start":{"line":148,"column":4},"end":{"line":154,"column":5}},"78":{"start":{"line":149,"column":6},"end":{"line":149,"column":32}},"79":{"start":{"line":150,"column":6},"end":{"line":150,"column":28}},"80":{"start":{"line":152,"column":6},"end":{"line":152,"column":32}},"81":{"start":{"line":153,"column":6},"end":{"line":153,"column":28}},"82":{"start":{"line":155,"column":4},"end":{"line":158,"column":5}},"83":{"start":{"line":156,"column":6},"end":{"line":156,"column":14}},"84":{"start":{"line":157,"column":6},"end":{"line":157,"column":28}},"85":{"start":{"line":159,"column":20},"end":{"line":159,"column":50}},"86":{"start":{"line":160,"column":4},"end":{"line":166,"column":5}},"87":{"start":{"line":161,"column":19},"end":{"line":161,"column":55}},"88":{"start":{"line":162,"column":6},"end":{"line":165,"column":8}},"89":{"start":{"line":167,"column":4},"end":{"line":167,"column":21}},"90":{"start":{"line":171,"column":4},"end":{"line":192,"column":null}},"91":{"start":{"line":175,"column":20},"end":{"line":175,"column":24}},"92":{"start":{"line":176,"column":4},"end":{"line":177,"column":47}},"93":{"start":{"line":177,"column":6},"end":{"line":177,"column":47}},"94":{"start":{"line":178,"column":16},"end":{"line":178,"column":35}},"95":{"start":{"line":179,"column":4},"end":{"line":185,"column":5}},"96":{"start":{"line":180,"column":6},"end":{"line":183,"column":7}},"97":{"start":{"line":181,"column":20},"end":{"line":181,"column":41}},"98":{"start":{"line":182,"column":8},"end":{"line":182,"column":85}},"99":{"start":{"line":184,"column":6},"end":{"line":184,"column":32}},"100":{"start":{"line":186,"column":4},"end":{"line":186,"column":70}},"101":{"start":{"line":186,"column":28},"end":{"line":186,"column":70}},"102":{"start":{"line":187,"column":4},"end":{"line":187,"column":51}},"103":{"start":{"line":187,"column":30},"end":{"line":187,"column":51}},"104":{"start":{"line":188,"column":18},"end":{"line":188,"column":36}},"105":{"start":{"line":189,"column":4},"end":{"line":189,"column":84}},"106":{"start":{"line":189,"column":44},"end":{"line":189,"column":84}},"107":{"start":{"line":190,"column":20},"end":{"line":190,"column":63}},"108":{"start":{"line":191,"column":4},"end":{"line":191,"column":21}},"109":{"start":{"line":195,"column":4},"end":{"line":202,"column":5}},"110":{"start":{"line":196,"column":21},"end":{"line":196,"column":48}},"111":{"start":{"line":197,"column":6},"end":{"line":201,"column":7}},"112":{"start":{"line":198,"column":20},"end":{"line":198,"column":48}},"113":{"start":{"line":199,"column":8},"end":{"line":199,"column":70}},"114":{"start":{"line":199,"column":24},"end":{"line":199,"column":70}},"115":{"start":{"line":200,"column":8},"end":{"line":200,"column":65}},"116":{"start":{"line":203,"column":4},"end":{"line":203,"column":25}},"117":{"start":{"line":204,"column":20},"end":{"line":204,"column"
[...]
olumn":32}},"137":{"start":{"line":199,"column":19},"end":{"line":199,"column":60}},"138":{"start":{"line":200,"column":4},"end":{"line":200,"column":23}},"139":{"start":{"line":201,"column":4},"end":{"line":201,"column":21}},"140":{"start":{"line":205,"column":20},"end":{"line":205,"column":32}},"141":{"start":{"line":206,"column":19},"end":{"line":206,"column":33}},"142":{"start":{"line":207,"column":17},"end":{"line":207,"column":30}},"143":{"start":{"line":208,"column":4},"end":{"line":208,"column":53}},"144":{"start":{"line":209,"column":4},"end":{"line":209,"column":32}},"145":{"start":{"line":210,"column":4},"end":{"line":210,"column":21}},"146":{"start":{"line":211,"column":16},"end":{"line":211,"column":30}},"147":{"start":{"line":212,"column":4},"end":{"line":212,"column":20}},"148":{"start":{"line":10,"column":0},"end":{"line":10,"column":13}}},"fnMap":{"0":{"name":"(anonymous_0)","decl":{"start":{"line":42,"column":2},"end":{"line":42,"column":null}},"loc":{"start":{"line":44,"column":52},"end":{"line":123,"column":3}}},"1":{"name":"(anonymous_1)","decl":{"start":{"line":15,"column":34},"end":{"line":15,"column":35}},"loc":{"start":{"line":15,"column":68},"end":{"line":17,"column":3}}},"2":{"name":"(anonymous_2)","decl":{"start":{"line":21,"column":38},"end":{"line":21,"column":39}},"loc":{"start":{"line":21,"column":99},"end":{"line":34,"column":3}}},"3":{"name":"(anonymous_3)","decl":{"start":{"line":36,"column":66},"end":{"line":36,"column":69}},"loc":{"start":{"line":36,"column":71},"end":{"line":36,"column":74}}},"4":{"name":"(anonymous_4)","decl":{"start":{"line":39,"column":53},"end":{"line":39,"column":56}},"loc":{"start":{"line":39,"column":58},"end":{"line":39,"column":61}}},"5":{"name":"(anonymous_5)","decl":{"start":{"line":40,"column":59},"end":{"line":40,"column":62}},"loc":{"start":{"line":40,"column":64},"end":{"line":40,"column":67}}},"6":{"name":"(anonymous_6)","decl":{"start":{"line":49,"column":23},"end":{"line":49,"column":24}},"loc":{"start":{"line":49,"column":50},"end":{"line":110,"column":5}}},"7":{"name":"(anonymous_7)","decl":{"start":{"line":111,"column":24},"end":{"line":111,"column":25}},"loc":{"start":{"line":111,"column":52},"end":{"line":114,"column":5}}},"8":{"name":"(anonymous_8)","decl":{"start":{"line":117,"column":23},"end":{"line":117,"column":24}},"loc":{"start":{"line":117,"column":38},"end":{"line":122,"column":5}}},"9":{"name":"(anonymous_9)","decl":{"start":{"line":125,"column":9},"end":{"line":125,"column":14}},"loc":{"start":{"line":125,"column":14},"end":{"line":131,"column":3}}},"10":{"name":"(anonymous_10)","decl":{"start":{"line":133,"column":10},"end":{"line":133,"column":17}},"loc":{"start":{"line":133,"column":46},"end":{"line":143,"column":3}}},"11":{"name":"(anonymous_11)","decl":{"start":{"line":147,"column":9},"end":{"line":147,"column":16}},"loc":{"start":{"line":147,"column":102},"end":{"line":160,"column":3}}},"12":{"name":"(anonymous_12)","decl":{"start":{"line":167,"column":9},"end":{"line":167,"column":14}},"loc":{"start":{"line":167,"column":30},"end":{"line":183,"column":3}}},"13":{"name":"(anonymous_13)","decl":{"start":{"line":171,"column":37},"end":{"line":171,"column":40}},"loc":{"start":{"line":171,"column":42},"end":{"line":182,"column":5}}},"14":{"name":"(anonymous_14)","decl":{"start":{"line":187,"column":9},"end":{"line":187,"column":17}},"loc":{"start":{"line":187,"column":41},"end":{"line":190,"column":3}}},"15":{"name":"(anonymous_15)","decl":{"start":{"line":192,"column":9},"end":{"line":192,"column":17}},"loc":{"start":{"line":192,"column":41},"end":{"line":195,"column":3}}},"16":{"name":"(anonymous_16)","decl":{"start":{"line":197,"column":9},"end":{"line":197,"column":19}},"loc":{"start":{"line":197,"column":36},"end":{"line":202,"column":3}}},"17":{"name":"(anonymous_17)","decl":{"start":{"line":204,"column":9},"end":{"line":204,"column":19}},"loc":{"start":{"line":204,"column":31},"end":{"line":213,"column":3}}}},"branchMap":{"0":{"loc":{"start":{"line":24,"column":4},"end":{"line":27,"column":5}},"type":"if","locations":[{"start":{"line":24,"column":4},"end":{"line":27,"column":5}}]},"1":{"loc":{"start":{"line":29,"column":4},"end":{"line":29,"column":24}},"type":"if","locations":[{"start":{"line":29,"column":4},"end":{"line":29,"column":24}}]},"2":{"loc":{"start":{"line":53,"column":10},"end":{"line":74,"column":11}},"type":"if","locations":[{"start":{"line":53,"column":10},"end":{"line":74,"column":11}}]},"3":{"loc":{"start":{"line":55,"column":12},"end":{"line":58,"column":13}},"type":"if","locations":[{"start":{"line":55,"column":12},"end":{"line":58,"column":13}}]},"4":{"loc":{"start":{"line":59,"column":12},"end":{"line":73,"column":25}},"type":"if","locations":[{"start":{"line":59,"column":12},"end":{"line":73,"column":25}},{"start":{"line":73,"column":19},"end":{"line":73,"column":25}}]},"5":{"loc":{"start":{"line":62,"column":14},"end":{"line":72,"column":15}},"type":"if","locations":[{"start":{"line":62,"column":14},"end":{"line":72,"column":15}},{"start":{"line":68,"column":21},"end":{"line":72,"column":15}}]},"6":{"loc":{"start":{"line":66,"column":16},"end":{"line":66,"column":60}},"type":"if","locations":[{"start":{"line":66,"column":16},"end":{"line":66,"column":60}}]},"7":{"loc":{"start":{"line":76,"column":10},"end":{"line":76,"column":28}},"type":"if","locations":[{"start":{"line":76,"column":10},"end":{"line":76,"column":28}}]},"8":{"loc":{"start":{"line":77,"column":10},"end":{"line":80,"column":11}},"type":"if","locations":[{"start":{"line":77,"column":10},"end":{"line":80,"column":11}}]},"9":{"loc":{"start":{"line":81,"column":10},"end":{"line":84,"column":11}},"type":"if","locations":[{"start":{"line":81,"column":10},"end":{"line":84,"column":11}}]},"10":{"loc":{"start":{"line":85,"column":10},"end":{"line":89,"column":11}},"type":"if","locations":[{"start":{"line":85,"column":10},"end":{"line":89,"column":11}}]},"11":{"loc":{"start":{"line":90,"column":10},"end":{"line":105,"column":11}},"type":"if","locations":[{"start":{"line":90,"column":10},"end":{"line":105,"column":11}}]},"12":{"loc":{"start":{"line":91,"column":12},"end":{"line":97,"column":13}},"type":"if","locations":[{"start":{"line":91,"column":12},"end":{"line":97,"column":13}}]},"13":{"loc":{"start":{"line":92,"column":14},"end":{"line":95,"column":15}},"type":"if","locations":[{"start":{"line":92,"column":14},"end":{"line":95,"column":15}}]},"14":{"loc":{"start":{"line":98,"column":12},"end":{"line":102,"column":13}},"type":"if","locations":[{"start":{"line":98,"column":12},"end":{"line":102,"column":13}}]},"15":{"loc":{"start":{"line":112,"column":6},"end":{"line":112,"column":30}},"type":"if","locations":[{"start":{"line":112,"column":6},"end":{"line":112,"column":30}}]},"16":{"loc":{"start":{"line":113,"column":19},"end":{"line":113,"column":41}},"type":"cond-expr","locations":[{"start":{"line":113,"column":30},"end":{"line":113,"column":34}},{"start":{"line":113,"column":37},"end":{"line":113,"column":41}}]},"17":{"loc":{"start":{"line":135,"column":4},"end":{"line":138,"column":5}},"type":"if","locations":[{"start":{"line":135,"column":4},"end":{"line":138,"column":5}}]},"18":{"loc":{"start":{"line":141,"column":4},"end":{"line":141,"column":44}},"type":"if","locations":[{"start":{"line":141,"column":4},"end":{"line":141,"column":44}}]},"19":{"loc":{"start":{"line":156,"column":9},"end":{"line":156,"column":95}},"type":"cond-expr","locations":[{"start":{"line":156,"column":32},"end":{"line":156,"column":90}},{"start":{"line":156,"column":93},"end":{"line":156,"column":95}}]},"20":{"loc":{"start":{"line":168,"column":4},"end":{"line":168,"column":28}},"type":"if","locations":[{"start":{"line":168,"column":4},"end":{"line":168,"column":28}}]},"21":{"loc":{"start":{"line":170,"column":4},"end":{"line":170,"column":34}},"type":"if","locations":[{"start":{"line":170,"column":4},"end":{"line":170,"column":34}}]},"22":{"loc":{"start":{"line":175,"column":6},"end":{"line":175,"column":33}},"type":"if","locations":[{"start":{"line":175,"column":6},"end":{"line":175,"column":33}}]},"23":{"loc":{"start":{"line":177,"column":6},"end":{"line":177,"column":91}},"type":"if","locations":[{"start":{"line":177,"column":6},"end":{"line":177,"column":91}}]}},"s":{"0":1,"1":1,"2":1,"3":1,"4":13,"5":13,"6":13,"7":13,"8":13,"9":13,"10":4,"11":13,"12":13,"13":13,"14":6,"15":6,"16":6,"17":1,"18":1,"19":5,"20":5,"21":4,"22":1,"23":1,"24":1,"25":1,"26":13,"27":13,"28":13,"29":13,"30":13,"31":13,"32":13,"33":13,"34":13,"35":13,"36":13,"37":45,"38":45,"39":45,"40":45,"41":79,"42":30,"43":30,"44":1,"45":1,"46":29,"47":16,"48":16,"49":16,"50":9,"51":9,"52":9,"53":9,"54":3,"55":9,"56":7,"57":7,"58":7,"59":13,"60":65,"61":65,"62":31,"63":34,"64":7,"65":7,"66":27,"67":9,"68":9,"69":18,"70":1,"71":1,"72":1,"73":17,"74":17,"75":6,"76":0,"77":0,"78":6,"79":17,"80":6,"81":6,"82":6,"83":11,"84":11,"85":0,"86":13,"87":0,"88":0,"89":0,"90":13,"91":13,"92":13,"93":0,"94":0,"95":0,"96":0,"97":0,"98":0,"99":0,"100":3,"101":3,"102":0,"103":0,"104":3,"105":3,"106":3,"107":3,"108":3,"109":0,"110":0,"111":0,"112":4,"113":0,"114":4,"115":4,"116":2,"117":2,"118":0,"119":0,"120":0,"121":0,"122":0,"123":0,"124":0,"125":0,"126":0,"127":0,"128":0,"129":0,"130":0,"131":0,"132":0,"133":0,"134":4,"135":4,"136":0,"137":0,"138":0,"139":0,"140":0,"141":0,"142":0,"143":0,"144":0,"145":0,"146":0,"147":0,"148":1},"f":{"0":13,"1":4,"2":6,"3":0,"4":8,"5":0,"6":45,"7":0,"8":0,"9":0,"10":3,"11":0,"12":4,"13":0,"14":0,"15":4,"16":0,"17":0},"b":{"0":[1],"1":[4],"2":[30],"3":[1],"4":[16,13],"5":[9,7],"6":[3],"7":[31],"8":[7],"9":[9],"10":[1],"11":[17],"12":[6],"13":[0],"14":[6],"15":[0],"16":[0,0],"17":[0],"18":[3],"19":[0,0],"20":[0],"21":[2],"22":[0],"23":[0]}}
,"/home/runner/work/reactive-rpc/reactive-rpc/src/util/Defer.ts": {"path":"/home/runner/work/reactive-rpc/reactive-rpc/src/util/Defer.ts","statementMap":{"0":{"start":{"line":16,"column":18},"end":{"line":19,"column":5}},"1":{"start":{"line":17,"column":5},"end":{"line":17,"column":36}},"2":{"start":{"line":18,"column":5},"end":{"line":18,"column":34}},"3":{"start":{"line":13,"column":0},"end":{"line":13,"column":13}}},"fnMap":{"0":{"name":"(anonymous_0)","decl":{"start":{"line":13,"column":0},"end":{"line":13,"column":13}},"loc":{"start":{"line":13,"column":0},"end":{"line":20,"column":1}}},"1":{"name":"(anonymous_1)","decl":{"start":{"line":16,"column":55},"end":{"line":16,"column":56}},"loc":{"start":{"line":16,"column":75},"end":{"line":19,"column":3}}}},"branchMap":{},"s":{"0":26,"1":26,"2":26,"3":5},"f":{"0":26,"1":26},"b":{}}
,"/home/runner/work/reactive-rpc/reactive-rpc/src/util/Mutex.ts": {"path":"/home/runner/work/reactive-rpc/reactive-rpc/src/util/Mutex.ts","statementMap":{"0":{"start":{"line":1,"column":0},"end":{"line":1,"column":41}},"1":{"start":{"line":5,"column":20},"end":{"line":5,"column":42}},"2":{"start":{"line":6,"column":20},"end":{"line":6,"column":36}},"3":{"start":{"line":11,"column":21},"end":{"line":11,"column":65}},"4":{"start":{"line":13,"column":18},"end":{"line":22,"column":4}},"5":{"start":{"line":13,"column":89},"end":{"line":22,"column":4}},"6":{"start":{"line":14,"column":18},"end":{"line":14,"column":37}},"7":{"start":{"line":15,"column":18},"end":{"line":15,"column":49}},"8":{"start":{"line":16,"column":4},"end":{"line":20,"column":5}},"9":{"start":{"line":16,"column":32},"end":{"line":16,"column":68}},"10":{"start":{"line":18,"column":6},"end":{"line":18,"column":30}},"11":{"start":{"line":19,"column":6},"end":{"line":19,"column":43}},"12":{"start":{"line":21,"column":4},"end":{"line":21,"column":38}},"13":{"start":{"line":25,"column":4},"end":{"line":40,"column":5}},"14":{"start":{"line":26,"column":21},"end":{"line":26,"column":39}},"15":{"start":{"line":27,"column":6},"end":{"line":27,"column":35}},"16":{"start":{"line":29,"column":6},"end":{"line":29,"column":33}},"17":{"start":{"line":31,"column":20},"end":{"line":31,"column":30}},"18":{"start":{"line":32,"column":22},"end":{"line":32,"column":36}},"19":{"start":{"line":33,"column":6},"end":{"line":39,"column":7}},"20":{"start":{"line":34,"column":8},"end":{"line":38,"column":9}},"21":{"start":{"line":34,"column":29},"end":{"line":34,"column":47}},"22":{"start":{"line":36,"column":23},"end":{"line":36,"column":38}},"23":{"start":{"line":37,"column":10},"end":{"line":37,"column":73}},"24":{"start":{"line":37,"column":37},"end":{"line":37,"column":73}},"25":{"start":{"line":10,"column":0},"end":{"line":10,"column":13}}},"fnMap":{"0":{"name":"(anonymous_0)","decl":{"start":{"line":4,"column":2},"end":{"line":4,"column":null}},"loc":{"start":{"line":6,"column":36},"end":{"line":7,"column":6}}},"1":{"name":"(anonymous_1)","decl":{"start":{"line":10,"column":0},"end":{"line":10,"column":13}},"loc":{"start":{"line":10,"column":0},"end":{"line":42,"column":1}}},"2":{"name":"(anonymous_2)","decl":{"start":{"line":13,"column":28},"end":{"line":13,"column":38}},"loc":{"start":{"line":13,"column":89},"end":{"line":22,"column":4}}},"3":{"name":"(anonymous_3)","decl":{"start":{"line":13,"column":89},"end":{"line":13,"column":null}},"loc":{"start":{"line":13,"column":89},"end":{"line":22,"column":3}}},"4":{"name":"(anonymous_4)","decl":{"start":{"line":19,"column":33},"end":{"line":19,"column":36}},"loc":{"start":{"line":19,"column":38},"end":{"line":19,"column":41}}},"5":{"name":"(anonymous_5)","decl":{"start":{"line":24,"column":18},"end":{"line":24,"column":21}},"loc":{"start":{"line":24,"column":53},"end":{"line":41,"column":null}}},"6":{"name":"(anonymous_7)","decl":{"start":{"line":37,"column":63},"end":{"line":37,"column":66}},"loc":{"start":{"line":37,"column":68},"end":{"line":37,"column":71}}}},"branchMap":{"0":{"loc":{"start":{"line":16,"column":4},"end":{"line":20,"column":5}},"type":"if","locations":[{"start":{"line":16,"column":4},"end":{"line":20,"column":5}},{"start":{"line":17,"column":9},"end":{"line":20,"column":5}}]},"1":{"loc":{"start":{"line":33,"column":6},"end":{"line":39,"column":7}},"type":"if","locations":[{"start":{"line":33,"column":6},"end":{"line":39,"column":7}}]},"2":{"loc":{"start":{"line":34,"column":8},"end":{"line":38,"column":9}},"type":"if","locations":[{"start":{"line":34,"column":8},"end":{"line":38,"column":9}},{"start":{"line":35,"column":13},"end":{"line":38,"column":9}}]},"3":{"loc":{"start":{"line":37,"column":10},"end":{"line":37,"column":73}},"type":"if","locations":[{"start":{"line":37,"column":10},"end":{"line":37,"column":73}}]}},"s":{"0":18,"1":1213,"2":1213,"3":47,"4":47,"5":1213,"6":1213,"7":1213,"8":1213,"9":93,"10":1120,"11":1120,"12":1213,"13":1213,"14":1213,"15":1208,"16":5,"17":1213,"18":1213,"19":1213,"20":1213,"21":1120,"22":93,"23":93,"24":93,"25":18},"f":{"0":1213,"1":47,"2":1213,"3":1213,"4":0,"5":1213,"6":0},"b":{"0":[93,1120],"1":[1213],"2":[1120,93],"3":[93]}}
,"/home/runner/work/reactive-rpc/reactive-rpc/src/util/rx/BufferSubject.ts": {"path":"/home/runner/work/reactive-rpc/reactive-rpc/src/util/rx/BufferSubject.ts","statementMap":{"0":{"start":{"line":1,"column":0},"end":{"line":1,"column":55}},"1":{"start":{"line":2,"column":0},"end":{"line":2,"column":64}},"2":{"start":{"line":9,"column":4},"end":{"line":9,"column":12}},"3":{"start":{"line":8,"column":30},"end":{"line":8,"column":48}},"4":{"start":{"line":5,"column":10},"end":{"line":5,"column":27}},"5":{"start":{"line":6,"column":10},"end":{"line":6,"column":29}},"6":{"start":{"line":14,"column":4},"end":{"line":14,"column":26}},"7":{"start":{"line":16,"column":25},"end":{"line":16,"column":57}},"8":{"start":{"line":17,"column":21},"end":{"line":17,"column":25}},"9":{"start":{"line":18,"column":4},"end":{"line":20,"column":5}},"10":{"start":{"line":18,"column":17},"end":{"line":18,"column":18}},"11":{"start":{"line":19,"column":6},"end":{"line":19,"column":38}},"12":{"start":{"line":22,"column":4},"end":{"line":22,"column":45}},"13":{"start":{"line":23,"column":4},"end":{"line":23,"column":24}},"14":{"start":{"line":27,"column":4},"end":{"line":33,"column":5}},"15":{"start":{"line":28,"column":6},"end":{"line":31,"column":7}},"16":{"start":{"line":29,"column":8},"end":{"line":29,"column":69}},"17":{"start":{"line":30,"column":8},"end":{"line":30,"column":15}},"18":{"start":{"line":32,"column":6},"end":{"line":32,"column":30}},"19":{"start":{"line":34,"column":4},"end":{"line":34,"column":22}},"20":{"start":{"line":38,"column":4},"end":{"line":38,"column":29}},"21":{"start":{"line":39,"column":4},"end":{"line":39,"column":21}},"22":{"start":{"line":4,"column":0},"end":{"line":4,"column":13}}},"fnMap":{"0":{"name":"(anonymous_0)","decl":{"start":{"line":8,"column":2},"end":{"line":8,"column":30}},"loc":{"start":{"line":8,"column":48},"end":{"line":10,"column":3}}},"1":{"name":"(anonymous_1)","decl":{"start":{"line":12,"column":12},"end":{"line":12,"column":22}},"loc":{"start":{"line":12,"column":48},"end":{"line":24,"column":3}}},"2":{"name":"(anonymous_2)","decl":{"start":{"line":26,"column":9},"end":{"line":26,"column":13}},"loc":{"start":{"line":26,"column":22},"end":{"line":35,"column":3}}},"3":{"name":"(anonymous_3)","decl":{"start":{"line":37,"column":9},"end":{"line":37,"column":14}},"loc":{"start":{"line":37,"column":14},"end":{"line":40,"column":3}}}},"branchMap":{"0":{"loc":{"start":{"line":18,"column":20},"end":{"line":18,"column":59}},"type":"binary-expr","locations":[{"start":{"line":18,"column":20},"end":{"line":18,"column":37}},{"start":{"line":18,"column":41},"end":{"line":18,"column":59}}]},"1":{"loc":{"start":{"line":27,"column":4},"end":{"line":33,"column":5}},"type":"if","locations":[{"start":{"line":27,"column":4},"end":{"line":33,"column":5}}]},"2":{"loc":{"start":{"line":28,"column":6},"end":{"line":31,"column":7}},"type":"if","locations":[{"start":{"line":28,"column":6},"end":{"line":31,"column":7}}]}},"s":{"0":27,"1":27,"2":202,"3":202,"4":202,"5":202,"6":499,"7":499,"8":499,"9":499,"10":499,"11":156,"12":499,"13":499,"14":222,"15":212,"16":4,"17":4,"18":208,"19":218,"20":148,"21":148,"22":27},"f":{"0":202,"1":499,"2":222,"3":148},"b":{"0":[655,156],"1":[212],"2":[4]}}
,"/home/runner/work/reactive-rpc/reactive-rpc/src/util/rx/shareByKey.ts": {"path":"/home/runner/work/reactive-rpc/reactive-rpc/src/util/rx/shareByKey.ts","statementMap":{"0":{"start":{"line":1,"column":0},"end":{"line":1,"column":56}},"1":{"start":{"line":3,"column":26},"end":{"line":17,"column":1}},"2":{"start":{"line":4,"column":50},"end":{"line":4,"column":52}},"3":{"start":{"line":5,"column":2},"end":{"line":16,"column":4}},"4":{"start":{"line":6,"column":23},"end":{"line":6,"column":31}},"5":{"start":{"line":7,"column":4},"end":{"line":7,"column":38}},"6":{"start":{"line":7,"column":20},"end":{"line":7,"column":38}},"7":{"start":{"line":8,"column":4},"end":{"line":15,"column":7}},"8":{"start":{"line":8,"column":35},"end":{"line":8,"column":43}},"9":{"start":{"line":10,"column":8},"end":{"line":10,"column":24}},"10":{"start":{"line":3,"column":13},"end":{"line":3,"column":26}}},"fnMap":{"0":{"name":"(anonymous_0)","decl":{"start":{"line":3,"column":26},"end":{"line":3,"column":35}},"loc":{"start":{"line":3,"column":118},"end":{"line":17,"column":1}}},"1":{"name":"(anonymous_1)","decl":{"start":{"line":5,"column":9},"end":{"line":5,"column":10}},"loc":{"start":{"line":5,"column":25},"end":{"line":16,"column":3}}},"2":{"name":"(anonymous_2)","decl":{"start":{"line":8,"column":29},"end":{"line":8,"column":32}},"loc":{"start":{"line":8,"column":35},"end":{"line":8,"column":43}}},"3":{"name":"(anonymous_3)","decl":{"start":{"line":9,"column":15},"end":{"line":9,"column":18}},"loc":{"start":{"line":9,"column":20},"end":{"line":11,"column":7}}}},"branchMap":{"0":{"loc":{"start":{"line":7,"column":4},"end":{"line":7,"column":38}},"type":"if","locations":[{"start":{"line":7,"column":4},"end":{"line":7,"column":38}}]}},"s":{"0":12,"1":12,"2":111,"3":111,"4":78,"5":78,"6":13,"7":65,"8":65,"9":64,"10":12},"f":{"0":111,"1":78,"2":65,"3":64},"b":{"0":[13]}}
}
