{"/home/runner/work/reactive-rpc/reactive-rpc/src/__demos__/json-crdt-server/__tests__/setup.ts": {"path":"/home/runner/work/reactive-rpc/reactive-rpc/src/__demos__/json-crdt-server/__tests__/setup.ts","statementMap":{"0":{"start":{"line":1,"column":0},"end":{"line":1,"column":70}},"1":{"start":{"line":2,"column":0},"end":{"line":2,"column":39}},"2":{"start":{"line":3,"column":0},"end":{"line":3,"column":46}},"3":{"start":{"line":5,"column":21},"end":{"line":19,"column":2}},"4":{"start":{"line":5,"column":32},"end":{"line":19,"column":2}},"5":{"start":{"line":6,"column":19},"end":{"line":6,"column":33}},"6":{"start":{"line":7,"column":19},"end":{"line":7,"column":41}},"7":{"start":{"line":8,"column":19},"end":{"line":14,"column":4}},"8":{"start":{"line":15,"column":15},"end":{"line":15,"column":39}},"9":{"start":{"line":16,"column":16},"end":{"line":16,"column":41}},"10":{"start":{"line":17,"column":15},"end":{"line":17,"column":23}},"11":{"start":{"line":18,"column":2},"end":{"line":18,"column":29}},"12":{"start":{"line":5,"column":13},"end":{"line":5,"column":21}}},"fnMap":{"0":{"name":"(anonymous_0)","decl":{"start":{"line":5,"column":21},"end":{"line":5,"column":30}},"loc":{"start":{"line":5,"column":32},"end":{"line":19,"column":2}}},"1":{"name":"(anonymous_1)","decl":{"start":{"line":5,"column":32},"end":{"line":5,"column":null}},"loc":{"start":{"line":5,"column":32},"end":{"line":19,"column":1}}},"2":{"name":"(anonymous_2)","decl":{"start":{"line":17,"column":15},"end":{"line":17,"column":18}},"loc":{"start":{"line":17,"column":20},"end":{"line":17,"column":23}}}},"branchMap":{},"s":{"0":4,"1":4,"2":4,"3":4,"4":23,"5":23,"6":23,"7":23,"8":23,"9":23,"10":23,"11":23,"12":4},"f":{"0":23,"1":23,"2":23},"b":{}}
,"/home/runner/work/reactive-rpc/reactive-rpc/src/__demos__/json-crdt-server/routes/index.ts": {"path":"/home/runner/work/reactive-rpc/reactive-rpc/src/__demos__/json-crdt-server/routes/index.ts","statementMap":{"0":{"start":{"line":1,"column":0},"end":{"line":1,"column":32}},"1":{"start":{"line":2,"column":0},"end":{"line":2,"column":52}},"2":{"start":{"line":3,"column":0},"end":{"line":3,"column":56}},"3":{"start":{"line":4,"column":0},"end":{"line":4,"column":79}},"4":{"start":{"line":5,"column":0},"end":{"line":5,"column":32}},"5":{"start":{"line":6,"column":0},"end":{"line":6,"column":69}},"6":{"start":{"line":7,"column":0},"end":{"line":7,"column":46}},"7":{"start":{"line":10,"column":28},"end":{"line":19,"column":1}},"8":{"start":{"line":11,"column":17},"end":{"line":11,"column":43}},"9":{"start":{"line":12,"column":26},"end":{"line":17,"column":4}},"10":{"start":{"line":18,"column":2},"end":{"line":18,"column":30}},"11":{"start":{"line":10,"column":13},"end":{"line":10,"column":28}},"12":{"start":{"line":21,"column":28},"end":{"line":34,"column":1}},"13":{"start":{"line":22,"column":17},"end":{"line":22,"column":39}},"14":{"start":{"line":23,"column":17},"end":{"line":32,"column":4}},"15":{"start":{"line":26,"column":6},"end":{"line":26,"column":50}},"16":{"start":{"line":26,"column":37},"end":{"line":26,"column":50}},"17":{"start":{"line":27,"column":6},"end":{"line":27,"column":66}},"18":{"start":{"line":27,"column":37},"end":{"line":27,"column":66}},"19":{"start":{"line":29,"column":6},"end":{"line":29,"column":27}},"20":{"start":{"line":30,"column":6},"end":{"line":30,"column":39}},"21":{"start":{"line":33,"column":2},"end":{"line":33,"column":26}},"22":{"start":{"line":21,"column":13},"end":{"line":21,"column":28}}},"fnMap":{"0":{"name":"(anonymous_0)","decl":{"start":{"line":10,"column":28},"end":{"line":10,"column":29}},"loc":{"start":{"line":10,"column":51},"end":{"line":19,"column":1}}},"1":{"name":"(anonymous_1)","decl":{"start":{"line":21,"column":28},"end":{"line":21,"column":29}},"loc":{"start":{"line":21,"column":68},"end":{"line":34,"column":1}}},"2":{"name":"(anonymous_2)","decl":{"start":{"line":25,"column":23},"end":{"line":25,"column":24}},"loc":{"start":{"line":25,"column":42},"end":{"line":31,"column":5}}}},"branchMap":{"0":{"loc":{"start":{"line":21,"column":29},"end":{"line":21,"column":64}},"type":"default-arg","locations":[{"start":{"line":21,"column":50},"end":{"line":21,"column":64}}]},"1":{"loc":{"start":{"line":26,"column":6},"end":{"line":26,"column":50}},"type":"if","locations":[{"start":{"line":26,"column":6},"end":{"line":26,"column":50}}]},"2":{"loc":{"start":{"line":27,"column":6},"end":{"line":27,"column":66}},"type":"if","locations":[{"start":{"line":27,"column":6},"end":{"line":27,"column":66}}]}},"s":{"0":5,"1":5,"2":5,"3":5,"4":5,"5":5,"6":5,"7":5,"8":24,"9":24,"10":24,"11":5,"12":5,"13":24,"14":24,"15":1,"16":0,"17":1,"18":1,"19":0,"20":0,"21":24,"22":5},"f":{"0":24,"1":24,"2":1},"b":{"0":[1],"1":[0],"2":[1]}}
,"/home/runner/work/reactive-rpc/reactive-rpc/src/__demos__/json-crdt-server/routes/routes.ts": {"path":"/home/runner/work/reactive-rpc/reactive-rpc/src/__demos__/json-crdt-server/routes/routes.ts","statementMap":{"0":{"start":{"line":1,"column":0},"end":{"line":1,"column":28}},"1":{"start":{"line":2,"column":0},"end":{"line":2,"column":32}},"2":{"start":{"line":3,"column":0},"end":{"line":3,"column":36}},"3":{"start":{"line":4,"column":0},"end":{"line":4,"column":30}},"4":{"start":{"line":10,"column":22},"end":{"line":16,"column":11}},"5":{"start":{"line":10,"column":40},"end":{"line":16,"column":11}},"6":{"start":{"line":11,"column":4},"end":{"line":16,"column":10}},"7":{"start":{"line":10,"column":13},"end":{"line":10,"column":22}}},"fnMap":{"0":{"name":"(anonymous_0)","decl":{"start":{"line":10,"column":22},"end":{"line":10,"column":23}},"loc":{"start":{"line":10,"column":40},"end":{"line":16,"column":11}}},"1":{"name":"(anonymous_1)","decl":{"start":{"line":10,"column":40},"end":{"line":10,"column":68}},"loc":{"start":{"line":11,"column":4},"end":{"line":16,"column":10}}}},"branchMap":{},"s":{"0":5,"1":5,"2":5,"3":5,"4":5,"5":24,"6":24,"7":5},"f":{"0":24,"1":24},"b":{}}
,"/home/runner/work/reactive-rpc/reactive-rpc/src/__demos__/json-crdt-server/routes/system.ts": {"path":"/home/runner/work/reactive-rpc/reactive-rpc/src/__demos__/json-crdt-server/routes/system.ts","statementMap":{"0":{"start":{"line":1,"column":0},"end":{"line":1,"column":50}},"1":{"start":{"line":3,"column":13},"end":{"line":3,"column":39}},"2":{"start":{"line":4,"column":13},"end":{"line":4,"column":26}}},"fnMap":{},"branchMap":{},"s":{"0":5,"1":5,"2":5},"f":{},"b":{}}
,"/home/runner/work/reactive-rpc/reactive-rpc/src/__demos__/json-crdt-server/routes/block/index.ts": {"path":"/home/runner/work/reactive-rpc/reactive-rpc/src/__demos__/json-crdt-server/routes/block/index.ts","statementMap":{"0":{"start":{"line":1,"column":0},"end":{"line":1,"column":35}},"1":{"start":{"line":2,"column":0},"end":{"line":2,"column":34}},"2":{"start":{"line":3,"column":0},"end":{"line":3,"column":34}},"3":{"start":{"line":4,"column":0},"end":{"line":4,"column":34}},"4":{"start":{"line":5,"column":0},"end":{"line":5,"column":36}},"5":{"start":{"line":6,"column":0},"end":{"line":6,"column":40}},"6":{"start":{"line":7,"column":0},"end":{"line":7,"column":null}},"7":{"start":{"line":20,"column":2},"end":{"line":42,"column":3}},"8":{"start":{"line":21,"column":2},"end":{"line":42,"column":3}},"9":{"start":{"line":22,"column":21},"end":{"line":22,"column":22}},"10":{"start":{"line":24,"column":4},"end":{"line":24,"column":37}},"11":{"start":{"line":25,"column":4},"end":{"line":25,"column":39}},"12":{"start":{"line":26,"column":4},"end":{"line":26,"column":33}},"13":{"start":{"line":27,"column":4},"end":{"line":27,"column":47}},"14":{"start":{"line":28,"column":4},"end":{"line":28,"column":59}},"15":{"start":{"line":29,"column":4},"end":{"line":29,"column":43}},"16":{"start":{"line":30,"column":4},"end":{"line":30,"column":57}},"17":{"start":{"line":31,"column":4},"end":{"line":31,"column":69}},"18":{"start":{"line":34,"column":4},"end":{"line":41,"column":17}},"19":{"start":{"line":19,"column":13},"end":{"line":19,"column":null}}},"fnMap":{"0":{"name":"(anonymous_0)","decl":{"start":{"line":20,"column":2},"end":{"line":20,"column":3}},"loc":{"start":{"line":21,"column":2},"end":{"line":42,"column":3}}},"1":{"name":"(anonymous_1)","decl":{"start":{"line":21,"column":2},"end":{"line":21,"column":25}},"loc":{"start":{"line":21,"column":41},"end":{"line":42,"column":3}}}},"branchMap":{},"s":{"0":5,"1":5,"2":5,"3":5,"4":5,"5":5,"6":5,"7":5,"8":24,"9":24,"10":24,"11":24,"12":24,"13":24,"14":24,"15":24,"16":24,"17":24,"18":24,"19":5},"f":{"0":24,"1":24},"b":{}}
,"/home/runner/work/reactive-rpc/reactive-rpc/src/__demos__/json-crdt-server/routes/block/schema.ts": {"path":"/home/runner/work/reactive-rpc/reactive-rpc/src/__demos__/json-crdt-server/routes/block/schema.ts","statementMap":{"0":{"start":{"line":2,"column":0},"end":{"line":2,"column":28}},"1":{"start":{"line":5,"column":13},"end":{"line":9,"column":3}},"2":{"start":{"line":12,"column":13},"end":{"line":16,"column":3}},"3":{"start":{"line":21,"column":13},"end":{"line":23,"column":2}},"4":{"start":{"line":25,"column":13},"end":{"line":30,"column":2}},"5":{"start":{"line":32,"column":13},"end":{"line":32,"column":61}},"6":{"start":{"line":37,"column":13},"end":{"line":42,"column":2}},"7":{"start":{"line":45,"column":13},"end":{"line":58,"column":2}},"8":{"start":{"line":60,"column":13},"end":{"line":60,"column":76}}},"fnMap":{},"branchMap":{},"s":{"0":5,"1":5,"2":5,"3":5,"4":5,"5":5,"6":5,"7":5,"8":5},"f":{},"b":{}}
,"/home/runner/work/reactive-rpc/reactive-rpc/src/__demos__/json-crdt-server/routes/block/methods/del.ts": {"path":"/home/runner/work/reactive-rpc/reactive-rpc/src/__demos__/json-crdt-server/routes/block/methods/del.ts","statementMap":{"0":{"start":{"line":5,"column":2},"end":{"line":26,"column":3}},"1":{"start":{"line":6,"column":2},"end":{"line":26,"column":3}},"2":{"start":{"line":7,"column":20},"end":{"line":11,"column":null}},"3":{"start":{"line":14,"column":21},"end":{"line":14,"column":26}},"4":{"start":{"line":16,"column":17},"end":{"line":20,"column":6}},"5":{"start":{"line":22,"column":4},"end":{"line":25,"column":7}},"6":{"start":{"line":22,"column":52},"end":{"line":25,"column":6}},"7":{"start":{"line":23,"column":6},"end":{"line":23,"column":39}},"8":{"start":{"line":24,"column":6},"end":{"line":24,"column":16}},"9":{"start":{"line":4,"column":13},"end":{"line":4,"column":null}}},"fnMap":{"0":{"name":"(anonymous_0)","decl":{"start":{"line":5,"column":2},"end":{"line":5,"column":3}},"loc":{"start":{"line":6,"column":2},"end":{"line":26,"column":3}}},"1":{"name":"(anonymous_1)","decl":{"start":{"line":6,"column":2},"end":{"line":6,"column":25}},"loc":{"start":{"line":6,"column":41},"end":{"line":26,"column":3}}},"2":{"name":"(anonymous_2)","decl":{"start":{"line":22,"column":37},"end":{"line":22,"column":44}},"loc":{"start":{"line":22,"column":52},"end":{"line":25,"column":6}}},"3":{"name":"(anonymous_3)","decl":{"start":{"line":22,"column":52},"end":{"line":22,"column":null}},"loc":{"start":{"line":22,"column":48},"end":{"line":25,"column":5}}}},"branchMap":{},"s":{"0":5,"1":24,"2":24,"3":24,"4":24,"5":24,"6":2,"7":2,"8":2,"9":5},"f":{"0":24,"1":24,"2":2,"3":2},"b":{}}
,"/home/runner/work/reactive-rpc/reactive-rpc/src/__demos__/json-crdt-server/routes/block/methods/get.ts": {"path":"/home/runner/work/reactive-rpc/reactive-rpc/src/__demos__/json-crdt-server/routes/block/methods/get.ts","statementMap":{"0":{"start":{"line":6,"column":2},"end":{"line":42,"column":3}},"1":{"start":{"line":7,"column":2},"end":{"line":42,"column":3}},"2":{"start":{"line":8,"column":20},"end":{"line":16,"column":null}},"3":{"start":{"line":19,"column":21},"end":{"line":24,"column":null}},"4":{"start":{"line":27,"column":17},"end":{"line":31,"column":6}},"5":{"start":{"line":33,"column":4},"end":{"line":41,"column":7}},"6":{"start":{"line":33,"column":61},"end":{"line":41,"column":6}},"7":{"start":{"line":34,"column":22},"end":{"line":34,"column":51}},"8":{"start":{"line":35,"column":53},"end":{"line":35,"column":60}},"9":{"start":{"line":36,"column":6},"end":{"line":39,"column":7}},"10":{"start":{"line":37,"column":26},"end":{"line":37,"column":70}},"11":{"start":{"line":38,"column":8},"end":{"line":38,"column":35}},"12":{"start":{"line":40,"column":6},"end":{"line":40,"column":22}},"13":{"start":{"line":5,"column":13},"end":{"line":5,"column":null}}},"fnMap":{"0":{"name":"(anonymous_0)","decl":{"start":{"line":6,"column":2},"end":{"line":6,"column":3}},"loc":{"start":{"line":7,"column":2},"end":{"line":42,"column":3}}},"1":{"name":"(anonymous_1)","decl":{"start":{"line":7,"column":2},"end":{"line":7,"column":25}},"loc":{"start":{"line":7,"column":41},"end":{"line":42,"column":3}}},"2":{"name":"(anonymous_2)","decl":{"start":{"line":33,"column":37},"end":{"line":33,"column":44}},"loc":{"start":{"line":33,"column":61},"end":{"line":41,"column":6}}},"3":{"name":"(anonymous_3)","decl":{"start":{"line":33,"column":61},"end":{"line":33,"column":null}},"loc":{"start":{"line":33,"column":57},"end":{"line":41,"column":5}}}},"branchMap":{"0":{"loc":{"start":{"line":36,"column":6},"end":{"line":39,"column":7}},"type":"if","locations":[{"start":{"line":36,"column":6},"end":{"line":39,"column":7}}]}},"s":{"0":5,"1":24,"2":24,"3":24,"4":24,"5":24,"6":12,"7":12,"8":11,"9":11,"10":1,"11":1,"12":11,"13":5},"f":{"0":24,"1":24,"2":12,"3":12},"b":{"0":[1]}}
,"/home/runner/work/reactive-rpc/reactive-rpc/src/__demos__/json-crdt-server/routes/block/methods/listen.ts": {"path":"/home/runner/work/reactive-rpc/reactive-rpc/src/__demos__/json-crdt-server/routes/block/methods/listen.ts","statementMap":{"0":{"start":{"line":1,"column":0},"end":{"line":1,"column":31}},"1":{"start":{"line":6,"column":2},"end":{"line":40,"column":3}},"2":{"start":{"line":7,"column":2},"end":{"line":40,"column":3}},"3":{"start":{"line":8,"column":20},"end":{"line":12,"column":null}},"4":{"start":{"line":15,"column":21},"end":{"line":29,"column":null}},"5":{"start":{"line":32,"column":17},"end":{"line":35,"column":6}},"6":{"start":{"line":37,"column":4},"end":{"line":39,"column":7}},"7":{"start":{"line":38,"column":6},"end":{"line":38,"column":93}},"8":{"start":{"line":38,"column":43},"end":{"line":38,"column":83}},"9":{"start":{"line":5,"column":13},"end":{"line":5,"column":null}}},"fnMap":{"0":{"name":"(anonymous_0)","decl":{"start":{"line":6,"column":2},"end":{"line":6,"column":3}},"loc":{"start":{"line":7,"column":2},"end":{"line":40,"column":3}}},"1":{"name":"(anonymous_1)","decl":{"start":{"line":7,"column":2},"end":{"line":7,"column":25}},"loc":{"start":{"line":7,"column":41},"end":{"line":40,"column":3}}},"2":{"name":"(anonymous_2)","decl":{"start":{"line":37,"column":40},"end":{"line":37,"column":41}},"loc":{"start":{"line":37,"column":49},"end":{"line":39,"column":5}}},"3":{"name":"(anonymous_3)","decl":{"start":{"line":38,"column":33},"end":{"line":38,"column":34}},"loc":{"start":{"line":38,"column":43},"end":{"line":38,"column":83}}}},"branchMap":{},"s":{"0":5,"1":5,"2":24,"3":24,"4":24,"5":24,"6":24,"7":3,"8":3,"9":5},"f":{"0":24,"1":24,"2":3,"3":3},"b":{}}
,"/home/runner/work/reactive-rpc/reactive-rpc/src/__demos__/json-crdt-server/routes/block/methods/new.ts": {"path":"/home/runner/work/reactive-rpc/reactive-rpc/src/__demos__/json-crdt-server/routes/block/methods/new.ts","statementMap":{"0":{"start":{"line":5,"column":2},"end":{"line":36,"column":3}},"1":{"start":{"line":6,"column":2},"end":{"line":36,"column":3}},"2":{"start":{"line":7,"column":20},"end":{"line":15,"column":null}},"3":{"start":{"line":18,"column":21},"end":{"line":23,"column":null}},"4":{"start":{"line":26,"column":17},"end":{"line":30,"column":6}},"5":{"start":{"line":32,"column":4},"end":{"line":35,"column":7}},"6":{"start":{"line":32,"column":61},"end":{"line":35,"column":6}},"7":{"start":{"line":33,"column":18},"end":{"line":33,"column":59}},"8":{"start":{"line":34,"column":6},"end":{"line":34,"column":17}},"9":{"start":{"line":4,"column":13},"end":{"line":4,"column":null}}},"fnMap":{"0":{"name":"(anonymous_0)","decl":{"start":{"line":5,"column":2},"end":{"line":5,"column":3}},"loc":{"start":{"line":6,"column":2},"end":{"line":36,"column":3}}},"1":{"name":"(anonymous_1)","decl":{"start":{"line":6,"column":2},"end":{"line":6,"column":25}},"loc":{"start":{"line":6,"column":41},"end":{"line":36,"column":3}}},"2":{"name":"(anonymous_2)","decl":{"start":{"line":32,"column":37},"end":{"line":32,"column":44}},"loc":{"start":{"line":32,"column":61},"end":{"line":35,"column":6}}},"3":{"name":"(anonymous_3)","decl":{"start":{"line":32,"column":61},"end":{"line":32,"column":null}},"loc":{"start":{"line":32,"column":57},"end":{"line":35,"column":5}}}},"branchMap":{},"s":{"0":5,"1":24,"2":24,"3":24,"4":24,"5":24,"6":12,"7":12,"8":12,"9":5},"f":{"0":24,"1":24,"2":12,"3":12},"b":{}}
,"/home/runner/work/reactive-rpc/reactive-rpc/src/__demos__/json-crdt-server/routes/block/methods/scan.ts": {"path":"/home/runner/work/reactive-rpc/reactive-rpc/src/__demos__/json-crdt-server/routes/block/methods/scan.ts","statementMap":{"0":{"start":{"line":5,"column":2},"end":{"line":50,"column":3}},"1":{"start":{"line":6,"column":2},"end":{"line":50,"column":3}},"2":{"start":{"line":7,"column":20},"end":{"line":28,"column":null}},"3":{"start":{"line":31,"column":21},"end":{"line":36,"column":null}},"4":{"start":{"line":39,"column":17},"end":{"line":43,"column":6}},"5":{"start":{"line":45,"column":4},"end":{"line":49,"column":7}},"6":{"start":{"line":45,"column":102},"end":{"line":49,"column":6}},"7":{"start":{"line":46,"column":31},"end":{"line":46,"column":86}},"8":{"start":{"line":47,"column":48},"end":{"line":47,"column":65}},"9":{"start":{"line":48,"column":6},"end":{"line":48,"column":34}},"10":{"start":{"line":4,"column":13},"end":{"line":4,"column":null}}},"fnMap":{"0":{"name":"(anonymous_0)","decl":{"start":{"line":5,"column":2},"end":{"line":5,"column":3}},"loc":{"start":{"line":6,"column":2},"end":{"line":50,"column":3}}},"1":{"name":"(anonymous_1)","decl":{"start":{"line":6,"column":2},"end":{"line":6,"column":25}},"loc":{"start":{"line":6,"column":41},"end":{"line":50,"column":3}}},"2":{"name":"(anonymous_2)","decl":{"start":{"line":45,"column":38},"end":{"line":45,"column":45}},"loc":{"start":{"line":45,"column":102},"end":{"line":49,"column":6}}},"3":{"name":"(anonymous_3)","decl":{"start":{"line":45,"column":102},"end":{"line":45,"column":null}},"loc":{"start":{"line":45,"column":98},"end":{"line":49,"column":5}}}},"branchMap":{"0":{"loc":{"start":{"line":45,"column":55},"end":{"line":45,"column":65}},"type":"default-arg","locations":[{"start":{"line":45,"column":63},"end":{"line":45,"column":65}}]},"1":{"loc":{"start":{"line":45,"column":74},"end":{"line":45,"column":97}},"type":"default-arg","locations":[{"start":{"line":45,"column":88},"end":{"line":45,"column":97}}]},"2":{"loc":{"start":{"line":47,"column":48},"end":{"line":47,"column":65}},"type":"cond-expr","locations":[{"start":{"line":47,"column":53},"end":{"line":47,"column":55}},{"start":{"line":47,"column":48},"end":{"line":47,"column":65}}]},"3":{"loc":{"start":{"line":47,"column":48},"end":{"line":47,"column":55}},"type":"binary-expr","locations":[{"start":{"line":47,"column":48},"end":{"line":47,"column":55}},{"start":{"line":47,"column":48},"end":{"line":47,"column":55}}]}},"s":{"0":5,"1":24,"2":24,"3":24,"4":24,"5":24,"6":1,"7":1,"8":1,"9":1,"10":5},"f":{"0":24,"1":24,"2":1,"3":1},"b":{"0":[0],"1":[1],"2":[0,1],"3":[1,1]}}
,"/home/runner/work/reactive-rpc/reactive-rpc/src/__demos__/json-crdt-server/routes/block/methods/upd.ts": {"path":"/home/runner/work/reactive-rpc/reactive-rpc/src/__demos__/json-crdt-server/routes/block/methods/upd.ts","statementMap":{"0":{"start":{"line":5,"column":2},"end":{"line":47,"column":3}},"1":{"start":{"line":6,"column":2},"end":{"line":47,"column":3}},"2":{"start":{"line":7,"column":22},"end":{"line":7,"column":60}},"3":{"start":{"line":9,"column":20},"end":{"line":25,"column":null}},"4":{"start":{"line":28,"column":21},"end":{"line":32,"column":null}},"5":{"start":{"line":35,"column":17},"end":{"line":39,"column":6}},"6":{"start":{"line":41,"column":4},"end":{"line":46,"column":7}},"7":{"start":{"line":41,"column":61},"end":{"line":46,"column":6}},"8":{"start":{"line":42,"column":18},"end":{"line":42,"column":57}},"9":{"start":{"line":43,"column":6},"end":{"line":45,"column":8}},"10":{"start":{"line":4,"column":13},"end":{"line":4,"column":null}}},"fnMap":{"0":{"name":"(anonymous_0)","decl":{"start":{"line":5,"column":2},"end":{"line":5,"column":3}},"loc":{"start":{"line":6,"column":2},"end":{"line":47,"column":3}}},"1":{"name":"(anonymous_1)","decl":{"start":{"line":6,"column":2},"end":{"line":6,"column":25}},"loc":{"start":{"line":6,"column":41},"end":{"line":47,"column":3}}},"2":{"name":"(anonymous_2)","decl":{"start":{"line":41,"column":37},"end":{"line":41,"column":44}},"loc":{"start":{"line":41,"column":61},"end":{"line":46,"column":6}}},"3":{"name":"(anonymous_3)","decl":{"start":{"line":41,"column":61},"end":{"line":41,"column":null}},"loc":{"start":{"line":41,"column":57},"end":{"line":46,"column":5}}}},"branchMap":{},"s":{"0":5,"1":24,"2":24,"3":24,"4":24,"5":24,"6":24,"7":10,"8":10,"9":10,"10":5},"f":{"0":24,"1":24,"2":10,"3":10},"b":{}}
,"/home/runner/work/reactive-rpc/reactive-rpc/src/__demos__/json-crdt-server/routes/presence/index.ts": {"path":"/home/runner/work/reactive-rpc/reactive-rpc/src/__demos__/json-crdt-server/routes/presence/index.ts","statementMap":{"0":{"start":{"line":1,"column":0},"end":{"line":1,"column":40}},"1":{"start":{"line":2,"column":0},"end":{"line":2,"column":40}},"2":{"start":{"line":3,"column":0},"end":{"line":3,"column":40}},"3":{"start":{"line":4,"column":0},"end":{"line":4,"column":39}},"4":{"start":{"line":8,"column":2},"end":{"line":18,"column":3}},"5":{"start":{"line":9,"column":2},"end":{"line":18,"column":3}},"6":{"start":{"line":10,"column":4},"end":{"line":10,"column":51}},"7":{"start":{"line":13,"column":4},"end":{"line":17,"column":16}},"8":{"start":{"line":7,"column":13},"end":{"line":7,"column":null}}},"fnMap":{"0":{"name":"(anonymous_0)","decl":{"start":{"line":8,"column":2},"end":{"line":8,"column":3}},"loc":{"start":{"line":9,"column":2},"end":{"line":18,"column":3}}},"1":{"name":"(anonymous_1)","decl":{"start":{"line":9,"column":2},"end":{"line":9,"column":25}},"loc":{"start":{"line":9,"column":41},"end":{"line":18,"column":3}}}},"branchMap":{},"s":{"0":5,"1":5,"2":5,"3":5,"4":5,"5":24,"6":24,"7":24,"8":5},"f":{"0":24,"1":24},"b":{}}
,"/home/runner/work/reactive-rpc/reactive-rpc/src/__demos__/json-crdt-server/routes/presence/schema.ts": {"path":"/home/runner/work/reactive-rpc/reactive-rpc/src/__demos__/json-crdt-server/routes/presence/schema.ts","statementMap":{"0":{"start":{"line":2,"column":0},"end":{"line":2,"column":28}},"1":{"start":{"line":4,"column":13},"end":{"line":14,"column":2}}},"fnMap":{},"branchMap":{},"s":{"0":5,"1":5},"f":{},"b":{}}
,"/home/runner/work/reactive-rpc/reactive-rpc/src/__demos__/json-crdt-server/routes/presence/methods/listen.ts": {"path":"/home/runner/work/reactive-rpc/reactive-rpc/src/__demos__/json-crdt-server/routes/presence/methods/listen.ts","statementMap":{"0":{"start":{"line":1,"column":0},"end":{"line":1,"column":36}},"1":{"start":{"line":6,"column":2},"end":{"line":41,"column":3}},"2":{"start":{"line":7,"column":2},"end":{"line":41,"column":3}},"3":{"start":{"line":8,"column":20},"end":{"line":12,"column":null}},"4":{"start":{"line":15,"column":21},"end":{"line":20,"column":null}},"5":{"start":{"line":23,"column":17},"end":{"line":30,"column":6}},"6":{"start":{"line":32,"column":4},"end":{"line":40,"column":7}},"7":{"start":{"line":33,"column":6},"end":{"line":39,"column":8}},"8":{"start":{"line":34,"column":27},"end":{"line":34,"column":62}},"9":{"start":{"line":35,"column":44},"end":{"line":38,"column":10}},"10":{"start":{"line":5,"column":13},"end":{"line":5,"column":null}}},"fnMap":{"0":{"name":"(anonymous_0)","decl":{"start":{"line":6,"column":2},"end":{"line":6,"column":3}},"loc":{"start":{"line":7,"column":2},"end":{"line":41,"column":3}}},"1":{"name":"(anonymous_1)","decl":{"start":{"line":7,"column":2},"end":{"line":7,"column":25}},"loc":{"start":{"line":7,"column":41},"end":{"line":41,"column":3}}},"2":{"name":"(anonymous_2)","decl":{"start":{"line":32,"column":43},"end":{"line":32,"column":44}},"loc":{"start":{"line":32,"column":52},"end":{"line":40,"column":5}}},"3":{"name":"(anonymous_3)","decl":{"start":{"line":34,"column":18},"end":{"line":34,"column":19}},"loc":{"start":{"line":34,"column":27},"end":{"line":34,"column":62}}},"4":{"name":"(anonymous_4)","decl":{"start":{"line":35,"column":12},"end":{"line":35,"column":13}},"loc":{"start":{"line":35,"column":44},"end":{"line":38,"column":10}}}},"branchMap":{},"s":{"0":5,"1":5,"2":24,"3":24,"4":24,"5":24,"6":24,"7":6,"8":6,"9":7,"10":5},"f":{"0":24,"1":24,"2":6,"3":6,"4":7},"b":{}}
,"/home/runner/work/reactive-rpc/reactive-rpc/src/__demos__/json-crdt-server/routes/presence/methods/remove.ts": {"path":"/home/runner/work/reactive-rpc/reactive-rpc/src/__demos__/json-crdt-server/routes/presence/methods/remove.ts","statementMap":{"0":{"start":{"line":4,"column":2},"end":{"line":29,"column":3}},"1":{"start":{"line":5,"column":2},"end":{"line":29,"column":3}},"2":{"start":{"line":6,"column":20},"end":{"line":14,"column":null}},"3":{"start":{"line":17,"column":21},"end":{"line":17,"column":26}},"4":{"start":{"line":19,"column":17},"end":{"line":23,"column":6}},"5":{"start":{"line":25,"column":4},"end":{"line":28,"column":7}},"6":{"start":{"line":25,"column":64},"end":{"line":28,"column":6}},"7":{"start":{"line":26,"column":6},"end":{"line":26,"column":47}},"8":{"start":{"line":27,"column":6},"end":{"line":27,"column":16}},"9":{"start":{"line":3,"column":13},"end":{"line":3,"column":null}}},"fnMap":{"0":{"name":"(anonymous_0)","decl":{"start":{"line":4,"column":2},"end":{"line":4,"column":3}},"loc":{"start":{"line":5,"column":2},"end":{"line":29,"column":3}}},"1":{"name":"(anonymous_1)","decl":{"start":{"line":5,"column":2},"end":{"line":5,"column":25}},"loc":{"start":{"line":5,"column":41},"end":{"line":29,"column":3}}},"2":{"name":"(anonymous_2)","decl":{"start":{"line":25,"column":43},"end":{"line":25,"column":50}},"loc":{"start":{"line":25,"column":64},"end":{"line":28,"column":6}}},"3":{"name":"(anonymous_3)","decl":{"start":{"line":25,"column":64},"end":{"line":25,"column":null}},"loc":{"start":{"line":25,"column":60},"end":{"line":28,"column":5}}}},"branchMap":{},"s":{"0":5,"1":24,"2":24,"3":24,"4":24,"5":24,"6":2,"7":2,"8":2,"9":5},"f":{"0":24,"1":24,"2":2,"3":2},"b":{}}
,"/home/runner/work/reactive-rpc/reactive-rpc/src/__demos__/json-crdt-server/routes/presence/methods/update.ts": {"path":"/home/runner/work/reactive-rpc/reactive-rpc/src/__demos__/json-crdt-server/routes/presence/methods/update.ts","statementMap":{"0":{"start":{"line":6,"column":12},"end":{"line":6,"column":14}},"1":{"start":{"line":9,"column":2},"end":{"line":74,"column":3}},"2":{"start":{"line":10,"column":2},"end":{"line":74,"column":3}},"3":{"start":{"line":11,"column":20},"end":{"line":44,"column":8}},"4":{"start":{"line":46,"column":21},"end":{"line":56,"column":8}},"5":{"start":{"line":58,"column":17},"end":{"line":65,"column":6}},"6":{"start":{"line":67,"column":4},"end":{"line":73,"column":7}},"7":{"start":{"line":67,"column":70},"end":{"line":73,"column":6}},"8":{"start":{"line":68,"column":21},"end":{"line":68,"column":79}},"9":{"start":{"line":69,"column":6},"end":{"line":72,"column":8}},"10":{"start":{"line":8,"column":13},"end":{"line":8,"column":null}}},"fnMap":{"0":{"name":"(anonymous_0)","decl":{"start":{"line":9,"column":2},"end":{"line":9,"column":3}},"loc":{"start":{"line":10,"column":2},"end":{"line":74,"column":3}}},"1":{"name":"(anonymous_1)","decl":{"start":{"line":10,"column":2},"end":{"line":10,"column":25}},"loc":{"start":{"line":10,"column":41},"end":{"line":74,"column":3}}},"2":{"name":"(anonymous_2)","decl":{"start":{"line":67,"column":43},"end":{"line":67,"column":50}},"loc":{"start":{"line":67,"column":70},"end":{"line":73,"column":6}}},"3":{"name":"(anonymous_3)","decl":{"start":{"line":67,"column":70},"end":{"line":67,"column":null}},"loc":{"start":{"line":67,"column":66},"end":{"line":73,"column":5}}}},"branchMap":{},"s":{"0":5,"1":5,"2":24,"3":24,"4":24,"5":24,"6":24,"7":4,"8":4,"9":4,"10":5},"f":{"0":24,"1":24,"2":4,"3":4},"b":{}}
,"/home/runner/work/reactive-rpc/reactive-rpc/src/__demos__/json-crdt-server/routes/pubsub/index.ts": {"path":"/home/runner/work/reactive-rpc/reactive-rpc/src/__demos__/json-crdt-server/routes/pubsub/index.ts","statementMap":{"0":{"start":{"line":1,"column":0},"end":{"line":1,"column":34}},"1":{"start":{"line":2,"column":0},"end":{"line":2,"column":32}},"2":{"start":{"line":6,"column":22},"end":{"line":9,"column":9}},"3":{"start":{"line":6,"column":40},"end":{"line":9,"column":9}},"4":{"start":{"line":7,"column":4},"end":{"line":9,"column":8}},"5":{"start":{"line":6,"column":13},"end":{"line":6,"column":22}}},"fnMap":{"0":{"name":"(anonymous_0)","decl":{"start":{"line":6,"column":22},"end":{"line":6,"column":23}},"loc":{"start":{"line":6,"column":40},"end":{"line":9,"column":9}}},"1":{"name":"(anonymous_1)","decl":{"start":{"line":6,"column":40},"end":{"line":6,"column":63}},"loc":{"start":{"line":7,"column":4},"end":{"line":9,"column":8}}}},"branchMap":{},"s":{"0":5,"1":5,"2":5,"3":24,"4":24,"5":5},"f":{"0":24,"1":24},"b":{}}
,"/home/runner/work/reactive-rpc/reactive-rpc/src/__demos__/json-crdt-server/routes/pubsub/listen.ts": {"path":"/home/runner/work/reactive-rpc/reactive-rpc/src/__demos__/json-crdt-server/routes/pubsub/listen.ts","statementMap":{"0":{"start":{"line":1,"column":0},"end":{"line":1,"column":36}},"1":{"start":{"line":5,"column":2},"end":{"line":30,"column":3}},"2":{"start":{"line":6,"column":2},"end":{"line":30,"column":3}},"3":{"start":{"line":7,"column":20},"end":{"line":11,"column":null}},"4":{"start":{"line":14,"column":21},"end":{"line":18,"column":null}},"5":{"start":{"line":21,"column":17},"end":{"line":21,"column":47}},"6":{"start":{"line":23,"column":4},"end":{"line":29,"column":7}},"7":{"start":{"line":24,"column":23},"end":{"line":26,"column":null}},"8":{"start":{"line":25,"column":27},"end":{"line":25,"column":63}},"9":{"start":{"line":26,"column":31},"end":{"line":26,"column":40}},"10":{"start":{"line":28,"column":6},"end":{"line":28,"column":22}},"11":{"start":{"line":4,"column":13},"end":{"line":4,"column":null}}},"fnMap":{"0":{"name":"(anonymous_0)","decl":{"start":{"line":5,"column":2},"end":{"line":5,"column":3}},"loc":{"start":{"line":6,"column":2},"end":{"line":30,"column":3}}},"1":{"name":"(anonymous_1)","decl":{"start":{"line":6,"column":2},"end":{"line":6,"column":25}},"loc":{"start":{"line":6,"column":41},"end":{"line":30,"column":3}}},"2":{"name":"(anonymous_2)","decl":{"start":{"line":23,"column":41},"end":{"line":23,"column":42}},"loc":{"start":{"line":23,"column":49},"end":{"line":29,"column":5}}},"3":{"name":"(anonymous_3)","decl":{"start":{"line":25,"column":18},"end":{"line":25,"column":19}},"loc":{"start":{"line":25,"column":27},"end":{"line":25,"column":63}}},"4":{"name":"(anonymous_4)","decl":{"start":{"line":26,"column":12},"end":{"line":26,"column":13}},"loc":{"start":{"line":26,"column":31},"end":{"line":26,"column":40}}}},"branchMap":{},"s":{"0":5,"1":5,"2":24,"3":24,"4":24,"5":24,"6":24,"7":6,"8":6,"9":10,"10":6,"11":5},"f":{"0":24,"1":24,"2":6,"3":6,"4":10},"b":{}}
,"/home/runner/work/reactive-rpc/reactive-rpc/src/__demos__/json-crdt-server/routes/pubsub/publish.ts": {"path":"/home/runner/work/reactive-rpc/reactive-rpc/src/__demos__/json-crdt-server/routes/pubsub/publish.ts","statementMap":{"0":{"start":{"line":4,"column":2},"end":{"line":35,"column":3}},"1":{"start":{"line":5,"column":2},"end":{"line":35,"column":3}},"2":{"start":{"line":6,"column":20},"end":{"line":14,"column":null}},"3":{"start":{"line":17,"column":21},"end":{"line":20,"column":6}},"4":{"start":{"line":22,"column":17},"end":{"line":29,"column":6}},"5":{"start":{"line":31,"column":4},"end":{"line":34,"column":7}},"6":{"start":{"line":31,"column":71},"end":{"line":34,"column":6}},"7":{"start":{"line":32,"column":6},"end":{"line":32,"column":48}},"8":{"start":{"line":33,"column":6},"end":{"line":33,"column":16}},"9":{"start":{"line":3,"column":13},"end":{"line":3,"column":null}}},"fnMap":{"0":{"name":"(anonymous_0)","decl":{"start":{"line":4,"column":2},"end":{"line":4,"column":3}},"loc":{"start":{"line":5,"column":2},"end":{"line":35,"column":3}}},"1":{"name":"(anonymous_1)","decl":{"start":{"line":5,"column":2},"end":{"line":5,"column":25}},"loc":{"start":{"line":5,"column":41},"end":{"line":35,"column":3}}},"2":{"name":"(anonymous_2)","decl":{"start":{"line":31,"column":42},"end":{"line":31,"column":49}},"loc":{"start":{"line":31,"column":71},"end":{"line":34,"column":6}}},"3":{"name":"(anonymous_3)","decl":{"start":{"line":31,"column":71},"end":{"line":31,"column":null}},"loc":{"start":{"line":31,"column":67},"end":{"line":34,"column":5}}}},"branchMap":{},"s":{"0":5,"1":24,"2":24,"3":24,"4":24,"5":24,"6":8,"7":8,"8":8,"9":5},"f":{"0":24,"1":24,"2":8,"3":8},"b":{}}
,"/home/runner/work/reactive-rpc/reactive-rpc/src/__demos__/json-crdt-server/routes/util/index.ts": {"path":"/home/runner/work/reactive-rpc/reactive-rpc/src/__demos__/json-crdt-server/routes/util/index.ts","statementMap":{"0":{"start":{"line":4,"column":2},"end":{"line":12,"column":3}},"1":{"start":{"line":5,"column":2},"end":{"line":12,"column":3}},"2":{"start":{"line":6,"column":20},"end":{"line":6,"column":25}},"3":{"start":{"line":7,"column":21},"end":{"line":7,"column":43}},"4":{"start":{"line":8,"column":17},"end":{"line":8,"column":46}},"5":{"start":{"line":9,"column":4},"end":{"line":11,"column":7}},"6":{"start":{"line":9,"column":48},"end":{"line":11,"column":6}},"7":{"start":{"line":10,"column":6},"end":{"line":10,"column":20}},"8":{"start":{"line":3,"column":13},"end":{"line":3,"column":null}},"9":{"start":{"line":15,"column":2},"end":{"line":21,"column":3}},"10":{"start":{"line":16,"column":2},"end":{"line":21,"column":3}},"11":{"start":{"line":17,"column":20},"end":{"line":17,"column":25}},"12":{"start":{"line":18,"column":21},"end":{"line":18,"column":26}},"13":{"start":{"line":19,"column":17},"end":{"line":19,"column":46}},"14":{"start":{"line":20,"column":4},"end":{"line":20,"column":57}},"15":{"start":{"line":20,"column":51},"end":{"line":20,"column":56}},"16":{"start":{"line":20,"column":52},"end":{"line":20,"column":56}},"17":{"start":{"line":14,"column":13},"end":{"line":14,"column":null}},"18":{"start":{"line":24,"column":2},"end":{"line":49,"column":3}},"19":{"start":{"line":25,"column":2},"end":{"line":49,"column":3}},"20":{"start":{"line":26,"column":20},"end":{"line":26,"column":25}},"21":{"start":{"line":27,"column":21},"end":{"line":36,"column":null}},"22":{"start":{"line":38,"column":17},"end":{"line":38,"column":46}},"23":{"start":{"line":39,"column":4},"end":{"line":48,"column":7}},"24":{"start":{"line":39,"column":48},"end":{"line":48,"column":6}},"25":{"start":{"line":40,"column":6},"end":{"line":47,"column":8}},"26":{"start":{"line":23,"column":13},"end":{"line":23,"column":null}},"27":{"start":{"line":52,"column":2},"end":{"line":62,"column":3}},"28":{"start":{"line":53,"column":2},"end":{"line":62,"column":3}},"29":{"start":{"line":54,"column":20},"end":{"line":54,"column":25}},"30":{"start":{"line":55,"column":21},"end":{"line":55,"column":58}},"31":{"start":{"line":56,"column":17},"end":{"line":56,"column":46}},"32":{"start":{"line":57,"column":4},"end":{"line":61,"column":7}},"33":{"start":{"line":57,"column":50},"end":{"line":61,"column":6}},"34":{"start":{"line":58,"column":6},"end":{"line":60,"column":8}},"35":{"start":{"line":51,"column":13},"end":{"line":51,"column":null}},"36":{"start":{"line":65,"column":20},"end":{"line":70,"column":11}},"37":{"start":{"line":65,"column":38},"end":{"line":70,"column":11}},"38":{"start":{"line":66,"column":4},"end":{"line":70,"column":10}},"39":{"start":{"line":65,"column":13},"end":{"line":65,"column":20}}},"fnMap":{"0":{"name":"(anonymous_0)","decl":{"start":{"line":4,"column":2},"end":{"line":4,"column":3}},"loc":{"start":{"line":5,"column":2},"end":{"line":12,"column":3}}},"1":{"name":"(anonymous_1)","decl":{"start":{"line":5,"column":2},"end":{"line":5,"column":25}},"loc":{"start":{"line":5,"column":41},"end":{"line":12,"column":3}}},"2":{"name":"(anonymous_2)","decl":{"start":{"line":9,"column":37},"end":{"line":9,"column":46}},"loc":{"start":{"line":9,"column":48},"end":{"line":11,"column":6}}},"3":{"name":"(anonymous_3)","decl":{"start":{"line":9,"column":48},"end":{"line":9,"column":null}},"loc":{"start":{"line":9,"column":48},"end":{"line":11,"column":5}}},"4":{"name":"(anonymous_4)","decl":{"start":{"line":15,"column":2},"end":{"line":15,"column":3}},"loc":{"start":{"line":16,"column":2},"end":{"line":21,"column":3}}},"5":{"name":"(anonymous_5)","decl":{"start":{"line":16,"column":2},"end":{"line":16,"column":25}},"loc":{"start":{"line":16,"column":41},"end":{"line":21,"column":3}}},"6":{"name":"(anonymous_6)","decl":{"start":{"line":20,"column":37},"end":{"line":20,"column":44}},"loc":{"start":{"line":20,"column":51},"end":{"line":20,"column":56}}},"7":{"name":"(anonymous_7)","decl":{"start":{"line":20,"column":51},"end":{"line":20,"column":52}},"loc":{"start":{"line":20,"column":51},"end":{"line":20,"column":56}}},"8":{"name":"(anonymous_8)","decl":{"start":{"line":24,"column":2},"end":{"line":24,"column":3}},"loc":{"start":{"line":25,"column":2},"end":{"line":49,"column":3}}},"9":{"name":"(anonymous_9)","decl":{"start":{"line":25,"column":2},"end":{"line":25,"column":25}},"loc":{"start":{"line":25,"column":41},"end":{"line":49,"column":3}}},"10":{"name":"(anonymous_10)","decl":{"start":{"line":39,"column":37},"end":{"line":39,"column":46}},"loc":{"start":{"line":39,"column":48},"end":{"line":48,"column":6}}},"11":{"name":"(anonymous_11)","decl":{"start":{"line":39,"column":48},"end":{"line":39,"column":null}},"loc":{"start":{"line":39,"column":48},"end":{"line":48,"column":5}}},"12":{"name":"(anonymous_12)","decl":{"start":{"line":52,"column":2},"end":{"line":52,"column":3}},"loc":{"start":{"line":53,"column":2},"end":{"line":62,"column":3}}},"13":{"name":"(anonymous_13)","decl":{"start":{"line":53,"column":2},"end":{"line":53,"column":25}},"loc":{"start":{"line":53,"column":41},"end":{"line":62,"column":3}}},"14":{"name":"(anonymous_14)","decl":{"start":{"line":57,"column":39},"end":{"line":57,"column":48}},"loc":{"start":{"line":57,"column":50},"end":{"line":61,"column":6}}},"15":{"name":"(anonymous_15)","decl":{"start":{"line":57,"column":50},"end":{"line":57,"column":null}},"loc":{"start":{"line":57,"column":50},"end":{"line":61,"column":5}}},"16":{"name":"(anonymous_16)","decl":{"start":{"line":65,"column":20},"end":{"line":65,"column":21}},"loc":{"start":{"line":65,"column":38},"end":{"line":70,"column":11}}},"17":{"name":"(anonymous_17)","decl":{"start":{"line":65,"column":38},"end":{"line":65,"column":61}},"loc":{"start":{"line":66,"column":4},"end":{"line":70,"column":10}}}},"branchMap":{},"s":{"0":5,"1":24,"2":24,"3":24,"4":24,"5":24,"6":1,"7":1,"8":5,"9":5,"10":24,"11":24,"12":24,"13":24,"14":24,"15":2,"16":2,"17":5,"18":5,"19":24,"20":24,"21":24,"22":24,"23":24,"24":1,"25":1,"26":5,"27":5,"28":24,"29":24,"30":24,"31":24,"32":24,"33":0,"34":0,"35":5,"36":5,"37":24,"38":24,"39":5},"f":{"0":24,"1":24,"2":1,"3":1,"4":24,"5":24,"6":2,"7":2,"8":24,"9":24,"10":1,"11":1,"12":24,"13":24,"14":0,"15":0,"16":24,"17":24},"b":{}}
,"/home/runner/work/reactive-rpc/reactive-rpc/src/__demos__/json-crdt-server/services/PresenceService.ts": {"path":"/home/runner/work/reactive-rpc/reactive-rpc/src/__demos__/json-crdt-server/services/PresenceService.ts","statementMap":{"0":{"start":{"line":1,"column":0},"end":{"line":1,"column":42}},"1":{"start":{"line":7,"column":19},"end":{"line":7,"column":59}},"2":{"start":{"line":8,"column":19},"end":{"line":8,"column":79}},"3":{"start":{"line":11,"column":16},"end":{"line":11,"column":26}},"4":{"start":{"line":12,"column":17},"end":{"line":12,"column":37}},"5":{"start":{"line":13,"column":4},"end":{"line":13,"column":88}},"6":{"start":{"line":13,"column":43},"end":{"line":13,"column":88}},"7":{"start":{"line":14,"column":34},"end":{"line":19,"column":6}},"8":{"start":{"line":20,"column":4},"end":{"line":20,"column":25}},"9":{"start":{"line":21,"column":4},"end":{"line":21,"column":33}},"10":{"start":{"line":22,"column":4},"end":{"line":22,"column":36}},"11":{"start":{"line":23,"column":4},"end":{"line":23,"column":29}},"12":{"start":{"line":24,"column":4},"end":{"line":24,"column":29}},"13":{"start":{"line":25,"column":4},"end":{"line":25,"column":58}},"14":{"start":{"line":25,"column":35},"end":{"line":25,"column":56}},"15":{"start":{"line":26,"column":22},"end":{"line":26,"column":48}},"16":{"start":{"line":27,"column":4},"end":{"line":27,"column":76}},"17":{"start":{"line":27,"column":19},"end":{"line":27,"column":76}},"18":{"start":{"line":27,"column":53},"end":{"line":27,"column":76}},"19":{"start":{"line":28,"column":4},"end":{"line":28,"column":17}},"20":{"start":{"line":32,"column":17},"end":{"line":32,"column":37}},"21":{"start":{"line":33,"column":4},"end":{"line":33,"column":25}},"22":{"start":{"line":34,"column":4},"end":{"line":34,"column":46}},"23":{"start":{"line":34,"column":20},"end":{"line":34,"column":46}},"24":{"start":{"line":35,"column":4},"end":{"line":35,"column":58}},"25":{"start":{"line":35,"column":35},"end":{"line":35,"column":56}},"26":{"start":{"line":36,"column":22},"end":{"line":36,"column":48}},"27":{"start":{"line":37,"column":4},"end":{"line":46,"column":11}},"28":{"start":{"line":38,"column":6},"end":{"line":46,"column":11}},"29":{"start":{"line":39,"column":8},"end":{"line":46,"column":11}},"30":{"start":{"line":50,"column":4},"end":{"line":73,"column":7}},"31":{"start":{"line":51,"column":6},"end":{"line":51,"column":31}},"32":{"start":{"line":52,"column":6},"end":{"line":52,"column":70}},"33":{"start":{"line":52,"column":39},"end":{"line":52,"column":70}},"34":{"start":{"line":53,"column":6},"end":{"line":53,"column":49}},"35":{"start":{"line":54,"column":19},"end":{"line":54,"column":39}},"36":{"start":{"line":55,"column":40},"end":{"line":55,"column":42}},"37":{"start":{"line":56,"column":6},"end":{"line":59,"column":7}},"38":{"start":{"line":57,"column":8},"end":{"line":57,"column":28}},"39":{"start":{"line":58,"column":8},"end":{"line":58,"column":42}},"40":{"start":{"line":58,"column":36},"end":{"line":58,"column":42}},"41":{"start":{"line":60,"column":6},"end":{"line":60,"column":49}},"42":{"start":{"line":60,"column":26},"end":{"line":60,"column":49}},"43":{"start":{"line":61,"column":6},"end":{"line":72,"column":8}},"44":{"start":{"line":62,"column":56},"end":{"line":62,"column":83}},"45":{"start":{"line":63,"column":8},"end":{"line":66,"column":9}},"46":{"start":{"line":64,"column":10},"end":{"line":64,"column":35}},"47":{"start":{"line":65,"column":10},"end":{"line":65,"column":17}},"48":{"start":{"line":67,"column":22},"end":{"line":67,"column":64}},"49":{"start":{"line":67,"column":49},"end":{"line":67,"column":63}},"50":{"start":{"line":68,"column":8},"end":{"line":68,"column":51}},"51":{"start":{"line":68,"column":24},"end":{"line":68,"column":51}},"52":{"start":{"line":69,"column":8},"end":{"line":71,"column":9}},"53":{"start":{"line":70,"column":10},"end":{"line":70,"column":40}},"54":{"start":{"line":77,"column":17},"end":{"line":77,"column":39}},"55":{"start":{"line":78,"column":4},"end":{"line":78,"column":26}},"56":{"start":{"line":78,"column":14},"end":{"line":78,"column":26}},"57":{"start":{"line":79,"column":20},"end":{"line":79,"column":53}},"58":{"start":{"line":80,"column":4},"end":{"line":80,"column":36}},"59":{"start":{"line":81,"column":4},"end":{"line":81,"column":19}},"60":{"start":{"line":85,"column":17},"end":{"line":85,"column":39}},"61":{"start":{"line":86,"column":4},"end":{"line":86,"column":22}},"62":{"start":{"line":86,"column":15},"end":{"line":86,"column":22}},"63":{"start":{"line":87,"column":16},"end":{"line":87,"column":26}},"64":{"start":{"line":88,"column":4},"end":{"line":90,"column":5}},"65":{"start":{"line":89,"column":6},"end":{"line":89,"column":56}},"66":{"start":{"line":89,"column":37},"end":{"line":89,"column":56}},"67":{"start":{"line":91,"column":4},"end":{"line":91,"column":46}},"68":{"start":{"line":91,"column":20},"end":{"line":91,"column":46}},"69":{"start":{"line":95,"column":4},"end":{"line":99,"column":6}},"70":{"start":{"line":97,"column":59},"end":{"line":97,"column":71}},"71":{"start":{"line":98,"column":65},"end":{"line":98,"column":79}},"72":{"start":{"line":6,"column":0},"end":{"line":6,"column":13}}},"fnMap":{"0":{"name":"(anonymous_0)","decl":{"start":{"line":6,"column":0},"end":{"line":6,"column":13}},"loc":{"start":{"line":6,"column":0},"end":{"line":101,"column":1}}},"1":{"name":"(anonymous_1)","decl":{"start":{"line":10,"column":15},"end":{"line":10,"column":21}},"loc":{"start":{"line":10,"column":81},"end":{"line":29,"column":null}}},"2":{"name":"(anonymous_3)","decl":{"start":{"line":25,"column":22},"end":{"line":25,"column":23}},"loc":{"start":{"line":25,"column":35},"end":{"line":25,"column":56}}},"3":{"name":"(anonymous_4)","decl":{"start":{"line":31,"column":15},"end":{"line":31,"column":21}},"loc":{"start":{"line":31,"column":53},"end":{"line":47,"column":null}}},"4":{"name":"(anonymous_6)","decl":{"start":{"line":35,"column":22},"end":{"line":35,"column":23}},"loc":{"start":{"line":35,"column":35},"end":{"line":35,"column":56}}},"5":{"name":"(anonymous_7)","decl":{"start":{"line":49,"column":9},"end":{"line":49,"column":16}},"loc":{"start":{"line":49,"column":31},"end":{"line":74,"column":3}}},"6":{"name":"(anonymous_8)","decl":{"start":{"line":50,"column":44},"end":{"line":50,"column":45}},"loc":{"start":{"line":50,"column":57},"end":{"line":73,"column":5}}},"7":{"name":"(anonymous_9)","decl":{"start":{"line":61,"column":13},"end":{"line":61,"column":16}},"loc":{"start":{"line":61,"column":18},"end":{"line":72,"column":7}}},"8":{"name":"(anonymous_10)","decl":{"start":{"line":67,"column":42},"end":{"line":67,"column":43}},"loc":{"start":{"line":67,"column":49},"end":{"line":67,"column":63}}},"9":{"name":"(anonymous_11)","decl":{"start":{"line":76,"column":10},"end":{"line":76,"column":17}},"loc":{"start":{"line":76,"column":32},"end":{"line":82,"column":3}}},"10":{"name":"(anonymous_12)","decl":{"start":{"line":84,"column":10},"end":{"line":84,"column":21}},"loc":{"start":{"line":84,"column":36},"end":{"line":92,"column":3}}},"11":{"name":"(anonymous_13)","decl":{"start":{"line":94,"column":9},"end":{"line":94,"column":14}},"loc":{"start":{"line":94,"column":14},"end":{"line":100,"column":3}}},"12":{"name":"(anonymous_14)","decl":{"start":{"line":97,"column":47},"end":{"line":97,"column":48}},"loc":{"start":{"line":97,"column":59},"end":{"line":97,"column":71}}},"13":{"name":"(anonymous_15)","decl":{"start":{"line":98,"column":53},"end":{"line":98,"column":54}},"loc":{"start":{"line":98,"column":65},"end":{"line":98,"column":79}}}},"branchMap":{"0":{"loc":{"start":{"line":13,"column":4},"end":{"line":13,"column":88}},"type":"if","locations":[{"start":{"line":13,"column":4},"end":{"line":13,"column":88}}]},"1":{"loc":{"start":{"line":13,"column":8},"end":{"line":13,"column":41}},"type":"binary-expr","locations":[{"start":{"line":13,"column":8},"end":{"line":13,"column":13}},{"start":{"line":13,"column":17},"end":{"line":13,"column":41}}]},"2":{"loc":{"start":{"line":14,"column":34},"end":{"line":19,"column":6}},"type":"cond-expr","locations":[{"start":{"line":14,"column":51},"end":{"line":14,"column":55}},{"start":{"line":14,"column":55},"end":{"line":19,"column":6}}]},"3":{"loc":{"start":{"line":14,"column":34},"end":{"line":14,"column":55}},"type":"binary-expr","locations":[{"start":{"line":14,"column":34},"end":{"line":14,"column":55}},{"start":{"line":14,"column":51},"end":{"line":14,"column":55}}]},"4":{"loc":{"start":{"line":27,"column":4},"end":{"line":27,"column":76}},"type":"if","locations":[{"start":{"line":27,"column":4},"end":{"line":27,"column":76}}]},"5":{"loc":{"start":{"line":34,"column":4},"end":{"line":34,"column":46}},"type":"if","locations":[{"start":{"line":34,"column":4},"end":{"line":34,"column":46}}]},"6":{"loc":{"start":{"line":37,"column":4},"end":{"line":46,"column":11}},"type":"if","locations":[{"start":{"line":37,"column":4},"end":{"line":46,"column":11}}]},"7":{"loc":{"start":{"line":52,"column":6},"end":{"line":52,"column":70}},"type":"if","locations":[{"start":{"line":52,"column":6},"end":{"line":52,"column":70}}]},"8":{"loc":{"start":{"line":58,"column":8},"end":{"line":58,"column":42}},"type":"if","locations":[{"start":{"line":58,"column":8},"end":{"line":58,"column":42}}]},"9":{"loc":{"start":{"line":60,"column":6},"end":{"line":60,"column":49}},"type":"if","locations":[{"start":{"line":60,"column":6},"end":{"line":60,"column":49}}]},"10":{"loc":{"start":{"line":63,"column":8},"end":{"line":66,"column":9}},"type":"if","locations":[{"start":{"line":63,"column":8},"end":{"line":66,"column":9}}]},"11":{"loc":{"start":{"line":68,"column":8},"end":{"line":68,"column":51}},"type":"if","locations":[{"start":{"line":68,"column":8},"end":{"line":68,"column":51}}]},"12":{"loc":{"start":{"line":69,"column":8},"end":{"line":71,"column":9}},"type":"if","locations":[{"start":{"line":69,"column":8},"end":{"line":71,"column":9}}]},"13":{"loc":{"start":{"line":78,"column":4},"end":{"line":78,"column":26}},"type":"if","locations":[{"start":{"line":78,"column":4},"end":{"line":78,"column":26}}]},"14":{"loc":{"start":{"line":86,"column":4},"end":{"line":86,"column":22}},"type":"if","locations":[{"start":{"line":86,"column":4},"end":{"line":86,"column":22}}]},"15":{"loc":{"start":{"line":89,"column":6},"end":{"line":89,"column":56}},"type":"if","locations":[{"start":{"line":89,"column":6},"end":{"line":89,"column":56}}]},"16":{"loc":{"start":{"line":91,"column":4},"end":{"line":91,"column":46}},"type":"if","locations":[{"start":{"line":91,"column":4},"end":{"line":91,"column":46}}]}},"s":{"0":5,"1":24,"2":24,"3":4,"4":4,"5":4,"6":0,"7":4,"8":4,"9":4,"10":4,"11":4,"12":4,"13":4,"14":4,"15":4,"16":4,"17":3,"18":3,"19":4,"20":2,"21":2,"22":2,"23":2,"24":2,"25":2,"26":2,"27":2,"28":2,"29":2,"30":6,"31":6,"32":6,"33":4,"34":6,"35":6,"36":6,"37":6,"38":2,"39":2,"40":0,"41":6,"42":2,"43":6,"44":0,"45":0,"46":0,"47":0,"48":0,"49":0,"50":0,"51":0,"52":0,"53":0,"54":12,"55":12,"56":7,"57":5,"58":5,"59":5,"60":10,"61":10,"62":4,"63":6,"64":6,"65":6,"66":0,"67":6,"68":0,"69":1,"70":0,"71":0,"72":5},"f":{"0":24,"1":4,"2":4,"3":2,"4":2,"5":6,"6":6,"7":0,"8":0,"9":12,"10":10,"11":1,"12":0,"13":0},"b":{"0":[0],"1":[4,4],"2":[0,4],"3":[4,4],"4":[3],"5":[2],"6":[2],"7":[4],"8":[0],"9":[2],"10":[0],"11":[0],"12":[0],"13":[7],"14":[4],"15":[0],"16":[0]}}
,"/home/runner/work/reactive-rpc/reactive-rpc/src/__demos__/json-crdt-server/services/PubSubService.ts": {"path":"/home/runner/work/reactive-rpc/reactive-rpc/src/__demos__/json-crdt-server/services/PubSubService.ts","statementMap":{"0":{"start":{"line":1,"column":0},"end":{"line":1,"column":42}},"1":{"start":{"line":4,"column":19},"end":{"line":4,"column":70}},"2":{"start":{"line":7,"column":4},"end":{"line":20,"column":7}},"3":{"start":{"line":8,"column":6},"end":{"line":8,"column":72}},"4":{"start":{"line":8,"column":40},"end":{"line":8,"column":72}},"5":{"start":{"line":9,"column":45},"end":{"line":9,"column":73}},"6":{"start":{"line":10,"column":6},"end":{"line":10,"column":31}},"7":{"start":{"line":11,"column":6},"end":{"line":19,"column":8}},"8":{"start":{"line":12,"column":47},"end":{"line":12,"column":75}},"9":{"start":{"line":13,"column":8},"end":{"line":13,"column":31}},"10":{"start":{"line":13,"column":24},"end":{"line":13,"column":31}},"11":{"start":{"line":14,"column":22},"end":{"line":14,"column":64}},"12":{"start":{"line":14,"column":49},"end":{"line":14,"column":63}},"13":{"start":{"line":15,"column":8},"end":{"line":15,"column":51}},"14":{"start":{"line":15,"column":24},"end":{"line":15,"column":51}},"15":{"start":{"line":16,"column":8},"end":{"line":18,"column":9}},"16":{"start":{"line":17,"column":10},"end":{"line":17,"column":41}},"17":{"start":{"line":24,"column":4},"end":{"line":24,"column":58}},"18":{"start":{"line":24,"column":35},"end":{"line":24,"column":56}},"19":{"start":{"line":25,"column":22},"end":{"line":25,"column":49}},"20":{"start":{"line":26,"column":4},"end":{"line":26,"column":27}},"21":{"start":{"line":26,"column":20},"end":{"line":26,"column":27}},"22":{"start":{"line":27,"column":4},"end":{"line":27,"column":61}},"23":{"start":{"line":27,"column":38},"end":{"line":27,"column":61}},"24":{"start":{"line":31,"column":4},"end":{"line":34,"column":6}},"25":{"start":{"line":33,"column":65},"end":{"line":33,"column":79}},"26":{"start":{"line":3,"column":0},"end":{"line":3,"column":13}}},"fnMap":{"0":{"name":"(anonymous_0)","decl":{"start":{"line":3,"column":0},"end":{"line":3,"column":13}},"loc":{"start":{"line":3,"column":0},"end":{"line":36,"column":1}}},"1":{"name":"(anonymous_1)","decl":{"start":{"line":6,"column":9},"end":{"line":6,"column":16}},"loc":{"start":{"line":6,"column":32},"end":{"line":21,"column":3}}},"2":{"name":"(anonymous_2)","decl":{"start":{"line":7,"column":35},"end":{"line":7,"column":36}},"loc":{"start":{"line":7,"column":48},"end":{"line":20,"column":5}}},"3":{"name":"(anonymous_3)","decl":{"start":{"line":11,"column":13},"end":{"line":11,"column":16}},"loc":{"start":{"line":11,"column":18},"end":{"line":19,"column":7}}},"4":{"name":"(anonymous_4)","decl":{"start":{"line":14,"column":42},"end":{"line":14,"column":43}},"loc":{"start":{"line":14,"column":49},"end":{"line":14,"column":63}}},"5":{"name":"(anonymous_5)","decl":{"start":{"line":23,"column":15},"end":{"line":23,"column":22}},"loc":{"start":{"line":23,"column":56},"end":{"line":28,"column":null}}},"6":{"name":"(anonymous_7)","decl":{"start":{"line":24,"column":22},"end":{"line":24,"column":23}},"loc":{"start":{"line":24,"column":35},"end":{"line":24,"column":56}}},"7":{"name":"(anonymous_8)","decl":{"start":{"line":30,"column":9},"end":{"line":30,"column":14}},"loc":{"start":{"line":30,"column":14},"end":{"line":35,"column":3}}},"8":{"name":"(anonymous_9)","decl":{"start":{"line":33,"column":53},"end":{"line":33,"column":54}},"loc":{"start":{"line":33,"column":65},"end":{"line":33,"column":79}}}},"branchMap":{"0":{"loc":{"start":{"line":8,"column":6},"end":{"line":8,"column":72}},"type":"if","locations":[{"start":{"line":8,"column":6},"end":{"line":8,"column":72}}]},"1":{"loc":{"start":{"line":13,"column":8},"end":{"line":13,"column":31}},"type":"if","locations":[{"start":{"line":13,"column":8},"end":{"line":13,"column":31}}]},"2":{"loc":{"start":{"line":15,"column":8},"end":{"line":15,"column":51}},"type":"if","locations":[{"start":{"line":15,"column":8},"end":{"line":15,"column":51}}]},"3":{"loc":{"start":{"line":16,"column":8},"end":{"line":18,"column":9}},"type":"if","locations":[{"start":{"line":16,"column":8},"end":{"line":18,"column":9}}]},"4":{"loc":{"start":{"line":26,"column":4},"end":{"line":26,"column":27}},"type":"if","locations":[{"start":{"line":26,"column":4},"end":{"line":26,"column":27}}]}},"s":{"0":5,"1":24,"2":9,"3":9,"4":7,"5":9,"6":9,"7":9,"8":0,"9":0,"10":0,"11":0,"12":0,"13":0,"14":0,"15":0,"16":0,"17":32,"18":32,"19":32,"20":32,"21":20,"22":12,"23":15,"24":1,"25":0,"26":5},"f":{"0":24,"1":9,"2":9,"3":0,"4":0,"5":32,"6":32,"7":1,"8":0},"b":{"0":[7],"1":[0],"2":[0],"3":[0],"4":[20]}}
,"/home/runner/work/reactive-rpc/reactive-rpc/src/__demos__/json-crdt-server/services/Services.ts": {"path":"/home/runner/work/reactive-rpc/reactive-rpc/src/__demos__/json-crdt-server/services/Services.ts","statementMap":{"0":{"start":{"line":1,"column":0},"end":{"line":1,"column":50}},"1":{"start":{"line":2,"column":0},"end":{"line":2,"column":46}},"2":{"start":{"line":3,"column":0},"end":{"line":3,"column":55}},"3":{"start":{"line":11,"column":4},"end":{"line":11,"column":38}},"4":{"start":{"line":12,"column":4},"end":{"line":12,"column":42}},"5":{"start":{"line":13,"column":4},"end":{"line":13,"column":43}},"6":{"start":{"line":5,"column":0},"end":{"line":5,"column":13}}},"fnMap":{"0":{"name":"(anonymous_0)","decl":{"start":{"line":10,"column":2},"end":{"line":10,"column":null}},"loc":{"start":{"line":10,"column":2},"end":{"line":14,"column":3}}}},"branchMap":{},"s":{"0":5,"1":5,"2":5,"3":24,"4":24,"5":24,"6":5},"f":{"0":24},"b":{}}
,"/home/runner/work/reactive-rpc/reactive-rpc/src/__demos__/json-crdt-server/services/blocks/BlocksServices.ts": {"path":"/home/runner/work/reactive-rpc/reactive-rpc/src/__demos__/json-crdt-server/services/blocks/BlocksServices.ts","statementMap":{"0":{"start":{"line":1,"column":0},"end":{"line":1,"column":42}},"1":{"start":{"line":2,"column":0},"end":{"line":2,"column":70}},"2":{"start":{"line":3,"column":0},"end":{"line":3,"column":52}},"3":{"start":{"line":8,"column":18},"end":{"line":8,"column":32}},"4":{"start":{"line":10,"column":24},"end":{"line":15,"column":1}},"5":{"start":{"line":11,"column":2},"end":{"line":14,"column":3}},"6":{"start":{"line":12,"column":4},"end":{"line":12,"column":84}},"7":{"start":{"line":12,"column":34},"end":{"line":12,"column":84}},"8":{"start":{"line":20,"column":33},"end":{"line":20,"column":51}},"9":{"start":{"line":18,"column":21},"end":{"line":18,"column":47}},"10":{"start":{"line":23,"column":4},"end":{"line":23,"column":19}},"11":{"start":{"line":24,"column":4},"end":{"line":24,"column":36}},"12":{"start":{"line":25,"column":4},"end":{"line":25,"column":75}},"13":{"start":{"line":25,"column":40},"end":{"line":25,"column":75}},"14":{"start":{"line":26,"column":19},"end":{"line":26,"column":40}},"15":{"start":{"line":27,"column":16},"end":{"line":27,"column":26}},"16":{"start":{"line":28,"column":4},"end":{"line":38,"column":5}},"17":{"start":{"line":29,"column":23},"end":{"line":29,"column":61}},"18":{"start":{"line":30,"column":32},"end":{"line":36,"column":8}},"19":{"start":{"line":37,"column":6},"end":{"line":37,"column":48}},"20":{"start":{"line":39,"column":32},"end":{"line":39,"column":34}},"21":{"start":{"line":40,"column":34},"end":{"line":40,"column":36}},"22":{"start":{"line":41,"column":14},"end":{"line":41,"column":15}},"23":{"start":{"line":42,"column":4},"end":{"line":46,"column":5}},"24":{"start":{"line":43,"column":19},"end":{"line":43,"column":43}},"25":{"start":{"line":44,"column":6},"end":{"line":44,"column":46}},"26":{"start":{"line":45,"column":6},"end":{"line":45,"column":46}},"27":{"start":{"line":47,"column":21},"end":{"line":47,"column":50}},"28":{"start":{"line":48,"column":30},"end":{"line":54,"column":6}},"29":{"start":{"line":55,"column":4},"end":{"line":55,"column":51}},"30":{"start":{"line":59,"column":4},"end":{"line":59,"column":48}},"31":{"start":{"line":60,"column":4},"end":{"line":60,"column":39}},"32":{"start":{"line":61,"column":4},"end":{"line":64,"column":6}},"33":{"start":{"line":68,"column":16},"end":{"line":68,"column":41}},"34":{"start":{"line":69,"column":4},"end":{"line":72,"column":7}},"35":{"start":{"line":71,"column":6},"end":{"line":71,"column":61}},"36":{"start":{"line":76,"column":20},"end":{"line":76,"column":24}},"37":{"start":{"line":77,"column":19},"end":{"line":77,"column":38}},"38":{"start":{"line":78,"column":4},"end":{"line":78,"column":66}},"39":{"start":{"line":78,"column":17},"end":{"line":78,"column":66}},"40":{"start":{"line":79,"column":20},"end":{"line":79,"column":26}},"41":{"start":{"line":80,"column":4},"end":{"line":80,"column":19}},"42":{"start":{"line":84,"column":4},"end":{"line":84,"column":32}},"43":{"start":{"line":85,"column":16},"end":{"line":85,"column":23}},"44":{"start":{"line":86,"column":4},"end":{"line":89,"column":7}},"45":{"start":{"line":88,"column":6},"end":{"line":88,"column":62}},"46":{"start":{"line":93,"column":4},"end":{"line":123,"column":null}},"47":{"start":{"line":98,"column":20},"end":{"line":98,"column":24}},"48":{"start":{"line":99,"column":4},"end":{"line":99,"column":65}},"49":{"start":{"line":99,"column":36},"end":{"line":99,"column":65}},"50":{"start":{"line":100,"column":22},"end":{"line":100,"column":23}},"51":{"start":{"line":101,"column":20},"end":{"line":101,"column":21}},"52":{"start":{"line":102,"column":4},"end":{"line":102,"column":90}},"53":{"start":{"line":102,"column":47},"end":{"line":102,"column":90}},"54":{"start":{"line":103,"column":4},"end":{"line":109,"column":5}},"55":{"start":{"line":104,"column":6},"end":{"line":104,"column":32}},"56":{"start":{"line":105,"column":6},"end":{"line":105,"column":24}},"57":{"start":{"line":107,"column":6},"end":{"line":107,"column":32}},"58":{"start":{"line":108,"column":6},"end":{"line":108,"column":24}},"59":{"start":{"line":110,"column":4},"end":{"line":113,"column":5}},"60":{"start":{"line":111,"column":6},"end":{"line":111,"column":14}},"61":{"start":{"line":112,"column":6},"end":{"line":112,"column":28}},"62":{"start":{"line":114,"column":20},"end":{"line":114,"column":53}},"63":{"start":{"line":116,"column":4},"end":{"line":121,"column":5}},"64":{"start":{"line":117,"column":27},"end":{"line":117,"column":58}},"65":{"start":{"line":118,"column":6},"end":{"line":120,"column":7}},"66":{"start":{"line":119,"column":8},"end":{"line":119,"column":85}},"67":{"start":{"line":119,"column":58},"end":{"line":119,"column":82}},"68":{"start":{"line":122,"column":4},"end":{"line":122,"column":28}},"69":{"start":{"line":126,"column":4},"end":{"line":126,"column":19}},"70":{"start":{"line":127,"column":4},"end":{"line":127,"column":87}},"71":{"start":{"line":127,"column":33},"end":{"line":127,"column":87}},"72":{"start":{"line":128,"column":4},"end":{"line":128,"column":80}},"73":{"start":{"line":128,"column":25},"end":{"line":128,"column":80}},"74":{"start":{"line":129,"column":16},"end":{"line":129,"column":30}},"75":{"start":{"line":130,"column":20},"end":{"line":130,"column":24}},"76":{"start":{"line":131,"column":4},"end":{"line":131,"column":29}},"77":{"start":{"line":132,"column":20},"end":{"line":132,"column":49}},"78":{"start":{"line":133,"column":4},"end":{"line":133,"column":39}},"79":{"start":{"line":134,"column":29},"end":{"line":134,"column":53}},"80":{"start":{"line":135,"column":31},"end":{"line":135,"column":61}},"81":{"start":{"line":136,"column":36},"end":{"line":136,"column":38}},"82":{"start":{"line":137,"column":4},"end":{"line":137,"column":82}},"83":{"start":{"line":137,"column":28},"end":{"line":137,"column":82}},"84":{"start":{"line":138,"column":4},"end":{"line":141,"column":6}},"85":{"start":{"line":145,"column":4},"end":{"line":145,"column":30}},"86":{"start":{"line":149,"column":4},"end":{"line":153,"column":9}},"87":{"start":{"line":150,"column":6},"end":{"line":153,"column":9}},"88":{"start":{"line":152,"column":8},"end":{"line":152,"column":49}},"89":{"start":{"line":157,"column":15},"end":{"line":157,"column":37}},"90":{"start":{"line":158,"column":20},"end":{"line":158,"column":24}},"91":{"start":{"line":159,"column":4},"end":{"line":159,"column":41}},"92":{"start":{"line":17,"column":0},"end":{"line":17,"column":13}}},"fnMap":{"0":{"name":"(anonymous_0)","decl":{"start":{"line":10,"column":24},"end":{"line":10,"column":25}},"loc":{"start":{"line":10,"column":64},"end":{"line":15,"column":1}}},"1":{"name":"(anonymous_1)","decl":{"start":{"line":20,"column":2},"end":{"line":20,"column":33}},"loc":{"start":{"line":20,"column":51},"end":{"line":20,"column":55}}},"2":{"name":"(anonymous_2)","decl":{"start":{"line":22,"column":15},"end":{"line":22,"column":21}},"loc":{"start":{"line":22,"column":76},"end":{"line":56,"column":null}}},"3":{"name":"(anonymous_4)","decl":{"start":{"line":58,"column":16},"end":{"line":58,"column":24}},"loc":{"start":{"line":58,"column":77},"end":{"line":65,"column":null}}},"4":{"name":"(anonymous_6)","decl":{"start":{"line":67,"column":10},"end":{"line":67,"column":19}},"loc":{"start":{"line":67,"column":72},"end":{"line":73,"column":3}}},"5":{"name":"(anonymous_7)","decl":{"start":{"line":69,"column":61},"end":{"line":69,"column":62}},"loc":{"start":{"line":69,"column":71},"end":{"line":72,"column":5}}},"6":{"name":"(anonymous_8)","decl":{"start":{"line":75,"column":15},"end":{"line":75,"column":18}},"loc":{"start":{"line":75,"column":29},"end":{"line":81,"column":null}}},"7":{"name":"(anonymous_10)","decl":{"start":{"line":83,"column":15},"end":{"line":83,"column":21}},"loc":{"start":{"line":83,"column":32},"end":{"line":90,"column":null}}},"8":{"name":"(anonymous_12)","decl":{"start":{"line":86,"column":61},"end":{"line":86,"column":62}},"loc":{"start":{"line":86,"column":71},"end":{"line":89,"column":5}}},"9":{"name":"(anonymous_13)","decl":{"start":{"line":92,"column":15},"end":{"line":92,"column":19}},"loc":{"start":{"line":92,"column":19},"end":{"line":123,"column":null}}},"10":{"name":"(anonymous_14)","decl":{"start":{"line":93,"column":4},"end":{"line":93,"column":14}},"loc":{"start":{"line":96,"column":41},"end":{"line":123,"column":3}}},"11":{"name":"(anonymous_15)","decl":{"start":{"line":119,"column":51},"end":{"line":119,"column":52}},"loc":{"start":{"line":119,"column":58},"end":{"line":119,"column":82}}},"12":{"name":"(anonymous_16)","decl":{"start":{"line":125,"column":15},"end":{"line":125,"column":19}},"loc":{"start":{"line":125,"column":53},"end":{"line":142,"column":null}}},"13":{"name":"(anonymous_18)","decl":{"start":{"line":144,"column":9},"end":{"line":144,"column":14}},"loc":{"start":{"line":144,"column":14},"end":{"line":146,"column":3}}},"14":{"name":"(anonymous_19)","decl":{"start":{"line":148,"column":10},"end":{"line":148,"column":17}},"loc":{"start":{"line":148,"column":17},"end":{"line":154,"column":3}}},"15":{"name":"(anonymous_20)","decl":{"start":{"line":150,"column":22},"end":{"line":150,"column":23}},"loc":{"start":{"line":150,"column":32},"end":{"line":153,"column":7}}},"16":{"name":"(anonymous_21)","decl":{"start":{"line":156,"column":16},"end":{"line":156,"column":18}},"loc":{"start":{"line":156,"column":18},"end":{"line":160,"column":null}}}},"branchMap":{"0":{"loc":{"start":{"line":12,"column":4},"end":{"line":12,"column":84}},"type":"if","locations":[{"start":{"line":12,"column":4},"end":{"line":12,"column":84}}]},"1":{"loc":{"start":{"line":25,"column":4},"end":{"line":25,"column":75}},"type":"if","locations":[{"start":{"line":25,"column":4},"end":{"line":25,"column":75}}]},"2":{"loc":{"start":{"line":28,"column":4},"end":{"line":38,"column":5}},"type":"if","locations":[{"start":{"line":28,"column":4},"end":{"line":38,"column":5}}]},"3":{"loc":{"start":{"line":78,"column":4},"end":{"line":78,"column":66}},"type":"if","locations":[{"start":{"line":78,"column":4},"end":{"line":78,"column":66}}]},"4":{"loc":{"start":{"line":95,"column":4},"end":{"line":95,"column":34}},"type":"default-arg","locations":[{"start":{"line":95,"column":32},"end":{"line":95,"column":34}}]},"5":{"loc":{"start":{"line":96,"column":4},"end":{"line":96,"column":41}},"type":"default-arg","locations":[{"start":{"line":96,"column":32},"end":{"line":96,"column":41}}]},"6":{"loc":{"start":{"line":99,"column":4},"end":{"line":99,"column":65}},"type":"if","locations":[{"start":{"line":99,"column":4},"end":{"line":99,"column":65}}]},"7":{"loc":{"start":{"line":102,"column":4},"end":{"line":102,"column":90}},"type":"if","locations":[{"start":{"line":102,"column":4},"end":{"line":102,"column":90}}]},"8":{"loc":{"start":{"line":102,"column":8},"end":{"line":102,"column":45}},"type":"binary-expr","locations":[{"start":{"line":102,"column":8},"end":{"line":102,"column":14}},{"start":{"line":102,"column":18},"end":{"line":102,"column":45}}]},"9":{"loc":{"start":{"line":103,"column":4},"end":{"line":109,"column":5}},"type":"if","locations":[{"start":{"line":103,"column":4},"end":{"line":109,"column":5}},{"start":{"line":106,"column":11},"end":{"line":109,"column":5}}]},"10":{"loc":{"start":{"line":104,"column":12},"end":{"line":104,"column":31}},"type":"binary-expr","locations":[{"start":{"line":104,"column":12},"end":{"line":104,"column":26}},{"start":{"line":104,"column":30},"end":{"line":104,"column":31}}]},"11":{"loc":{"start":{"line":107,"column":12},"end":{"line":107,"column":31}},"type":"binary-expr","locations":[{"start":{"line":107,"column":12},"end":{"line":107,"column":26}},{"start":{"line":107,"column":30},"end":{"line":107,"column":31}}]},"12":{"loc":{"start":{"line":110,"column":4},"end":{"line":113,"column":5}},"type":"if","locations":[{"start":{"line":110,"column":4},"end":{"line":113,"column":5}}]},"13":{"loc":{"start":{"line":116,"column":4},"end":{"line":121,"column":5}},"type":"if","locations":[{"start":{"line":116,"column":4},"end":{"line":121,"column":5}}]},"14":{"loc":{"start":{"line":118,"column":6},"end":{"line":120,"column":7}},"type":"if","locations":[{"start":{"line":118,"column":6},"end":{"line":120,"column":7}}]},"15":{"loc":{"start":{"line":127,"column":4},"end":{"line":127,"column":87}},"type":"if","locations":[{"start":{"line":127,"column":4},"end":{"line":127,"column":87}}]},"16":{"loc":{"start":{"line":128,"column":4},"end":{"line":128,"column":80}},"type":"if","locations":[{"start":{"line":128,"column":4},"end":{"line":128,"column":80}}]},"17":{"loc":{"start":{"line":137,"column":4},"end":{"line":137,"column":82}},"type":"if","locations":[{"start":{"line":137,"column":4},"end":{"line":137,"column":82}}]},"18":{"loc":{"start":{"line":149,"column":4},"end":{"line":153,"column":9}},"type":"if","locations":[{"start":{"line":149,"column":4},"end":{"line":153,"column":9}}]}},"s":{"0":5,"1":5,"2":5,"3":5,"4":5,"5":22,"6":25,"7":0,"8":24,"9":24,"10":12,"11":12,"12":12,"13":0,"14":12,"15":12,"16":12,"17":4,"18":4,"19":4,"20":8,"21":8,"22":8,"23":8,"24":9,"25":9,"26":9,"27":8,"28":8,"29":8,"30":12,"31":12,"32":12,"33":22,"34":22,"35":0,"36":12,"37":12,"38":12,"39":1,"40":11,"41":11,"42":2,"43":2,"44":2,"45":0,"46":2,"47":2,"48":2,"49":0,"50":2,"51":2,"52":2,"53":0,"54":2,"55":2,"56":2,"57":0,"58":0,"59":2,"60":0,"61":0,"62":2,"63":2,"64":1,"65":1,"66":1,"67":1,"68":2,"69":10,"70":10,"71":0,"72":10,"73":0,"74":10,"75":10,"76":10,"77":10,"78":10,"79":10,"80":10,"81":10,"82":10,"83":2,"84":10,"85":1,"86":22,"87":0,"88":0,"89":0,"90":0,"91":0,"92":5},"f":{"0":22,"1":24,"2":12,"3":12,"4":22,"5":0,"6":12,"7":2,"8":0,"9":2,"10":2,"11":1,"12":10,"13":1,"14":22,"15":0,"16":0},"b":{"0":[0],"1":[0],"2":[4],"3":[1],"4":[0],"5":[1],"6":[0],"7":[0],"8":[2,2],"9":[2,0],"10":[2,2],"11":[0,0],"12":[0],"13":[1],"14":[1],"15":[0],"16":[0],"17":[2],"18":[0]}}
,"/home/runner/work/reactive-rpc/reactive-rpc/src/__demos__/json-crdt-server/services/blocks/MemoryStore.ts": {"path":"/home/runner/work/reactive-rpc/reactive-rpc/src/__demos__/json-crdt-server/services/blocks/MemoryStore.ts","statementMap":{"0":{"start":{"line":1,"column":0},"end":{"line":1,"column":52}},"1":{"start":{"line":4,"column":13},"end":{"line":4,"column":60}},"2":{"start":{"line":4,"column":38},"end":{"line":4,"column":59}},"3":{"start":{"line":7,"column":21},"end":{"line":7,"column":66}},"4":{"start":{"line":8,"column":21},"end":{"line":8,"column":69}},"5":{"start":{"line":11,"column":4},"end":{"line":11,"column":15}},"6":{"start":{"line":12,"column":18},"end":{"line":12,"column":37}},"7":{"start":{"line":13,"column":4},"end":{"line":13,"column":23}},"8":{"start":{"line":13,"column":16},"end":{"line":13,"column":23}},"9":{"start":{"line":14,"column":4},"end":{"line":14,"column":19}},"10":{"start":{"line":18,"column":4},"end":{"line":18,"column":15}},"11":{"start":{"line":19,"column":4},"end":{"line":19,"column":36}},"12":{"start":{"line":23,"column":4},"end":{"line":23,"column":15}},"13":{"start":{"line":24,"column":4},"end":{"line":24,"column":63}},"14":{"start":{"line":24,"column":33},"end":{"line":24,"column":63}},"15":{"start":{"line":25,"column":4},"end":{"line":25,"column":61}},"16":{"start":{"line":25,"column":29},"end":{"line":25,"column":61}},"17":{"start":{"line":26,"column":4},"end":{"line":26,"column":31}},"18":{"start":{"line":27,"column":4},"end":{"line":27,"column":34}},"19":{"start":{"line":31,"column":4},"end":{"line":31,"column":15}},"20":{"start":{"line":32,"column":4},"end":{"line":32,"column":82}},"21":{"start":{"line":32,"column":52},"end":{"line":32,"column":82}},"22":{"start":{"line":33,"column":18},"end":{"line":33,"column":37}},"23":{"start":{"line":34,"column":28},"end":{"line":34,"column":48}},"24":{"start":{"line":35,"column":4},"end":{"line":35,"column":71}},"25":{"start":{"line":35,"column":36},"end":{"line":35,"column":71}},"26":{"start":{"line":36,"column":14},"end":{"line":36,"column":28}},"27":{"start":{"line":37,"column":17},"end":{"line":37,"column":36}},"28":{"start":{"line":38,"column":4},"end":{"line":38,"column":67}},"29":{"start":{"line":38,"column":29},"end":{"line":38,"column":67}},"30":{"start":{"line":39,"column":18},"end":{"line":39,"column":46}},"31":{"start":{"line":40,"column":4},"end":{"line":45,"column":5}},"32":{"start":{"line":41,"column":6},"end":{"line":41,"column":69}},"33":{"start":{"line":41,"column":29},"end":{"line":41,"column":69}},"34":{"start":{"line":42,"column":6},"end":{"line":42,"column":53}},"35":{"start":{"line":43,"column":6},"end":{"line":43,"column":24}},"36":{"start":{"line":44,"column":6},"end":{"line":44,"column":12}},"37":{"start":{"line":46,"column":4},"end":{"line":46,"column":32}},"38":{"start":{"line":47,"column":4},"end":{"line":47,"column":34}},"39":{"start":{"line":48,"column":4},"end":{"line":48,"column":31}},"40":{"start":{"line":49,"column":4},"end":{"line":49,"column":61}},"41":{"start":{"line":49,"column":33},"end":{"line":49,"column":61}},"42":{"start":{"line":50,"column":4},"end":{"line":50,"column":26}},"43":{"start":{"line":54,"column":4},"end":{"line":54,"column":15}},"44":{"start":{"line":55,"column":20},"end":{"line":55,"column":40}},"45":{"start":{"line":56,"column":4},"end":{"line":56,"column":28}},"46":{"start":{"line":56,"column":18},"end":{"line":56,"column":28}},"47":{"start":{"line":57,"column":4},"end":{"line":57,"column":39}},"48":{"start":{"line":61,"column":4},"end":{"line":61,"column":15}},"49":{"start":{"line":62,"column":4},"end":{"line":62,"column":31}},"50":{"start":{"line":66,"column":4},"end":{"line":66,"column":27}},"51":{"start":{"line":67,"column":4},"end":{"line":67,"column":35}},"52":{"start":{"line":71,"column":4},"end":{"line":74,"column":6}},"53":{"start":{"line":73,"column":61},"end":{"line":73,"column":75}},"54":{"start":{"line":78,"column":4},"end":{"line":78,"column":15}},"55":{"start":{"line":79,"column":4},"end":{"line":79,"column":87}},"56":{"start":{"line":79,"column":43},"end":{"line":79,"column":87}},"57":{"start":{"line":79,"column":67},"end":{"line":79,"column":87}},"58":{"start":{"line":83,"column":4},"end":{"line":83,"column":15}},"59":{"start":{"line":84,"column":4},"end":{"line":84,"column":87}},"60":{"start":{"line":84,"column":43},"end":{"line":84,"column":87}},"61":{"start":{"line":84,"column":67},"end":{"line":84,"column":87}},"62":{"start":{"line":6,"column":0},"end":{"line":6,"column":13}}},"fnMap":{"0":{"name":"(anonymous_0)","decl":{"start":{"line":4,"column":25},"end":{"line":4,"column":26}},"loc":{"start":{"line":4,"column":38},"end":{"line":4,"column":59}}},"1":{"name":"(anonymous_1)","decl":{"start":{"line":6,"column":0},"end":{"line":6,"column":13}},"loc":{"start":{"line":6,"column":0},"end":{"line":86,"column":1}}},"2":{"name":"(anonymous_2)","decl":{"start":{"line":10,"column":15},"end":{"line":10,"column":18}},"loc":{"start":{"line":10,"column":29},"end":{"line":15,"column":null}}},"3":{"name":"(anonymous_4)","decl":{"start":{"line":17,"column":15},"end":{"line":17,"column":18}},"loc":{"start":{"line":17,"column":29},"end":{"line":20,"column":null}}},"4":{"name":"(anonymous_6)","decl":{"start":{"line":22,"column":15},"end":{"line":22,"column":21}},"loc":{"start":{"line":22,"column":86},"end":{"line":28,"column":null}}},"5":{"name":"(anonymous_8)","decl":{"start":{"line":30,"column":15},"end":{"line":30,"column":19}},"loc":{"start":{"line":30,"column":59},"end":{"line":51,"column":null}}},"6":{"name":"(anonymous_10)","decl":{"start":{"line":53,"column":15},"end":{"line":53,"column":22}},"loc":{"start":{"line":53,"column":59},"end":{"line":58,"column":null}}},"7":{"name":"(anonymous_12)","decl":{"start":{"line":60,"column":15},"end":{"line":60,"column":21}},"loc":{"start":{"line":60,"column":32},"end":{"line":63,"column":null}}},"8":{"name":"(anonymous_14)","decl":{"start":{"line":65,"column":10},"end":{"line":65,"column":20}},"loc":{"start":{"line":65,"column":31},"end":{"line":68,"column":3}}},"9":{"name":"(anonymous_15)","decl":{"start":{"line":70,"column":9},"end":{"line":70,"column":14}},"loc":{"start":{"line":70,"column":14},"end":{"line":75,"column":3}}},"10":{"name":"(anonymous_16)","decl":{"start":{"line":73,"column":49},"end":{"line":73,"column":50}},"loc":{"start":{"line":73,"column":61},"end":{"line":73,"column":75}}},"11":{"name":"(anonymous_17)","decl":{"start":{"line":77,"column":15},"end":{"line":77,"column":30}},"loc":{"start":{"line":77,"column":41},"end":{"line":80,"column":null}}},"12":{"name":"(anonymous_19)","decl":{"start":{"line":82,"column":15},"end":{"line":82,"column":35}},"loc":{"start":{"line":82,"column":46},"end":{"line":85,"column":null}}}},"branchMap":{"0":{"loc":{"start":{"line":13,"column":4},"end":{"line":13,"column":23}},"type":"if","locations":[{"start":{"line":13,"column":4},"end":{"line":13,"column":23}}]},"1":{"loc":{"start":{"line":19,"column":11},"end":{"line":19,"column":35}},"type":"cond-expr","locations":[{"start":{"line":19,"column":30},"end":{"line":19,"column":32}},{"start":{"line":19,"column":30},"end":{"line":19,"column":35}}]},"2":{"loc":{"start":{"line":19,"column":11},"end":{"line":19,"column":32}},"type":"binary-expr","locations":[{"start":{"line":19,"column":11},"end":{"line":19,"column":32}},{"start":{"line":19,"column":30},"end":{"line":19,"column":32}}]},"3":{"loc":{"start":{"line":24,"column":4},"end":{"line":24,"column":63}},"type":"if","locations":[{"start":{"line":24,"column":4},"end":{"line":24,"column":63}}]},"4":{"loc":{"start":{"line":25,"column":4},"end":{"line":25,"column":61}},"type":"if","locations":[{"start":{"line":25,"column":4},"end":{"line":25,"column":61}}]},"5":{"loc":{"start":{"line":32,"column":4},"end":{"line":32,"column":82}},"type":"if","locations":[{"start":{"line":32,"column":4},"end":{"line":32,"column":82}}]},"6":{"loc":{"start":{"line":32,"column":8},"end":{"line":32,"column":50}},"type":"binary-expr","locations":[{"start":{"line":32,"column":8},"end":{"line":32,"column":31}},{"start":{"line":32,"column":35},"end":{"line":32,"column":50}}]},"7":{"loc":{"start":{"line":35,"column":4},"end":{"line":35,"column":71}},"type":"if","locations":[{"start":{"line":35,"column":4},"end":{"line":35,"column":71}}]},"8":{"loc":{"start":{"line":35,"column":8},"end":{"line":35,"column":34}},"type":"binary-expr","locations":[{"start":{"line":35,"column":8},"end":{"line":35,"column":14}},{"start":{"line":35,"column":18},"end":{"line":35,"column":34}}]},"9":{"loc":{"start":{"line":38,"column":4},"end":{"line":38,"column":67}},"type":"if","locations":[{"start":{"line":38,"column":4},"end":{"line":38,"column":67}}]},"10":{"loc":{"start":{"line":41,"column":6},"end":{"line":41,"column":69}},"type":"if","locations":[{"start":{"line":41,"column":6},"end":{"line":41,"column":69}}]},"11":{"loc":{"start":{"line":56,"column":4},"end":{"line":56,"column":28}},"type":"if","locations":[{"start":{"line":56,"column":4},"end":{"line":56,"column":28}}]},"12":{"loc":{"start":{"line":79,"column":43},"end":{"line":79,"column":87}},"type":"if","locations":[{"start":{"line":79,"column":43},"end":{"line":79,"column":87}}]},"13":{"loc":{"start
[...]
4},"end":{"line":72,"column":15}},"50":{"start":{"line":63,"column":31},"end":{"line":63,"column":85}},"51":{"start":{"line":64,"column":31},"end":{"line":64,"column":59}},"52":{"start":{"line":65,"column":16},"end":{"line":65,"column":42}},"53":{"start":{"line":66,"column":16},"end":{"line":66,"column":60}},"54":{"start":{"line":66,"column":28},"end":{"line":66,"column":60}},"55":{"start":{"line":67,"column":16},"end":{"line":67,"column":53}},"56":{"start":{"line":69,"column":31},"end":{"line":69,"column":79}},"57":{"start":{"line":70,"column":16},"end":{"line":70,"column":42}},"58":{"start":{"line":71,"column":16},"end":{"line":71,"column":44}},"59":{"start":{"line":73,"column":19},"end":{"line":73,"column":25}},"60":{"start":{"line":75,"column":24},"end":{"line":75,"column":49}},"61":{"start":{"line":76,"column":10},"end":{"line":76,"column":28}},"62":{"start":{"line":76,"column":22},"end":{"line":76,"column":28}},"63":{"start":{"line":77,"column":10},"end":{"line":80,"column":11}},"64":{"start":{"line":78,"column":12},"end":{"line":78,"column":36}},"65":{"start":{"line":79,"column":12},"end":{"line":79,"column":26}},"66":{"start":{"line":81,"column":10},"end":{"line":84,"column":11}},"67":{"start":{"line":82,"column":12},"end":{"line":82,"column":36}},"68":{"start":{"line":83,"column":12},"end":{"line":83,"column":26}},"69":{"start":{"line":85,"column":10},"end":{"line":89,"column":11}},"70":{"start":{"line":86,"column":12},"end":{"line":86,"column":46}},"71":{"start":{"line":87,"column":12},"end":{"line":87,"column":51}},"72":{"start":{"line":88,"column":12},"end":{"line":88,"column":26}},"73":{"start":{"line":90,"column":10},"end":{"line":105,"column":11}},"74":{"start":{"line":91,"column":12},"end":{"line":97,"column":13}},"75":{"start":{"line":92,"column":14},"end":{"line":95,"column":15}},"76":{"start":{"line":93,"column":16},"end":{"line":93,"column":43}},"77":{"start":{"line":94,"column":16},"end":{"line":94,"column":23}},"78":{"start":{"line":96,"column":14},"end":{"line":96,"column":41}},"79":{"start":{"line":98,"column":12},"end":{"line":102,"column":13}},"80":{"start":{"line":99,"column":14},"end":{"line":99,"column":47}},"81":{"start":{"line":100,"column":14},"end":{"line":100,"column":41}},"82":{"start":{"line":101,"column":14},"end":{"line":101,"column":28}},"83":{"start":{"line":103,"column":12},"end":{"line":103,"column":39}},"84":{"start":{"line":104,"column":12},"end":{"line":104,"column":26}},"85":{"start":{"line":108,"column":8},"end":{"line":108,"column":35}},"86":{"start":{"line":111,"column":24},"end":{"line":114,"column":5}},"87":{"start":{"line":112,"column":6},"end":{"line":112,"column":30}},"88":{"start":{"line":112,"column":23},"end":{"line":112,"column":30}},"89":{"start":{"line":113,"column":6},"end":{"line":113,"column":50}},"90":{"start":{"line":115,"column":4},"end":{"line":115,"column":34}},"91":{"start":{"line":116,"column":4},"end":{"line":116,"column":36}},"92":{"start":{"line":117,"column":4},"end":{"line":122,"column":7}},"93":{"start":{"line":120,"column":6},"end":{"line":120,"column":40}},"94":{"start":{"line":121,"column":6},"end":{"line":121,"column":26}},"95":{"start":{"line":126,"column":17},"end":{"line":126,"column":21}},"96":{"start":{"line":127,"column":19},"end":{"line":127,"column":26}},"97":{"start":{"line":128,"column":18},"end":{"line":128,"column":56}},"98":{"start":{"line":129,"column":4},"end":{"line":129,"column":29}},"99":{"start":{"line":130,"column":4},"end":{"line":130,"column":31}},"100":{"start":{"line":134,"column":4},"end":{"line":134,"column":23}},"101":{"start":{"line":135,"column":4},"end":{"line":138,"column":5}},"102":{"start":{"line":136,"column":6},"end":{"line":136,"column":40}},"103":{"start":{"line":137,"column":6},"end":{"line":137,"column":31}},"104":{"start":{"line":139,"column":19},"end":{"line":139,"column":30}},"105":{"start":{"line":140,"column":4},"end":{"line":140,"column":32}},"106":{"start":{"line":141,"column":4},"end":{"line":141,"column":44}},"107":{"start":{"line":141,"column":27},"end":{"line":141,"column":44}},"108":{"start":{"line":142,"column":4},"end":{"line":142,"column":31}},"109":{"start":{"line":148,"column":19},"end":{"line":148,"column":75}},"110":{"start":{"line":149,"column":23},"end":{"line":149,"column":80}},"111":{"start":{"line":151,"column":4},"end":{"line":159,"column":6}},"112":{"start":{"line":168,"column":4},"end":{"line":168,"column":28}},"113":{"start":{"line":168,"column":21},"end":{"line":168,"column":28}},"114":{"start":{"line":169,"column":4},"end":{"line":169,"column":28}},"115":{"start":{"line":170,"column":4},"end":{"line":170,"column":34}},"116":{"start":{"line":170,"column":27},"end":{"line":170,"column":34}},"117":{"start":{"line":171,"column":4},"end":{"line":182,"column":7}},"118":{"start":{"line":172,"column":6},"end":{"line":172,"column":31}},"119":{"start":{"line":173,"column":21},"end":{"line":173,"column":34}},"120":{"start":{"line":174,"column":6},"end":{"line":174,"column":25}},"121":{"start":{"line":175,"column":6},"end":{"line":175,"column":33}},"122":{"start":{"line":175,"column":26},"end":{"line":175,"column":33}},"123":{"start":{"line":176,"column":21},"end":{"line":176,"column":32}},"124":{"start":{"line":177,"column":6},"end":{"line":177,"column":91}},"125":{"start":{"line":177,"column":56},"end":{"line":177,"column":91}},"126":{"start":{"line":179,"column":6},"end":{"line":179,"column":20}},"127":{"start":{"line":180,"column":6},"end":{"line":180,"column":81}},"128":{"start":{"line":180,"column":19},"end":{"line":180,"column":20}},"129":{"start":{"line":180,"column":28},"end":{"line":180,"column":41}},"130":{"start":{"line":180,"column":57},"end":{"line":180,"column":81}},"131":{"start":{"line":181,"column":6},"end":{"line":181,"column":22}},"132":{"start":{"line":188,"column":18},"end":{"line":188,"column":47}},"133":{"start":{"line":189,"column":4},"end":{"line":189,"column":22}},"134":{"start":{"line":193,"column":18},"end":{"line":193,"column":47}},"135":{"start":{"line":194,"column":4},"end":{"line":194,"column":22}},"136":{"start":{"line":198,"column":20},"end":{"line":198,"column":32}},"137":{"start":{"line":199,"column":19},"end":{"line":199,"column":60}},"138":{"start":{"line":200,"column":4},"end":{"line":200,"column":23}},"139":{"start":{"line":201,"column":4},"end":{"line":201,"column":21}},"140":{"start":{"line":205,"column":20},"end":{"line":205,"column":32}},"141":{"start":{"line":206,"column":19},"end":{"line":206,"column":33}},"142":{"start":{"line":207,"column":17},"end":{"line":207,"column":30}},"143":{"start":{"line":208,"column":4},"end":{"line":208,"column":53}},"144":{"start":{"line":209,"column":4},"end":{"line":209,"column":32}},"145":{"start":{"line":210,"column":4},"end":{"line":210,"column":21}},"146":{"start":{"line":211,"column":16},"end":{"line":211,"column":30}},"147":{"start":{"line":212,"column":4},"end":{"line":212,"column":20}},"148":{"start":{"line":10,"column":0},"end":{"line":10,"column":13}}},"fnMap":{"0":{"name":"(anonymous_0)","decl":{"start":{"line":42,"column":2},"end":{"line":42,"column":null}},"loc":{"start":{"line":44,"column":52},"end":{"line":123,"column":3}}},"1":{"name":"(anonymous_1)","decl":{"start":{"line":15,"column":34},"end":{"line":15,"column":35}},"loc":{"start":{"line":15,"column":68},"end":{"line":17,"column":3}}},"2":{"name":"(anonymous_2)","decl":{"start":{"line":21,"column":38},"end":{"line":21,"column":39}},"loc":{"start":{"line":21,"column":99},"end":{"line":34,"column":3}}},"3":{"name":"(anonymous_3)","decl":{"start":{"line":36,"column":66},"end":{"line":36,"column":69}},"loc":{"start":{"line":36,"column":71},"end":{"line":36,"column":74}}},"4":{"name":"(anonymous_4)","decl":{"start":{"line":39,"column":53},"end":{"line":39,"column":56}},"loc":{"start":{"line":39,"column":58},"end":{"line":39,"column":61}}},"5":{"name":"(anonymous_5)","decl":{"start":{"line":40,"column":59},"end":{"line":40,"column":62}},"loc":{"start":{"line":40,"column":64},"end":{"line":40,"column":67}}},"6":{"name":"(anonymous_6)","decl":{"start":{"line":49,"column":23},"end":{"line":49,"column":24}},"loc":{"start":{"line":49,"column":50},"end":{"line":110,"column":5}}},"7":{"name":"(anonymous_7)","decl":{"start":{"line":111,"column":24},"end":{"line":111,"column":25}},"loc":{"start":{"line":111,"column":52},"end":{"line":114,"column":5}}},"8":{"name":"(anonymous_8)","decl":{"start":{"line":117,"column":23},"end":{"line":117,"column":24}},"loc":{"start":{"line":117,"column":38},"end":{"line":122,"column":5}}},"9":{"name":"(anonymous_9)","decl":{"start":{"line":125,"column":9},"end":{"line":125,"column":14}},"loc":{"start":{"line":125,"column":14},"end":{"line":131,"column":3}}},"10":{"name":"(anonymous_10)","decl":{"start":{"line":133,"column":10},"end":{"line":133,"column":17}},"loc":{"start":{"line":133,"column":46},"end":{"line":143,"column":3}}},"11":{"name":"(anonymous_11)","decl":{"start":{"line":147,"column":9},"end":{"line":147,"column":16}},"loc":{"start":{"line":147,"column":102},"end":{"line":160,"column":3}}},"12":{"name":"(anonymous_12)","decl":{"start":{"line":167,"column":9},"end":{"line":167,"column":14}},"loc":{"start":{"line":167,"column":30},"end":{"line":183,"column":3}}},"13":{"name":"(anonymous_13)","decl":{"start":{"line":171,"column":37},"end":{"line":171,"column":40}},"loc":{"start":{"line":171,"column":42},"end":{"line":182,"column":5}}},"14":{"name":"(anonymous_14)","decl":{"start":{"line":187,"column":9},"end":{"line":187,"column":17}},"loc":{"start":{"line":187,"column":41},"end":{"line":190,"column":3}}},"15":{"name":"(anonymous_15)","decl":{"start":{"line":192,"column":9},"end":{"line":192,"column":17}},"loc":{"start":{"line":192,"column":41},"end":{"line":195,"column":3}}},"16":{"name":"(anonymous_16)","decl":{"start":{"line":197,"column":9},"end":{"line":197,"column":19}},"loc":{"start":{"line":197,"column":36},"end":{"line":202,"column":3}}},"17":{"name":"(anonymous_17)","decl":{"start":{"line":204,"column":9},"end":{"line":204,"column":19}},"loc":{"start":{"line":204,"column":31},"end":{"line":213,"column":3}}}},"branchMap":{"0":{"loc":{"start":{"line":24,"column":4},"end":{"line":27,"column":5}},"type":"if","locations":[{"start":{"line":24,"column":4},"end":{"line":27,"column":5}}]},"1":{"loc":{"start":{"line":29,"column":4},"end":{"line":29,"column":24}},"type":"if","locations":[{"start":{"line":29,"column":4},"end":{"line":29,"column":24}}]},"2":{"loc":{"start":{"line":53,"column":10},"end":{"line":74,"column":11}},"type":"if","locations":[{"start":{"line":53,"column":10},"end":{"line":74,"column":11}}]},"3":{"loc":{"start":{"line":55,"column":12},"end":{"line":58,"column":13}},"type":"if","locations":[{"start":{"line":55,"column":12},"end":{"line":58,"column":13}}]},"4":{"loc":{"start":{"line":59,"column":12},"end":{"line":73,"column":25}},"type":"if","locations":[{"start":{"line":59,"column":12},"end":{"line":73,"column":25}},{"start":{"line":73,"column":19},"end":{"line":73,"column":25}}]},"5":{"loc":{"start":{"line":62,"column":14},"end":{"line":72,"column":15}},"type":"if","locations":[{"start":{"line":62,"column":14},"end":{"line":72,"column":15}},{"start":{"line":68,"column":21},"end":{"line":72,"column":15}}]},"6":{"loc":{"start":{"line":66,"column":16},"end":{"line":66,"column":60}},"type":"if","locations":[{"start":{"line":66,"column":16},"end":{"line":66,"column":60}}]},"7":{"loc":{"start":{"line":76,"column":10},"end":{"line":76,"column":28}},"type":"if","locations":[{"start":{"line":76,"column":10},"end":{"line":76,"column":28}}]},"8":{"loc":{"start":{"line":77,"column":10},"end":{"line":80,"column":11}},"type":"if","locations":[{"start":{"line":77,"column":10},"end":{"line":80,"column":11}}]},"9":{"loc":{"start":{"line":81,"column":10},"end":{"line":84,"column":11}},"type":"if","locations":[{"start":{"line":81,"column":10},"end":{"line":84,"column":11}}]},"10":{"loc":{"start":{"line":85,"column":10},"end":{"line":89,"column":11}},"type":"if","locations":[{"start":{"line":85,"column":10},"end":{"line":89,"column":11}}]},"11":{"loc":{"start":{"line":90,"column":10},"end":{"line":105,"column":11}},"type":"if","locations":[{"start":{"line":90,"column":10},"end":{"line":105,"column":11}}]},"12":{"loc":{"start":{"line":91,"column":12},"end":{"line":97,"column":13}},"type":"if","locations":[{"start":{"line":91,"column":12},"end":{"line":97,"column":13}}]},"13":{"loc":{"start":{"line":92,"column":14},"end":{"line":95,"column":15}},"type":"if","locations":[{"start":{"line":92,"column":14},"end":{"line":95,"column":15}}]},"14":{"loc":{"start":{"line":98,"column":12},"end":{"line":102,"column":13}},"type":"if","locations":[{"start":{"line":98,"column":12},"end":{"line":102,"column":13}}]},"15":{"loc":{"start":{"line":112,"column":6},"end":{"line":112,"column":30}},"type":"if","locations":[{"start":{"line":112,"column":6},"end":{"line":112,"column":30}}]},"16":{"loc":{"start":{"line":113,"column":19},"end":{"line":113,"column":41}},"type":"cond-expr","locations":[{"start":{"line":113,"column":30},"end":{"line":113,"column":34}},{"start":{"line":113,"column":37},"end":{"line":113,"column":41}}]},"17":{"loc":{"start":{"line":135,"column":4},"end":{"line":138,"column":5}},"type":"if","locations":[{"start":{"line":135,"column":4},"end":{"line":138,"column":5}}]},"18":{"loc":{"start":{"line":141,"column":4},"end":{"line":141,"column":44}},"type":"if","locations":[{"start":{"line":141,"column":4},"end":{"line":141,"column":44}}]},"19":{"loc":{"start":{"line":156,"column":9},"end":{"line":156,"column":95}},"type":"cond-expr","locations":[{"start":{"line":156,"column":32},"end":{"line":156,"column":90}},{"start":{"line":156,"column":93},"end":{"line":156,"column":95}}]},"20":{"loc":{"start":{"line":168,"column":4},"end":{"line":168,"column":28}},"type":"if","locations":[{"start":{"line":168,"column":4},"end":{"line":168,"column":28}}]},"21":{"loc":{"start":{"line":170,"column":4},"end":{"line":170,"column":34}},"type":"if","locations":[{"start":{"line":170,"column":4},"end":{"line":170,"column":34}}]},"22":{"loc":{"start":{"line":175,"column":6},"end":{"line":175,"column":33}},"type":"if","locations":[{"start":{"line":175,"column":6},"end":{"line":175,"column":33}}]},"23":{"loc":{"start":{"line":177,"column":6},"end":{"line":177,"column":91}},"type":"if","locations":[{"start":{"line":177,"column":6},"end":{"line":177,"column":91}}]}},"s":{"0":1,"1":1,"2":1,"3":1,"4":13,"5":13,"6":13,"7":13,"8":13,"9":13,"10":4,"11":13,"12":13,"13":13,"14":6,"15":6,"16":6,"17":1,"18":1,"19":5,"20":5,"21":4,"22":1,"23":1,"24":1,"25":1,"26":13,"27":13,"28":13,"29":13,"30":13,"31":13,"32":13,"33":13,"34":13,"35":13,"36":13,"37":45,"38":45,"39":45,"40":45,"41":79,"42":30,"43":30,"44":1,"45":1,"46":29,"47":16,"48":16,"49":16,"50":9,"51":9,"52":9,"53":9,"54":3,"55":9,"56":7,"57":7,"58":7,"59":13,"60":65,"61":65,"62":31,"63":34,"64":7,"65":7,"66":27,"67":9,"68":9,"69":18,"70":1,"71":1,"72":1,"73":17,"74":17,"75":6,"76":0,"77":0,"78":6,"79":17,"80":6,"81":6,"82":6,"83":11,"84":11,"85":0,"86":13,"87":0,"88":0,"89":0,"90":13,"91":13,"92":13,"93":0,"94":0,"95":0,"96":0,"97":0,"98":0,"99":0,"100":3,"101":3,"102":0,"103":0,"104":3,"105":3,"106":3,"107":3,"108":3,"109":0,"110":0,"111":0,"112":4,"113":0,"114":4,"115":4,"116":2,"117":2,"118":0,"119":0,"120":0,"121":0,"122":0,"123":0,"124":0,"125":0,"126":0,"127":0,"128":0,"129":0,"130":0,"131":0,"132":0,"133":0,"134":4,"135":4,"136":0,"137":0,"138":0,"139":0,"140":0,"141":0,"142":0,"143":0,"144":0,"145":0,"146":0,"147":0,"148":1},"f":{"0":13,"1":4,"2":6,"3":0,"4":8,"5":0,"6":45,"7":0,"8":0,"9":0,"10":3,"11":0,"12":4,"13":0,"14":0,"15":4,"16":0,"17":0},"b":{"0":[1],"1":[4],"2":[30],"3":[1],"4":[16,13],"5":[9,7],"6":[3],"7":[31],"8":[7],"9":[9],"10":[1],"11":[17],"12":[6],"13":[0],"14":[6],"15":[0],"16":[0,0],"17":[0],"18":[3],"19":[0,0],"20":[0],"21":[2],"22":[0],"23":[0]}}
,"/home/runner/work/reactive-rpc/reactive-rpc/src/util/Defer.ts": {"path":"/home/runner/work/reactive-rpc/reactive-rpc/src/util/Defer.ts","statementMap":{"0":{"start":{"line":16,"column":18},"end":{"line":19,"column":5}},"1":{"start":{"line":17,"column":5},"end":{"line":17,"column":36}},"2":{"start":{"line":18,"column":5},"end":{"line":18,"column":34}},"3":{"start":{"line":13,"column":0},"end":{"line":13,"column":13}}},"fnMap":{"0":{"name":"(anonymous_0)","decl":{"start":{"line":13,"column":0},"end":{"line":13,"column":13}},"loc":{"start":{"line":13,"column":0},"end":{"line":20,"column":1}}},"1":{"name":"(anonymous_1)","decl":{"start":{"line":16,"column":55},"end":{"line":16,"column":56}},"loc":{"start":{"line":16,"column":75},"end":{"line":19,"column":3}}}},"branchMap":{},"s":{"0":26,"1":26,"2":26,"3":4},"f":{"0":26,"1":26},"b":{}}
,"/home/runner/work/reactive-rpc/reactive-rpc/src/util/rx/BufferSubject.ts": {"path":"/home/runner/work/reactive-rpc/reactive-rpc/src/util/rx/BufferSubject.ts","statementMap":{"0":{"start":{"line":1,"column":0},"end":{"line":1,"column":55}},"1":{"start":{"line":2,"column":0},"end":{"line":2,"column":64}},"2":{"start":{"line":9,"column":4},"end":{"line":9,"column":12}},"3":{"start":{"line":8,"column":30},"end":{"line":8,"column":48}},"4":{"start":{"line":5,"column":10},"end":{"line":5,"column":27}},"5":{"start":{"line":6,"column":10},"end":{"line":6,"column":29}},"6":{"start":{"line":14,"column":4},"end":{"line":14,"column":26}},"7":{"start":{"line":16,"column":25},"end":{"line":16,"column":57}},"8":{"start":{"line":17,"column":21},"end":{"line":17,"column":25}},"9":{"start":{"line":18,"column":4},"end":{"line":20,"column":5}},"10":{"start":{"line":18,"column":17},"end":{"line":18,"column":18}},"11":{"start":{"line":19,"column":6},"end":{"line":19,"column":38}},"12":{"start":{"line":22,"column":4},"end":{"line":22,"column":45}},"13":{"start":{"line":23,"column":4},"end":{"line":23,"column":24}},"14":{"start":{"line":27,"column":4},"end":{"line":33,"column":5}},"15":{"start":{"line":28,"column":6},"end":{"line":31,"column":7}},"16":{"start":{"line":29,"column":8},"end":{"line":29,"column":69}},"17":{"start":{"line":30,"column":8},"end":{"line":30,"column":15}},"18":{"start":{"line":32,"column":6},"end":{"line":32,"column":30}},"19":{"start":{"line":34,"column":4},"end":{"line":34,"column":22}},"20":{"start":{"line":38,"column":4},"end":{"line":38,"column":29}},"21":{"start":{"line":39,"column":4},"end":{"line":39,"column":21}},"22":{"start":{"line":4,"column":0},"end":{"line":4,"column":13}}},"fnMap":{"0":{"name":"(anonymous_0)","decl":{"start":{"line":8,"column":2},"end":{"line":8,"column":30}},"loc":{"start":{"line":8,"column":48},"end":{"line":10,"column":3}}},"1":{"name":"(anonymous_1)","decl":{"start":{"line":12,"column":12},"end":{"line":12,"column":22}},"loc":{"start":{"line":12,"column":48},"end":{"line":24,"column":3}}},"2":{"name":"(anonymous_2)","decl":{"start":{"line":26,"column":9},"end":{"line":26,"column":13}},"loc":{"start":{"line":26,"column":22},"end":{"line":35,"column":3}}},"3":{"name":"(anonymous_3)","decl":{"start":{"line":37,"column":9},"end":{"line":37,"column":14}},"loc":{"start":{"line":37,"column":14},"end":{"line":40,"column":3}}}},"branchMap":{"0":{"loc":{"start":{"line":18,"column":20},"end":{"line":18,"column":59}},"type":"binary-expr","locations":[{"start":{"line":18,"column":20},"end":{"line":18,"column":37}},{"start":{"line":18,"column":41},"end":{"line":18,"column":59}}]},"1":{"loc":{"start":{"line":27,"column":4},"end":{"line":33,"column":5}},"type":"if","locations":[{"start":{"line":27,"column":4},"end":{"line":33,"column":5}}]},"2":{"loc":{"start":{"line":28,"column":6},"end":{"line":31,"column":7}},"type":"if","locations":[{"start":{"line":28,"column":6},"end":{"line":31,"column":7}}]}},"s":{"0":16,"1":16,"2":128,"3":128,"4":128,"5":128,"6":277,"7":277,"8":277,"9":277,"10":277,"11":82,"12":277,"13":277,"14":148,"15":138,"16":4,"17":4,"18":134,"19":144,"20":74,"21":74,"22":16},"f":{"0":128,"1":277,"2":148,"3":74},"b":{"0":[359,82],"1":[138],"2":[4]}}
}
