TN:
SF:src/__demos__/json-crdt-server/__tests__/setup.ts
FN:10,(anonymous_0)
FN:10,(anonymous_1)
FN:22,(anonymous_2)
FN:22,(anonymous_3)
FN:28,(anonymous_4)
FN:28,(anonymous_5)
FN:33,(anonymous_6)
FN:33,(anonymous_7)
FN:42,(anonymous_8)
FN:42,(anonymous_9)
FN:46,(anonymous_10)
FN:46,(anonymous_11)
FNF:12
FNH:12
FNDA:69,(anonymous_0)
FNDA:69,(anonymous_1)
FNDA:69,(anonymous_2)
FNDA:69,(anonymous_3)
FNDA:19,(anonymous_4)
FNDA:19,(anonymous_5)
FNDA:19,(anonymous_6)
FNDA:19,(anonymous_7)
FNDA:19,(anonymous_8)
FNDA:19,(anonymous_9)
FNDA:19,(anonymous_10)
FNDA:19,(anonymous_11)
DA:1,4
DA:2,4
DA:3,4
DA:4,4
DA:5,4
DA:6,4
DA:7,4
DA:10,69
DA:11,69
DA:12,69
DA:13,69
DA:20,69
DA:21,69
DA:22,69
DA:23,69
DA:25,69
DA:28,19
DA:29,19
DA:30,19
DA:33,19
DA:34,19
DA:38,19
DA:39,19
DA:42,19
DA:43,19
DA:44,19
DA:45,19
DA:46,19
LF:28
LH:28
BRDA:10,0,0,12
BRDA:23,1,0,50
BRDA:23,1,1,19
BRDA:23,2,0,69
BRDA:23,2,1,69
BRF:5
BRH:5
end_of_record
TN:
SF:src/__demos__/json-crdt-server/routes/index.ts
FN:14,(anonymous_0)
FN:25,(anonymous_1)
FN:29,(anonymous_2)
FN:40,(anonymous_3)
FN:40,(anonymous_4)
FNF:5
FNH:3
FNDA:176,(anonymous_0)
FNDA:176,(anonymous_1)
FNDA:26,(anonymous_2)
FNDA:0,(anonymous_3)
FNDA:0,(anonymous_4)
DA:1,15
DA:2,15
DA:3,15
DA:4,15
DA:5,15
DA:6,15
DA:7,15
DA:8,15
DA:9,15
DA:10,15
DA:14,15
DA:15,176
DA:16,176
DA:22,176
DA:25,15
DA:26,176
DA:27,176
DA:30,26
DA:31,26
DA:33,1
DA:34,1
DA:37,176
DA:40,15
DA:41,0
DA:42,0
DA:43,0
DA:44,0
DA:45,0
DA:46,0
DA:47,0
DA:49,0
DA:50,0
LF:32
LH:23
BRDA:25,0,0,107
BRDA:30,1,0,0
BRDA:31,2,0,25
BRDA:42,3,0,0
BRDA:43,4,0,0
BRDA:43,4,1,0
BRF:6
BRH:2
end_of_record
TN:
SF:src/__demos__/json-crdt-server/routes/routes.ts
FN:10,(anonymous_0)
FN:10,(anonymous_1)
FNF:2
FNH:2
FNDA:176,(anonymous_0)
FNDA:176,(anonymous_1)
DA:1,15
DA:2,15
DA:3,15
DA:4,15
DA:10,176
DA:11,176
LF:6
LH:6
BRF:0
BRH:0
end_of_record
TN:
SF:src/__demos__/json-crdt-server/routes/system.ts
FNF:0
FNH:0
DA:1,15
DA:3,15
DA:4,15
LF:3
LH:3
BRF:0
BRH:0
end_of_record
TN:
SF:src/__demos__/json-crdt-server/routes/block/index.ts
FN:28,(anonymous_0)
FN:29,(anonymous_1)
FNF:2
FNH:2
FNDA:176,(anonymous_0)
FNDA:176,(anonymous_1)
DA:1,15
DA:2,15
DA:3,15
DA:4,15
DA:5,15
DA:6,15
DA:7,15
DA:8,15
DA:25,15
DA:27,15
DA:28,15
DA:29,176
DA:30,176
DA:32,176
DA:33,176
DA:34,176
DA:36,176
DA:38,176
DA:39,176
DA:40,176
DA:42,176
DA:43,176
DA:44,176
DA:45,176
DA:46,176
DA:47,176
DA:49,176
DA:52,176
LF:28
LH:28
BRF:0
BRH:0
end_of_record
TN:
SF:src/__demos__/json-crdt-server/routes/block/schema.ts
FNF:0
FNH:0
DA:1,15
DA:4,15
DA:9,15
DA:11,15
DA:16,15
DA:18,15
DA:23,15
DA:28,15
DA:34,15
DA:37,15
DA:47,15
DA:49,15
DA:50,15
DA:55,15
DA:63,15
DA:66,15
DA:78,15
DA:80,15
DA:81,15
DA:85,15
DA:104,15
DA:107,15
DA:116,15
DA:118,15
DA:119,15
DA:124,15
DA:129,15
DA:132,15
DA:136,15
DA:140,15
DA:144,15
DA:148,15
DA:162,15
DA:166,15
LF:34
LH:34
BRF:0
BRH:0
end_of_record
TN:
SF:src/__demos__/json-crdt-server/routes/block/methods/del.ts
FN:5,(anonymous_0)
FN:6,(anonymous_1)
FN:28,(anonymous_2)
FN:28,(anonymous_3)
FNF:4
FNH:4
FNDA:176,(anonymous_0)
FNDA:176,(anonymous_1)
FNDA:18,(anonymous_2)
FNDA:18,(anonymous_3)
DA:4,15
DA:5,15
DA:6,176
DA:7,176
DA:14,176
DA:22,176
DA:28,176
DA:29,18
DA:30,18
LF:9
LH:9
BRF:0
BRH:0
end_of_record
TN:
SF:src/__demos__/json-crdt-server/routes/block/methods/get.ts
FN:6,(anonymous_0)
FN:7,(anonymous_1)
FN:25,(anonymous_2)
FN:25,(anonymous_3)
FNF:4
FNH:4
FNDA:176,(anonymous_0)
FNDA:176,(anonymous_1)
FNDA:120,(anonymous_2)
FNDA:120,(anonymous_3)
DA:2,15
DA:5,15
DA:6,15
DA:7,176
DA:8,176
DA:16,176
DA:20,176
DA:25,176
DA:26,120
DA:27,98
DA:28,98
LF:11
LH:11
BRF:0
BRH:0
end_of_record
TN:
SF:src/__demos__/json-crdt-server/routes/block/methods/listen.ts
FN:6,(anonymous_0)
FN:7,(anonymous_1)
FN:22,(anonymous_2)
FN:24,(anonymous_3)
FN:27,(anonymous_4)
FNF:5
FNH:5
FNDA:176,(anonymous_0)
FNDA:176,(anonymous_1)
FNDA:72,(anonymous_2)
FNDA:72,(anonymous_3)
FNDA:101,(anonymous_4)
DA:1,15
DA:2,15
DA:5,15
DA:6,15
DA:7,176
DA:8,176
DA:15,176
DA:17,176
DA:22,176
DA:23,72
DA:25,72
DA:28,101
DA:33,72
LF:13
LH:13
BRF:0
BRH:0
end_of_record
TN:
SF:src/__demos__/json-crdt-server/routes/block/methods/new.ts
FN:5,(anonymous_0)
FN:6,(anonymous_1)
FN:35,(anonymous_2)
FN:35,(anonymous_3)
FNF:4
FNH:4
FNDA:176,(anonymous_0)
FNDA:176,(anonymous_1)
FNDA:90,(anonymous_2)
FNDA:90,(anonymous_3)
DA:1,15
DA:4,15
DA:5,15
DA:6,176
DA:7,176
DA:20,176
DA:28,176
DA:35,176
DA:36,90
DA:37,89
DA:38,89
LF:11
LH:11
BRF:0
BRH:0
end_of_record
TN:
SF:src/__demos__/json-crdt-server/routes/block/methods/pull.ts
FN:5,(anonymous_0)
FN:6,(anonymous_1)
FN:48,(anonymous_2)
FN:48,(anonymous_3)
FNF:4
FNH:4
FNDA:176,(anonymous_0)
FNDA:176,(anonymous_1)
FNDA:533,(anonymous_2)
FNDA:533,(anonymous_3)
DA:1,15
DA:4,15
DA:5,15
DA:6,176
DA:8,176
DA:30,176
DA:42,176
DA:48,533
DA:49,533
LF:9
LH:9
BRF:0
BRH:0
end_of_record
TN:
SF:src/__demos__/json-crdt-server/routes/block/methods/scan.ts
FN:5,(anonymous_0)
FN:6,(anonymous_1)
FN:55,(anonymous_2)
FN:55,(anonymous_3)
FNF:4
FNH:4
FNDA:176,(anonymous_0)
FNDA:176,(anonymous_1)
FNDA:9,(anonymous_2)
FNDA:9,(anonymous_3)
DA:1,15
DA:4,15
DA:5,15
DA:6,176
DA:7,176
DA:38,176
DA:49,176
DA:55,176
DA:56,9
LF:9
LH:9
BRDA:55,0,0,0
BRF:1
BRH:0
end_of_record
TN:
SF:src/__demos__/json-crdt-server/routes/block/methods/upd.ts
FN:13,(anonymous_0)
FN:14,(anonymous_1)
FN:62,(anonymous_2)
FN:62,(anonymous_3)
FNF:4
FNH:4
FNDA:176,(anonymous_0)
FNDA:176,(anonymous_1)
FNDA:1032,(anonymous_2)
FNDA:1032,(anonymous_3)
DA:2,15
DA:12,15
DA:13,15
DA:14,176
DA:15,176
DA:35,176
DA:56,176
DA:62,1032
DA:63,1032
DA:64,1032
DA:65,1029
DA:73,1029
DA:74,72
DA:75,72
DA:76,60
DA:78,12
DA:80,12
DA:81,3
DA:82,3
DA:83,3
DA:85,9
DA:86,9
DA:87,9
DA:89,12
DA:92,1029
DA:93,1029
LF:26
LH:26
BRDA:73,0,0,72
BRDA:75,1,0,60
BRDA:75,1,1,12
BRDA:80,2,0,3
BRDA:80,2,1,9
BRDA:92,3,0,72
BRF:6
BRH:6
end_of_record
TN:
SF:src/__demos__/json-crdt-server/routes/block/methods/view.ts
FN:6,(anonymous_0)
FN:7,(anonymous_1)
FN:23,(anonymous_2)
FN:23,(anonymous_3)
FNF:4
FNH:4
FNDA:176,(anonymous_0)
FNDA:176,(anonymous_1)
FNDA:3,(anonymous_2)
FNDA:3,(anonymous_3)
DA:2,15
DA:5,15
DA:6,15
DA:7,176
DA:8,176
DA:15,176
DA:17,176
DA:23,176
DA:24,3
DA:25,3
DA:28,3
LF:11
LH:11
BRF:0
BRH:0
end_of_record
TN:
SF:src/__demos__/json-crdt-server/routes/presence/index.ts
FN:8,(anonymous_0)
FN:9,(anonymous_1)
FNF:2
FNH:2
FNDA:176,(anonymous_0)
FNDA:176,(anonymous_1)
DA:1,15
DA:2,15
DA:3,15
DA:4,15
DA:7,15
DA:8,15
DA:9,176
DA:10,176
DA:13,176
LF:9
LH:9
BRF:0
BRH:0
end_of_record
TN:
SF:src/__demos__/json-crdt-server/routes/presence/schema.ts
FNF:0
FNH:0
DA:2,15
DA:4,15
LF:2
LH:2
BRF:0
BRH:0
end_of_record
TN:
SF:src/__demos__/json-crdt-server/routes/presence/methods/listen.ts
FN:6,(anonymous_0)
FN:7,(anonymous_1)
FN:32,(anonymous_2)
FN:34,(anonymous_3)
FN:35,(anonymous_4)
FNF:5
FNH:5
FNDA:176,(anonymous_0)
FNDA:176,(anonymous_1)
FNDA:6,(anonymous_2)
FNDA:6,(anonymous_3)
FNDA:7,(anonymous_4)
DA:1,15
DA:5,15
DA:6,15
DA:7,176
DA:8,176
DA:15,176
DA:23,176
DA:32,176
DA:33,6
DA:34,6
DA:35,7
LF:11
LH:11
BRF:0
BRH:0
end_of_record
TN:
SF:src/__demos__/json-crdt-server/routes/presence/methods/remove.ts
FN:4,(anonymous_0)
FN:5,(anonymous_1)
FN:25,(anonymous_2)
FN:25,(anonymous_3)
FNF:4
FNH:4
FNDA:176,(anonymous_0)
FNDA:176,(anonymous_1)
FNDA:2,(anonymous_2)
FNDA:2,(anonymous_3)
DA:3,15
DA:4,15
DA:5,176
DA:6,176
DA:17,176
DA:19,176
DA:25,176
DA:26,2
DA:27,2
LF:9
LH:9
BRF:0
BRH:0
end_of_record
TN:
SF:src/__demos__/json-crdt-server/routes/presence/methods/update.ts
FN:9,(anonymous_0)
FN:10,(anonymous_1)
FN:67,(anonymous_2)
FN:67,(anonymous_3)
FNF:4
FNH:4
FNDA:176,(anonymous_0)
FNDA:176,(anonymous_1)
FNDA:4,(anonymous_2)
FNDA:4,(anonymous_3)
DA:6,15
DA:8,15
DA:9,15
DA:10,176
DA:11,176
DA:46,176
DA:58,176
DA:67,176
DA:68,4
DA:69,4
LF:10
LH:10
BRF:0
BRH:0
end_of_record
TN:
SF:src/__demos__/json-crdt-server/routes/pubsub/index.ts
FN:6,(anonymous_0)
FN:6,(anonymous_1)
FNF:2
FNH:2
FNDA:176,(anonymous_0)
FNDA:176,(anonymous_1)
DA:1,15
DA:2,15
DA:6,176
DA:7,176
LF:4
LH:4
BRF:0
BRH:0
end_of_record
TN:
SF:src/__demos__/json-crdt-server/routes/pubsub/listen.ts
FN:5,(anonymous_0)
FN:6,(anonymous_1)
FN:23,(anonymous_2)
FN:25,(anonymous_3)
FN:26,(anonymous_4)
FNF:5
FNH:5
FNDA:176,(anonymous_0)
FNDA:176,(anonymous_1)
FNDA:6,(anonymous_2)
FNDA:6,(anonymous_3)
FNDA:10,(anonymous_4)
DA:1,15
DA:4,15
DA:5,15
DA:6,176
DA:7,176
DA:14,176
DA:21,176
DA:23,176
DA:24,6
DA:25,6
DA:26,10
DA:28,6
LF:12
LH:12
BRF:0
BRH:0
end_of_record
TN:
SF:src/__demos__/json-crdt-server/routes/pubsub/publish.ts
FN:4,(anonymous_0)
FN:5,(anonymous_1)
FN:31,(anonymous_2)
FN:31,(anonymous_3)
FNF:4
FNH:4
FNDA:176,(anonymous_0)
FNDA:176,(anonymous_1)
FNDA:8,(anonymous_2)
FNDA:8,(anonymous_3)
DA:3,15
DA:4,15
DA:5,176
DA:6,176
DA:17,176
DA:22,176
DA:31,176
DA:32,8
DA:33,8
LF:9
LH:9
BRF:0
BRH:0
end_of_record
TN:
SF:src/__demos__/json-crdt-server/routes/util/index.ts
FN:4,(anonymous_0)
FN:5,(anonymous_1)
FN:9,(anonymous_2)
FN:9,(anonymous_3)
FN:15,(anonymous_4)
FN:16,(anonymous_5)
FN:20,(anonymous_6)
FN:20,(anonymous_7)
FN:24,(anonymous_8)
FN:25,(anonymous_9)
FN:39,(anonymous_10)
FN:39,(anonymous_11)
FN:52,(anonymous_12)
FN:53,(anonymous_13)
FN:57,(anonymous_14)
FN:57,(anonymous_15)
FN:65,(anonymous_16)
FN:65,(anonymous_17)
FNF:18
FNH:16
FNDA:176,(anonymous_0)
FNDA:176,(anonymous_1)
FNDA:1,(anonymous_2)
FNDA:1,(anonymous_3)
FNDA:176,(anonymous_4)
FNDA:176,(anonymous_5)
FNDA:2,(anonymous_6)
FNDA:2,(anonymous_7)
FNDA:176,(anonymous_8)
FNDA:176,(anonymous_9)
FNDA:1,(anonymous_10)
FNDA:1,(anonymous_11)
FNDA:176,(anonymous_12)
FNDA:176,(anonymous_13)
FNDA:0,(anonymous_14)
FNDA:0,(anonymous_15)
FNDA:176,(anonymous_16)
FNDA:176,(anonymous_17)
DA:3,15
DA:4,15
DA:5,176
DA:6,176
DA:7,176
DA:8,176
DA:9,176
DA:10,1
DA:14,15
DA:15,15
DA:16,176
DA:17,176
DA:18,176
DA:19,176
DA:20,176
DA:23,15
DA:24,15
DA:25,176
DA:26,176
DA:27,176
DA:38,176
DA:39,176
DA:40,1
DA:51,15
DA:52,15
DA:53,176
DA:54,176
DA:55,176
DA:56,176
DA:57,176
DA:58,0
DA:65,176
DA:66,176
LF:33
LH:32
BRF:0
BRH:0
end_of_record
TN:
SF:src/__demos__/json-crdt-server/services/PresenceService.ts
FN:6,(anonymous_0)
FN:10,(anonymous_1)
FN:25,(anonymous_3)
FN:31,(anonymous_4)
FN:35,(anonymous_6)
FN:49,(anonymous_7)
FN:50,(anonymous_8)
FN:61,(anonymous_9)
FN:67,(anonymous_10)
FN:76,(anonymous_11)
FN:84,(anonymous_12)
FN:94,(anonymous_13)
FN:97,(anonymous_14)
FN:98,(anonymous_15)
FNF:14
FNH:10
FNDA:184,(anonymous_0)
FNDA:4,(anonymous_1)
FNDA:4,(anonymous_3)
FNDA:2,(anonymous_4)
FNDA:2,(anonymous_6)
FNDA:6,(anonymous_7)
FNDA:6,(anonymous_8)
FNDA:0,(anonymous_9)
FNDA:0,(anonymous_10)
FNDA:12,(anonymous_11)
FNDA:10,(anonymous_12)
FNDA:1,(anonymous_13)
FNDA:0,(anonymous_14)
FNDA:0,(anonymous_15)
DA:1,16
DA:6,16
DA:7,184
DA:8,184
DA:11,4
DA:12,4
DA:13,4
DA:14,4
DA:20,4
DA:21,4
DA:22,4
DA:23,4
DA:24,4
DA:25,4
DA:26,4
DA:27,4
DA:28,4
DA:32,2
DA:33,2
DA:34,2
DA:35,2
DA:36,2
DA:37,2
DA:38,2
DA:39,2
DA:50,6
DA:51,6
DA:52,6
DA:53,6
DA:54,6
DA:55,6
DA:56,6
DA:57,2
DA:58,2
DA:60,6
DA:61,6
DA:62,0
DA:63,0
DA:64,0
DA:65,0
DA:67,0
DA:68,0
DA:69,0
DA:70,0
DA:77,12
DA:78,12
DA:79,5
DA:80,5
DA:81,5
DA:85,10
DA:86,10
DA:87,6
DA:88,6
DA:89,6
DA:91,6
DA:95,1
DA:97,0
DA:98,0
LF:58
LH:48
BRDA:13,0,0,0
BRDA:13,1,0,4
BRDA:13,1,1,4
BRDA:14,2,0,0
BRDA:14,2,1,4
BRDA:14,3,0,4
BRDA:14,3,1,4
BRDA:27,4,0,3
BRDA:34,5,0,2
BRDA:37,6,0,2
BRDA:52,7,0,4
BRDA:58,8,0,0
BRDA:60,9,0,2
BRDA:63,10,0,0
BRDA:68,11,0,0
BRDA:69,12,0,0
BRDA:78,13,0,7
BRDA:86,14,0,4
BRDA:89,15,0,0
BRDA:91,16,0,0
BRF:20
BRH:12
end_of_record
TN:
SF:src/__demos__/json-crdt-server/services/PubSubService.ts
FN:3,(anonymous_0)
FN:6,(anonymous_1)
FN:7,(anonymous_2)
FN:11,(anonymous_3)
FN:14,(anonymous_4)
FN:23,(anonymous_5)
FN:24,(anonymous_7)
FN:30,(anonymous_8)
FN:33,(anonymous_9)
FNF:9
FNH:6
FNDA:184,(anonymous_0)
FNDA:78,(anonymous_1)
FNDA:78,(anonymous_2)
FNDA:0,(anonymous_3)
FNDA:0,(anonymous_4)
FNDA:1662,(anonymous_5)
FNDA:1662,(anonymous_7)
FNDA:1,(anonymous_8)
FNDA:0,(anonymous_9)
DA:1,16
DA:3,16
DA:4,184
DA:7,78
DA:8,78
DA:9,78
DA:10,78
DA:11,78
DA:12,0
DA:13,0
DA:14,0
DA:15,0
DA:16,0
DA:17,0
DA:24,1662
DA:25,1662
DA:26,1662
DA:27,111
DA:31,1
DA:33,0
LF:20
LH:13
BRDA:8,0,0,76
BRDA:13,1,0,0
BRDA:15,2,0,0
BRDA:16,3,0,0
BRDA:26,4,0,1554
BRF:5
BRH:2
end_of_record
TN:
SF:src/__demos__/json-crdt-server/services/Services.ts
FN:17,(anonymous_0)
FNF:1
FNH:1
FNDA:184,(anonymous_0)
DA:1,16
DA:2,16
DA:3,16
DA:4,16
DA:12,16
DA:18,184
DA:19,184
DA:20,184
LF:8
LH:8
BRDA:17,0,0,109
BRDA:17,1,0,111
BRF:2
BRH:2
end_of_record
TN:
SF:src/__demos__/json-crdt-server/services/blocks/BlocksServices.ts
FN:13,(anonymous_0)
FN:48,(anonymous_1)
FN:53,(anonymous_2)
FN:59,(anonymous_3)
FN:70,(anonymous_5)
FN:91,(anonymous_6)
FN:95,(anonymous_7)
FN:97,(anonymous_8)
FN:103,(anonymous_9)
FN:105,(anonymous_10)
FN:111,(anonymous_11)
FN:118,(anonymous_13)
FN:126,(anonymous_15)
FN:129,(anonymous_17)
FN:136,(anonymous_18)
FN:137,(anonymous_19)
FN:170,(anonymous_20)
FN:171,(anonymous_21)
FN:194,(anonymous_22)
FN:223,(anonymous_24)
FN:226,(anonymous_25)
FN:233,(anonymous_26)
FN:236,(anonymous_28)
FN:236,(anonymous_29)
FN:244,(anonymous_30)
FN:248,(anonymous_31)
FN:252,(anonymous_32)
FNF:27
FNH:23
FNDA:1500,(anonymous_0)
FNDA:184,(anonymous_1)
FNDA:0,(anonymous_2)
FNDA:139,(anonymous_3)
FNDA:43,(anonymous_5)
FNDA:96,(anonymous_6)
FNDA:139,(anonymous_7)
FNDA:0,(anonymous_8)
FNDA:1497,(anonymous_9)
FNDA:0,(anonymous_10)
FNDA:164,(anonymous_11)
FNDA:3,(anonymous_13)
FNDA:18,(anonymous_15)
FNDA:0,(anonymous_17)
FNDA:33,(anonymous_18)
FNDA:33,(anonymous_19)
FNDA:533,(anonymous_20)
FNDA:533,(anonymous_21)
FNDA:1432,(anonymous_22)
FNDA:180,(anonymous_24)
FNDA:1401,(anonymous_25)
FNDA:180,(anonymous_26)
FNDA:180,(anonymous_28)
FNDA:180,(anonymous_29)
FNDA:72,(anonymous_30)
FNDA:1,(anonymous_31)
FNDA:1540,(anonymous_32)
DA:1,16
DA:2,16
DA:3,16
DA:5,16
DA:6,16
DA:7,16
DA:13,16
DA:14,1500
DA:15,1500
DA:16,1500
DA:17,1500
DA:18,1500
DA:19,1553
DA:45,16
DA:49,184
DA:50,184
DA:51,184
DA:53,0
DA:56,184
DA:60,139
DA:61,139
DA:62,43
DA:63,43
DA:69,43
DA:70,43
DA:71,43
DA:73,96
DA:74,96
DA:75,96
DA:81,107
DA:82,96
DA:88,96
DA:89,96
DA:90,96
DA:91,96
DA:92,96
DA:96,139
DA:97,139
DA:99,0
DA:104,1497
DA:105,1497
DA:107,0
DA:112,164
DA:113,164
DA:114,164
DA:115,126
DA:119,3
DA:120,3
DA:121,3
DA:122,3
DA:123,3
DA:127,18
DA:128,18
DA:129,18
DA:131,0
DA:133,18
DA:137,33
DA:142,33
DA:143,33
DA:144,33
DA:145,33
DA:146,33
DA:147,33
DA:148,33
DA:149,33
DA:150,33
DA:152,0
DA:153,0
DA:155,33
DA:156,0
DA:157,0
DA:159,33
DA:160,33
DA:161,16
DA:162,16
DA:167,17
DA:171,533
DA:175,533
DA:176,533
DA:177,0
DA:178,533
DA:179,533
DA:180,3
DA:181,3
DA:182,3
DA:184,0
DA:186,530
DA:187,530
DA:188,462
DA:189,462
DA:190,306
DA:191,306
DA:195,1432
DA:196,72
DA:197,72
DA:198,28
DA:199,28
DA:200,28
DA:203,1404
DA:204,1404
DA:205,1404
DA:206,1404
DA:207,1401
DA:208,1401
DA:209,1401
DA:210,1401
DA:211,1401
DA:212,1443
DA:213,1443
DA:215,1401
DA:220,1401
DA:221,1401
DA:222,1401
DA:223,180
DA:225,1401
DA:226,1401
DA:227,1401
DA:234,180
DA:235,180
DA:236,180
DA:237,180
DA:238,364
DA:239,182
DA:240,180
DA:245,72
DA:249,1
DA:253,1540
DA:254,1540
DA:255,4
LF:129
LH:119
BRDA:14,0,0,0
BRDA:14,1,0,1500
BRDA:14,1,1,1500
BRDA:14,1,2,1500
BRDA:16,2,0,0
BRDA:17,3,0,0
BRDA:18,4,0,0
BRDA:19,5,0,0
BRDA:50,6,0,0
BRDA:51,7,0,180
BRDA:53,8,0,0
BRDA:53,8,1,0
BRDA:56,9,0,2
BRDA:56,9,1,182
BRDA:56,10,0,184
BRDA:56,10,1,184
BRDA:61,11,0,43
BRDA:90,12,0,96
BRDA:114,13,0,38
BRDA:121,14,0,0
BRDA:140,15,0,0
BRDA:143,16,0,0
BRDA:144,17,0,0
BRDA:147,18,0,0
BRDA:147,19,0,33
BRDA:147,19,1,33
BRDA:148,20,0,33
BRDA:148,20,1,0
BRDA:149,21,0,33
BRDA:149,21,1,22
BRDA:152,22,0,0
BRDA:152,22,1,0
BRDA:155,23,0,0
BRDA:160,24,0,16
BRDA:173,25,0,0
BRDA:176,26,0,0
BRDA:176,27,0,533
BRDA:176,27,1,533
BRDA:176,27,2,533
BRDA:179,28,0,3
BRDA:180,29,0,3
BRDA:182,30,0,0
BRDA:182,30,1,3
BRDA:186,31,0,0
BRDA:187,32,0,68
BRDA:189,33,0,156
BRDA:189,34,0,462
BRDA:189,34,1,457
BRDA:195,35,0,72
BRDA:197,36,0,28
BRDA:199,37,0,0
BRDA:206,38,0,3
BRDA:222,39,0,180
BRDA:222,40,0,1401
BRDA:222,40,1,180
BRDA:222,40,2,180
BRDA:235,41,0,0
BRDA:254,42,0,1536
BRF:58
BRH:35
end_of_record
TN:
SF:src/__demos__/json-crdt-server/services/blocks/util.ts
FN:9,(anonymous_0)
FN:11,(anonymous_1)
FN:14,(anonymous_2)
FN:14,(anonymous_3)
FNF:4
FNH:4
FNDA:185,(anonymous_0)
FNDA:1528,(anonymous_1)
FNDA:1531,(anonymous_2)
FNDA:1531,(anonymous_3)
DA:5,17
DA:6,17
DA:8,17
DA:9,17
DA:11,1528
DA:14,1531
DA:15,1531
DA:16,156
DA:17,156
DA:18,156
DA:19,1
DA:20,1
DA:21,1
DA:22,1
LF:14
LH:14
BRDA:11,0,0,182
BRDA:12,1,0,182
BRDA:15,2,0,1375
BRDA:18,3,0,155
BRF:4
BRH:4
end_of_record
TN:
SF:src/__demos__/json-crdt-server/services/blocks/store/MemoryStore.ts
FN:5,(anonymous_0)
FN:8,(anonymous_1)
FN:15,(anonymous_2)
FN:18,(anonymous_3)
FN:25,(anonymous_5)
FN:46,(anonymous_7)
FN:51,(anonymous_9)
FN:56,(anonymous_11)
FN:83,(anonymous_13)
FN:112,(anonymous_15)
FN:119,iterator
FN:134,(anonymous_19)
FN:150,(anonymous_21)
FN:155,(anonymous_23)
FN:159,(anonymous_24)
FN:162,(anonymous_25)
FN:166,(anonymous_26)
FN:171,(anonymous_28)
FN:171,(anonymous_29)
FN:182,(anonymous_30)
FN:183,(anonymous_32)
FNF:21
FNH:17
FNDA:16,(anonymous_0)
FNDA:93,(anonymous_1)
FNDA:142,(anonymous_2)
FNDA:760,(anonymous_3)
FNDA:60,(anonymous_5)
FNDA:70,(anonymous_7)
FNDA:227,(anonymous_9)
FNDA:94,(anonymous_11)
FNDA:651,(anonymous_13)
FNDA:90,(anonymous_15)
FNDA:90,iterator
FNDA:121,(anonymous_19)
FNDA:15,(anonymous_21)
FNDA:15,(anonymous_23)
FNDA:1,(anonymous_24)
FNDA:0,(anonymous_25)
FNDA:0,(anonymous_26)
FNDA:0,(anonymous_28)
FNDA:0,(anonymous_29)
FNDA:2,(anonymous_30)
FNDA:1,(anonymous_32)
DA:1,16
DA:2,16
DA:5,16
DA:7,16
DA:9,93
DA:10,93
DA:11,93
DA:15,16
DA:16,142
DA:19,760
DA:20,760
DA:21,760
DA:22,733
DA:29,60
DA:30,60
DA:31,60
DA:32,60
DA:33,60
DA:34,60
DA:35,60
DA:36,60
DA:37,7846
DA:38,7846
DA:39,7846
DA:40,7845
DA:41,7839
DA:43,60
DA:47,70
DA:48,70
DA:52,227
DA:53,227
DA:61,94
DA:62,94
DA:63,94
DA:64,93
DA:65,93
DA:66,93
DA:67,93
DA:68,93
DA:69,63
DA:70,63
DA:71,63
DA:77,63
DA:78,63
DA:80,30
DA:87,651
DA:88,651
DA:89,651
DA:90,651
DA:91,651
DA:92,651
DA:93,651
DA:94,651
DA:95,651
DA:96,651
DA:97,651
DA:98,651
DA:99,651
DA:100,651
DA:101,651
DA:102,651
DA:108,651
DA:109,651
DA:113,90
DA:114,90
DA:115,90
DA:116,90
DA:117,90
DA:118,90
DA:120,90
DA:121,181
DA:122,181
DA:123,181
DA:124,181
DA:125,91
DA:128,90
DA:129,90
DA:130,90
DA:131,90
DA:135,121
DA:136,121
DA:137,121
DA:138,121
DA:139,121
DA:140,121
DA:141,121
DA:142,15387
DA:143,15387
DA:144,15387
DA:145,15379
DA:147,121
DA:151,15
DA:152,15
DA:156,15
DA:160,1
DA:162,0
DA:167,0
DA:168,0
DA:171,0
DA:172,0
DA:173,0
DA:174,0
DA:175,0
DA:176,0
DA:177,0
DA:178,0
DA:183,2
DA:184,2
DA:185,20
DA:186,9
DA:187,9
DA:188,3
DA:189,3
DA:191,6
DA:192,6
DA:193,0
DA:194,0
DA:195,0
DA:198,2
DA:199,2
DA:200,3
DA:201,3
LF:122
LH:108
BRDA:21,0,0,27
BRDA:31,1,0,0
BRDA:39,2,0,1
BRDA:40,3,0,6
BRDA:53,4,0,1
BRDA:53,4,1,226
BRDA:53,5,0,227
BRDA:53,5,1,227
BRDA:63,6,0,1
BRDA:68,7,0,63
BRDA:70,8,0,0
BRDA:90,9,0,0
BRDA:90,10,0,651
BRDA:90,10,1,651
BRDA:92,11,0,0
BRDA:95,12,0,0
BRDA:114,13,0,0
BRDA:123,14,0,0
BRDA:124,15,0,90
BRDA:137,16,0,0
BRDA:144,17,0,8
BRDA:145,18,0,5306
BRDA:145,19,0,15379
BRDA:145,19,1,5306
BRDA:168,20,0,0
BRDA:171,21,0,0
BRDA:175,22,0,0
BRDA:178,23,0,0
BRDA:187,24,0,3
BRDA:191,25,0,2
BRDA:192,26,0,0
BRDA:192,27,0,6
BRDA:192,27,1,6
BRDA:198,28,0,0
BRF:34
BRH:20
end_of_record
TN:
SF:src/__demos__/json-crdt-server/services/blocks/store/level/LevelStore.ts
FN:14,(anonymous_0)
FN:20,(anonymous_1)
FN:24,(anonymous_2)
FN:28,(anonymous_3)
FN:32,(anonymous_4)
FN:36,(anonymous_5)
FN:41,(anonymous_6)
FN:45,(anonymous_7)
FN:50,(anonymous_8)
FN:63,(anonymous_10)
FN:89,(anonymous_12)
FN:95,(anonymous_14)
FN:96,(anonymous_16)
FN:96,(anonymous_17)
FN:108,(anonymous_18)
FN:121,(anonymous_20)
FN:121,(anonymous_21)
FN:149,(anonymous_22)
FN:156,(anonymous_24)
FN:156,(anonymous_25)
FN:184,(anonymous_26)
FN:188,(anonymous_28)
FN:188,(anonymous_29)
FN:194,iterator
FN:208,(anonymous_32)
FN:220,(anonymous_34)
FN:226,(anonymous_36)
FN:226,(anonymous_37)
FN:240,(anonymous_38)
FN:247,(anonymous_39)
FN:247,(anonymous_40)
FN:257,(anonymous_41)
FN:262,(anonymous_42)
FN:263,(anonymous_44)
FNF:34
FNH:30
FNDA:42,(anonymous_0)
FNDA:4534,(anonymous_1)
FNDA:2367,(anonymous_2)
FNDA:247,(anonymous_3)
FNDA:1913,(anonymous_4)
FNDA:1607,(anonymous_5)
FNDA:804,(anonymous_6)
FNDA:802,(anonymous_7)
FNDA:1561,(anonymous_8)
FNDA:112,(anonymous_10)
FNDA:11,(anonymous_12)
FNDA:306,(anonymous_14)
FNDA:306,(anonymous_16)
FNDA:306,(anonymous_17)
FNDA:45,(anonymous_18)
FNDA:45,(anonymous_20)
FNDA:45,(anonymous_21)
FNDA:750,(anonymous_22)
FNDA:750,(anonymous_24)
FNDA:750,(anonymous_25)
FNDA:90,(anonymous_26)
FNDA:90,(anonymous_28)
FNDA:90,(anonymous_29)
FNDA:90,iterator
FNDA:218,(anonymous_32)
FNDA:9,(anonymous_34)
FNDA:7,(anonymous_36)
FNDA:7,(anonymous_37)
FNDA:0,(anonymous_38)
FNDA:0,(anonymous_39)
FNDA:0,(anonymous_40)
FNDA:0,(anonymous_41)
FNDA:2,(anonymous_42)
FNDA:4,(anonymous_44)
DA:1,16
DA:2,16
DA:3,16
DA:4,16
DA:5,16
DA:13,16
DA:15,42
DA:16,42
DA:17,42
DA:21,4534
DA:25,2367
DA:29,247
DA:33,1913
DA:37,1607
DA:38,1607
DA:42,804
DA:46,802
DA:51,1561
DA:52,1561
DA:53,1561
DA:54,1547
DA:55,1547
DA:56,1547
DA:58,14
DA:59,0
DA:67,112
DA:68,112
DA:69,112
DA:70,112
DA:71,112
DA:72,112
DA:73,112
DA:74,112
DA:75,104
DA:76,104
DA:77,30956
DA:78,15426
DA:79,15426
DA:82,112
DA:84,0
DA:85,0
DA:90,11
DA:91,11
DA:92,11
DA:96,306
DA:97,306
DA:98,306
DA:99,306
DA:100,305
DA:101,305
DA:102,304
DA:103,304
DA:104,304
DA:113,45
DA:114,33
DA:115,33
DA:117,45
DA:118,45
DA:119,45
DA:120,45
DA:121,45
DA:122,45
DA:123,45
DA:124,45
DA:125,45
DA:130,45
DA:131,45
DA:132,33
DA:133,33
DA:139,33
DA:140,33
DA:141,33
DA:142,33
DA:144,45
DA:145,45
DA:153,750
DA:154,750
DA:155,750
DA:156,750
DA:157,750
DA:158,750
DA:159,750
DA:160,750
DA:161,750
DA:162,750
DA:163,750
DA:164,750
DA:165,750
DA:166,750
DA:167,750
DA:168,750
DA:174,750
DA:179,750
DA:180,750
DA:185,90
DA:186,90
DA:187,90
DA:188,90
DA:189,90
DA:190,90
DA:191,90
DA:192,90
DA:193,90
DA:195,272
DA:196,91
DA:197,91
DA:200,90
DA:201,90
DA:202,90
DA:203,90
DA:204,90
DA:209,218
DA:210,218
DA:211,218
DA:212,218
DA:213,21376
DA:214,10579
DA:215,10579
DA:217,218
DA:221,9
DA:222,9
DA:223,7
DA:224,7
DA:225,7
DA:226,7
DA:227,7
DA:234,7
DA:236,7
DA:241,0
DA:247,0
DA:248,0
DA:249,0
DA:250,0
DA:251,0
DA:252,0
DA:253,0
DA:254,0
DA:255,0
DA:256,0
DA:257,0
DA:258,0
DA:263,4
DA:264,2
DA:265,2
DA:266,2
DA:267,2
DA:268,2
DA:269,2
DA:270,20
DA:271,9
DA:272,9
DA:273,3
DA:274,3
DA:276,6
DA:277,6
DA:278,2
DA:279,2
DA:280,2
DA:283,2
DA:284,2
DA:285,3
DA:286,3
DA:287,3
LF:163
LH:147
BRDA:16,0,0,42
BRDA:17,1,0,42
BRDA:54,2,0,0
BRDA:58,3,0,14
BRDA:58,4,0,14
BRDA:58,4,1,14
BRDA:58,4,2,14
BRDA:74,5,0,104
BRDA:84,6,0,0
BRDA:84,7,0,0
BRDA:84,7,1,0
BRDA:84,7,2,0
BRDA:92,8,0,11
BRDA:92,8,1,11
BRDA:99,9,0,1
BRDA:99,10,0,306
BRDA:99,10,1,306
BRDA:101,11,0,1
BRDA:103,12,0,0
BRDA:113,13,0,33
BRDA:115,14,0,0
BRDA:115,15,0,33
BRDA:115,15,1,33
BRDA:123,16,0,0
BRDA:123,17,0,45
BRDA:123,17,1,45
BRDA:131,18,0,33
BRDA:155,19,0,0
BRDA:155,20,0,750
BRDA:155,20,1,750
BRDA:158,21,0,0
BRDA:161,22,0,0
BRDA:190,23,0,0
BRDA:222,24,0,2
BRDA:247,25,0,0
BRDA:254,26,0,0
BRDA:258,27,0,0
BRDA:272,28,0,3
BRDA:276,29,0,4
BRDA:277,30,0,2
BRDA:277,31,0,6
BRDA:277,31,1,6
BRDA:283,32,0,0
BRF:43
BRH:27
end_of_record
TN:
SF:src/__tests__/e2e/clients.ts
FN:7,(anonymous_0)
FN:13,(anonymous_1)
FN:15,(anonymous_2)
FN:22,(anonymous_3)
FN:22,(anonymous_4)
FN:26,(anonymous_5)
FN:37,(anonymous_6)
FN:37,(anonymous_7)
FN:41,(anonymous_8)
FN:45,(anonymous_9)
FN:45,(anonymous_10)
FN:71,(anonymous_11)
FN:71,(anonymous_12)
FNF:13
FNH:0
FNDA:0,(anonymous_0)
FNDA:0,(anonymous_1)
FNDA:0,(anonymous_2)
FNDA:0,(anonymous_3)
FNDA:0,(anonymous_4)
FNDA:0,(anonymous_5)
FNDA:0,(anonymous_6)
FNDA:0,(anonymous_7)
FNDA:0,(anonymous_8)
FNDA:0,(anonymous_9)
FNDA:0,(anonymous_10)
FNDA:0,(anonymous_11)
FNDA:0,(anonymous_12)
DA:1,2
DA:3,2
DA:4,2
DA:5,2
DA:7,2
DA:8,0
DA:9,0
DA:10,0
DA:14,0
DA:15,0
DA:19,0
DA:20,0
DA:21,0
DA:22,0
DA:23,0
DA:26,2
DA:27,0
DA:28,0
DA:29,0
DA:35,0
DA:36,0
DA:37,0
DA:38,0
DA:41,2
DA:42,0
DA:43,0
DA:44,0
DA:45,0
DA:46,0
DA:47,0
DA:48,0
DA:49,0
DA:50,0
DA:51,0
DA:52,0
DA:59,0
DA:60,0
DA:61,0
DA:62,0
DA:65,0
DA:69,0
DA:70,0
DA:71,0
DA:72,0
LF:44
LH:7
BRDA:8,0,0,0
BRDA:8,0,1,0
BRDA:27,1,0,0
BRDA:27,1,1,0
BRDA:46,2,0,0
BRDA:46,2,1,0
BRF:6
BRH:0
end_of_record
TN:
SF:src/__tests__/e2e/codecs.ts
FN:11,(anonymous_0)
FNF:1
FNH:0
FNDA:0,(anonymous_0)
DA:1,2
DA:2,2
DA:3,2
DA:4,2
DA:5,2
DA:11,2
DA:12,0
DA:13,0
DA:14,0
DA:15,0
DA:35,0
DA:36,0
DA:37,0
DA:38,0
DA:39,0
DA:40,0
DA:41,0
DA:42,0
DA:43,0
DA:44,0
DA:46,0
LF:21
LH:6
BRDA:11,0,0,0
BRDA:35,1,0,0
BRF:2
BRH:0
end_of_record
TN:
SF:src/__tests__/json-crdt-server/block.ts
FN:11,(anonymous_0)
FN:13,(anonymous_1)
FN:16,(anonymous_2)
FN:17,(anonymous_3)
FN:18,(anonymous_4)
FN:18,(anonymous_5)
FN:46,(anonymous_6)
FN:46,(anonymous_7)
FN:98,(anonymous_8)
FN:99,(anonymous_9)
FN:99,(anonymous_10)
FN:121,(anonymous_11)
FN:122,(anonymous_12)
FN:122,(anonymous_13)
FN:150,(anonymous_14)
FN:150,(anonymous_15)
FN:179,(anonymous_16)
FN:179,(anonymous_17)
FN:244,(anonymous_18)
FN:244,(anonymous_19)
FN:311,(anonymous_20)
FN:311,(anonymous_21)
FN:365,(anonymous_22)
FN:365,(anonymous_23)
FN:390,(anonymous_24)
FN:390,(anonymous_25)
FN:440,(anonymous_26)
FN:441,(anonymous_27)
FN:441,(anonymous_28)
FN:447,(anonymous_29)
FN:461,(anonymous_30)
FN:482,(anonymous_31)
FN:495,(anonymous_32)
FN:495,(anonymous_33)
FN:499,(anonymous_34)
FN:517,(anonymous_35)
FN:535,(anonymous_36)
FN:535,(anonymous_37)
FN:539,(anonymous_38)
FN:543,(anonymous_39)
FN:548,(anonymous_40)
FN:548,(anonymous_41)
FN:552,(anonymous_42)
FN:557,(anonymous_43)
FN:564,(anonymous_44)
FN:565,(anonymous_45)
FN:565,(anonymous_46)
FN:633,(anonymous_47)
FN:634,(anonymous_48)
FN:634,(anonymous_49)
FN:654,(anonymous_50)
FN:654,(anonymous_51)
FN:673,(anonymous_52)
FN:673,(anonymous_53)
FN:689,(anonymous_54)
FN:689,(anonymous_55)
FN:732,(anonymous_56)
FN:733,(anonymous_57)
FN:733,(anonymous_58)
FN:786,(anonymous_59)
FN:787,(anonymous_60)
FN:787,(anonymous_61)
FNF:62
FNH:62
FNDA:57,(anonymous_0)
FNDA:3,(anonymous_1)
FNDA:3,(anonymous_2)
FNDA:3,(anonymous_3)
FNDA:3,(anonymous_4)
FNDA:3,(anonymous_5)
FNDA:3,(anonymous_6)
FNDA:3,(anonymous_7)
FNDA:3,(anonymous_8)
FNDA:3,(anonymous_9)
FNDA:3,(anonymous_10)
FNDA:3,(anonymous_11)
FNDA:3,(anonymous_12)
FNDA:3,(anonymous_13)
FNDA:3,(anonymous_14)
FNDA:3,(anonymous_15)
FNDA:3,(anonymous_16)
FNDA:3,(anonymous_17)
FNDA:3,(anonymous_18)
FNDA:3,(anonymous_19)
FNDA:3,(anonymous_20)
FNDA:3,(anonymous_21)
FNDA:3,(anonymous_22)
FNDA:3,(anonymous_23)
FNDA:3,(anonymous_24)
FNDA:3,(anonymous_25)
FNDA:3,(anonymous_26)
FNDA:3,(anonymous_27)
FNDA:3,(anonymous_28)
FNDA:6,(anonymous_29)
FNDA:6,(anonymous_30)
FNDA:6,(anonymous_31)
FNDA:3,(anonymous_32)
FNDA:3,(anonymous_33)
FNDA:6,(anonymous_34)
FNDA:6,(anonymous_35)
FNDA:3,(anonymous_36)
FNDA:3,(anonymous_37)
FNDA:3,(anonymous_38)
FNDA:3,(anonymous_39)
FNDA:3,(anonymous_40)
FNDA:3,(anonymous_41)
FNDA:6,(anonymous_42)
FNDA:3,(anonymous_43)
FNDA:3,(anonymous_44)
FNDA:3,(anonymous_45)
FNDA:3,(anonymous_46)
FNDA:3,(anonymous_47)
FNDA:3,(anonymous_48)
FNDA:3,(anonymous_49)
FNDA:450,(anonymous_50)
FNDA:450,(anonymous_51)
FNDA:456,(anonymous_52)
FNDA:456,(anonymous_53)
FNDA:3,(anonymous_54)
FNDA:3,(anonymous_55)
FNDA:3,(anonymous_56)
FNDA:3,(anonymous_57)
FNDA:3,(anonymous_58)
FNDA:3,(anonymous_59)
FNDA:3,(anonymous_60)
FNDA:3,(anonymous_61)
DA:1,2
DA:3,2
DA:4,2
DA:9,2
DA:10,2
DA:11,57
DA:13,2
DA:14,3
DA:16,3
DA:17,3
DA:18,3
DA:19,3
DA:20,3
DA:21,3
DA:22,3
DA:29,3
DA:30,3
DA:40,3
DA:41,3
DA:42,3
DA:43,3
DA:46,3
DA:47,3
DA:48,3
DA:49,3
DA:50,3
DA:54,3
DA:55,3
DA:58,3
DA:59,3
DA:72,3
DA:78,3
DA:79,3
DA:89,3
DA:90,3
DA:94,3
DA:98,3
DA:99,3
DA:100,3
DA:101,3
DA:102,3
DA:105,3
DA:106,3
DA:107,3
DA:108,3
DA:109,3
DA:110,3
DA:111,3
DA:112,3
DA:113,0
DA:115,3
DA:117,3
DA:121,3
DA:122,3
DA:123,3
DA:124,3
DA:125,3
DA:126,3
DA:129,3
DA:130,3
DA:141,3
DA:147,3
DA:150,3
DA:151,3
DA:152,3
DA:153,3
DA:154,3
DA:157,3
DA:158,3
DA:159,3
DA:170,0
DA:172,3
DA:176,3
DA:179,3
DA:180,3
DA:181,3
DA:182,3
DA:183,3
DA:186,3
DA:187,3
DA:197,3
DA:198,3
DA:199,3
DA:200,3
DA:201,3
DA:214,3
DA:215,3
DA:218,3
DA:219,3
DA:220,3
DA:221,3
DA:222,3
DA:223,3
DA:224,3
DA:237,3
DA:238,3
DA:241,3
DA:244,3
DA:245,3
DA:246,3
DA:249,3
DA:250,3
DA:253,3
DA:254,3
DA:266,3
DA:267,3
DA:268,3
DA:269,3
DA:270,3
DA:280,3
DA:282,3
DA:283,3
DA:284,3
DA:287,3
DA:288,3
DA:289,3
DA:290,3
DA:291,3
DA:305,3
DA:306,3
DA:307,3
DA:308,3
DA:311,3
DA:312,3
DA:313,3
DA:314,3
DA:315,3
DA:318,3
DA:319,3
DA:320,3
DA:321,3
DA:322,3
DA:323,3
DA:324,3
DA:325,3
DA:326,3
DA:327,3
DA:328,3
DA:329,3
DA:330,3
DA:331,3
DA:332,3
DA:333,3
DA:334,3
DA:339,3
DA:340,3
DA:354,3
DA:355,6
DA:356,3
DA:357,3
DA:358,3
DA:359,3
DA:360,6
DA:361,3
DA:362,3
DA:365,3
DA:366,3
DA:367,3
DA:368,3
DA:369,3
DA:372,3
DA:373,3
DA:374,3
DA:375,3
DA:376,3
DA:377,3
DA:378,3
DA:387,3
DA:390,3
DA:391,3
DA:392,3
DA:393,3
DA:394,3
DA:397,3
DA:398,3
DA:399,3
DA:400,3
DA:401,3
DA:402,3
DA:403,3
DA:404,333
DA:405,333
DA:406,333
DA:408,3
DA:409,3
DA:410,3
DA:411,3
DA:412,3
DA:417,3
DA:418,3
DA:419,3
DA:425,3
DA:426,3
DA:427,3
DA:428,336
DA:429,336
DA:430,336
DA:432,3
DA:433,3
DA:434,3
DA:435,3
DA:439,3
DA:440,3
DA:441,3
DA:442,3
DA:443,3
DA:444,3
DA:445,3
DA:446,3
DA:447,6
DA:448,3
DA:449,3
DA:452,3
DA:453,3
DA:454,3
DA:455,3
DA:461,6
DA:462,3
DA:463,3
DA:464,3
DA:465,3
DA:470,3
DA:473,3
DA:474,3
DA:475,3
DA:476,3
DA:482,6
DA:483,3
DA:484,3
DA:485,3
DA:486,3
DA:487,3
DA:492,3
DA:495,3
DA:496,3
DA:497,3
DA:498,3
DA:499,6
DA:500,3
DA:501,3
DA:504,3
DA:505,3
DA:506,3
DA:507,3
DA:517,6
DA:518,3
DA:519,3
DA:520,3
DA:521,3
DA:522,3
DA:523,3
DA:532,3
DA:535,3
DA:536,3
DA:537,3
DA:538,3
DA:539,3
DA:540,3
DA:542,3
DA:543,3
DA:544,3
DA:545,3
DA:548,3
DA:549,3
DA:550,3
DA:551,3
DA:552,3
DA:553,6
DA:555,3
DA:556,3
DA:557,3
DA:558,3
DA:559,3
DA:564,3
DA:565,3
DA:566,3
DA:567,3
DA:568,3
DA:569,3
DA:572,3
DA:573,3
DA:583,3
DA:584,3
DA:585,3
DA:586,3
DA:589,3
DA:590,3
DA:603,3
DA:604,3
DA:627,3
DA:630,3
DA:633,3
DA:634,3
DA:635,3
DA:636,3
DA:637,3
DA:638,3
DA:639,3
DA:642,3
DA:643,3
DA:644,3
DA:654,450
DA:655,450
DA:656,450
DA:657,450
DA:658,450
DA:669,450
DA:670,3
DA:671,3
DA:672,3
DA:673,456
DA:674,456
DA:675,456
DA:676,34428
DA:677,456
DA:678,38253
DA:679,38253
DA:680,38253
DA:683,456
DA:685,456
DA:686,3
DA:689,3
DA:690,3
DA:691,3
DA:692,3
DA:693,3
DA:694,3
DA:699,3
DA:708,3
DA:709,3
DA:710,3
DA:711,3
DA:712,3
DA:713,3
DA:724,3
DA:725,3
DA:726,3
DA:727,3
DA:728,3
DA:732,3
DA:733,3
DA:734,3
DA:735,3
DA:736,3
DA:737,3
DA:740,3
DA:741,3
DA:751,3
DA:752,3
DA:753,3
DA:756,3
DA:757,3
DA:770,3
DA:771,3
DA:782,3
DA:786,3
DA:787,3
DA:788,3
DA:789,3
DA:790,3
DA:791,3
DA:794,3
DA:795,3
DA:805,3
DA:806,3
DA:807,3
DA:810,3
DA:811,3
DA:824,3
DA:825,3
DA:831,3
LF:371
LH:369
BRDA:13,0,0,3
BRDA:339,1,0,0
BRDA:339,1,1,3
BRDA:339,2,0,3
BRDA:339,2,1,3
BRDA:417,3,0,0
BRDA:417,3,1,3
BRDA:417,4,0,3
BRDA:417,4,1,3
BRDA:417,5,0,0
BRDA:417,5,1,3
BRDA:417,6,0,3
BRDA:417,6,1,3
BRDA:418,7,0,0
BRDA:418,7,1,3
BRDA:418,8,0,3
BRDA:418,8,1,3
BRDA:439,9,0,3
BRDA:464,10,0,3
BRDA:485,11,0,3
BRDA:521,12,0,3
BRDA:675,13,0,153
BRDA:675,13,1,303
BRF:23
BRH:19
end_of_record
TN:
SF:src/__tests__/json-crdt-server/presence.ts
FN:5,(anonymous_0)
FN:7,(anonymous_1)
FN:10,(anonymous_2)
FN:12,(anonymous_3)
FN:12,(anonymous_4)
FN:16,(anonymous_5)
FN:26,(anonymous_6)
FN:43,(anonymous_7)
FN:43,(anonymous_8)
FN:47,(anonymous_9)
FN:57,(anonymous_10)
FN:59,(anonymous_11)
FN:62,(anonymous_12)
FN:80,(anonymous_13)
FN:80,(anonymous_14)
FN:84,(anonymous_15)
FN:94,(anonymous_16)
FN:96,(anonymous_17)
FN:98,(anonymous_18)
FN:106,(anonymous_19)
FN:106,(anonymous_20)
FN:117,(anonymous_21)
FN:121,(anonymous_22)
FNF:23
FNH:22
FNDA:4,(anonymous_0)
FNDA:1,(anonymous_1)
FNDA:1,(anonymous_2)
FNDA:1,(anonymous_3)
FNDA:1,(anonymous_4)
FNDA:1,(anonymous_5)
FNDA:1,(anonymous_6)
FNDA:1,(anonymous_7)
FNDA:1,(anonymous_8)
FNDA:1,(anonymous_9)
FNDA:2,(anonymous_10)
FNDA:1,(anonymous_11)
FNDA:5,(anonymous_12)
FNDA:1,(anonymous_13)
FNDA:1,(anonymous_14)
FNDA:2,(anonymous_15)
FNDA:1,(anonymous_16)
FNDA:1,(anonymous_17)
FNDA:0,(anonymous_18)
FNDA:1,(anonymous_19)
FNDA:1,(anonymous_20)
FNDA:2,(anonymous_21)
FNDA:9,(anonymous_22)
DA:1,2
DA:5,4
DA:7,2
DA:8,1
DA:10,1
DA:11,1
DA:12,1
DA:13,1
DA:14,1
DA:15,1
DA:16,1
DA:17,1
DA:19,1
DA:26,1
DA:27,1
DA:40,1
DA:43,1
DA:44,1
DA:45,1
DA:46,1
DA:47,1
DA:48,1
DA:50,1
DA:57,2
DA:58,1
DA:59,1
DA:60,1
DA:62,5
DA:63,1
DA:76,1
DA:77,1
DA:80,1
DA:81,1
DA:82,1
DA:83,1
DA:84,1
DA:85,2
DA:87,1
DA:94,1
DA:95,1
DA:96,1
DA:97,1
DA:98,1
DA:99,0
DA:101,1
DA:102,1
DA:103,1
DA:106,1
DA:107,1
DA:108,1
DA:109,1
DA:116,1
DA:117,1
DA:118,2
DA:120,1
DA:121,9
DA:122,1
DA:128,1
LF:58
LH:57
BRDA:7,0,0,1
BRDA:11,1,0,1
BRF:2
BRH:2
end_of_record
TN:
SF:src/__tests__/json-crdt-server/pubsub.ts
FN:5,(anonymous_0)
FN:7,(anonymous_1)
FN:10,(anonymous_2)
FN:11,(anonymous_3)
FN:11,(anonymous_4)
FN:26,(anonymous_5)
FN:26,(anonymous_6)
FN:30,(anonymous_7)
FN:37,(anonymous_8)
FN:43,(anonymous_9)
FN:43,(anonymous_10)
FN:47,(anonymous_11)
FN:58,(anonymous_12)
FN:71,(anonymous_13)
FN:71,(anonymous_14)
FN:79,(anonymous_15)
FN:82,(anonymous_16)
FN:85,(anonymous_17)
FN:88,(anonymous_18)
FN:102,(anonymous_19)
FN:106,(anonymous_20)
FN:107,(anonymous_21)
FN:108,(anonymous_22)
FN:109,(anonymous_23)
FN:118,(anonymous_24)
FN:119,(anonymous_25)
FNF:26
FNH:23
FNDA:6,(anonymous_0)
FNDA:1,(anonymous_1)
FNDA:1,(anonymous_2)
FNDA:1,(anonymous_3)
FNDA:1,(anonymous_4)
FNDA:1,(anonymous_5)
FNDA:1,(anonymous_6)
FNDA:1,(anonymous_7)
FNDA:1,(anonymous_8)
FNDA:1,(anonymous_9)
FNDA:1,(anonymous_10)
FNDA:2,(anonymous_11)
FNDA:1,(anonymous_12)
FNDA:1,(anonymous_13)
FNDA:1,(anonymous_14)
FNDA:1,(anonymous_15)
FNDA:1,(anonymous_16)
FNDA:1,(anonymous_17)
FNDA:2,(anonymous_18)
FNDA:0,(anonymous_19)
FNDA:0,(anonymous_20)
FNDA:4,(anonymous_21)
FNDA:1,(anonymous_22)
FNDA:1,(anonymous_23)
FNDA:0,(anonymous_24)
FNDA:4,(anonymous_25)
DA:1,2
DA:5,6
DA:7,2
DA:8,1
DA:10,1
DA:11,1
DA:12,1
DA:13,1
DA:14,1
DA:18,0
DA:20,1
DA:22,1
DA:25,1
DA:26,1
DA:27,1
DA:28,1
DA:29,1
DA:30,1
DA:31,1
DA:33,1
DA:37,1
DA:38,1
DA:39,1
DA:40,1
DA:43,1
DA:44,1
DA:45,1
DA:46,1
DA:47,1
DA:48,2
DA:50,1
DA:54,1
DA:58,1
DA:59,1
DA:60,1
DA:61,1
DA:65,1
DA:66,1
DA:67,1
DA:68,1
DA:71,1
DA:72,1
DA:73,1
DA:74,1
DA:75,1
DA:76,1
DA:77,1
DA:78,1
DA:79,1
DA:80,1
DA:82,1
DA:83,1
DA:85,1
DA:86,1
DA:88,1
DA:89,2
DA:91,1
DA:95,1
DA:96,1
DA:97,1
DA:98,1
DA:99,1
DA:103,1
DA:107,4
DA:108,1
DA:109,1
DA:110,1
DA:111,1
DA:112,1
DA:113,1
DA:114,1
DA:115,1
DA:119,4
DA:120,1
DA:121,1
DA:122,1
DA:123,1
DA:124,1
DA:125,1
LF:79
LH:78
BRDA:7,0,0,1
BRDA:25,1,0,1
BRF:2
BRH:2
end_of_record
TN:
SF:src/__tests__/json-crdt-server/util.ts
FN:4,(anonymous_0)
FN:7,(anonymous_1)
FN:8,(anonymous_2)
FN:9,(anonymous_3)
FN:9,(anonymous_4)
FN:17,(anonymous_5)
FN:18,(anonymous_6)
FN:18,(anonymous_7)
FN:25,(anonymous_8)
FN:25,(anonymous_9)
FN:33,(anonymous_10)
FN:34,(anonymous_11)
FN:34,(anonymous_12)
FNF:13
FNH:13
FNDA:1,(anonymous_0)
FNDA:1,(anonymous_1)
FNDA:1,(anonymous_2)
FNDA:1,(anonymous_3)
FNDA:1,(anonymous_4)
FNDA:1,(anonymous_5)
FNDA:1,(anonymous_6)
FNDA:1,(anonymous_7)
FNDA:1,(anonymous_8)
FNDA:1,(anonymous_9)
FNDA:1,(anonymous_10)
FNDA:1,(anonymous_11)
FNDA:1,(anonymous_12)
DA:4,2
DA:5,1
DA:7,1
DA:8,1
DA:9,1
DA:10,1
DA:11,1
DA:12,1
DA:13,1
DA:17,1
DA:18,1
DA:19,1
DA:20,1
DA:21,1
DA:22,1
DA:25,1
DA:26,1
DA:27,1
DA:28,1
DA:29,1
DA:33,1
DA:34,1
DA:35,1
DA:36,1
DA:37,1
DA:55,1
LF:26
LH:26
BRDA:4,0,0,1
BRF:1
BRH:1
end_of_record
TN:
SF:src/common/index.ts
FNF:0
FNH:0
DA:1,3
DA:2,3
DA:3,3
DA:4,3
LF:4
LH:4
BRF:0
BRH:0
end_of_record
TN:
SF:src/common/channel/channel.ts
FN:99,(anonymous_0)
FN:103,(anonymous_1)
FN:108,(anonymous_2)
FN:114,(anonymous_3)
FN:120,(anonymous_4)
FN:133,(anonymous_5)
FN:138,(anonymous_6)
FN:143,(anonymous_7)
FN:147,(anonymous_8)
FN:154,(anonymous_9)
FN:156,(anonymous_10)
FN:229,(anonymous_11)
FN:222,(anonymous_12)
FN:223,(anonymous_13)
FN:236,(anonymous_14)
FN:238,(anonymous_15)
FN:245,(anonymous_16)
FN:247,(anonymous_17)
FN:252,(anonymous_18)
FN:257,(anonymous_19)
FN:258,(anonymous_20)
FN:260,(anonymous_21)
FN:262,(anonymous_22)
FN:264,(anonymous_23)
FN:264,(anonymous_24)
FN:267,(anonymous_25)
FN:272,(anonymous_26)
FN:275,(anonymous_27)
FN:287,(anonymous_28)
FN:288,(anonymous_29)
FN:289,(anonymous_30)
FN:290,(anonymous_31)
FN:292,(anonymous_32)
FN:297,(anonymous_33)
FN:302,(anonymous_34)
FN:307,(anonymous_35)
FN:318,(anonymous_36)
FN:330,(anonymous_37)
FN:332,(anonymous_38)
FN:333,(anonymous_39)
FN:334,(anonymous_40)
FN:336,(anonymous_41)
FNF:42
FNH:33
FNDA:32,(anonymous_0)
FNDA:14,(anonymous_1)
FNDA:6,(anonymous_2)
FNDA:1,(anonymous_3)
FNDA:3,(anonymous_4)
FNDA:3,(anonymous_5)
FNDA:5,(anonymous_6)
FNDA:10,(anonymous_7)
FNDA:10,(anonymous_8)
FNDA:0,(anonymous_9)
FNDA:0,(anonymous_10)
FNDA:8,(anonymous_11)
FNDA:2,(anonymous_12)
FNDA:1,(anonymous_13)
FNDA:11,(anonymous_14)
FNDA:8,(anonymous_15)
FNDA:11,(anonymous_16)
FNDA:3,(anonymous_17)
FNDA:8,(anonymous_18)
FNDA:8,(anonymous_19)
FNDA:8,(anonymous_20)
FNDA:8,(anonymous_21)
FNDA:0,(anonymous_22)
FNDA:0,(anonymous_23)
FNDA:0,(anonymous_24)
FNDA:0,(anonymous_25)
FNDA:0,(anonymous_26)
FNDA:0,(anonymous_27)
FNDA:8,(anonymous_28)
FNDA:11,(anonymous_29)
FNDA:8,(anonymous_30)
FNDA:16,(anonymous_31)
FNDA:16,(anonymous_32)
FNDA:3,(anonymous_33)
FNDA:8,(anonymous_34)
FNDA:3,(anonymous_35)
FNDA:0,(anonymous_36)
FNDA:8,(anonymous_37)
FNDA:8,(anonymous_38)
FNDA:7,(anonymous_39)
FNDA:7,(anonymous_40)
FNDA:7,(anonymous_41)
DA:2,20
DA:3,20
DA:4,20
DA:86,20
DA:93,32
DA:94,32
DA:95,32
DA:96,32
DA:97,32
DA:100,32
DA:101,32
DA:102,31
DA:103,31
DA:104,14
DA:105,14
DA:106,14
DA:108,31
DA:109,6
DA:110,6
DA:111,6
DA:112,6
DA:114,31
DA:115,1
DA:117,1
DA:118,1
DA:120,31
DA:121,3
DA:122,3
DA:123,3
DA:126,1
DA:127,1
DA:128,1
DA:129,1
DA:134,3
DA:135,3
DA:139,5
DA:140,5
DA:144,10
DA:148,10
DA:149,10
DA:150,10
DA:151,10
DA:155,0
DA:157,0
DA:158,0
DA:199,20
DA:205,8
DA:211,8
DA:218,8
DA:221,8
DA:222,2
DA:223,1
DA:227,8
DA:229,8
DA:230,8
DA:231,8
DA:233,8
DA:236,11
DA:239,8
DA:242,8
DA:245,11
DA:248,3
DA:252,8
DA:255,8
DA:257,8
DA:258,8
DA:260,8
DA:263,0
DA:264,0
DA:265,0
DA:266,0
DA:267,0
DA:272,0
DA:276,0
DA:277,0
DA:278,0
DA:285,8
DA:287,8
DA:288,11
DA:289,8
DA:290,16
DA:293,16
DA:297,8
DA:298,3
DA:303,8
DA:304,8
DA:308,3
DA:309,3
DA:310,3
DA:311,3
DA:312,3
DA:313,3
DA:315,3
DA:319,0
DA:320,0
DA:321,0
DA:322,0
DA:323,0
DA:327,0
DA:331,8
DA:332,8
DA:333,7
DA:334,7
DA:337,7
DA:338,7
LF:105
LH:87
BRDA:117,0,0,0
BRDA:117,0,1,1
BRDA:117,1,0,1
BRDA:117,1,1,0
BRDA:122,2,0,2
BRDA:122,2,1,1
BRDA:134,3,0,0
BRDA:139,4,0,0
BRDA:148,5,0,0
BRDA:157,6,0,0
BRDA:273,7,0,8
BRDA:273,7,1,8
BRDA:276,8,0,0
BRDA:276,8,1,0
BRDA:276,9,0,0
BRDA:276,9,1,0
BRDA:277,10,0,0
BRDA:293,11,0,8
BRDA:303,12,0,0
BRDA:308,13,0,0
BRDA:311,14,0,3
BRDA:319,15,0,0
BRDA:320,16,0,0
BRDA:320,16,1,0
BRDA:321,17,0,0
BRDA:321,17,1,0
BRDA:322,18,0,0
BRDA:322,18,1,0
BRDA:337,19,0,7
BRDA:337,19,1,7
BRDA:338,20,0,7
BRDA:338,20,1,0
BRF:32
BRH:11
end_of_record
TN:
SF:src/common/channel/index.ts
FNF:0
FNH:0
DA:1,18
DA:2,18
DA:3,18
LF:3
LH:3
BRF:0
BRH:0
end_of_record
TN:
SF:src/common/channel/mock.ts
FN:20,(anonymous_0)
FN:42,(anonymous_1)
FN:46,(anonymous_2)
FN:50,(anonymous_3)
FN:54,(anonymous_4)
FN:58,(anonymous_5)
FN:63,(anonymous_6)
FN:68,(anonymous_7)
FN:84,(anonymous_8)
FN:88,(anonymous_9)
FN:92,(anonymous_10)
FN:96,(anonymous_11)
FN:100,(anonymous_12)
FN:107,(anonymous_13)
FN:119,(anonymous_14)
FN:124,(anonymous_15)
FNF:16
FNH:10
FNDA:31,(anonymous_0)
FNDA:23,(anonymous_1)
FNDA:0,(anonymous_2)
FNDA:0,(anonymous_3)
FNDA:3,(anonymous_4)
FNDA:31,(anonymous_5)
FNDA:5,(anonymous_6)
FNDA:11,(anonymous_7)
FNDA:0,(anonymous_8)
FNDA:0,(anonymous_9)
FNDA:0,(anonymous_10)
FNDA:0,(anonymous_11)
FNDA:14,(anonymous_12)
FNDA:6,(anonymous_13)
FNDA:1,(anonymous_14)
FNDA:3,(anonymous_15)
DA:1,3
DA:20,3
DA:21,31
DA:27,31
DA:28,31
DA:29,31
DA:30,31
DA:32,31
DA:33,31
DA:34,31
DA:35,31
DA:37,31
DA:39,31
DA:40,31
DA:43,23
DA:47,0
DA:51,0
DA:55,3
DA:59,31
DA:60,31
DA:64,5
DA:65,4
DA:69,11
DA:70,9
DA:71,2
DA:72,2
DA:73,0
DA:74,0
DA:75,0
DA:76,0
DA:77,0
DA:80,11
DA:81,11
DA:85,0
DA:89,0
DA:93,0
DA:97,0
DA:101,14
DA:102,14
DA:103,14
DA:108,6
DA:109,6
DA:110,6
DA:111,6
DA:116,6
DA:120,1
DA:121,1
DA:125,3
DA:126,3
DA:127,3
DA:131,31
LF:51
LH:40
BRDA:51,0,0,0
BRDA:51,0,1,0
BRDA:60,1,0,31
BRDA:64,2,0,1
BRDA:69,3,0,9
BRDA:69,3,1,2
BRDA:71,4,0,2
BRDA:71,4,1,0
BRDA:73,5,0,0
BRDA:73,6,0,0
BRDA:73,6,1,0
BRDA:74,7,0,0
BRDA:74,7,1,0
BRDA:76,8,0,0
BRDA:80,9,0,0
BRDA:102,10,0,14
BRDA:108,11,0,0
BRDA:110,12,0,0
BRDA:120,13,0,0
BRDA:125,14,0,0
BRF:20
BRH:6
end_of_record
TN:
SF:src/common/codec/RpcCodec.ts
FN:7,(anonymous_0)
FN:13,(anonymous_1)
FN:18,(anonymous_2)
FN:26,(anonymous_3)
FNF:4
FNH:3
FNDA:1,(anonymous_0)
FNDA:0,(anonymous_1)
FNDA:1,(anonymous_2)
FNDA:1,(anonymous_3)
DA:6,3
DA:8,1
DA:9,1
DA:10,1
DA:14,0
DA:15,0
DA:19,1
DA:20,1
DA:21,1
DA:22,1
DA:23,1
DA:27,1
DA:28,1
DA:29,1
DA:30,1
LF:15
LH:13
BRDA:14,0,0,0
BRDA:14,0,1,0
BRF:2
BRH:0
end_of_record
TN:
SF:src/common/codec/RpcCodecs.ts
FN:5,(anonymous_0)
FNF:1
FNH:1
FNDA:176,(anonymous_0)
DA:4,17
DA:6,176
DA:7,176
LF:3
LH:3
BRF:0
BRH:0
end_of_record
TN:
SF:src/common/codec/RpcMessageCodecs.ts
FN:11,(anonymous_0)
FNF:1
FNH:1
FNDA:177,(anonymous_0)
DA:1,18
DA:2,18
DA:3,18
DA:6,18
DA:12,177
DA:13,177
DA:14,177
LF:7
LH:7
BRF:0
BRH:0
end_of_record
TN:
SF:src/common/codec/binary/BinaryRpcMessageCodec.ts
FN:8,(anonymous_0)
FN:12,(anonymous_1)
FN:16,(anonymous_2)
FN:21,(anonymous_3)
FN:46,(anonymous_4)
FNF:5
FNH:4
FNDA:180,(anonymous_0)
FNDA:0,(anonymous_1)
FNDA:3952,(anonymous_2)
FNDA:3943,(anonymous_3)
FNDA:3918,(anonymous_4)
DA:2,21
DA:8,21
DA:9,180
DA:10,180
DA:13,0
DA:17,3952
DA:18,4146
DA:22,3943
DA:23,3943
DA:24,3943
DA:25,3943
DA:26,3943
DA:27,3943
DA:28,4138
DA:29,4138
DA:31,3943
DA:32,3943
DA:33,4138
DA:34,4138
DA:35,4138
DA:36,4061
DA:37,4061
DA:38,4061
DA:39,4061
DA:40,4028
DA:43,3943
DA:47,3918
DA:48,3918
DA:49,3918
DA:50,3918
DA:51,3918
LF:31
LH:30
BRDA:35,0,0,4061
BRDA:38,1,0,4028
BRDA:38,1,1,33
BRDA:39,2,0,33
BRDA:39,2,1,4028
BRF:5
BRH:5
end_of_record
TN:
SF:src/common/codec/binary/decode.ts
FN:18,(anonymous_0)
FNF:1
FNH:1
FNDA:4151,(anonymous_0)
DA:1,22
DA:2,22
DA:14,22
DA:18,22
DA:19,4151
DA:20,4151
DA:21,4151
DA:23,79
DA:24,79
DA:25,79
DA:26,79
DA:27,79
DA:28,79
DA:29,79
DA:34,1994
DA:35,1994
DA:36,1994
DA:37,1994
DA:38,1994
DA:39,1994
DA:40,4
DA:41,0
DA:42,0
DA:43,0
DA:45,4
DA:46,4
DA:47,4
DA:50,1990
DA:51,1990
DA:52,1990
DA:54,1994
DA:55,1994
DA:56,1994
DA:58,41
DA:60,1934
DA:62,19
DA:64,0
DA:69,1999
DA:70,1999
DA:71,1999
DA:72,1999
DA:73,251
DA:74,0
DA:75,0
DA:76,0
DA:78,251
DA:79,251
DA:80,251
DA:83,1748
DA:84,1748
DA:85,1748
DA:87,1999
DA:88,1999
DA:89,1999
DA:91,131
DA:93,1830
DA:95,38
DA:97,0
DA:100,79
DA:101,79
DA:102,79
DA:105,0
LF:62
LH:53
BRDA:21,0,0,79
BRDA:21,0,1,41
BRDA:21,0,2,1975
BRDA:21,0,3,1994
BRDA:21,0,4,131
BRDA:21,0,5,1961
BRDA:21,0,6,1999
BRDA:21,0,7,79
BRDA:39,1,0,4
BRDA:39,1,1,1990
BRDA:40,2,0,0
BRDA:40,2,1,4
BRDA:56,3,0,41
BRDA:56,3,1,1934
BRDA:56,3,2,19
BRDA:72,4,0,251
BRDA:72,4,1,1748
BRDA:73,5,0,0
BRDA:73,5,1,251
BRDA:89,6,0,131
BRDA:89,6,1,1830
BRDA:89,6,2,38
BRDA:102,7,0,67
BRDA:102,7,1,12
BRF:24
BRH:22
end_of_record
TN:
SF:src/common/codec/binary/index.ts
FNF:0
FNH:0
DA:1,20
DA:2,20
LF:2
LH:2
BRF:0
BRH:0
end_of_record
TN:
SF:src/common/codec/compact/CompactRpcMessageCodec.ts
FN:13,(anonymous_0)
FN:54,(anonymous_1)
FN:58,(anonymous_2)
FN:62,(anonymous_3)
FN:87,(anonymous_4)
FN:95,(anonymous_5)
FN:109,(anonymous_6)
FNF:7
FNH:6
FNDA:107,(anonymous_0)
FNDA:180,(anonymous_1)
FNDA:0,(anonymous_2)
FNDA:105,(anonymous_3)
FNDA:36,(anonymous_4)
FNDA:73,(anonymous_5)
FNDA:34,(anonymous_6)
DA:1,21
DA:2,21
DA:3,21
DA:5,21
DA:6,21
DA:8,21
DA:13,21
DA:14,107
DA:15,107
DA:16,107
DA:18,20
DA:19,20
DA:20,20
DA:23,18
DA:24,18
DA:25,18
DA:28,12
DA:31,6
DA:34,18
DA:35,18
DA:36,18
DA:39,6
DA:42,9
DA:45,6
DA:48,12
DA:51,0
DA:54,21
DA:55,180
DA:56,180
DA:59,0
DA:63,105
DA:64,105
DA:65,93
DA:66,93
DA:67,99
DA:68,12
DA:69,12
DA:70,12
DA:71,12
DA:72,12
DA:73,3
DA:74,3
DA:76,12
DA:77,12
DA:79,0
DA:80,0
DA:81,0
DA:82,0
DA:83,0
DA:88,36
DA:89,36
DA:90,36
DA:91,36
DA:92,36
DA:96,73
DA:97,73
DA:98,73
DA:99,73
DA:100,73
DA:101,73
DA:102,73
DA:103,73
DA:104,73
DA:106,73
DA:110,34
LF:65
LH:58
BRDA:14,0,0,0
BRDA:16,1,0,20
BRDA:16,1,1,18
BRDA:16,1,2,12
BRDA:16,1,3,6
BRDA:16,1,4,18
BRDA:16,1,5,6
BRDA:16,1,6,9
BRDA:16,1,7,6
BRDA:16,1,8,12
BRDA:19,2,0,9
BRDA:19,2,1,11
BRDA:24,3,0,9
BRDA:24,3,1,9
BRDA:35,4,0,6
BRDA:35,4,1,12
BRDA:64,5,0,93
BRDA:64,5,1,12
BRDA:64,6,0,105
BRDA:64,6,1,24
BRDA:68,7,0,12
BRDA:68,7,1,0
BRDA:76,8,0,12
BRDA:98,9,0,0
BRDA:99,10,0,0
BRF:25
BRH:21
end_of_record
TN:
SF:src/common/codec/compact/index.ts
FNF:0
FNH:0
DA:1,20
DA:2,20
DA:3,20
LF:3
LH:3
BRF:0
BRH:0
end_of_record
TN:
SF:src/common/codec/compact/__tests__/compact-messages.ts
FNF:0
FNH:0
DA:14,1
DA:15,1
DA:16,1
DA:17,1
DA:19,1
DA:20,1
DA:21,1
DA:22,1
DA:23,1
DA:29,1
DA:93,1
DA:94,1
DA:95,1
DA:96,1
DA:97,1
DA:98,1
DA:105,1
DA:106,1
DA:107,1
DA:108,1
DA:119,1
DA:120,1
DA:122,1
DA:123,1
DA:125,1
DA:126,1
DA:127,1
DA:128,1
DA:133,1
DA:158,1
DA:226,1
DA:227,1
DA:229,1
DA:230,1
DA:232,1
LF:35
LH:35
BRF:0
BRH:0
end_of_record
TN:
SF:src/common/codec/json-rpc-2/JsonRpc2RpcMessageCodec.ts
FN:12,(anonymous_0)
FN:16,(anonymous_1)
FN:68,(anonymous_2)
FN:99,(anonymous_3)
FN:107,(anonymous_4)
FN:121,(anonymous_5)
FNF:6
FNH:5
FNDA:178,(anonymous_0)
FNDA:16,(anonymous_1)
FNDA:16,(anonymous_2)
FNDA:0,(anonymous_3)
FNDA:16,(anonymous_4)
FNDA:16,(anonymous_5)
DA:5,19
DA:6,19
DA:7,19
DA:8,19
DA:12,19
DA:13,178
DA:14,178
DA:17,16
DA:18,4
DA:22,4
DA:23,12
DA:24,2
DA:25,2
DA:26,0
DA:34,0
DA:36,2
DA:44,2
DA:46,10
DA:47,4
DA:52,4
DA:53,6
DA:58,6
DA:64,6
DA:69,16
DA:70,16
DA:71,16
DA:73,0
DA:76,0
DA:77,0
DA:78,0
DA:79,0
DA:81,0
DA:84,0
DA:85,0
DA:86,0
DA:87,0
DA:88,0
DA:89,0
DA:91,0
DA:92,0
DA:93,0
DA:100,0
DA:101,0
DA:102,0
DA:103,0
DA:104,0
DA:108,16
DA:109,16
DA:110,16
DA:111,16
DA:112,16
DA:113,16
DA:114,16
DA:116,0
DA:117,0
DA:122,16
DA:123,16
DA:124,4
DA:125,4
DA:126,4
DA:127,4
DA:129,12
DA:130,6
DA:131,6
DA:132,6
DA:133,6
DA:134,6
DA:136,6
DA:137,4
DA:138,4
DA:139,4
DA:140,4
DA:141,4
DA:143,2
DA:144,2
DA:145,2
DA:146,2
DA:147,2
DA:149,0
LF:79
LH:54
BRDA:17,0,0,4
BRDA:17,0,1,12
BRDA:17,1,0,16
BRDA:17,1,1,12
BRDA:23,2,0,2
BRDA:23,2,1,10
BRDA:25,3,0,0
BRDA:25,3,1,2
BRDA:46,4,0,4
BRDA:46,4,1,6
BRDA:53,5,0,6
BRDA:54,6,0,6
BRDA:54,6,1,0
BRDA:54,6,2,0
BRDA:70,7,0,16
BRDA:70,7,1,0
BRDA:73,8,0,0
BRDA:73,8,1,0
BRDA:73,8,2,0
BRDA:91,9,0,0
BRDA:110,10,0,16
BRDA:116,11,0,0
BRDA:122,12,0,0
BRDA:122,13,0,16
BRDA:122,13,1,16
BRDA:123,14,0,4
BRDA:129,15,0,6
BRDA:132,16,0,3
BRDA:132,16,1,3
BRDA:133,17,0,0
BRDA:136,18,0,4
BRDA:138,19,0,0
BRDA:140,20,0,0
BRDA:140,20,1,4
BRDA:143,21,0,2
BRDA:146,22,0,0
BRF:36
BRH:22
end_of_record
TN:
SF:src/common/codec/json-rpc-2/index.ts
FNF:0
FNH:0
DA:1,1
DA:2,1
LF:2
LH:2
BRF:0
BRH:0
end_of_record
TN:
SF:src/common/codec/json-rpc-2/schema.ts
FNF:0
FNH:0
DA:1,19
DA:3,19
DA:4,19
DA:6,19
DA:7,19
DA:9,19
DA:14,19
DA:16,19
DA:28,19
DA:30,19
DA:35,19
DA:37,19
DA:68,19
LF:13
LH:13
BRF:0
BRH:0
end_of_record
TN:
SF:src/common/messages/Value.ts
FN:8,(anonymous_0)
FNF:1
FNH:1
FNDA:8720,(anonymous_0)
DA:1,41
DA:7,41
DA:9,8720
DA:10,8720
DA:12,8720
LF:5
LH:5
BRF:0
BRH:0
end_of_record
TN:
SF:src/common/messages/index.ts
FNF:0
FNH:0
DA:1,35
DA:2,35
LF:2
LH:2
BRF:0
BRH:0
end_of_record
TN:
SF:src/common/messages/messages.ts
FN:13,(anonymous_0)
FN:37,(anonymous_1)
FN:60,(anonymous_2)
FN:80,(anonymous_3)
FN:115,(anonymous_4)
FN:152,(anonymous_5)
FN:157,(anonymous_6)
FN:161,(anonymous_7)
FN:167,(anonymous_8)
FN:195,(anonymous_9)
FN:216,(anonymous_10)
FN:222,(anonymous_11)
FN:227,(anonymous_12)
FN:233,(anonymous_13)
FN:237,(anonymous_14)
FN:246,(anonymous_15)
FN:252,(anonymous_16)
FN:257,(anonymous_17)
FN:263,(anonymous_18)
FN:267,(anonymous_19)
FN:276,(anonymous_20)
FN:282,(anonymous_21)
FN:287,(anonymous_22)
FN:291,(anonymous_23)
FN:295,(anonymous_24)
FN:304,(anonymous_25)
FN:306,(anonymous_26)
FN:310,(anonymous_27)
FN:314,(anonymous_28)
FN:318,(anonymous_29)
FN:327,(anonymous_30)
FN:332,(anonymous_31)
FN:336,(anonymous_32)
FN:342,(anonymous_33)
FN:346,(anonymous_34)
FN:355,(anonymous_35)
FN:360,(anonymous_36)
FN:364,(anonymous_37)
FN:368,(anonymous_38)
FN:372,(anonymous_39)
FN:381,(anonymous_40)
FN:386,(anonymous_41)
FN:390,(anonymous_42)
FN:394,(anonymous_43)
FN:398,(anonymous_44)
FN:407,(anonymous_45)
FN:409,(anonymous_46)
FN:413,(anonymous_47)
FN:417,(anonymous_48)
FN:421,(anonymous_49)
FNF:50
FNH:41
FNDA:3997,(anonymous_0)
FNDA:1997,(anonymous_1)
FNDA:2000,(anonymous_2)
FNDA:48,(anonymous_3)
FNDA:35,(anonymous_4)
FNDA:132,(anonymous_5)
FNDA:0,(anonymous_6)
FNDA:9,(anonymous_7)
FNDA:17,(anonymous_8)
FNDA:82,(anonymous_9)
FNDA:146,(anonymous_10)
FNDA:0,(anonymous_11)
FNDA:9,(anonymous_12)
FNDA:21,(anonymous_13)
FNDA:44,(anonymous_14)
FNDA:4073,(anonymous_15)
FNDA:0,(anonymous_16)
FNDA:3,(anonymous_17)
FNDA:16,(anonymous_18)
FNDA:1934,(anonymous_19)
FNDA:58,(anonymous_20)
FNDA:0,(anonymous_21)
FNDA:3,(anonymous_22)
FNDA:11,(anonymous_23)
FNDA:19,(anonymous_24)
FNDA:35,(anonymous_25)
FNDA:0,(anonymous_26)
FNDA:10,(anonymous_27)
FNDA:7,(anonymous_28)
FNDA:13,(anonymous_29)
FNDA:3795,(anonymous_30)
FNDA:0,(anonymous_31)
FNDA:6,(anonymous_32)
FNDA:18,(anonymous_33)
FNDA:1830,(anonymous_34)
FNDA:309,(anonymous_35)
FNDA:0,(anonymous_36)
FNDA:3,(anonymous_37)
FNDA:7,(anonymous_38)
FNDA:132,(anonymous_39)
FNDA:157,(anonymous_40)
FNDA:0,(anonymous_41)
FNDA:6,(anonymous_42)
FNDA:10,(anonymous_43)
FNDA:38,(anonymous_44)
FNDA:154,(anonymous_45)
FNDA:0,(anonymous_46)
FNDA:10,(anonymous_47)
FNDA:7,(anonymous_48)
FNDA:75,(anonymous_49)
DA:1,35
DA:2,35
DA:3,35
DA:6,35
DA:13,35
DA:20,3997
DA:21,3742
DA:22,3742
DA:23,3742
DA:24,255
DA:25,255
DA:26,255
DA:27,255
DA:28,255
DA:30,0
DA:31,0
DA:32,0
DA:33,0
DA:37,35
DA:44,1997
DA:45,1997
DA:46,1997
DA:47,1997
DA:48,1997
DA:49,1997
DA:50,1997
DA:51,1997
DA:52,1997
DA:53,1997
DA:54,1997
DA:55,1997
DA:56,1997
DA:57,1997
DA:60,35
DA:66,2000
DA:67,2000
DA:68,2000
DA:69,2000
DA:70,2000
DA:71,1992
DA:73,2000
DA:74,2000
DA:75,2000
DA:76,2000
DA:77,2000
DA:80,35
DA:85,48
DA:86,48
DA:87,43
DA:88,43
DA:89,43
DA:90,43
DA:91,43
DA:92,43
DA:93,43
DA:94,31
DA:95,31
DA:97,5
DA:98,5
DA:99,5
DA:100,5
DA:101,5
DA:102,5
DA:103,5
DA:104,5
DA:105,5
DA:106,5
DA:107,5
DA:108,5
DA:109,5
DA:111,5
DA:112,0
DA:115,35
DA:120,35
DA:121,35
DA:122,30
DA:123,30
DA:124,30
DA:125,30
DA:126,30
DA:127,30
DA:128,26
DA:129,2
DA:130,24
DA:132,5
DA:133,5
DA:134,5
DA:135,5
DA:136,5
DA:137,5
DA:138,5
DA:139,5
DA:140,5
DA:141,5
DA:142,4
DA:144,5
DA:145,0
DA:151,35
DA:153,132
DA:154,132
DA:158,0
DA:162,9
DA:168,17
DA:169,17
DA:170,14
DA:171,14
DA:172,14
DA:173,14
DA:174,14
DA:175,14
DA:176,14
DA:177,14
DA:179,3
DA:180,3
DA:181,3
DA:182,3
DA:183,3
DA:184,3
DA:185,3
DA:186,3
DA:187,3
DA:188,3
DA:189,3
DA:191,3
DA:192,0
DA:196,82
DA:197,82
DA:198,82
DA:199,82
DA:200,82
DA:201,82
DA:202,82
DA:203,82
DA:204,82
DA:205,82
DA:206,82
DA:207,82
DA:208,82
DA:215,35
DA:217,146
DA:218,146
DA:219,146
DA:223,0
DA:224,0
DA:228,9
DA:234,21
DA:238,44
DA:245,35
DA:247,4073
DA:248,4073
DA:249,4073
DA:253,0
DA:254,0
DA:258,3
DA:264,16
DA:268,1934
DA:275,35
DA:277,58
DA:278,58
DA:279,58
DA:283,0
DA:284,0
DA:288,3
DA:292,11
DA:296,19
DA:303,35
DA:304,35
DA:307,0
DA:311,10
DA:315,7
DA:319,13
DA:326,35
DA:328,3795
DA:329,3795
DA:333,0
DA:337,6
DA:343,18
DA:347,1830
DA:354,35
DA:356,309
DA:357,309
DA:361,0
DA:365,3
DA:369,7
DA:373,132
DA:380,35
DA:382,157
DA:383,157
DA:387,0
DA:391,6
DA:395,10
DA:399,38
DA:406,35
DA:407,154
DA:410,0
DA:414,10
DA:418,7
DA:422,75
LF:198
LH:179
BRDA:20,0,0,3742
BRDA:20,0,1,255
BRDA:24,1,0,255
BRDA:24,1,1,0
BRDA:52,2,0,1973
BRDA:70,3,0,1992
BRDA:86,4,0,43
BRDA:86,4,1,5
BRDA:86,5,0,48
BRDA:86,5,1,10
BRDA:89,6,0,31
BRDA:89,6,1,12
BRDA:93,7,0,31
BRDA:94,8,0,0
BRDA:94,8,1,31
BRDA:97,9,0,5
BRDA:97,9,1,0
BRDA:106,10,0,5
BRDA:108,11,0,0
BRDA:108,11,1,5
BRDA:121,12,0,30
BRDA:121,12,1,5
BRDA:121,13,0,35
BRDA:121,13,1,10
BRDA:124,14,0,26
BRDA:124,14,1,4
BRDA:127,15,0,26
BRDA:128,16,0,2
BRDA:128,16,1,24
BRDA:132,17,0,5
BRDA:132,17,1,0
BRDA:139,18,0,5
BRDA:141,19,0,1
BRDA:141,19,1,4
BRDA:162,20,0,0
BRDA:162,20,1,9
BRDA:169,21,0,14
BRDA:169,21,1,3
BRDA:169,22,0,17
BRDA:169,22,1,6
BRDA:172,23,0,14
BRDA:172,23,1,0
BRDA:175,24,0,14
BRDA:176,25,0,0
BRDA:176,25,1,14
BRDA:179,26,0,3
BRDA:179,26,1,0
BRDA:186,27,0,3
BRDA:188,28,0,0
BRDA:188,28,1,3
BRDA:224,29,0,0
BRDA:228,30,0,0
BRDA:228,30,1,9
BRDA:254,31,0,0
BRDA:258,32,0,0
BRDA:258,32,1,3
BRDA:284,33,0,0
BRDA:337,34,0,0
BRDA:337,34,1,6
BRF:59
BRH:43
end_of_record
TN:
SF:src/common/messages/__tests__/fixtures.ts
FN:4,(anonymous_0)
FNF:1
FNH:1
FNDA:88,(anonymous_0)
DA:1,4
DA:2,4
DA:4,88
DA:6,4
DA:7,4
DA:8,4
DA:9,4
DA:11,4
DA:12,4
DA:13,4
DA:14,4
DA:15,4
DA:16,4
DA:79,4
DA:80,4
DA:81,4
DA:82,4
DA:83,4
DA:84,4
DA:86,4
DA:87,4
DA:88,4
DA:89,4
DA:99,4
DA:100,4
DA:102,4
DA:103,4
DA:105,4
DA:106,4
DA:107,4
DA:108,4
DA:109,4
DA:133,4
DA:200,4
DA:201,4
DA:203,4
DA:204,4
DA:206,4
LF:38
LH:38
BRDA:4,0,0,0
BRF:1
BRH:0
end_of_record
TN:
SF:src/common/rpc/RpcDuplex.ts
FN:15,(anonymous_0)
FN:20,(anonymous_1)
FN:25,(anonymous_2)
FN:39,(anonymous_3)
FN:43,(anonymous_4)
FN:47,(anonymous_5)
FN:51,(anonymous_6)
FN:56,(anonymous_7)
FNF:8
FNH:4
FNDA:84,(anonymous_0)
FNDA:84,(anonymous_1)
FNDA:88,(anonymous_2)
FNDA:44,(anonymous_3)
FNDA:0,(anonymous_4)
FNDA:0,(anonymous_5)
FNDA:0,(anonymous_6)
FNDA:0,(anonymous_7)
DA:2,19
DA:11,19
DA:16,84
DA:17,84
DA:21,84
DA:22,88
DA:26,88
DA:27,88
DA:28,44
DA:29,44
DA:30,44
DA:31,44
DA:32,18
DA:33,18
DA:34,0
DA:40,44
DA:44,0
DA:48,0
DA:52,0
DA:53,0
DA:57,0
DA:58,0
LF:22
LH:15
BRDA:26,0,0,0
BRDA:26,0,1,88
BRDA:27,1,0,44
BRDA:27,1,1,44
BRDA:28,2,0,0
BRDA:28,2,1,44
BRDA:29,3,0,0
BRDA:29,3,1,44
BRDA:30,4,0,0
BRDA:30,4,1,44
BRDA:31,5,0,26
BRDA:31,5,1,18
BRDA:32,6,0,0
BRDA:32,6,1,18
BRDA:33,7,0,18
BRDA:33,7,1,0
BRDA:34,8,0,0
BRF:17
BRH:10
end_of_record
TN:
SF:src/common/rpc/RpcMessageBatchProcessor.ts
FN:27,(anonymous_0)
FN:31,(anonymous_1)
FN:67,(anonymous_3)
FN:70,(anonymous_4)
FN:73,(anonymous_5)
FNF:5
FNH:3
FNDA:21,(anonymous_0)
FNDA:21,(anonymous_1)
FNDA:0,(anonymous_3)
FNDA:0,(anonymous_4)
FNDA:22,(anonymous_5)
DA:1,19
DA:2,19
DA:3,19
DA:24,19
DA:28,21
DA:32,21
DA:33,21
DA:34,21
DA:35,21
DA:36,22
DA:37,22
DA:39,0
DA:40,0
DA:44,22
DA:50,22
DA:53,21
DA:54,21
DA:55,21
DA:56,21
DA:57,22
DA:58,22
DA:60,21
DA:62,0
DA:63,0
DA:68,0
DA:69,0
DA:70,0
DA:77,22
DA:78,22
DA:79,22
DA:80,22
DA:81,22
DA:82,22
DA:83,22
DA:84,22
DA:85,13
DA:87,9
LF:37
LH:30
BRDA:37,0,0,0
BRDA:37,0,1,0
BRDA:37,0,2,22
BRDA:37,0,3,22
BRDA:58,1,0,13
BRDA:58,1,1,9
BRDA:83,2,0,22
BRDA:83,2,1,0
BRF:8
BRH:5
end_of_record
TN:
SF:src/common/rpc/RpcMessageStreamProcessor.ts
FN:48,(anonymous_0)
FN:124,(anonymous_1)
FN:56,(anonymous_2)
FN:57,(anonymous_3)
FN:61,(anonymous_4)
FN:73,(anonymous_5)
FN:87,(anonymous_6)
FN:92,(anonymous_7)
FN:97,(anonymous_8)
FN:102,(anonymous_9)
FN:107,(anonymous_10)
FN:112,(anonymous_11)
FN:117,(anonymous_12)
FN:120,(anonymous_13)
FN:121,(anonymous_14)
FN:129,(anonymous_15)
FN:130,(anonymous_16)
FN:143,(anonymous_17)
FN:147,(anonymous_18)
FN:152,(anonymous_19)
FN:164,(anonymous_20)
FN:167,(anonymous_21)
FN:168,(anonymous_22)
FN:173,(anonymous_23)
FN:179,(anonymous_24)
FN:207,(anonymous_25)
FN:239,(anonymous_26)
FN:252,(anonymous_27)
FN:260,(anonymous_28)
FN:264,(anonymous_29)
FNF:30
FNH:24
FNDA:342,(anonymous_0)
FNDA:34,(anonymous_1)
FNDA:1535,(anonymous_2)
FNDA:1564,(anonymous_3)
FNDA:516,(anonymous_4)
FNDA:2080,(anonymous_5)
FNDA:2002,(anonymous_6)
FNDA:0,(anonymous_7)
FNDA:1870,(anonymous_8)
FNDA:134,(anonymous_9)
FNDA:79,(anonymous_10)
FNDA:0,(anonymous_11)
FNDA:1881,(anonymous_12)
FNDA:1838,(anonymous_13)
FNDA:43,(anonymous_14)
FNDA:3,(anonymous_15)
FNDA:3,(anonymous_16)
FNDA:0,(anonymous_17)
FNDA:2,(anonymous_18)
FNDA:154,(anonymous_19)
FNDA:134,(anonymous_20)
FNDA:34,(anonymous_21)
FNDA:32,(anonymous_22)
FNDA:0,(anonymous_23)
FNDA:41,(anonymous_24)
FNDA:2026,(anonymous_25)
FNDA:0,(anonymous_26)
FNDA:56,(anonymous_27)
FNDA:1,(anonymous_28)
FNDA:0,(anonymous_29)
DA:1,24
DA:2,24
DA:3,24
DA:5,24
DA:40,24
DA:42,342
DA:49,342
DA:50,342
DA:52,342
DA:53,202
DA:54,202
DA:55,202
DA:56,1535
DA:57,202
DA:58,1564
DA:61,140
DA:62,516
DA:74,2080
DA:75,2039
DA:76,57
DA:77,57
DA:78,56
DA:88,2002
DA:89,2013
DA:93,0
DA:94,0
DA:98,1870
DA:99,1870
DA:103,134
DA:104,134
DA:108,79
DA:109,79
DA:113,0
DA:114,0
DA:118,1881
DA:120,1838
DA:121,43
DA:124,342
DA:125,34
DA:126,34
DA:130,3
DA:131,3
DA:132,2
DA:133,2
DA:134,2
DA:137,0
DA:140,3
DA:144,0
DA:148,2
DA:149,2
DA:153,154
DA:154,154
DA:163,154
DA:165,134
DA:167,34
DA:169,32
DA:170,32
DA:173,154
DA:174,0
DA:176,154
DA:180,41
DA:181,41
DA:182,41
DA:183,11
DA:184,0
DA:185,0
DA:187,11
DA:188,11
DA:189,0
DA:190,0
DA:192,11
DA:193,11
DA:195,0
DA:196,0
DA:199,41
DA:200,41
DA:201,41
DA:202,41
DA:208,2026
DA:209,2026
DA:210,2026
DA:211,0
DA:212,0
DA:213,0
DA:214,0
DA:215,0
DA:217,2026
DA:218,0
DA:219,0
DA:221,2026
DA:222,2026
DA:223,2
DA:224,2
DA:226,2024
DA:227,2024
DA:228,2024
DA:229,143
DA:230,143
DA:231,143
DA:232,142
DA:233,142
DA:236,1881
DA:240,0
DA:241,0
DA:242,0
DA:243,0
DA:244,0
DA:245,0
DA:246,0
DA:247,0
DA:248,0
DA:249,0
DA:253,56
DA:254,56
DA:255,56
DA:256,56
DA:257,56
DA:261,1
DA:262,1
DA:263,1
DA:264,1
LF:121
LH:91
BRDA:48,0,0,36
BRDA:48,1,0,0
BRDA:52,2,0,202
BRDA:52,2,1,140
BRDA:74,3,0,41
BRDA:74,3,1,2039
BRDA:75,4,0,1982
BRDA:75,4,1,57
BRDA:76,5,0,0
BRDA:76,5,1,57
BRDA:77,6,0,1
BRDA:77,6,1,56
BRDA:78,7,0,56
BRDA:129,8,0,3
BRDA:174,9,0,0
BRDA:182,10,0,11
BRDA:183,11,0,0
BRDA:188,12,0,0
BRDA:192,13,0,11
BRDA:192,13,1,0
BRDA:195,14,0,0
BRDA:195,14,1,0
BRDA:199,15,0,41
BRDA:200,16,0,41
BRDA:200,16,1,0
BRDA:201,17,0,41
BRDA:210,18,0,0
BRDA:212,19,0,0
BRDA:212,19,1,0
BRDA:213,20,0,0
BRDA:217,21,0,0
BRDA:222,22,0,2
BRDA:227,23,0,2023
BRDA:227,23,1,1
BRDA:228,24,0,143
BRDA:228,24,1,1881
BRDA:230,25,0,143
BRDA:231,26,0,142
BRDA:242,27,0,0
BRDA:243,28,0,0
BRDA:244,29,0,0
BRDA:246,30,0,0
BRDA:248,31,0,0
BRDA:255,32,0,0
BRDA:262,33,0,0
BRDA:262,34,0,1
BRDA:262,34,1,1
BRDA:263,35,0,1
BRDA:263,35,1,0
BRDA:263,36,0,1
BRDA:263,36,1,1
BRDA:263,37,0,0
BRDA:263,37,1,1
BRDA:263,38,0,1
BRDA:263,38,1,1
BRF:55
BRH:32
end_of_record
TN:
SF:src/common/rpc/RpcMessageStreamProcessorLocalClient.ts
FN:16,(anonymous_0)
FN:18,(anonymous_1)
FN:19,(anonymous_2)
FN:27,(anonymous_3)
FN:28,(anonymous_4)
FNF:5
FNH:5
FNDA:24,(anonymous_0)
FNDA:26,(anonymous_1)
FNDA:26,(anonymous_2)
FNDA:25,(anonymous_3)
FNDA:25,(anonymous_4)
DA:2,2
DA:15,2
DA:16,24
DA:17,24
DA:19,26
DA:20,26
DA:27,24
DA:28,25
DA:29,25
LF:9
LH:9
BRF:0
BRH:0
end_of_record
TN:
SF:src/common/rpc/RpcPersistentClient.ts
FN:35,(anonymous_0)
FN:40,(anonymous_1)
FN:40,(anonymous_2)
FN:41,(anonymous_3)
FN:44,(anonymous_4)
FN:50,(anonymous_5)
FN:60,(anonymous_6)
FN:71,(anonymous_7)
FN:74,(anonymous_8)
FN:79,(anonymous_9)
FN:83,(anonymous_10)
FN:84,(anonymous_11)
FN:87,(anonymous_12)
FN:91,(anonymous_13)
FNF:14
FNH:9
FNDA:1,(anonymous_0)
FNDA:3,(anonymous_1)
FNDA:1,(anonymous_2)
FNDA:4,(anonymous_3)
FNDA:1,(anonymous_4)
FNDA:0,(anonymous_5)
FNDA:0,(anonymous_6)
FNDA:1,(anonymous_7)
FNDA:1,(anonymous_8)
FNDA:0,(anonymous_9)
FNDA:0,(anonymous_10)
FNDA:0,(anonymous_11)
FNDA:1,(anonymous_12)
FNDA:1,(anonymous_13)
DA:2,18
DA:3,18
DA:4,18
DA:5,18
DA:30,18
DA:33,1
DA:36,1
DA:37,1
DA:38,1
DA:39,1
DA:40,3
DA:41,4
DA:42,1
DA:45,1
DA:46,1
DA:50,1
DA:51,0
DA:52,0
DA:53,0
DA:57,1
DA:58,1
DA:61,0
DA:65,1
DA:66,1
DA:67,1
DA:72,1
DA:74,1
DA:80,0
DA:84,0
DA:88,1
DA:92,1
DA:93,1
LF:32
LH:26
BRDA:36,0,0,0
BRDA:36,0,1,1
BRDA:36,1,0,1
BRDA:36,1,1,1
BRDA:43,2,0,1
BRDA:43,2,1,1
BRDA:51,3,0,0
BRDA:51,3,1,0
BRDA:53,4,0,0
BRDA:53,4,1,0
BRDA:57,5,0,1
BRDA:61,6,0,0
BRDA:61,6,1,0
BRDA:65,7,0,0
BRDA:93,8,0,1
BRF:15
BRH:7
end_of_record
TN:
SF:src/common/rpc/index.ts
FN:6,(anonymous_0)
FNF:1
FNH:0
FNDA:0,(anonymous_0)
DA:1,18
DA:2,18
DA:3,18
DA:4,18
DA:5,18
DA:6,18
LF:6
LH:6
BRF:0
BRH:0
end_of_record
TN:
SF:src/common/rpc/types.ts
FNF:0
FNH:0
DA:1,18
DA:2,18
DA:3,18
LF:3
LH:3
BRF:0
BRH:0
end_of_record
TN:
SF:src/common/rpc/validation.ts
FN:3,(anonymous_0)
FN:9,(anonymous_1)
FNF:2
FNH:2
FNDA:22,(anonymous_0)
FNDA:22,(anonymous_1)
DA:1,35
DA:3,35
DA:4,22
DA:5,0
DA:9,35
DA:10,22
DA:11,0
LF:7
LH:5
BRDA:4,0,0,0
BRDA:4,1,0,22
BRDA:4,1,1,22
BRDA:4,1,2,22
BRDA:10,2,0,0
BRDA:10,3,0,22
BRDA:10,3,1,22
BRDA:10,3,2,22
BRF:8
BRH:6
end_of_record
TN:
SF:src/common/rpc/__tests__/runApiTests.ts
FN:13,(anonymous_0)
FN:14,(anonymous_1)
FN:15,(anonymous_2)
FN:15,(anonymous_3)
FN:22,(anonymous_4)
FN:22,(anonymous_5)
FN:29,(anonymous_6)
FN:29,(anonymous_7)
FN:37,(anonymous_8)
FN:38,(anonymous_9)
FN:38,(anonymous_10)
FN:45,(anonymous_11)
FN:45,(anonymous_12)
FN:55,(anonymous_13)
FN:55,(anonymous_14)
FN:64,(anonymous_15)
FN:65,(anonymous_16)
FN:65,(anonymous_17)
FN:73,(anonymous_18)
FN:74,(anonymous_19)
FN:74,(anonymous_20)
FN:82,(anonymous_21)
FN:83,(anonymous_22)
FN:83,(anonymous_23)
FN:95,(anonymous_24)
FN:96,(anonymous_25)
FN:96,(anonymous_26)
FN:105,(anonymous_27)
FN:105,(anonymous_28)
FN:117,(anonymous_29)
FN:118,(anonymous_30)
FN:118,(anonymous_31)
FN:121,(anonymous_32)
FN:128,(anonymous_33)
FN:128,(anonymous_34)
FNF:35
FNH:35
FNDA:6,(anonymous_0)
FNDA:6,(anonymous_1)
FNDA:6,(anonymous_2)
FNDA:6,(anonymous_3)
FNDA:6,(anonymous_4)
FNDA:6,(anonymous_5)
FNDA:6,(anonymous_6)
FNDA:6,(anonymous_7)
FNDA:6,(anonymous_8)
FNDA:6,(anonymous_9)
FNDA:6,(anonymous_10)
FNDA:6,(anonymous_11)
FNDA:6,(anonymous_12)
FNDA:6,(anonymous_13)
FNDA:6,(anonymous_14)
FNDA:6,(anonymous_15)
FNDA:6,(anonymous_16)
FNDA:6,(anonymous_17)
FNDA:6,(anonymous_18)
FNDA:6,(anonymous_19)
FNDA:6,(anonymous_20)
FNDA:6,(anonymous_21)
FNDA:6,(anonymous_22)
FNDA:6,(anonymous_23)
FNDA:6,(anonymous_24)
FNDA:6,(anonymous_25)
FNDA:6,(anonymous_26)
FNDA:6,(anonymous_27)
FNDA:6,(anonymous_28)
FNDA:30,(anonymous_29)
FNDA:30,(anonymous_30)
FNDA:30,(anonymous_31)
FNDA:30,(anonymous_32)
FNDA:30,(anonymous_33)
FNDA:30,(anonymous_34)
DA:1,6
DA:3,6
DA:13,6
DA:14,6
DA:15,6
DA:16,6
DA:17,6
DA:18,6
DA:19,6
DA:22,6
DA:23,6
DA:24,6
DA:25,6
DA:26,6
DA:29,6
DA:30,6
DA:31,6
DA:32,6
DA:33,6
DA:37,6
DA:38,6
DA:39,6
DA:40,6
DA:41,6
DA:42,6
DA:45,6
DA:46,6
DA:47,6
DA:48,6
DA:49,6
DA:50,6
DA:51,6
DA:52,6
DA:55,6
DA:56,6
DA:57,6
DA:58,6
DA:59,6
DA:60,6
DA:64,6
DA:65,6
DA:66,6
DA:67,6
DA:68,6
DA:69,6
DA:73,6
DA:74,6
DA:75,6
DA:76,6
DA:77,6
DA:78,6
DA:82,6
DA:83,6
DA:84,6
DA:85,6
DA:86,6
DA:87,6
DA:91,6
DA:95,6
DA:96,6
DA:97,6
DA:98,6
DA:99,6
DA:102,6
DA:105,6
DA:106,6
DA:107,6
DA:108,6
DA:111,6
DA:116,6
DA:117,30
DA:118,30
DA:119,30
DA:120,30
DA:121,30
DA:122,30
DA:125,30
DA:128,30
DA:129,30
DA:130,30
DA:131,30
DA:134,30
LF:82
LH:82
BRDA:13,0,0,6
BRF:1
BRH:1
end_of_record
TN:
SF:src/common/rpc/__tests__/sample-api.ts
FN:10,(anonymous_0)
FN:10,(anonymous_1)
FN:18,(anonymous_2)
FN:18,(anonymous_3)
FN:19,(anonymous_4)
FN:31,(anonymous_5)
FN:31,(anonymous_6)
FN:39,(anonymous_7)
FN:39,(anonymous_8)
FN:46,(anonymous_9)
FN:49,(anonymous_10)
FN:51,(anonymous_11)
FN:52,(anonymous_12)
FN:58,(anonymous_13)
FN:68,(anonymous_14)
FN:73,(anonymous_15)
FN:73,(anonymous_16)
FN:78,(anonymous_17)
FN:78,(anonymous_18)
FN:85,(anonymous_19)
FN:85,(anonymous_20)
FN:96,(anonymous_21)
FN:98,(anonymous_22)
FN:98,(anonymous_23)
FN:106,(anonymous_24)
FN:111,(anonymous_25)
FN:122,(anonymous_26)
FN:125,(anonymous_27)
FN:126,(anonymous_28)
FN:128,(anonymous_29)
FN:135,(anonymous_30)
FN:146,(anonymous_31)
FN:150,(anonymous_32)
FN:150,(anonymous_33)
FN:157,(anonymous_34)
FN:161,(anonymous_35)
FN:162,(anonymous_36)
FN:168,(anonymous_37)
FN:189,(anonymous_38)
FNF:39
FNH:22
FNDA:22,(anonymous_0)
FNDA:22,(anonymous_1)
FNDA:0,(anonymous_2)
FNDA:0,(anonymous_3)
FNDA:0,(anonymous_4)
FNDA:2,(anonymous_5)
FNDA:2,(anonymous_6)
FNDA:2,(anonymous_7)
FNDA:2,(anonymous_8)
FNDA:0,(anonymous_9)
FNDA:0,(anonymous_10)
FNDA:0,(anonymous_11)
FNDA:0,(anonymous_12)
FNDA:0,(anonymous_13)
FNDA:27,(anonymous_14)
FNDA:21,(anonymous_15)
FNDA:21,(anonymous_16)
FNDA:7,(anonymous_17)
FNDA:7,(anonymous_18)
FNDA:0,(anonymous_19)
FNDA:0,(anonymous_20)
FNDA:7,(anonymous_21)
FNDA:7,(anonymous_22)
FNDA:7,(anonymous_23)
FNDA:1,(anonymous_24)
FNDA:6,(anonymous_25)
FNDA:0,(anonymous_26)
FNDA:0,(anonymous_27)
FNDA:0,(anonymous_28)
FNDA:0,(anonymous_29)
FNDA:0,(anonymous_30)
FNDA:12,(anonymous_31)
FNDA:6,(anonymous_32)
FNDA:6,(anonymous_33)
FNDA:60,(anonymous_34)
FNDA:30,(anonymous_35)
FNDA:30,(anonymous_36)
FNDA:0,(anonymous_37)
FNDA:0,(anonymous_38)
DA:1,7
DA:2,7
DA:4,7
DA:5,7
DA:6,7
DA:8,7
DA:10,22
DA:11,22
DA:16,7
DA:18,0
DA:19,0
DA:20,0
DA:27,7
DA:29,7
DA:31,2
DA:32,2
DA:37,7
DA:39,2
DA:40,2
DA:44,7
DA:47,0
DA:50,0
DA:52,0
DA:53,0
DA:58,0
DA:66,7
DA:69,27
DA:70,27
DA:71,27
DA:73,21
DA:76,7
DA:78,7
DA:79,7
DA:83,7
DA:85,0
DA:86,0
DA:94,7
DA:97,7
DA:98,7
DA:99,7
DA:104,7
DA:106,1
DA:109,7
DA:112,6
DA:120,7
DA:123,0
DA:126,0
DA:127,0
DA:128,0
DA:129,0
DA:130,0
DA:131,0
DA:132,0
DA:135,0
DA:136,0
DA:144,7
DA:147,12
DA:148,12
DA:150,6
DA:151,6
DA:155,7
DA:158,60
DA:159,60
DA:162,30
DA:166,7
DA:168,0
DA:171,7
DA:189,7
LF:68
LH:47
BRDA:18,0,0,0
BRDA:18,1,0,0
BRDA:49,2,0,0
BRDA:49,3,0,0
BRDA:69,4,0,0
BRDA:70,5,0,0
BRDA:71,6,0,6
BRDA:130,7,0,0
BRDA:147,8,0,0
BRDA:147,9,0,12
BRDA:147,9,1,12
BRDA:148,10,0,6
BRDA:158,11,0,0
BRDA:158,12,0,60
BRDA:158,12,1,60
BRDA:159,13,0,30
BRF:16
BRH:7
end_of_record
TN:
SF:src/common/rpc/caller/ApiRpcCaller.ts
FN:30,(anonymous_0)
FN:33,(anonymous_1)
FN:41,(anonymous_2)
FN:47,(anonymous_3)
FN:53,(anonymous_4)
FN:54,(anonymous_5)
FNF:6
FNH:3
FNDA:219,(anonymous_0)
FNDA:461,(anonymous_1)
FNDA:461,(anonymous_2)
FNDA:0,(anonymous_3)
FNDA:0,(anonymous_4)
FNDA:0,(anonymous_5)
DA:1,9
DA:2,9
DA:3,9
DA:4,9
DA:14,9
DA:28,219
DA:30,219
DA:31,219
DA:33,461
DA:35,219
DA:36,2884
DA:37,2884
DA:42,461
DA:48,0
DA:54,0
DA:55,0
LF:16
LH:13
BRDA:37,0,0,1334
BRDA:37,0,1,1550
BRDA:47,1,0,0
BRDA:55,2,0,0
BRDA:55,2,1,0
BRF:5
BRH:2
end_of_record
TN:
SF:src/common/rpc/caller/ObjectValueCaller.ts
FN:61,(anonymous_0)
FN:64,(anonymous_1)
FN:72,(anonymous_2)
FN:88,(anonymous_3)
FN:89,(anonymous_4)
FN:104,(anonymous_5)
FN:112,(anonymous_8)
FN:113,(anonymous_9)
FN:126,(anonymous_10)
FN:136,(anonymous_11)
FN:139,(anonymous_12)
FN:139,(anonymous_13)
FNF:12
FNH:8
FNDA:177,(anonymous_0)
FNDA:5716,(anonymous_1)
FNDA:5716,(anonymous_2)
FNDA:1,(anonymous_3)
FNDA:1909,(anonymous_4)
FNDA:1826,(anonymous_5)
FNDA:1,(anonymous_8)
FNDA:1,(anonymous_9)
FNDA:0,(anonymous_10)
FNDA:0,(anonymous_11)
FNDA:0,(anonymous_12)
FNDA:0,(anonymous_13)
DA:1,16
DA:2,16
DA:3,16
DA:4,16
DA:5,16
DA:6,16
DA:53,16
DA:59,177
DA:61,177
DA:62,177
DA:64,5716
DA:66,177
DA:67,177
DA:68,177
DA:69,177
DA:75,5716
DA:76,5716
DA:77,400
DA:78,400
DA:79,0
DA:81,400
DA:82,400
DA:83,400
DA:84,400
DA:85,400
DA:86,400
DA:87,400
DA:90,1909
DA:91,1909
DA:92,1
DA:93,1
DA:96,400
DA:100,400
DA:101,400
DA:109,1826
DA:113,1
DA:117,1
DA:118,1
DA:119,1
DA:121,0
DA:122,0
DA:131,0
DA:137,0
DA:139,0
LF:44
LH:38
BRDA:68,0,0,0
BRDA:76,1,0,5316
BRDA:78,2,0,0
BRDA:78,3,0,400
BRDA:78,3,1,400
BRDA:78,4,0,400
BRDA:78,4,1,79
BRDA:86,5,0,400
BRDA:86,5,1,1
BRDA:87,6,0,1
BRDA:87,6,1,399
BRDA:91,7,0,1
BRDA:92,8,0,1
BRDA:92,8,1,0
BRDA:92,9,0,0
BRDA:92,9,1,1
BRDA:92,10,0,1
BRDA:92,10,1,1
BRDA:97,11,0,321
BRDA:97,11,1,79
BRDA:115,12,0,0
BRDA:136,13,0,0
BRF:22
BRH:16
end_of_record
TN:
SF:src/common/rpc/caller/RpcCaller.ts
FN:27,(anonymous_0)
FN:37,(anonymous_1)
FN:47,(anonymous_2)
FN:51,(anonymous_3)
FN:57,(anonymous_4)
FN:61,(anonymous_5)
FN:72,(anonymous_6)
FN:88,(anonymous_7)
FN:101,(anonymous_9)
FN:123,(anonymous_11)
FN:134,(anonymous_12)
FN:134,(anonymous_13)
FN:144,(anonymous_14)
FN:157,(anonymous_15)
FN:173,(anonymous_16)
FN:185,(anonymous_17)
FN:189,(anonymous_18)
FN:190,(anonymous_19)
FN:194,(anonymous_20)
FN:195,(anonymous_21)
FN:208,(anonymous_22)
FN:211,(anonymous_23)
FN:226,(anonymous_24)
FNF:23
FNH:23
FNDA:16,(anonymous_0)
FNDA:396,(anonymous_1)
FNDA:2026,(anonymous_2)
FNDA:4151,(anonymous_3)
FNDA:2035,(anonymous_4)
FNDA:2132,(anonymous_5)
FNDA:50,(anonymous_6)
FNDA:1931,(anonymous_7)
FNDA:3,(anonymous_9)
FNDA:182,(anonymous_11)
FNDA:13,(anonymous_12)
FNDA:13,(anonymous_13)
FNDA:3,(anonymous_14)
FNDA:198,(anonymous_15)
FNDA:34,(anonymous_16)
FNDA:139,(anonymous_17)
FNDA:136,(anonymous_18)
FNDA:136,(anonymous_19)
FNDA:172,(anonymous_20)
FNDA:49,(anonymous_21)
FNDA:81,(anonymous_22)
FNDA:41,(anonymous_23)
FNDA:28,(anonymous_24)
DA:1,25
DA:2,25
DA:3,25
DA:4,25
DA:5,25
DA:6,25
DA:25,25
DA:27,25
DA:32,25
DA:42,396
DA:43,396
DA:44,396
DA:48,2026
DA:52,4151
DA:53,4151
DA:54,4151
DA:58,2035
DA:62,2132
DA:63,2132
DA:64,2052
DA:65,2052
DA:66,2002
DA:68,50
DA:73,50
DA:89,1931
DA:90,1931
DA:91,1912
DA:92,1912
DA:93,1912
DA:94,1911
DA:95,1873
DA:97,39
DA:102,3
DA:103,3
DA:104,3
DA:105,3
DA:106,3
DA:107,3
DA:108,3
DA:110,0
DA:124,182
DA:125,182
DA:126,182
DA:127,182
DA:129,182
DA:132,182
DA:133,13
DA:134,13
DA:135,13
DA:136,13
DA:139,13
DA:140,13
DA:143,13
DA:145,3
DA:149,13
DA:153,169
DA:156,169
DA:158,198
DA:163,169
DA:164,169
DA:169,169
DA:172,169
DA:174,34
DA:178,169
DA:181,169
DA:182,169
DA:186,139
DA:190,136
DA:191,136
DA:193,136
DA:194,172
DA:196,49
DA:207,169
DA:209,81
DA:212,41
DA:216,169
DA:218,0
DA:219,0
DA:220,0
DA:221,0
DA:222,0
DA:227,28
DA:228,28
DA:229,28
LF:84
LH:78
BRDA:39,0,0,395
BRDA:40,1,0,220
BRDA:53,2,0,0
BRDA:63,3,0,80
BRDA:66,4,0,0
BRDA:93,5,0,2
BRDA:103,6,0,0
BRDA:104,7,0,0
BRDA:107,8,0,0
BRDA:132,9,0,13
BRDA:163,10,0,169
BRDA:163,10,1,167
BRDA:186,11,0,5
BRDA:186,11,1,134
BRF:14
BRH:9
end_of_record
TN:
SF:src/common/rpc/caller/index.ts
FNF:0
FNH:0
DA:1,40
DA:2,40
LF:2
LH:2
BRF:0
BRH:0
end_of_record
TN:
SF:src/common/rpc/caller/error/RpcError.ts
FN:4,(anonymous_0)
FN:37,(anonymous_1)
FN:42,(anonymous_2)
FN:52,(anonymous_3)
FN:56,(anonymous_4)
FN:60,(anonymous_5)
FN:64,(anonymous_6)
FN:68,(anonymous_7)
FN:72,(anonymous_8)
FN:78,(anonymous_9)
FN:82,(anonymous_10)
FN:86,(anonymous_11)
FN:90,(anonymous_12)
FN:103,(anonymous_13)
FNF:14
FNH:11
FNDA:41,(anonymous_0)
FNDA:0,(anonymous_1)
FNDA:192,(anonymous_2)
FNDA:75,(anonymous_3)
FNDA:25,(anonymous_4)
FNDA:3,(anonymous_5)
FNDA:43,(anonymous_6)
FNDA:181,(anonymous_7)
FNDA:108,(anonymous_8)
FNDA:4,(anonymous_9)
FNDA:64,(anonymous_10)
FNDA:0,(anonymous_11)
FNDA:199,(anonymous_12)
FNDA:0,(anonymous_13)
DA:1,41
DA:2,41
DA:4,41
DA:6,41
DA:9,41
DA:15,41
DA:18,41
DA:21,41
DA:23,41
DA:24,41
DA:25,41
DA:26,41
DA:27,41
DA:29,41
DA:30,41
DA:31,41
DA:36,41
DA:38,0
DA:39,0
DA:48,192
DA:49,192
DA:53,75
DA:57,25
DA:61,3
DA:65,43
DA:69,181
DA:73,108
DA:74,73
DA:75,11
DA:79,4
DA:83,64
DA:87,0
DA:91,199
DA:92,199
DA:93,199
DA:94,199
DA:95,199
DA:96,199
DA:98,199
DA:99,199
DA:100,199
DA:104,0
DA:105,0
DA:106,0
DA:107,0
DA:108,0
DA:109,0
LF:47
LH:38
BRDA:4,0,0,41
BRDA:4,0,1,41
BRDA:38,1,0,0
BRDA:44,2,0,46
BRDA:45,3,0,191
BRDA:46,4,0,117
BRDA:49,5,0,192
BRDA:49,5,1,46
BRDA:49,6,0,192
BRDA:49,6,1,191
BRDA:52,7,0,65
BRDA:56,8,0,25
BRDA:60,9,0,3
BRDA:72,10,0,58
BRDA:73,11,0,35
BRDA:73,12,0,108
BRDA:73,12,1,35
BRDA:73,12,2,35
BRDA:74,13,0,62
BRDA:99,14,0,46
BRDA:105,15,0,0
BRDA:106,16,0,0
BRDA:107,17,0,0
BRDA:108,18,0,0
BRF:24
BRH:19
end_of_record
TN:
SF:src/common/rpc/caller/error/RpcErrorType.ts
FNF:0
FNH:0
DA:1,41
DA:3,41
LF:2
LH:2
BRF:0
BRH:0
end_of_record
TN:
SF:src/common/rpc/caller/error/index.ts
FNF:0
FNH:0
DA:1,40
DA:2,40
LF:2
LH:2
BRF:0
BRH:0
end_of_record
TN:
SF:src/common/rpc/client/EncodedStaticRpcClient.ts
FN:19,(anonymous_0)
FN:21,(anonymous_1)
FN:21,(anonymous_2)
FN:29,(anonymous_3)
FN:33,(anonymous_4)
FN:37,(anonymous_6)
FNF:6
FNH:0
FNDA:0,(anonymous_0)
FNDA:0,(anonymous_1)
FNDA:0,(anonymous_2)
FNDA:0,(anonymous_3)
FNDA:0,(anonymous_4)
FNDA:0,(anonymous_6)
DA:16,2
DA:20,0
DA:21,0
DA:22,0
DA:23,0
DA:24,0
DA:25,0
DA:30,0
DA:34,0
DA:38,0
LF:10
LH:1
BRDA:19,0,0,0
BRF:1
BRH:0
end_of_record
TN:
SF:src/common/rpc/client/FetchRpcClient.ts
FN:27,(anonymous_0)
FN:40,(anonymous_1)
FN:40,(anonymous_2)
FN:54,(anonymous_3)
FN:58,(anonymous_4)
FN:62,(anonymous_6)
FN:66,(anonymous_7)
FNF:7
FNH:0
FNDA:0,(anonymous_0)
FNDA:0,(anonymous_1)
FNDA:0,(anonymous_2)
FNDA:0,(anonymous_3)
FNDA:0,(anonymous_4)
FNDA:0,(anonymous_6)
FNDA:0,(anonymous_7)
DA:1,2
DA:2,2
DA:24,2
DA:28,0
DA:29,0
DA:30,0
DA:31,0
DA:32,0
DA:40,0
DA:41,0
DA:48,0
DA:49,0
DA:55,0
DA:59,0
DA:63,0
LF:15
LH:3
BRDA:28,0,0,0
BRDA:30,1,0,0
BRDA:31,2,0,0
BRDA:31,2,1,0
BRF:4
BRH:0
end_of_record
TN:
SF:src/common/rpc/client/StaticRpcClient.ts
FN:45,(anonymous_0)
FN:36,(anonymous_1)
FN:36,(anonymous_2)
FN:50,(anonymous_3)
FN:52,(anonymous_4)
FN:63,(anonymous_5)
FN:74,(anonymous_6)
FN:81,(anonymous_7)
FN:82,(anonymous_8)
FN:85,(anonymous_9)
FN:96,(anonymous_11)
FN:101,(anonymous_12)
FNF:12
FNH:7
FNDA:21,(anonymous_0)
FNDA:0,(anonymous_1)
FNDA:0,(anonymous_2)
FNDA:21,(anonymous_3)
FNDA:21,(anonymous_4)
FNDA:0,(anonymous_5)
FNDA:21,(anonymous_6)
FNDA:22,(anonymous_7)
FNDA:22,(anonymous_8)
FNDA:22,(anonymous_9)
FNDA:0,(anonymous_11)
FNDA:0,(anonymous_12)
DA:1,3
DA:2,3
DA:3,3
DA:4,3
DA:5,3
DA:33,3
DA:34,21
DA:36,21
DA:37,0
DA:43,21
DA:46,21
DA:47,21
DA:48,21
DA:49,21
DA:50,21
DA:51,21
DA:53,21
DA:54,22
DA:55,22
DA:56,22
DA:57,22
DA:58,22
DA:59,22
DA:60,9
DA:64,0
DA:65,0
DA:66,0
DA:67,0
DA:68,0
DA:69,0
DA:70,0
DA:71,0
DA:75,21
DA:76,22
DA:82,22
DA:86,22
DA:87,22
DA:88,22
DA:89,22
DA:90,22
DA:91,22
DA:92,22
DA:93,22
DA:97,0
DA:98,0
LF:45
LH:34
BRDA:45,0,0,0
BRDA:45,1,0,0
BRDA:46,2,0,21
BRDA:58,3,0,0
BRDA:59,4,0,13
BRDA:59,4,1,9
BRDA:59,5,0,0
BRDA:59,5,1,13
BRDA:59,6,0,13
BRDA:59,6,1,13
BRDA:60,7,0,9
BRDA:60,8,0,0
BRDA:60,8,1,9
BRDA:60,9,0,9
BRDA:60,9,1,9
BRDA:65,10,0,0
BRDA:70,11,0,0
BRDA:76,12,0,22
BRDA:82,13,0,0
BRDA:82,13,1,22
BRF:20
BRH:12
end_of_record
TN:
SF:src/common/rpc/client/StreamingRpcClient.ts
FN:81,(anonymous_0)
FN:94,(anonymous_1)
FN:103,(anonymous_2)
FN:113,(anonymous_3)
FN:121,(anonymous_4)
FN:131,(anonymous_5)
FN:138,(anonymous_6)
FN:146,(anonymous_7)
FN:171,(anonymous_8)
FN:178,(anonymous_9)
FN:188,(anonymous_10)
FN:194,(anonymous_11)
FN:200,(anonymous_12)
FN:213,(anonymous_13)
FN:215,(anonymous_14)
FN:222,(anonymous_15)
FN:232,(anonymous_17)
FN:241,(anonymous_18)
FN:242,(anonymous_19)
FN:250,(anonymous_20)
FNF:20
FNH:17
FNDA:334,(anonymous_0)
FNDA:4,(anonymous_1)
FNDA:1983,(anonymous_2)
FNDA:2008,(anonymous_3)
FNDA:1859,(anonymous_4)
FNDA:127,(anonymous_5)
FNDA:66,(anonymous_6)
FNDA:0,(anonymous_7)
FNDA:2025,(anonymous_8)
FNDA:4014,(anonymous_9)
FNDA:4,(anonymous_10)
FNDA:2,(anonymous_11)
FNDA:4,(anonymous_12)
FNDA:2022,(anonymous_13)
FNDA:1989,(anonymous_14)
FNDA:1825,(anonymous_15)
FNDA:4,(anonymous_17)
FNDA:2,(anonymous_18)
FNDA:0,(anonymous_19)
FNDA:0,(anonymous_20)
DA:1,23
DA:2,23
DA:3,23
DA:4,23
DA:5,23
DA:72,23
DA:73,334
DA:79,334
DA:82,334
DA:83,334
DA:84,334
DA:85,334
DA:95,4
DA:104,1983
DA:105,2008
DA:114,2008
DA:115,175
DA:116,48
DA:118,0
DA:122,1859
DA:123,1859
DA:124,1859
DA:125,1858
DA:126,1858
DA:127,1858
DA:128,1858
DA:132,127
DA:133,127
DA:134,127
DA:135,110
DA:139,66
DA:140,66
DA:141,66
DA:142,66
DA:143,66
DA:147,0
DA:148,0
DA:149,0
DA:150,0
DA:172,2025
DA:173,2025
DA:174,2025
DA:175,2025
DA:176,2025
DA:177,2025
DA:178,2025
DA:179,4014
DA:180,4014
DA:182,2025
DA:183,2025
DA:184,2025
DA:185,2025
DA:186,6
DA:187,6
DA:189,4
DA:190,4
DA:191,4
DA:192,4
DA:195,2
DA:196,2
DA:197,2
DA:198,2
DA:201,4
DA:202,4
DA:203,4
DA:204,4
DA:207,6
DA:209,2019
DA:210,2019
DA:211,2019
DA:213,2025
DA:214,2022
DA:215,2022
DA:216,1989
DA:217,1989
DA:223,1825
DA:233,4
DA:234,4
DA:242,2
DA:243,2
DA:244,2
DA:245,2
DA:247,2
DA:251,0
LF:84
LH:78
BRDA:81,0,0,29
BRDA:81,1,0,1
BRDA:114,2,0,1833
BRDA:114,2,1,175
BRDA:115,3,0,127
BRDA:115,3,1,48
BRDA:116,4,0,48
BRDA:124,5,0,1
BRDA:126,6,0,1855
BRDA:126,6,1,3
BRDA:127,7,0,1855
BRDA:134,8,0,17
BRDA:141,9,0,0
BRDA:149,10,0,0
BRDA:173,11,0,0
BRDA:174,12,0,0
BRDA:180,13,0,1989
BRDA:185,14,0,6
BRDA:185,14,1,2019
BRDA:189,15,0,1
BRDA:189,15,1,3
BRDA:196,16,0,1
BRDA:196,16,1,1
BRDA:202,17,0,2
BRDA:202,17,1,2
BRDA:216,18,0,65
BRDA:241,19,0,2
BRF:27
BRH:23
end_of_record
TN:
SF:src/common/rpc/client/index.ts
FNF:0
FNH:0
DA:1,18
DA:2,18
LF:2
LH:2
BRF:0
BRH:0
end_of_record
TN:
SF:src/common/rpc/methods/StaticRpcMethod.ts
FN:19,(anonymous_0)
FN:30,(anonymous_1)
FN:30,(anonymous_2)
FN:30,(anonymous_3)
FNF:4
FNH:1
FNDA:1872,(anonymous_0)
FNDA:0,(anonymous_1)
FNDA:0,(anonymous_2)
FNDA:0,(anonymous_3)
DA:1,25
DA:8,25
DA:9,1872
DA:20,1872
DA:21,1872
DA:22,1872
DA:23,1872
DA:24,1872
DA:25,1872
DA:27,1872
DA:28,1872
DA:29,1872
DA:30,1872
LF:13
LH:13
BRDA:27,0,0,1872
BRDA:27,0,1,692
BRDA:27,0,2,373
BRF:3
BRH:3
end_of_record
TN:
SF:src/common/rpc/methods/StreamingRpcMethod.ts
FN:20,(anonymous_0)
FN:28,(anonymous_1)
FNF:2
FNH:2
FNDA:1415,(anonymous_0)
FNDA:9,(anonymous_1)
DA:1,25
DA:7,25
DA:10,1415
DA:21,1415
DA:22,1415
DA:23,1415
DA:24,1415
DA:25,1415
DA:26,1415
DA:27,1415
DA:28,1415
DA:29,1415
LF:12
LH:12
BRF:0
BRH:0
end_of_record
TN:
SF:src/common/testing/buildE2eClient.ts
FN:64,(anonymous_0)
FN:79,(anonymous_1)
FN:81,(anonymous_2)
FN:90,(anonymous_3)
FN:92,(anonymous_4)
FNF:5
FNH:5
FNDA:176,(anonymous_0)
FNDA:1915,(anonymous_1)
FNDA:1915,(anonymous_2)
FNDA:1958,(anonymous_3)
FNDA:1948,(anonymous_4)
DA:1,15
DA:2,15
DA:3,15
DA:4,15
DA:5,15
DA:6,15
DA:8,15
DA:64,15
DA:65,176
DA:66,176
DA:67,176
DA:77,176
DA:80,1915
DA:81,1915
DA:82,1915
DA:83,1915
DA:89,176
DA:91,1958
DA:92,1958
DA:93,1948
DA:94,1948
DA:100,176
DA:101,176
LF:23
LH:23
BRDA:64,0,0,107
BRDA:65,1,0,0
BRDA:65,1,1,176
BRDA:65,2,0,176
BRDA:65,2,1,176
BRDA:65,3,0,69
BRDA:65,3,1,107
BRDA:65,4,0,176
BRDA:65,4,1,176
BRDA:68,5,0,0
BRDA:68,5,1,176
BRDA:68,6,0,176
BRDA:68,6,1,176
BRDA:69,7,0,0
BRDA:69,7,1,176
BRDA:69,8,0,176
BRDA:69,8,1,176
BRDA:86,9,0,69
BRDA:86,9,1,107
BRDA:86,10,0,176
BRDA:86,10,1,176
BRDA:87,11,0,69
BRDA:87,11,1,107
BRDA:87,12,0,176
BRDA:87,12,1,176
BRDA:97,13,0,69
BRDA:97,13,1,107
BRDA:97,14,0,176
BRDA:97,14,1,176
BRDA:98,15,0,69
BRDA:98,15,1,107
BRDA:98,16,0,176
BRDA:98,16,1,176
BRF:33
BRH:30
end_of_record
TN:
SF:src/common/util/TimedQueue.ts
FN:5,(anonymous_0)
FN:19,(anonymous_1)
FN:24,(anonymous_2)
FN:31,(anonymous_3)
FN:37,(anonymous_4)
FNF:5
FNH:4
FNDA:566,(anonymous_0)
FNDA:0,(anonymous_1)
FNDA:3708,(anonymous_2)
FNDA:2185,(anonymous_3)
FNDA:3651,(anonymous_4)
DA:5,27
DA:9,566
DA:14,566
DA:19,566
DA:21,566
DA:22,566
DA:25,3708
DA:26,3708
DA:27,1460
DA:28,1460
DA:30,2248
DA:31,2223
DA:32,2185
DA:38,3651
DA:39,3651
DA:40,3651
DA:41,3651
DA:42,3651
DA:43,3651
LF:19
LH:19
BRDA:26,0,0,1460
BRDA:30,1,0,2223
BRDA:40,2,0,2223
BRDA:42,3,0,3650
BRF:4
BRH:4
end_of_record
TN:
SF:src/common/util/microtask.ts
FN:4,(anonymous_0)
FNF:1
FNH:0
FNDA:0,(anonymous_0)
DA:2,27
DA:4,27
DA:5,0
DA:8,27
LF:4
LH:3
BRDA:2,0,0,27
BRDA:2,0,1,0
BRDA:2,1,0,27
BRDA:2,1,1,27
BRDA:8,2,0,27
BRDA:8,2,1,0
BRF:6
BRH:4
end_of_record
TN:
SF:src/common/util/of.ts
FN:10,(anonymous_0)
FN:10,(anonymous_1)
FNF:2
FNH:2
FNDA:73,(anonymous_0)
FNDA:73,(anonymous_1)
DA:10,73
DA:11,73
DA:12,73
DA:14,59
LF:4
LH:4
BRF:0
BRH:0
end_of_record
TN:
SF:src/common/util/subscribeCompleteObserver.ts
FN:19,subscribeCompleteObserver
FN:24,(anonymous_1)
FN:26,(anonymous_2)
FN:36,(anonymous_3)
FN:39,(anonymous_4)
FN:43,(anonymous_5)
FN:48,(anonymous_6)
FNF:7
FNH:7
FNDA:169,subscribeCompleteObserver
FNDA:192,(anonymous_1)
FNDA:192,(anonymous_2)
FNDA:37,(anonymous_3)
FNDA:1,(anonymous_4)
FNDA:42,(anonymous_5)
FNDA:31,(anonymous_6)
DA:2,26
DA:19,26
DA:20,169
DA:21,169
DA:22,169
DA:23,169
DA:25,192
DA:26,192
DA:27,192
DA:28,192
DA:29,31
DA:30,31
DA:32,161
DA:37,37
DA:39,1
DA:40,1
DA:44,42
DA:45,42
DA:46,42
DA:48,31
DA:49,31
DA:50,0
LF:22
LH:21
BRDA:28,0,0,31
BRDA:28,0,1,161
BRDA:28,1,0,192
BRDA:28,1,1,37
BRDA:37,2,0,36
BRDA:37,2,1,1
BRDA:45,3,0,0
BRDA:46,4,0,11
BRDA:46,4,1,31
BRDA:49,5,0,31
BRF:10
BRH:9
end_of_record
TN:
SF:src/common/util/subscribeSyncObserver.ts
FN:18,subscribeSyncObserver
FN:21,(anonymous_1)
FN:27,(anonymous_2)
FN:31,(anonymous_3)
FN:35,(anonymous_4)
FNF:5
FNH:4
FNDA:5,subscribeSyncObserver
FNDA:8,(anonymous_1)
FNDA:11,(anonymous_2)
FNDA:0,(anonymous_3)
FNDA:3,(anonymous_4)
DA:2,1
DA:18,1
DA:19,5
DA:20,5
DA:21,5
DA:22,8
DA:23,5
DA:24,5
DA:26,5
DA:28,11
DA:29,11
DA:32,0
DA:33,0
DA:36,3
DA:37,3
DA:38,3
LF:16
LH:14
BRDA:22,0,0,3
BRDA:29,1,0,5
BRF:2
BRH:2
end_of_record
TN:
SF:src/json-crdt-repo/__tests__/testbed.ts
FN:21,(anonymous_0)
FN:23,(anonymous_1)
FN:26,(anonymous_2)
FN:13,(anonymous_3)
FN:17,(anonymous_4)
FN:36,(anonymous_5)
FN:48,(anonymous_6)
FN:57,(anonymous_7)
[...]
BRDA:635,42,0,25
BRDA:641,43,0,20
BRDA:642,44,0,0
BRDA:642,44,1,0
BRDA:642,45,0,0
BRDA:642,45,1,0
BRDA:651,46,0,0
BRDA:654,47,0,0
BRDA:654,48,0,35
BRDA:654,48,1,0
BRDA:654,48,2,0
BRDA:663,49,0,36
BRDA:664,50,0,0
BRDA:666,51,0,36
BRDA:666,52,0,36
BRDA:666,52,1,36
BRDA:667,53,0,0
BRDA:667,53,1,36
BRDA:670,54,0,30
BRDA:671,55,0,30
BRDA:671,55,1,0
BRDA:671,56,0,30
BRDA:671,56,1,30
BRDA:671,57,0,0
BRDA:671,57,1,30
BRDA:671,58,0,30
BRDA:671,58,1,30
BRDA:672,59,0,0
BRDA:676,60,0,36
BRDA:688,61,0,209
BRDA:688,61,1,190
BRDA:689,62,0,128
BRDA:689,62,1,81
BRDA:690,63,0,71
BRDA:690,63,1,57
BRDA:694,64,0,19
BRDA:694,65,0,19
BRDA:694,65,1,19
BRDA:699,66,0,38
BRDA:699,66,1,19
BRDA:703,67,0,6
BRDA:703,68,0,6
BRDA:703,68,1,6
BRDA:723,69,0,0
BRDA:723,70,0,100
BRDA:723,70,1,100
BRDA:732,71,0,35
BRDA:732,72,0,100
BRDA:732,72,1,39
BRDA:732,72,2,32
BRDA:735,73,0,47
BRDA:736,74,0,47
BRDA:736,74,1,0
BRDA:736,75,0,47
BRDA:736,75,1,47
BRDA:736,76,0,0
BRDA:736,76,1,47
BRDA:736,77,0,47
BRDA:736,77,1,47
BRDA:745,78,0,0
BRDA:746,79,0,113
BRDA:746,79,1,16
BRDA:747,80,0,16
BRDA:749,81,0,15
BRDA:752,82,0,23
BRDA:752,83,0,98
BRDA:752,83,1,96
BRDA:765,84,0,89
BRDA:771,85,0,89
BRDA:774,86,0,5
BRDA:774,87,0,100
BRDA:774,87,1,11
BRDA:781,88,0,24
BRDA:782,89,0,0
BRDA:782,89,1,0
BRDA:782,90,0,0
BRDA:782,90,1,0
BRDA:784,91,0,45
BRDA:844,92,0,0
BRDA:844,92,1,8
BRDA:844,93,0,8
BRDA:844,93,1,8
BRDA:856,94,0,11
BRDA:856,94,1,34
BRDA:856,95,0,45
BRDA:856,95,1,45
BRDA:856,95,2,45
BRDA:859,96,0,14
BRDA:859,97,0,34
BRDA:859,97,1,14
BRDA:873,98,0,1
BRDA:877,99,0,0
BRDA:898,100,0,8
BRDA:898,100,1,66
BRDA:898,101,0,1
BRDA:898,101,1,65
BRDA:898,102,0,66
BRDA:898,102,1,66
BRDA:898,103,0,65
BRDA:898,103,1,1
BRDA:898,104,0,66
BRDA:898,104,1,66
BRDA:903,105,0,14
BRDA:904,106,0,2
BRDA:905,107,0,2
BRDA:916,108,0,0
BRDA:935,109,0,150
BRDA:935,109,1,3
BRDA:935,109,2,129
BRDA:935,109,3,6
BRDA:937,110,0,0
BRDA:944,111,0,0
BRDA:950,112,0,0
BRDA:954,113,0,27
BRDA:954,114,0,0
BRDA:954,114,1,140
BRDA:954,115,0,140
BRDA:954,115,1,140
BRDA:957,116,0,65
BRDA:962,117,0,0
BRDA:982,118,0,30
BRDA:986,119,0,26
BRDA:986,119,1,41
BRDA:986,119,2,2
BRDA:1014,120,0,0
BRDA:1015,121,0,0
BRDA:1015,121,1,41
BRDA:1015,122,0,41
BRDA:1015,122,1,41
BRDA:1016,123,0,25
BRDA:1019,124,0,16
BRDA:1024,125,0,0
BRDA:1024,126,0,3
BRDA:1024,126,1,3
BRDA:1024,126,2,3
BRDA:1032,127,0,0
BRF:198
BRH:145
end_of_record
TN:
SF:src/json-crdt-repo/local/level/__tests__/setup.ts
FN:13,(anonymous_0)
FN:18,(anonymous_1)
FN:21,(anonymous_2)
FN:29,(anonymous_3)
FN:39,(anonymous_4)
FN:42,(anonymous_5)
FN:42,(anonymous_6)
FN:50,(anonymous_7)
FN:66,(anonymous_8)
FN:69,(anonymous_9)
FN:69,(anonymous_10)
FN:76,(anonymous_11)
FN:76,(anonymous_12)
FNF:13
FNH:9
FNDA:88,(anonymous_0)
FNDA:88,(anonymous_1)
FNDA:88,(anonymous_2)
FNDA:111,(anonymous_3)
FNDA:1,(anonymous_4)
FNDA:108,(anonymous_5)
FNDA:108,(anonymous_6)
FNDA:0,(anonymous_7)
FNDA:0,(anonymous_8)
FNDA:0,(anonymous_9)
FNDA:0,(anonymous_10)
FNDA:37,(anonymous_11)
FNDA:37,(anonymous_12)
DA:1,9
DA:2,9
DA:3,9
DA:4,9
DA:5,9
DA:6,9
DA:7,9
DA:9,9
DA:13,9
DA:18,88
DA:19,88
DA:20,88
DA:21,88
DA:22,88
DA:23,88
DA:24,88
DA:28,88
DA:29,88
DA:30,111
DA:31,111
DA:32,111
DA:39,1
DA:42,111
DA:43,108
DA:44,108
DA:46,111
DA:48,88
DA:49,88
DA:50,88
DA:51,0
DA:52,0
DA:53,0
DA:54,0
DA:58,0
DA:59,0
DA:66,0
DA:69,0
DA:70,0
DA:71,0
DA:73,0
DA:75,88
DA:76,88
DA:77,37
DA:78,24
DA:79,24
DA:80,0
DA:81,24
DA:83,88
DA:84,88
DA:85,88
LF:50
LH:38
BRDA:14,0,0,67
BRDA:19,1,0,0
BRDA:19,1,1,88
BRDA:19,2,0,88
BRDA:19,2,1,88
BRDA:29,3,0,111
BRDA:50,4,0,0
BRDA:51,5,0,0
BRDA:51,5,1,0
BRDA:51,6,0,0
BRDA:51,6,1,0
BRDA:76,7,0,12
BRF:12
BRH:6
end_of_record
TN:
SF:src/json-crdt-repo/pubsub/index.ts
FN:6,(anonymous_0)
FN:9,(anonymous_1)
FN:13,(anonymous_2)
FN:21,(anonymous_3)
FN:24,(anonymous_4)
FN:27,(anonymous_5)
FN:32,(anonymous_6)
FN:47,(anonymous_7)
FNF:8
FNH:8
FNDA:124,(anonymous_0)
FNDA:200,(anonymous_1)
FNDA:123,(anonymous_2)
FNDA:124,(anonymous_3)
FNDA:48,(anonymous_4)
FNDA:221,(anonymous_5)
FNDA:123,(anonymous_6)
FNDA:124,(anonymous_7)
DA:1,11
DA:6,11
DA:7,124
DA:10,200
DA:14,123
DA:18,11
DA:21,124
DA:22,124
DA:23,124
DA:24,124
DA:28,221
DA:29,200
DA:33,123
DA:34,123
DA:39,11
DA:47,11
DA:48,124
LF:17
LH:17
BRDA:48,0,0,124
BRDA:48,0,1,0
BRDA:50,1,0,0
BRDA:50,1,1,0
BRF:4
BRH:1
end_of_record
TN:
SF:src/json-crdt-repo/remote/DemoServerRemoteHistory.ts
FN:24,(anonymous_0)
FN:114,(anonymous_1)
FN:26,(anonymous_2)
FN:30,(anonymous_4)
FN:31,(anonymous_5)
FN:41,(anonymous_6)
FN:60,(anonymous_8)
FN:83,(anonymous_10)
FN:87,(anonymous_12)
FN:97,(anonymous_14)
FNF:10
FNH:10
FNDA:107,(anonymous_0)
FNDA:60,(anonymous_1)
FNDA:21,(anonymous_2)
FNDA:75,(anonymous_4)
FNDA:75,(anonymous_5)
FNDA:29,(anonymous_6)
FNDA:70,(anonymous_8)
FNDA:9,(anonymous_10)
FNDA:1,(anonymous_12)
FNDA:2,(anonymous_14)
DA:2,11
DA:23,11
DA:24,107
DA:27,21
DA:31,75
DA:38,75
DA:48,29
DA:49,28
DA:71,70
DA:77,69
DA:84,9
DA:88,1
DA:89,1
DA:94,1
DA:102,2
DA:103,2
DA:104,2
DA:105,2
DA:111,2
DA:114,107
LF:20
LH:20
BRDA:32,0,0,0
BRDA:33,1,0,75
BRDA:48,2,0,6
BRDA:48,2,1,23
BRDA:102,3,0,0
BRF:5
BRH:3
end_of_record
TN:
SF:src/json-crdt-repo/remote/__tests__/setup.ts
FN:5,(anonymous_0)
FNF:1
FNH:1
FNDA:107,(anonymous_0)
DA:1,11
DA:2,11
DA:3,11
DA:5,11
DA:6,107
DA:7,107
DA:8,107
DA:10,107
LF:8
LH:8
BRF:0
BRH:0
end_of_record
TN:
SF:src/json-crdt-repo/session/EditSession.ts
FN:25,(anonymous_1)
FN:29,(anonymous_2)
FN:200,(anonymous_3)
FN:36,(anonymous_4)
FN:37,(anonymous_5)
FN:40,(anonymous_6)
FN:46,(anonymous_7)
FN:52,(anonymous_8)
FN:66,(anonymous_9)
FN:74,(anonymous_11)
FN:91,(anonymous_12)
FN:95,(anonymous_13)
FN:115,(anonymous_14)
FN:117,(anonymous_15)
FN:118,(anonymous_16)
FN:124,(anonymous_17)
FN:133,(anonymous_19)
FN:138,(anonymous_21)
FN:139,(anonymous_22)
FN:144,(anonymous_23)
FN:150,(anonymous_24)
FN:153,(anonymous_25)
FN:167,(anonymous_26)
FN:178,(anonymous_27)
FN:209,(anonymous_28)
FN:211,(anonymous_29)
FN:66,(anonymous_31)
FNF:27
FNH:22
FNDA:655,(anonymous_1)
FNDA:94,(anonymous_2)
FNDA:217,(anonymous_3)
FNDA:94,(anonymous_4)
FNDA:105,(anonymous_5)
FNDA:92,(anonymous_6)
FNDA:99,(anonymous_7)
FNDA:13,(anonymous_8)
FNDA:168,(anonymous_9)
FNDA:105,(anonymous_11)
FNDA:36,(anonymous_12)
FNDA:3,(anonymous_13)
FNDA:105,(anonymous_14)
FNDA:105,(anonymous_15)
FNDA:105,(anonymous_16)
FNDA:7,(anonymous_17)
FNDA:0,(anonymous_19)
FNDA:0,(anonymous_21)
FNDA:0,(anonymous_22)
FNDA:37,(anonymous_23)
FNDA:7,(anonymous_24)
FNDA:77,(anonymous_25)
FNDA:0,(anonymous_26)
FNDA:141,(anonymous_27)
FNDA:315,(anonymous_28)
FNDA:255,(anonymous_29)
FNDA:0,(anonymous_31)
DA:1,7
DA:2,7
DA:3,7
DA:4,7
DA:6,7
DA:7,7
DA:18,7
DA:20,94
DA:21,94
DA:23,94
DA:26,655
DA:30,94
DA:31,94
DA:32,94
DA:33,94
DA:34,94
DA:36,94
DA:37,94
DA:38,105
DA:40,94
DA:41,92
DA:43,94
DA:47,99
DA:48,92
DA:49,92
DA:53,13
DA:54,13
DA:55,13
DA:56,13
DA:57,13
DA:60,94
DA:66,7
DA:67,168
DA:68,168
DA:69,168
DA:70,168
DA:71,168
DA:72,168
DA:73,168
DA:74,168
DA:75,105
DA:77,168
DA:79,168
DA:80,132
DA:81,132
DA:83,127
DA:84,101
DA:85,101
DA:86,101
DA:87,101
DA:89,127
DA:90,127
DA:91,36
DA:92,36
DA:94,91
DA:95,3
DA:96,3
DA:99,127
DA:101,36
DA:102,36
DA:103,36
DA:104,0
DA:105,0
DA:107,36
DA:110,168
DA:111,168
DA:116,105
DA:117,105
DA:118,105
DA:119,105
DA:125,7
DA:126,7
DA:127,7
DA:134,0
DA:135,0
DA:139,0
DA:145,37
DA:146,37
DA:147,37
DA:148,37
DA:149,37
DA:150,37
DA:154,77
DA:155,77
DA:156,77
DA:157,77
DA:158,77
DA:159,77
DA:160,77
DA:162,0
DA:163,0
DA:164,0
DA:165,0
DA:166,0
DA:167,0
DA:168,0
DA:169,0
DA:170,0
DA:171,0
DA:173,0
DA:174,0
DA:175,0
DA:179,141
DA:180,141
DA:181,141
DA:182,141
DA:183,141
DA:184,141
DA:185,191
DA:186,191
DA:187,191
DA:188,191
DA:189,188
DA:190,59
DA:191,59
DA:192,59
DA:198,94
DA:200,94
DA:201,217
DA:202,217
DA:203,147
DA:205,147
DA:206,147
DA:210,315
DA:211,255
DA:212,255
DA:213,255
DA:214,255
DA:215,145
DA:216,145
DA:217,145
DA:218,144
DA:219,67
DA:220,6
DA:221,6
DA:222,6
DA:226,0
DA:229,255
LF:138
LH:119
BRDA:33,0,0,62
BRDA:34,1,0,35
BRDA:201,2,0,0
BRDA:202,3,0,147
BRDA:203,4,0,70
BRDA:47,5,0,7
BRDA:67,6,0,0
BRDA:79,7,0,132
BRDA:79,7,1,36
BRDA:79,8,0,168
BRDA:79,8,1,64
BRDA:81,9,0,5
BRDA:83,10,0,101
BRDA:86,11,0,101
BRDA:89,12,0,127
BRDA:90,13,0,36
BRDA:90,13,1,91
BRDA:94,14,0,3
BRDA:102,15,0,0
BRDA:103,16,0,0
BRDA:116,17,0,0
BRDA:119,18,0,105
BRDA:119,18,1,0
BRDA:119,19,0,105
BRDA:119,19,1,105
BRDA:135,20,0,0
BRDA:148,21,0,0
BRDA:154,22,0,0
BRDA:157,23,0,0
BRDA:158,24,0,77
BRDA:179,25,0,0
BRDA:186,26,0,0
BRDA:188,27,0,3
BRDA:189,28,0,129
BRDA:189,29,0,188
BRDA:189,29,1,188
BRDA:210,30,0,60
BRDA:210,31,0,315
BRDA:210,31,1,260
BRDA:217,32,0,1
BRDA:217,32,1,144
BRDA:218,33,0,77
BRDA:218,33,1,67
BRDA:219,34,0,61
BRDA:219,34,1,6
BRDA:220,35,0,6
BRF:46
BRH:34
end_of_record
TN:
SF:src/json-crdt-repo/session/EditSessionFactory.ts
FN:12,(anonymous_0)
FN:19,(anonymous_1)
FN:33,(anonymous_2)
FN:34,(anonymous_3)
FN:47,(anonymous_4)
FNF:5
FNH:4
FNDA:70,(anonymous_0)
FNDA:62,(anonymous_1)
FNDA:28,(anonymous_2)
FNDA:0,(anonymous_3)
FNDA:42,(anonymous_4)
DA:1,7
DA:3,7
DA:4,7
DA:11,7
DA:12,70
DA:20,62
DA:21,62
DA:22,62
DA:23,62
DA:24,62
DA:25,34
DA:26,34
DA:27,34
DA:30,62
DA:31,28
DA:36,62
DA:37,62
DA:48,42
DA:49,42
DA:50,42
DA:51,42
DA:52,28
DA:53,28
DA:54,28
DA:56,14
DA:57,14
DA:58,14
DA:59,8
DA:60,8
DA:61,8
DA:64,5
DA:65,4
DA:66,4
DA:67,4
DA:69,4
DA:70,2
DA:71,2
DA:72,0
DA:73,2
DA:76,7
DA:78,2
LF:41
LH:40
BRDA:20,0,0,62
BRDA:24,1,0,34
BRDA:30,2,0,28
BRDA:30,3,0,62
BRDA:30,3,1,62
BRDA:56,4,0,14
BRDA:56,5,0,14
BRDA:56,5,1,14
BRDA:58,6,0,8
BRDA:61,7,0,3
BRDA:61,7,1,5
BRDA:64,8,0,1
BRDA:69,9,0,2
BRDA:69,9,1,2
BRDA:69,10,0,4
BRDA:69,10,1,3
BRDA:70,11,0,1
BRDA:71,12,0,0
BRDA:71,12,1,2
BRDA:71,13,0,2
BRDA:71,13,1,1
BRDA:72,14,0,0
BRDA:76,15,0,5
BRF:23
BRH:21
end_of_record
TN:
SF:src/json-crdt-repo/session/__tests__/setup.ts
FN:4,(anonymous_0)
FN:4,(anonymous_1)
FN:6,(anonymous_2)
FN:6,(anonymous_3)
FNF:4
FNH:4
FNDA:51,(anonymous_0)
FNDA:51,(anonymous_1)
FNDA:51,(anonymous_2)
FNDA:51,(anonymous_3)
DA:1,6
DA:2,6
DA:4,51
DA:5,51
DA:6,51
DA:7,51
DA:11,51
DA:13,51
DA:14,51
LF:9
LH:9
BRDA:6,0,0,51
BRF:1
BRH:1
end_of_record
TN:
SF:src/server/context.ts
FN:14,(anonymous_0)
FN:22,(anonymous_1)
FN:39,(anonymous_2)
FN:56,(anonymous_3)
FN:81,(anonymous_4)
FN:108,(anonymous_5)
FN:124,(anonymous_6)
FN:177,(anonymous_7)
FN:179,(anonymous_8)
FN:183,(anonymous_9)
FN:196,(anonymous_10)
FN:201,(anonymous_12)
FN:207,(anonymous_14)
FNF:13
FNH:1
FNDA:0,(anonymous_0)
FNDA:0,(anonymous_1)
FNDA:0,(anonymous_2)
FNDA:0,(anonymous_3)
FNDA:0,(anonymous_4)
FNDA:176,(anonymous_5)
FNDA:0,(anonymous_6)
FNDA:0,(anonymous_7)
FNDA:0,(anonymous_8)
FNDA:0,(anonymous_9)
FNDA:0,(anonymous_10)
FNDA:0,(anonymous_12)
FNDA:0,(anonymous_14)
DA:1,15
DA:2,15
DA:3,15
DA:10,15
DA:11,15
DA:13,15
DA:15,0
DA:23,0
DA:24,0
DA:25,0
DA:40,0
DA:41,0
DA:42,0
DA:43,0
DA:44,0
DA:45,0
DA:46,0
DA:47,0
DA:48,0
DA:49,0
DA:50,0
DA:51,0
DA:52,0
DA:53,0
DA:62,0
DA:63,0
DA:64,0
DA:65,0
DA:66,0
DA:76,0
DA:77,0
DA:78,0
DA:88,0
DA:89,0
DA:90,0
DA:91,0
DA:92,0
DA:102,0
DA:103,0
DA:104,0
DA:105,0
DA:109,176
DA:110,176
DA:111,176
DA:112,176
DA:113,176
DA:114,176
DA:115,176
DA:116,176
DA:125,0
DA:126,0
DA:127,0
DA:128,0
DA:130,0
DA:132,0
DA:133,0
DA:136,0
DA:137,0
DA:140,0
DA:143,0
DA:144,0
DA:147,0
DA:149,0
DA:150,0
DA:153,0
DA:154,0
DA:157,0
DA:158,0
DA:161,0
DA:163,0
DA:164,0
DA:167,0
DA:168,0
DA:171,0
DA:172,0
DA:178,0
DA:179,0
DA:180,0
DA:181,0
DA:182,0
DA:183,0
DA:184,0
DA:185,0
DA:186,0
DA:187,0
DA:190,0
DA:191,0
DA:197,0
DA:198,0
DA:202,0
DA:203,0
DA:204,0
DA:208,0
DA:209,0
DA:210,0
DA:211,0
LF:96
LH:14
BRDA:16,0,0,0
BRDA:16,0,1,0
BRDA:16,0,2,0
BRDA:24,1,0,0
BRDA:25,2,0,0
BRDA:25,2,1,0
BRDA:43,3,0,0
BRDA:44,4,0,0
BRDA:46,5,0,0
BRDA:47,6,0,0
BRDA:49,7,0,0
BRDA:50,8,0,0
BRDA:52,9,0,0
BRDA:77,10,0,0
BRDA:103,11,0,0
BRDA:103,11,1,0
BRDA:104,12,0,0
BRDA:116,13,0,176
BRDA:126,14,0,0
BRDA:128,15,0,0
BRDA:128,15,1,0
BRDA:130,16,0,0
BRDA:130,16,1,0
BRDA:147,17,0,0
BRDA:147,17,1,0
BRDA:147,17,2,0
BRDA:161,18,0,0
BRDA:161,18,1,0
BRDA:161,18,2,0
BRDA:181,19,0,0
BRDA:185,20,0,0
BRDA:190,21,0,0
BRDA:190,21,1,0
BRDA:209,22,0,0
BRDA:210,23,0,0
BRF:35
BRH:1
end_of_record
TN:
SF:src/server/ws/codec/WsFrameDecoder.ts
FN:6,(anonymous_0)
FN:9,(anonymous_1)
FN:13,(anonymous_2)
FN:75,(anonymous_3)
FN:87,(anonymous_4)
FN:101,(anonymous_5)
FNF:6
FNH:6
FNDA:39,(anonymous_0)
FNDA:93,(anonymous_1)
FNDA:112,(anonymous_2)
FNDA:8,(anonymous_3)
FNDA:21,(anonymous_4)
FNDA:4,(anonymous_5)
DA:1,3
DA:3,3
DA:4,3
DA:6,3
DA:7,39
DA:10,93
DA:14,112
DA:15,112
DA:16,112
DA:17,80
DA:18,80
DA:19,80
DA:20,80
DA:21,80
DA:22,80
DA:23,80
DA:24,12
DA:25,12
DA:26,68
DA:27,4
DA:28,4
DA:29,4
DA:32,80
DA:33,19
DA:34,19
DA:36,80
DA:37,29
DA:39,5
DA:42,11
DA:43,11
DA:44,11
DA:47,13
DA:48,13
DA:49,13
DA:52,0
DA:56,51
DA:58,0
DA:59,0
DA:76,8
DA:77,8
DA:78,8
DA:79,8
DA:81,6
DA:82,6
DA:84,8
DA:88,21
DA:89,21
DA:90,21
DA:91,21
DA:92,7
DA:102,4
DA:103,4
DA:104,4
DA:105,4
DA:106,4
DA:107,4
DA:108,4
DA:109,4
DA:110,4
DA:111,4
DA:112,4
DA:113,4
DA:114,4
DA:116,4
DA:117,4
LF:65
LH:62
BRDA:16,0,0,32
BRDA:23,1,0,12
BRDA:23,1,1,68
BRDA:24,2,0,0
BRDA:26,3,0,4
BRDA:27,4,0,0
BRDA:32,5,0,19
BRDA:33,6,0,0
BRDA:36,7,0,29
BRDA:37,8,0,5
BRDA:37,8,1,11
BRDA:37,8,2,13
BRDA:37,8,3,0
BRDA:42,9,0,0
BRDA:43,10,0,1
BRDA:43,10,1,10
BRDA:47,11,0,0
BRDA:48,12,0,1
BRDA:48,12,1,12
BRDA:58,13,0,0
BRDA:79,14,0,2
BRDA:79,14,1,6
BRDA:91,15,0,14
BRDA:91,15,1,7
BRDA:103,16,0,0
BRDA:106,17,0,4
BRDA:107,18,0,0
BRDA:110,19,0,1
BRDA:110,19,1,3
BRDA:111,20,0,1
BRDA:111,20,1,3
BRDA:114,21,0,4
BRDA:114,22,0,1
BRDA:114,22,1,3
BRDA:114,23,0,4
BRDA:114,23,1,4
BRF:36
BRH:27
end_of_record
TN:
SF:src/server/ws/codec/WsFrameEncoder.ts
FN:10,(anonymous_0)
FN:12,(anonymous_1)
FN:17,(anonymous_2)
FN:22,(anonymous_3)
FN:27,(anonymous_4)
FN:32,(anonymous_5)
FN:37,(anonymous_6)
FN:47,(anonymous_7)
FN:57,(anonymous_8)
FN:82,(anonymous_9)
FN:101,(anonymous_10)
FN:116,(anonymous_11)
FNF:12
FNH:11
FNDA:25,(anonymous_0)
FNDA:9,(anonymous_1)
FNDA:15,(anonymous_2)
FNDA:3,(anonymous_3)
FNDA:33,(anonymous_4)
FNDA:0,(anonymous_5)
FNDA:9,(anonymous_6)
FNDA:15,(anonymous_7)
FNDA:3,(anonymous_8)
FNDA:64,(anonymous_9)
FNDA:1,(anonymous_10)
FNDA:5,(anonymous_11)
DA:1,2
DA:3,2
DA:6,2
DA:7,2
DA:9,2
DA:10,25
DA:13,9
DA:14,9
DA:18,15
DA:19,15
DA:23,3
DA:24,3
DA:28,33
DA:29,33
DA:33,0
DA:34,0
DA:38,9
DA:39,9
DA:40,7
DA:41,7
DA:43,2
DA:48,15
DA:49,15
DA:50,14
DA:51,14
DA:53,1
DA:58,3
DA:59,2
DA:60,2
DA:61,2
DA:62,2
DA:67,2
DA:68,2
DA:69,2
DA:70,2
DA:71,2
DA:72,2
DA:73,0
DA:74,0
DA:78,1
DA:83,64
DA:84,64
DA:85,64
DA:86,64
DA:87,53
DA:88,53
DA:89,11
DA:90,7
DA:91,7
DA:93,4
DA:94,4
DA:95,4
DA:96,4
DA:98,64
DA:102,1
DA:103,1
DA:104,0
DA:105,0
DA:107,1
DA:108,1
DA:109,1
DA:111,0
DA:112,0
DA:113,0
DA:117,5
DA:118,5
DA:119,5
DA:120,5
DA:121,5
DA:122,5
DA:123,17
DA:124,5
LF:72
LH:63
BRDA:10,0,0,25
BRDA:22,1,0,1
BRDA:39,2,0,7
BRDA:39,2,1,2
BRDA:39,3,0,9
BRDA:39,3,1,8
BRDA:49,4,0,14
BRDA:49,4,1,1
BRDA:49,5,0,15
BRDA:49,5,1,14
BRDA:57,6,0,0
BRDA:58,7,0,2
BRDA:58,7,1,1
BRDA:58,8,0,3
BRDA:58,8,1,1
BRDA:70,9,0,2
BRDA:72,10,0,0
BRDA:73,11,0,0
BRDA:84,12,0,5
BRDA:84,12,1,59
BRDA:86,13,0,53
BRDA:86,13,1,11
BRDA:89,14,0,7
BRDA:89,14,1,4
BRDA:98,15,0,5
BRDA:103,16,0,0
BRDA:107,17,0,1
BRF:27
BRH:23
end_of_record
TN:
SF:src/server/ws/codec/errors.ts
FN:2,(anonymous_0)
FN:8,(anonymous_1)
FNF:2
FNH:0
FNDA:0,(anonymous_0)
FNDA:0,(anonymous_1)
DA:1,3
DA:3,0
DA:7,3
DA:9,0
LF:4
LH:2
BRF:0
BRH:0
end_of_record
TN:
SF:src/server/ws/codec/frames.ts
FN:2,(anonymous_0)
FN:11,(anonymous_1)
FN:23,(anonymous_2)
FN:35,(anonymous_3)
FNF:4
FNH:4
FNDA:80,(anonymous_0)
FNDA:11,(anonymous_1)
FNDA:13,(anonymous_2)
FNDA:5,(anonymous_3)
DA:1,3
DA:3,80
DA:4,80
DA:5,80
DA:6,80
DA:10,3
DA:16,11
DA:18,11
DA:22,3
DA:28,13
DA:30,13
DA:34,3
DA:40,5
DA:41,5
DA:43,5
LF:15
LH:15
BRF:0
BRH:0
end_of_record
TN:
SF:src/server/ws/codec/index.ts
FNF:0
FNH:0
DA:1,1
DA:2,1
DA:3,1
DA:4,1
LF:4
LH:4
BRF:0
BRH:0
end_of_record
TN:
SF:src/server/ws/server/WsServerConnection.ts
FN:42,(anonymous_0)
FN:15,(anonymous_1)
FN:21,(anonymous_2)
FN:36,(anonymous_3)
FN:39,(anonymous_4)
FN:40,(anonymous_5)
FN:49,(anonymous_6)
FN:111,(anonymous_7)
FN:117,(anonymous_8)
FN:125,(anonymous_9)
FN:133,(anonymous_10)
FN:147,(anonymous_11)
FN:167,(anonymous_12)
FN:171,(anonymous_13)
FN:187,(anonymous_14)
FN:192,(anonymous_15)
FN:197,(anonymous_16)
FN:204,(anonymous_17)
FNF:18
FNH:8
FNDA:13,(anonymous_0)
FNDA:4,(anonymous_1)
FNDA:6,(anonymous_2)
FNDA:0,(anonymous_3)
FNDA:8,(anonymous_4)
FNDA:0,(anonymous_5)
FNDA:45,(anonymous_6)
FNDA:0,(anonymous_7)
FNDA:0,(anonymous_8)
FNDA:0,(anonymous_9)
FNDA:3,(anonymous_10)
FNDA:0,(anonymous_11)
FNDA:4,(anonymous_12)
FNDA:0,(anonymous_13)
FNDA:0,(anonymous_14)
FNDA:4,(anonymous_15)
FNDA:0,(anonymous_16)
FNDA:0,(anonymous_17)
DA:1,1
DA:3,1
DA:4,1
DA:5,1
DA:10,1
DA:11,13
DA:12,13
DA:13,13
DA:15,13
DA:16,4
DA:19,13
DA:20,13
DA:21,13
DA:22,6
DA:23,6
DA:24,6
DA:25,1
DA:26,1
DA:28,5
DA:29,5
DA:30,1
DA:31,1
DA:32,1
DA:33,1
DA:36,13
DA:37,13
DA:38,13
DA:39,13
DA:40,13
DA:43,13
DA:44,13
DA:46,13
DA:47,13
DA:48,13
DA:49,13
DA:50,45
DA:51,45
DA:52,45
DA:53,79
DA:54,30
DA:55,30
DA:56,1
DA:57,1
DA:59,29
DA:60,16
DA:61,16
DA:62,16
DA:63,9
DA:64,9
DA:65,9
DA:66,9
DA:67,9
DA:69,7
DA:70,7
DA:71,7
DA:73,13
DA:75,65
DA:76,65
DA:77,34
DA:78,7
DA:79,7
DA:81,27
DA:82,9
DA:83,9
DA:85,18
DA:86,1
DA:87,1
DA:88,1
DA:90,17
DA:91,17
DA:92,6
DA:93,0
DA:94,0
DA:96,6
DA:98,17
DA:99,6
DA:100,6
DA:101,6
DA:103,11
DA:104,11
DA:108,0
DA:111,13
DA:112,0
DA:113,0
DA:115,13
DA:116,13
DA:117,13
DA:120,0
DA:121,0
DA:126,0
DA:127,0
DA:128,0
DA:129,0
DA:130,0
DA:134,3
DA:135,3
DA:136,0
DA:137,0
DA:139,3
DA:140,3
DA:141,3
DA:142,3
DA:148,0
DA:149,0
DA:151,0
DA:164,13
DA:165,13
DA:168,4
DA:169,4
DA:170,4
DA:171,2
DA:172,0
DA:173,0
DA:174,0
DA:175,0
DA:176,0
DA:177,0
DA:179,0
DA:180,0
DA:181,0
DA:188,0
DA:189,0
DA:193,4
DA:194,4
DA:198,0
DA:199,0
DA:200,0
DA:201,0
DA:205,0
DA:206,0
DA:207,0
DA:208,0
DA:209,0
DA:210,0
DA:211,0
DA:212,0
LF:136
LH:96
BRDA:24,0,0,1
BRDA:29,1,0,4
BRDA:53,2,0,30
BRDA:55,3,0,1
BRDA:59,4,0,16
BRDA:59,4,1,13
BRDA:62,5,0,9
BRDA:62,5,1,7
BRDA:66,6,0,3
BRDA:76,7,0,31
BRDA:77,8,0,7
BRDA:81,9,0,9
BRDA:85,10,0,1
BRDA:90,11,0,17
BRDA:91,12,0,6
BRDA:92,13,0,0
BRDA:98,14,0,6
BRDA:112,15,0,0
BRDA:113,16,0,0
BRDA:113,16,1,0
BRDA:135,17,0,0
BRDA:141,18,0,3
BRDA:156,19,0,0
BRDA:156,19,1,0
BRDA:168,20,0,0
BRDA:170,21,0,2
BRDA:175,22,0,0
BRDA:177,23,0,0
BRF:28
BRH:18
end_of_record
TN:
SF:src/util/Defer.ts
FN:13,(anonymous_0)
FN:16,(anonymous_1)
FNF:2
FNH:2
FNDA:26,(anonymous_0)
FNDA:26,(anonymous_1)
DA:13,4
DA:16,26
DA:17,26
DA:18,26
LF:4
LH:4
BRF:0
BRH:0
end_of_record
TN:
SF:src/util/Mutex.ts
FN:4,(anonymous_0)
FN:10,(anonymous_1)
FN:13,(anonymous_2)
FN:13,(anonymous_3)
FN:19,(anonymous_4)
FN:24,(anonymous_5)
FN:37,(anonymous_7)
FNF:7
FNH:5
FNDA:1213,(anonymous_0)
FNDA:47,(anonymous_1)
FNDA:1213,(anonymous_2)
FNDA:1213,(anonymous_3)
FNDA:0,(anonymous_4)
FNDA:1213,(anonymous_5)
FNDA:0,(anonymous_7)
DA:1,17
DA:5,1213
DA:6,1213
DA:10,17
DA:11,47
DA:13,1213
DA:14,1213
DA:15,1213
DA:16,1213
DA:18,1120
DA:19,1120
DA:21,1213
DA:25,1213
DA:26,1213
DA:27,1208
DA:29,5
DA:31,1213
DA:32,1213
DA:33,1213
DA:34,1213
DA:36,93
DA:37,93
LF:22
LH:22
BRDA:16,0,0,93
BRDA:16,0,1,1120
BRDA:33,1,0,1213
BRDA:34,2,0,1120
BRDA:34,2,1,93
BRDA:37,3,0,93
BRF:6
BRH:6
end_of_record
TN:
SF:src/util/rx/BufferSubject.ts
FN:8,(anonymous_0)
FN:12,(anonymous_1)
FN:26,(anonymous_2)
FN:37,(anonymous_3)
FNF:4
FNH:4
FNDA:197,(anonymous_0)
FNDA:484,(anonymous_1)
FNDA:217,(anonymous_2)
FNDA:143,(anonymous_3)
DA:1,26
DA:2,26
DA:4,26
DA:5,197
DA:6,197
DA:8,197
DA:9,197
DA:14,484
DA:16,484
DA:17,484
DA:18,484
DA:19,151
DA:22,484
DA:23,484
DA:27,217
DA:28,207
DA:29,4
DA:30,4
DA:32,203
DA:34,213
DA:38,143
DA:39,143
LF:22
LH:22
BRDA:18,0,0,635
BRDA:18,0,1,151
BRDA:27,1,0,207
BRDA:28,2,0,4
BRF:4
BRH:4
end_of_record
TN:
SF:src/util/rx/shareByKey.ts
FN:3,(anonymous_0)
FN:5,(anonymous_1)
FN:8,(anonymous_2)
FN:9,(anonymous_3)
FNF:4
FNH:4
FNDA:107,(anonymous_0)
FNDA:72,(anonymous_1)
FNDA:60,(anonymous_2)
FNDA:59,(anonymous_3)
DA:1,11
DA:3,11
DA:4,107
DA:5,107
DA:6,72
DA:7,72
DA:8,60
DA:10,59
LF:8
LH:8
BRDA:7,0,0,12
BRF:1
BRH:1
end_of_record
